

================================================================
== Vitis HLS Report for 'store_result'
================================================================
* Date:           Thu Nov 21 15:11:47 2024

* Version:        2020.2 (Build 3064766 on Wed Nov 18 09:12:47 MST 2020)
* Project:        final_project
* Solution:       solution1 (Vitis Kernel Flow Target)
* Product family: zynquplus
* Target device:  xczu3eg-sbva484-1-i


================================================================
== Performance Estimates
================================================================
+ Timing: 
    * Summary: 
    +--------+----------+----------+------------+
    |  Clock |  Target  | Estimated| Uncertainty|
    +--------+----------+----------+------------+
    |ap_clk  |  10.00 ns|  7.300 ns|     2.70 ns|
    +--------+----------+----------+------------+

+ Latency: 
    * Summary: 
    +---------+---------+----------+----------+-----+-----+---------+
    |  Latency (cycles) |  Latency (absolute) |  Interval | Pipeline|
    |   min   |   max   |    min   |    max   | min | max |   Type  |
    +---------+---------+----------+----------+-----+-----+---------+
    |       71|        ?|  0.710 us|         ?|   71|    ?|     none|
    +---------+---------+----------+----------+-----+-----+---------+

    + Detail: 
        * Instance: 
        N/A

        * Loop: 
        +--------------------+---------+---------+----------+-----------+-----------+-------+----------+
        |                    |  Latency (cycles) | Iteration|  Initiation Interval  |  Trip |          |
        |      Loop Name     |   min   |   max   |  Latency |  achieved |   target  | Count | Pipelined|
        +--------------------+---------+---------+----------+-----------+-----------+-------+----------+
        |- VITIS_LOOP_239_1  |        2|        ?|         3|          1|          1|  1 ~ ?|       yes|
        +--------------------+---------+---------+----------+-----------+-----------+-------+----------+



================================================================
== Utilization Estimates
================================================================
* Summary: 
+-----------------+---------+-----+--------+-------+-----+
|       Name      | BRAM_18K| DSP |   FF   |  LUT  | URAM|
+-----------------+---------+-----+--------+-------+-----+
|DSP              |        -|    -|       -|      -|    -|
|Expression       |        -|    -|       0|     95|    -|
|FIFO             |        -|    -|       -|      -|    -|
|Instance         |        -|    -|       -|      -|    -|
|Memory           |        -|    -|       -|      -|    -|
|Multiplexer      |        -|    -|       -|    868|    -|
|Register         |        -|    -|     377|      -|    -|
+-----------------+---------+-----+--------+-------+-----+
|Total            |        0|    0|     377|    963|    0|
+-----------------+---------+-----+--------+-------+-----+
|Available        |      432|  360|  141120|  70560|    0|
+-----------------+---------+-----+--------+-------+-----+
|Utilization (%)  |        0|    0|      ~0|      1|    0|
+-----------------+---------+-----+--------+-------+-----+

+ Detail: 
    * Instance: 
    N/A

    * DSP: 
    N/A

    * Memory: 
    N/A

    * FIFO: 
    N/A

    * Expression: 
    +-----------------------------------+----------+----+---+----+------------+------------+
    |           Variable Name           | Operation| DSP| FF| LUT| Bitwidth P0| Bitwidth P1|
    +-----------------------------------+----------+----+---+----+------------+------------+
    |add_ln239_fu_188_p2                |         +|   0|  0|  38|          31|           1|
    |ap_block_pp0_stage0_01001          |       and|   0|  0|   2|           1|           1|
    |ap_block_state142                  |       and|   0|  0|   2|           1|           1|
    |ap_block_state71_io                |       and|   0|  0|   2|           1|           1|
    |ap_block_state73_pp0_stage0_iter1  |       and|   0|  0|   2|           1|           1|
    |ap_block_state74_io                |       and|   0|  0|   2|           1|           1|
    |icmp_ln239_1_fu_194_p2             |      icmp|   0|  0|  19|          31|          31|
    |icmp_ln239_fu_174_p2               |      icmp|   0|  0|  20|          32|           1|
    |ap_block_pp0_stage0_11001          |        or|   0|  0|   2|           1|           1|
    |ap_block_state1                    |        or|   0|  0|   2|           1|           1|
    |ap_enable_pp0                      |       xor|   0|  0|   2|           1|           2|
    |ap_enable_reg_pp0_iter1            |       xor|   0|  0|   2|           2|           1|
    +-----------------------------------+----------+----+---+----+------------+------------+
    |Total                              |          |   0|  0|  95|         104|          43|
    +-----------------------------------+----------+----+---+----+------------+------------+

    * Multiplexer: 
    +------------------------------+-----+-----------+-----+-----------+
    |             Name             | LUT | Input Size| Bits| Total Bits|
    +------------------------------+-----+-----------+-----+-----------+
    |ap_NS_fsm                     |  742|        141|    1|        141|
    |ap_done                       |    9|          2|    1|          2|
    |ap_enable_reg_pp0_iter1       |    9|          2|    1|          2|
    |ap_enable_reg_pp0_iter2       |    9|          2|    1|          2|
    |aximm2_blk_n_AW               |    9|          2|    1|          2|
    |aximm2_blk_n_B                |    9|          2|    1|          2|
    |aximm2_blk_n_W                |    9|          2|    1|          2|
    |compressed_data_blk_n         |    9|          2|    1|          2|
    |compressed_size_blk_n         |    9|          2|    1|          2|
    |compressed_size_stream_blk_n  |    9|          2|    1|          2|
    |gmem_blk_n_AW                 |    9|          2|    1|          2|
    |gmem_blk_n_B                  |    9|          2|    1|          2|
    |gmem_blk_n_W                  |    9|          2|    1|          2|
    |i_reg_143                     |    9|          2|   31|         62|
    |output_hw_stream_blk_n        |    9|          2|    1|          2|
    +------------------------------+-----+-----------+-----+-----------+
    |Total                         |  868|        169|   45|        229|
    +------------------------------+-----+-----------+-----+-----------+

    * Register: 
    +------------------------------------+-----+----+-----+-----------+
    |                Name                |  FF | LUT| Bits| Const Bits|
    +------------------------------------+-----+----+-----+-----------+
    |ap_CS_fsm                           |  140|   0|  140|          0|
    |ap_done_reg                         |    1|   0|    1|          0|
    |ap_enable_reg_pp0_iter0             |    1|   0|    1|          0|
    |ap_enable_reg_pp0_iter1             |    1|   0|    1|          0|
    |ap_enable_reg_pp0_iter2             |    1|   0|    1|          0|
    |compressed_data_read_reg_199        |   64|   0|   64|          0|
    |gmem_addr_reg_212                   |   64|   0|   64|          0|
    |i_reg_143                           |   31|   0|   31|          0|
    |icmp_ln239_1_reg_238                |    1|   0|    1|          0|
    |icmp_ln239_1_reg_238_pp0_iter1_reg  |    1|   0|    1|          0|
    |icmp_ln239_reg_218                  |    1|   0|    1|          0|
    |tmp_V_1_reg_204                     |   32|   0|   32|          0|
    |tmp_V_reg_242                       |    8|   0|    8|          0|
    |trunc_ln239_reg_222                 |   31|   0|   31|          0|
    +------------------------------------+-----+----+-----+-----------+
    |Total                               |  377|   0|  377|          0|
    +------------------------------------+-----+----+-----+-----------+



================================================================
== Interface
================================================================
* Summary: 
+--------------------------------+-----+-----+------------+------------------------+--------------+
|            RTL Ports           | Dir | Bits|  Protocol  |      Source Object     |    C Type    |
+--------------------------------+-----+-----+------------+------------------------+--------------+
|ap_clk                          |   in|    1|  ap_ctrl_hs|            store_result|  return value|
|ap_rst                          |   in|    1|  ap_ctrl_hs|            store_result|  return value|
|ap_start                        |   in|    1|  ap_ctrl_hs|            store_result|  return value|
|ap_done                         |  out|    1|  ap_ctrl_hs|            store_result|  return value|
|ap_continue                     |   in|    1|  ap_ctrl_hs|            store_result|  return value|
|ap_idle                         |  out|    1|  ap_ctrl_hs|            store_result|  return value|
|ap_ready                        |  out|    1|  ap_ctrl_hs|            store_result|  return value|
|compressed_size_stream_dout     |   in|   32|     ap_fifo|  compressed_size_stream|       pointer|
|compressed_size_stream_empty_n  |   in|    1|     ap_fifo|  compressed_size_stream|       pointer|
|compressed_size_stream_read     |  out|    1|     ap_fifo|  compressed_size_stream|       pointer|
|output_hw_stream_dout           |   in|    8|     ap_fifo|        output_hw_stream|       pointer|
|output_hw_stream_empty_n        |   in|    1|     ap_fifo|        output_hw_stream|       pointer|
|output_hw_stream_read           |  out|    1|     ap_fifo|        output_hw_stream|       pointer|
|m_axi_aximm2_AWVALID            |  out|    1|       m_axi|                  aximm2|       pointer|
|m_axi_aximm2_AWREADY            |   in|    1|       m_axi|                  aximm2|       pointer|
|m_axi_aximm2_AWADDR             |  out|   64|       m_axi|                  aximm2|       pointer|
|m_axi_aximm2_AWID               |  out|    1|       m_axi|                  aximm2|       pointer|
|m_axi_aximm2_AWLEN              |  out|   32|       m_axi|                  aximm2|       pointer|
|m_axi_aximm2_AWSIZE             |  out|    3|       m_axi|                  aximm2|       pointer|
|m_axi_aximm2_AWBURST            |  out|    2|       m_axi|                  aximm2|       pointer|
|m_axi_aximm2_AWLOCK             |  out|    2|       m_axi|                  aximm2|       pointer|
|m_axi_aximm2_AWCACHE            |  out|    4|       m_axi|                  aximm2|       pointer|
|m_axi_aximm2_AWPROT             |  out|    3|       m_axi|                  aximm2|       pointer|
|m_axi_aximm2_AWQOS              |  out|    4|       m_axi|                  aximm2|       pointer|
|m_axi_aximm2_AWREGION           |  out|    4|       m_axi|                  aximm2|       pointer|
|m_axi_aximm2_AWUSER             |  out|    1|       m_axi|                  aximm2|       pointer|
|m_axi_aximm2_WVALID             |  out|    1|       m_axi|                  aximm2|       pointer|
|m_axi_aximm2_WREADY             |   in|    1|       m_axi|                  aximm2|       pointer|
|m_axi_aximm2_WDATA              |  out|    8|       m_axi|                  aximm2|       pointer|
|m_axi_aximm2_WSTRB              |  out|    1|       m_axi|                  aximm2|       pointer|
|m_axi_aximm2_WLAST              |  out|    1|       m_axi|                  aximm2|       pointer|
|m_axi_aximm2_WID                |  out|    1|       m_axi|                  aximm2|       pointer|
|m_axi_aximm2_WUSER              |  out|    1|       m_axi|                  aximm2|       pointer|
|m_axi_aximm2_ARVALID            |  out|    1|       m_axi|                  aximm2|       pointer|
|m_axi_aximm2_ARREADY            |   in|    1|       m_axi|                  aximm2|       pointer|
|m_axi_aximm2_ARADDR             |  out|   64|       m_axi|                  aximm2|       pointer|
|m_axi_aximm2_ARID               |  out|    1|       m_axi|                  aximm2|       pointer|
|m_axi_aximm2_ARLEN              |  out|   32|       m_axi|                  aximm2|       pointer|
|m_axi_aximm2_ARSIZE             |  out|    3|       m_axi|                  aximm2|       pointer|
|m_axi_aximm2_ARBURST            |  out|    2|       m_axi|                  aximm2|       pointer|
|m_axi_aximm2_ARLOCK             |  out|    2|       m_axi|                  aximm2|       pointer|
|m_axi_aximm2_ARCACHE            |  out|    4|       m_axi|                  aximm2|       pointer|
|m_axi_aximm2_ARPROT             |  out|    3|       m_axi|                  aximm2|       pointer|
|m_axi_aximm2_ARQOS              |  out|    4|       m_axi|                  aximm2|       pointer|
|m_axi_aximm2_ARREGION           |  out|    4|       m_axi|                  aximm2|       pointer|
|m_axi_aximm2_ARUSER             |  out|    1|       m_axi|                  aximm2|       pointer|
|m_axi_aximm2_RVALID             |   in|    1|       m_axi|                  aximm2|       pointer|
|m_axi_aximm2_RREADY             |  out|    1|       m_axi|                  aximm2|       pointer|
|m_axi_aximm2_RDATA              |   in|    8|       m_axi|                  aximm2|       pointer|
|m_axi_aximm2_RLAST              |   in|    1|       m_axi|                  aximm2|       pointer|
|m_axi_aximm2_RID                |   in|    1|       m_axi|                  aximm2|       pointer|
|m_axi_aximm2_RUSER              |   in|    1|       m_axi|                  aximm2|       pointer|
|m_axi_aximm2_RRESP              |   in|    2|       m_axi|                  aximm2|       pointer|
|m_axi_aximm2_BVALID             |   in|    1|       m_axi|                  aximm2|       pointer|
|m_axi_aximm2_BREADY             |  out|    1|       m_axi|                  aximm2|       pointer|
|m_axi_aximm2_BRESP              |   in|    2|       m_axi|                  aximm2|       pointer|
|m_axi_aximm2_BID                |   in|    1|       m_axi|                  aximm2|       pointer|
|m_axi_aximm2_BUSER              |   in|    1|       m_axi|                  aximm2|       pointer|
|m_axi_gmem_AWVALID              |  out|    1|       m_axi|                    gmem|       pointer|
|m_axi_gmem_AWREADY              |   in|    1|       m_axi|                    gmem|       pointer|
|m_axi_gmem_AWADDR               |  out|   64|       m_axi|                    gmem|       pointer|
|m_axi_gmem_AWID                 |  out|    1|       m_axi|                    gmem|       pointer|
|m_axi_gmem_AWLEN                |  out|   32|       m_axi|                    gmem|       pointer|
|m_axi_gmem_AWSIZE               |  out|    3|       m_axi|                    gmem|       pointer|
|m_axi_gmem_AWBURST              |  out|    2|       m_axi|                    gmem|       pointer|
|m_axi_gmem_AWLOCK               |  out|    2|       m_axi|                    gmem|       pointer|
|m_axi_gmem_AWCACHE              |  out|    4|       m_axi|                    gmem|       pointer|
|m_axi_gmem_AWPROT               |  out|    3|       m_axi|                    gmem|       pointer|
|m_axi_gmem_AWQOS                |  out|    4|       m_axi|                    gmem|       pointer|
|m_axi_gmem_AWREGION             |  out|    4|       m_axi|                    gmem|       pointer|
|m_axi_gmem_AWUSER               |  out|    1|       m_axi|                    gmem|       pointer|
|m_axi_gmem_WVALID               |  out|    1|       m_axi|                    gmem|       pointer|
|m_axi_gmem_WREADY               |   in|    1|       m_axi|                    gmem|       pointer|
|m_axi_gmem_WDATA                |  out|   32|       m_axi|                    gmem|       pointer|
|m_axi_gmem_WSTRB                |  out|    4|       m_axi|                    gmem|       pointer|
|m_axi_gmem_WLAST                |  out|    1|       m_axi|                    gmem|       pointer|
|m_axi_gmem_WID                  |  out|    1|       m_axi|                    gmem|       pointer|
|m_axi_gmem_WUSER                |  out|    1|       m_axi|                    gmem|       pointer|
|m_axi_gmem_ARVALID              |  out|    1|       m_axi|                    gmem|       pointer|
|m_axi_gmem_ARREADY              |   in|    1|       m_axi|                    gmem|       pointer|
|m_axi_gmem_ARADDR               |  out|   64|       m_axi|                    gmem|       pointer|
|m_axi_gmem_ARID                 |  out|    1|       m_axi|                    gmem|       pointer|
|m_axi_gmem_ARLEN                |  out|   32|       m_axi|                    gmem|       pointer|
|m_axi_gmem_ARSIZE               |  out|    3|       m_axi|                    gmem|       pointer|
|m_axi_gmem_ARBURST              |  out|    2|       m_axi|                    gmem|       pointer|
|m_axi_gmem_ARLOCK               |  out|    2|       m_axi|                    gmem|       pointer|
|m_axi_gmem_ARCACHE              |  out|    4|       m_axi|                    gmem|       pointer|
|m_axi_gmem_ARPROT               |  out|    3|       m_axi|                    gmem|       pointer|
|m_axi_gmem_ARQOS                |  out|    4|       m_axi|                    gmem|       pointer|
|m_axi_gmem_ARREGION             |  out|    4|       m_axi|                    gmem|       pointer|
|m_axi_gmem_ARUSER               |  out|    1|       m_axi|                    gmem|       pointer|
|m_axi_gmem_RVALID               |   in|    1|       m_axi|                    gmem|       pointer|
|m_axi_gmem_RREADY               |  out|    1|       m_axi|                    gmem|       pointer|
|m_axi_gmem_RDATA                |   in|   32|       m_axi|                    gmem|       pointer|
|m_axi_gmem_RLAST                |   in|    1|       m_axi|                    gmem|       pointer|
|m_axi_gmem_RID                  |   in|    1|       m_axi|                    gmem|       pointer|
|m_axi_gmem_RUSER                |   in|    1|       m_axi|                    gmem|       pointer|
|m_axi_gmem_RRESP                |   in|    2|       m_axi|                    gmem|       pointer|
|m_axi_gmem_BVALID               |   in|    1|       m_axi|                    gmem|       pointer|
|m_axi_gmem_BREADY               |  out|    1|       m_axi|                    gmem|       pointer|
|m_axi_gmem_BRESP                |   in|    2|       m_axi|                    gmem|       pointer|
|m_axi_gmem_BID                  |   in|    1|       m_axi|                    gmem|       pointer|
|m_axi_gmem_BUSER                |   in|    1|       m_axi|                    gmem|       pointer|
|compressed_data_dout            |   in|   64|     ap_fifo|         compressed_data|       pointer|
|compressed_data_empty_n         |   in|    1|     ap_fifo|         compressed_data|       pointer|
|compressed_data_read            |  out|    1|     ap_fifo|         compressed_data|       pointer|
|compressed_size_dout            |   in|   64|     ap_fifo|         compressed_size|       pointer|
|compressed_size_empty_n         |   in|    1|     ap_fifo|         compressed_size|       pointer|
|compressed_size_read            |  out|    1|     ap_fifo|         compressed_size|       pointer|
+--------------------------------+-----+-----+------------+------------------------+--------------+

