

================================================================
== Vitis HLS Report for 'write_output_stream'
================================================================
* Date:           Thu Nov 21 15:11:47 2024

* Version:        2020.2 (Build 3064766 on Wed Nov 18 09:12:47 MST 2020)
* Project:        final_project
* Solution:       solution1 (Vitis Kernel Flow Target)
* Product family: zynquplus
* Target device:  xczu3eg-sbva484-1-i


================================================================
== Performance Estimates
================================================================
+ Timing: 
    * Summary: 
    +--------+----------+----------+------------+
    |  Clock |  Target  | Estimated| Uncertainty|
    +--------+----------+----------+------------+
    |ap_clk  |  10.00 ns|  4.603 ns|     2.70 ns|
    +--------+----------+----------+------------+

+ Latency: 
    * Summary: 
    +---------+---------+----------+----------+-----+-----+---------+
    |  Latency (cycles) |  Latency (absolute) |  Interval | Pipeline|
    |   min   |   max   |    min   |    max   | min | max |   Type  |
    +---------+---------+----------+----------+-----+-----+---------+
    |        ?|        ?|         ?|         ?|    ?|    ?|     none|
    +---------+---------+----------+----------+-----+-----+---------+

    + Detail: 
        * Instance: 
        N/A

        * Loop: 
        +---------------------+---------+---------+----------+-----------+-----------+------+----------+
        |                     |  Latency (cycles) | Iteration|  Initiation Interval  | Trip |          |
        |      Loop Name      |   min   |   max   |  Latency |  achieved |   target  | Count| Pipelined|
        +---------------------+---------+---------+----------+-----------+-----------+------+----------+
        |- VITIS_LOOP_208_1   |        ?|        ?|         ?|          -|          -|     ?|        no|
        | + VITIS_LOOP_214_2  |        ?|        ?|         2|          1|          1|     ?|       yes|
        +---------------------+---------+---------+----------+-----------+-----------+------+----------+



================================================================
== Utilization Estimates
================================================================
* Summary: 
+-----------------+---------+-----+--------+-------+-----+
|       Name      | BRAM_18K| DSP |   FF   |  LUT  | URAM|
+-----------------+---------+-----+--------+-------+-----+
|DSP              |        -|    -|       -|      -|    -|
|Expression       |        -|    -|       0|    555|    -|
|FIFO             |        -|    -|       -|      -|    -|
|Instance         |        -|    -|       -|      -|    -|
|Memory           |        -|    -|       -|      -|    -|
|Multiplexer      |        -|    -|       -|    154|    -|
|Register         |        -|    -|     240|      -|    -|
+-----------------+---------+-----+--------+-------+-----+
|Total            |        0|    0|     240|    709|    0|
+-----------------+---------+-----+--------+-------+-----+
|Available        |      432|  360|  141120|  70560|    0|
+-----------------+---------+-----+--------+-------+-----+
|Utilization (%)  |        0|    0|      ~0|      1|    0|
+-----------------+---------+-----+--------+-------+-----+

+ Detail: 
    * Instance: 
    N/A

    * DSP: 
    N/A

    * Memory: 
    N/A

    * FIFO: 
    N/A

    * Expression: 
    +----------------------------------+----------+----+---+-----+------------+------------+
    |           Variable Name          | Operation| DSP| FF| LUT | Bitwidth P0| Bitwidth P1|
    +----------------------------------+----------+----+---+-----+------------+------------+
    |add_ln214_1_fu_269_p2             |         +|   0|  0|   10|           3|           3|
    |add_ln214_2_fu_303_p2             |         +|   0|  0|   39|          32|          32|
    |add_ln214_3_fu_293_p2             |         +|   0|  0|   37|          30|           1|
    |add_ln214_fu_263_p2               |         +|   0|  0|   39|          32|           3|
    |bit_count_1_fu_168_p2             |         +|   0|  0|   39|          32|           4|
    |bit_count_3_fu_244_p2             |         +|   0|  0|   39|          32|           5|
    |size_3_fu_222_p2                  |         +|   0|  0|   39|          32|           1|
    |sub_ln223_fu_205_p2               |         -|   0|  0|   39|           4|          32|
    |ap_block_pp0_stage0_01001         |       and|   0|  0|    2|           1|           1|
    |ap_block_state4_pp0_stage0_iter1  |       and|   0|  0|    2|           1|           1|
    |ap_condition_273                  |       and|   0|  0|    2|           1|           1|
    |ap_predicate_op40_write_state2    |       and|   0|  0|    2|           1|           1|
    |tmp_nbreadreq_fu_70_p3            |       and|   0|  0|    2|           1|           0|
    |icmp_ln214_1_fu_238_p2            |      icmp|   0|  0|   18|          29|           1|
    |icmp_ln214_fu_184_p2              |      icmp|   0|  0|   18|          29|           1|
    |icmp_ln222_fu_199_p2              |      icmp|   0|  0|   20|          32|           1|
    |lshr_ln215_fu_250_p2              |      lshr|   0|  0|  100|          32|          32|
    |ap_block_state1                   |        or|   0|  0|    2|           1|           1|
    |ap_block_state2                   |        or|   0|  0|    2|           1|           1|
    |shl_ln223_fu_211_p2               |       shl|   0|  0|  100|          32|          32|
    |ap_enable_pp0                     |       xor|   0|  0|    2|           1|           2|
    |ap_enable_reg_pp0_iter1           |       xor|   0|  0|    2|           2|           1|
    +----------------------------------+----------+----+---+-----+------------+------------+
    |Total                             |          |   0|  0|  555|         361|         157|
    +----------------------------------+----------+----+---+-----+------------+------------+

    * Multiplexer: 
    +--------------------------------------+----+-----------+-----+-----------+
    |                 Name                 | LUT| Input Size| Bits| Total Bits|
    +--------------------------------------+----+-----------+-----+-----------+
    |ap_NS_fsm                             |  31|          6|    1|          6|
    |ap_done                               |   9|          2|    1|          2|
    |ap_enable_reg_pp0_iter1               |  14|          3|    1|          3|
    |ap_phi_mux_bit_count_2_phi_fu_112_p4  |   9|          2|   32|         64|
    |bit_buffer_reg_98                     |   9|          2|   19|         38|
    |bit_count_2_reg_109                   |   9|          2|   32|         64|
    |bit_count_fu_62                       |  14|          3|   32|         96|
    |codeword_stream_blk_n                 |   9|          2|    1|          2|
    |compressed_size_stream_blk_n          |   9|          2|    1|          2|
    |output_hw_stream_blk_n                |   9|          2|    1|          2|
    |output_hw_stream_din                  |  14|          3|    8|         24|
    |size_4_reg_118                        |   9|          2|   32|         64|
    |size_fu_66                            |   9|          2|   32|         64|
    +--------------------------------------+----+-----------+-----+-----------+
    |Total                                 | 154|         33|  193|        431|
    +--------------------------------------+----+-----------+-----+-----------+

    * Register: 
    +-------------------------+----+----+-----+-----------+
    |           Name          | FF | LUT| Bits| Const Bits|
    +-------------------------+----+----+-----+-----------+
    |ap_CS_fsm                |   5|   0|    5|          0|
    |ap_done_reg              |   1|   0|    1|          0|
    |ap_enable_reg_pp0_iter0  |   1|   0|    1|          0|
    |ap_enable_reg_pp0_iter1  |   1|   0|    1|          0|
    |bit_buffer_1_reg_342     |  32|   0|   32|          0|
    |bit_buffer_reg_98        |  19|   0|   19|          0|
    |bit_count_2_reg_109      |  32|   0|   32|          0|
    |bit_count_3_reg_373      |  32|   0|   32|          0|
    |bit_count_fu_62          |  32|   0|   32|          0|
    |icmp_ln214_1_reg_369     |   1|   0|    1|          0|
    |icmp_ln214_reg_357       |   1|   0|    1|          0|
    |size_4_reg_118           |  32|   0|   32|          0|
    |size_fu_66               |  32|   0|   32|          0|
    |trunc_ln_reg_347         |  19|   0|   19|          0|
    +-------------------------+----+----+-----+-----------+
    |Total                    | 240|   0|  240|          0|
    +-------------------------+----+----+-----+-----------+



================================================================
== Interface
================================================================
* Summary: 
+-------------------------------+-----+-----+------------+------------------------+--------------+
|           RTL Ports           | Dir | Bits|  Protocol  |      Source Object     |    C Type    |
+-------------------------------+-----+-----+------------+------------------------+--------------+
|ap_clk                         |   in|    1|  ap_ctrl_hs|     write_output_stream|  return value|
|ap_rst                         |   in|    1|  ap_ctrl_hs|     write_output_stream|  return value|
|ap_start                       |   in|    1|  ap_ctrl_hs|     write_output_stream|  return value|
|ap_done                        |  out|    1|  ap_ctrl_hs|     write_output_stream|  return value|
|ap_continue                    |   in|    1|  ap_ctrl_hs|     write_output_stream|  return value|
|ap_idle                        |  out|    1|  ap_ctrl_hs|     write_output_stream|  return value|
|ap_ready                       |  out|    1|  ap_ctrl_hs|     write_output_stream|  return value|
|codeword_stream_dout           |   in|   16|     ap_fifo|         codeword_stream|       pointer|
|codeword_stream_empty_n        |   in|    1|     ap_fifo|         codeword_stream|       pointer|
|codeword_stream_read           |  out|    1|     ap_fifo|         codeword_stream|       pointer|
|output_hw_stream_din           |  out|    8|     ap_fifo|        output_hw_stream|       pointer|
|output_hw_stream_full_n        |   in|    1|     ap_fifo|        output_hw_stream|       pointer|
|output_hw_stream_write         |  out|    1|     ap_fifo|        output_hw_stream|       pointer|
|compressed_size_stream_din     |  out|   32|     ap_fifo|  compressed_size_stream|       pointer|
|compressed_size_stream_full_n  |   in|    1|     ap_fifo|  compressed_size_stream|       pointer|
|compressed_size_stream_write   |  out|    1|     ap_fifo|  compressed_size_stream|       pointer|
+-------------------------------+-----+-----+------------+------------------------+--------------+

