#-----------------------------------------------------------
# Vivado v2020.2 (64-bit)
# SW Build 3064766 on Wed Nov 18 09:12:47 MST 2020
# IP Build 3064653 on Wed Nov 18 14:17:31 MST 2020
# Start of session at: Thu Oct 17 03:36:28 2024
# Process ID: 23339
# Current directory: /mnt/castor/seas_home/s/songqij/ese532_code/hw6/apps/mmult/_x/kernel/mmult_fpga/mmult_fpga/solution/impl/ip
# Command line: vivado -notrace -mode batch -source run_ippack.tcl
# Log file: /mnt/castor/seas_home/s/songqij/ese532_code/hw6/apps/mmult/_x/kernel/mmult_fpga/mmult_fpga/solution/impl/ip/vivado.log
# Journal file: /mnt/castor/seas_home/s/songqij/ese532_code/hw6/apps/mmult/_x/kernel/mmult_fpga/mmult_fpga/solution/impl/ip/vivado.jou
#-----------------------------------------------------------
source run_ippack.tcl -notrace
INFO: [IP_Flow 19-234] Refreshing IP repositories
INFO: [IP_Flow 19-1704] No user IP repositories specified
INFO: [IP_Flow 19-2313] Loaded Vivado IP repository '/mnt/pollux/software/xilinx/2020.2/Vivado/2020.2/data/ip'.
WARNING: [IP_Flow 19-4832] The IP name 'mmult_fpga_ap_fadd_6_full_dsp_32' you have specified is long. The Windows operating system has path length limitations. It is recommended you use shorter names to reduce the likelihood of issues.
INFO: [IP_Flow 19-1686] Generating 'Synthesis' target for IP 'mmult_fpga_ap_fadd_6_full_dsp_32'...
INFO: [IP_Flow 19-1686] Generating 'Simulation' target for IP 'mmult_fpga_ap_fadd_6_full_dsp_32'...
WARNING: [IP_Flow 19-4832] The IP name 'mmult_fpga_ap_fmul_2_max_dsp_32' you have specified is long. The Windows operating system has path length limitations. It is recommended you use shorter names to reduce the likelihood of issues.
INFO: [IP_Flow 19-1686] Generating 'Synthesis' target for IP 'mmult_fpga_ap_fmul_2_max_dsp_32'...
INFO: [IP_Flow 19-1686] Generating 'Simulation' target for IP 'mmult_fpga_ap_fmul_2_max_dsp_32'...
INFO: [IP_Flow 19-234] Refreshing IP repositories
INFO: [IP_Flow 19-1704] No user IP repositories specified
INFO: [IP_Flow 19-2313] Loaded Vivado IP repository '/mnt/pollux/software/xilinx/2020.2/Vivado/2020.2/data/ip'.
INFO: [Common 17-206] Exiting Vivado at Thu Oct 17 03:36:43 2024...
