

================================================================
== Vitis HLS Report for 'load_input'
================================================================
* Date:           Thu Nov 21 15:11:44 2024

* Version:        2020.2 (Build 3064766 on Wed Nov 18 09:12:47 MST 2020)
* Project:        final_project
* Solution:       solution1 (Vitis Kernel Flow Target)
* Product family: zynquplus
* Target device:  xczu3eg-sbva484-1-i


================================================================
== Performance Estimates
================================================================
+ Timing: 
    * Summary: 
    +--------+----------+----------+------------+
    |  Clock |  Target  | Estimated| Uncertainty|
    +--------+----------+----------+------------+
    |ap_clk  |  10.00 ns|  7.300 ns|     2.70 ns|
    +--------+----------+----------+------------+

+ Latency: 
    * Summary: 
    +---------+---------+----------+----------+-----+-----+---------+
    |  Latency (cycles) |  Latency (absolute) |  Interval | Pipeline|
    |   min   |   max   |    min   |    max   | min | max |   Type  |
    +---------+---------+----------+----------+-----+-----+---------+
    |        ?|        ?|         ?|         ?|    ?|    ?|     none|
    +---------+---------+----------+----------+-----+-----+---------+

    + Detail: 
        * Instance: 
        N/A

        * Loop: 
        +--------------------+---------+---------+----------+-----------+-----------+------+----------+
        |                    |  Latency (cycles) | Iteration|  Initiation Interval  | Trip |          |
        |      Loop Name     |   min   |   max   |  Latency |  achieved |   target  | Count| Pipelined|
        +--------------------+---------+---------+----------+-----------+-----------+------+----------+
        |- VITIS_LOOP_133_1  |        ?|        ?|         3|          1|          1|     ?|       yes|
        +--------------------+---------+---------+----------+-----------+-----------+------+----------+

============================================================
+ Verbose Summary: Synthesis Manager
============================================================
InlineROM: 1
ExposeGlobal: 0
============================================================
+ Verbose Summary: CDFG Model
============================================================
IsTopModel: 0
ResetActiveHigh: 1
IsCombinational: 2
IsDatapathOnly: 0
HasWiredReturn: 1
HasMFsm: 0
HasVarLatency: 1
IsPipeline: 0
IsRtlPipelined: 0
IsInstanceOverlapped: 0
IsDontTouch: 0
HasImplIP: 0
IsGatedGlobalClock: 0

+ Individual pipeline summary: 
  * Pipeline-0: initiation interval (II) = 1, depth = 3


============================================================
+ Verbose Summary: Schedule
============================================================
* Number of FSM states : 75
* Pipeline : 1
  Pipeline-0 : II = 1, D = 3, States = { 72 73 74 }
* Dataflow Pipeline: 0

* FSM state transitions: 
1 --> 2 75 
2 --> 3 
3 --> 4 
4 --> 5 
5 --> 6 
6 --> 7 
7 --> 8 
8 --> 9 
9 --> 10 
10 --> 11 
11 --> 12 
12 --> 13 
13 --> 14 
14 --> 15 
15 --> 16 
16 --> 17 
17 --> 18 
18 --> 19 
19 --> 20 
20 --> 21 
21 --> 22 
22 --> 23 
23 --> 24 
24 --> 25 
25 --> 26 
26 --> 27 
27 --> 28 
28 --> 29 
29 --> 30 
30 --> 31 
31 --> 32 
32 --> 33 
33 --> 34 
34 --> 35 
35 --> 36 
36 --> 37 
37 --> 38 
38 --> 39 
39 --> 40 
40 --> 41 
41 --> 42 
42 --> 43 
43 --> 44 
44 --> 45 
45 --> 46 
46 --> 47 
47 --> 48 
48 --> 49 
49 --> 50 
50 --> 51 
51 --> 52 
52 --> 53 
53 --> 54 
54 --> 55 
55 --> 56 
56 --> 57 
57 --> 58 
58 --> 59 
59 --> 60 
60 --> 61 
61 --> 62 
62 --> 63 
63 --> 64 
64 --> 65 
65 --> 66 
66 --> 67 
67 --> 68 
68 --> 69 
69 --> 70 
70 --> 71 
71 --> 72 
72 --> 75 73 
73 --> 74 
74 --> 72 
75 --> 

* FSM state operations: 

State 1 <SV = 0> <Delay = 4.33>
ST_1 : Operation 76 [1/1] (0.00ns)   --->   "%specinterface_ln0 = specinterface void @_ssdm_op_SpecInterface, i8 %aximm1, void @empty_5, i32 0, i32 0, void @empty_19, i32 64, i32 1024, void @empty_16, void @empty_7, void @empty_19, i32 16, i32 16, i32 16, i32 16, void @empty_19, void @empty_19"   --->   Operation 76 'specinterface' 'specinterface_ln0' <Predicate = true> <Delay = 0.00>
ST_1 : Operation 77 [1/1] (0.00ns)   --->   "%specinterface_ln0 = specinterface void @_ssdm_op_SpecInterface, i8 %inStream, void @empty_23, i32 0, i32 0, void @empty_19, i32 0, i32 0, void @empty_19, void @empty_19, void @empty_19, i32 0, i32 0, i32 0, i32 0, void @empty_19, void @empty_19"   --->   Operation 77 'specinterface' 'specinterface_ln0' <Predicate = true> <Delay = 0.00>
ST_1 : Operation 78 [1/1] (0.00ns)   --->   "%specinterface_ln0 = specinterface void @_ssdm_op_SpecInterface, i32 %gmem_load_loc, void @ap_fifo_str, i32 0, i32 0, void @p_str, i32 0, i32 0, void @p_str, void @p_str, void @p_str, i32 2, i32 2, i32 16, i32 16, void @p_str, void @ScalarProp_str"   --->   Operation 78 'specinterface' 'specinterface_ln0' <Predicate = true> <Delay = 0.00>
ST_1 : Operation 79 [1/1] (0.00ns)   --->   "%specinterface_ln0 = specinterface void @_ssdm_op_SpecInterface, i64 %in_r, void @ap_fifo_str, i32 0, i32 0, void @p_str, i32 0, i32 0, void @p_str, void @p_str, void @p_str, i32 2, i32 2, i32 16, i32 16, void @p_str, void @ScalarProp_str"   --->   Operation 79 'specinterface' 'specinterface_ln0' <Predicate = true> <Delay = 0.00>
ST_1 : Operation 80 [1/1] (2.16ns)   --->   "%in_read = read i64 @_ssdm_op_Read.ap_fifo.i64P0A, i64 %in_r" [Server/p3/lzw.cpp:132->Server/p3/lzw.cpp:269]   --->   Operation 80 'read' 'in_read' <Predicate = true> <Delay = 2.16> <CoreInst = "FIFO_SRL">   --->   Core 81 'FIFO_SRL' <Latency = 0> <II = 1> <Delay = 2.16> <Storage> <Opcode : 'read' 'write' 'nbread' 'nbwrite'> <Ports = 0> <Width = 64> <Depth = 2> <FIFO>
ST_1 : Operation 81 [1/1] (2.16ns)   --->   "%gmem_load_loc_read = read i32 @_ssdm_op_Read.ap_fifo.i32P0A, i32 %gmem_load_loc"   --->   Operation 81 'read' 'gmem_load_loc_read' <Predicate = true> <Delay = 2.16> <CoreInst = "FIFO_SRL">   --->   Core 81 'FIFO_SRL' <Latency = 0> <II = 1> <Delay = 2.16> <Storage> <Opcode : 'read' 'write' 'nbread' 'nbwrite'> <Ports = 0> <Width = 32> <Depth = 2> <FIFO>
ST_1 : Operation 82 [1/1] (0.00ns)   --->   "%specinterface_ln0 = specinterface void @_ssdm_op_SpecInterface, i32 %gmem_load_loc_out, void @ap_fifo_str, i32 0, i32 0, void @p_str, i32 0, i32 0, void @p_str, void @p_str, void @p_str, i32 2, i32 2, i32 16, i32 16, void @p_str, void @ScalarProp_str"   --->   Operation 82 'specinterface' 'specinterface_ln0' <Predicate = true> <Delay = 0.00>
ST_1 : Operation 83 [1/1] (2.16ns)   --->   "%write_ln246 = write void @_ssdm_op_Write.ap_fifo.i32P0A, i32 %gmem_load_loc_out, i32 %gmem_load_loc_read" [Server/p3/lzw.cpp:246]   --->   Operation 83 'write' 'write_ln246' <Predicate = true> <Delay = 2.16> <CoreInst = "FIFO_SRL">   --->   Core 81 'FIFO_SRL' <Latency = 0> <II = 1> <Delay = 2.16> <Storage> <Opcode : 'read' 'write' 'nbread' 'nbwrite'> <Ports = 0> <Width = 32> <Depth = 2> <FIFO>
ST_1 : Operation 84 [1/1] (0.00ns)   --->   "%specinterface_ln0 = specinterface void @_ssdm_op_SpecInterface, i8 %inStream, void @empty_23, i32 0, i32 0, void @empty_19, i32 0, i32 0, void @empty_19, void @empty_19, void @empty_19, i32 0, i32 0, i32 0, i32 0, void @empty_19, void @empty_19"   --->   Operation 84 'specinterface' 'specinterface_ln0' <Predicate = true> <Delay = 0.00>
ST_1 : Operation 85 [1/1] (0.00ns)   --->   "%specinterface_ln0 = specinterface void @_ssdm_op_SpecInterface, i8 %aximm1, void @empty_5, i32 0, i32 0, void @empty_19, i32 64, i32 1024, void @empty_16, void @empty_7, void @empty_19, i32 16, i32 16, i32 16, i32 16, void @empty_19, void @empty_19"   --->   Operation 85 'specinterface' 'specinterface_ln0' <Predicate = true> <Delay = 0.00>
ST_1 : Operation 86 [1/1] (1.11ns)   --->   "%icmp_ln133 = icmp_eq  i32 %gmem_load_loc_read, i32 0" [Server/p3/lzw.cpp:133->Server/p3/lzw.cpp:269->Server/p3/lzw.cpp:246]   --->   Operation 86 'icmp' 'icmp_ln133' <Predicate = true> <Delay = 1.11> <CoreInst = "Cmp">   --->   Core 9 'Cmp' <Latency = 0> <II = 1> <Delay = 1.11> <FuncUnit> <Opcode : 'icmp'> <InPorts = 2> <OutPorts = 1>
ST_1 : Operation 87 [1/1] (0.00ns)   --->   "%br_ln133 = br i1 %icmp_ln133, void %.lr.ph.i.i, void %.exit" [Server/p3/lzw.cpp:133->Server/p3/lzw.cpp:269->Server/p3/lzw.cpp:246]   --->   Operation 87 'br' 'br_ln133' <Predicate = true> <Delay = 0.00>
ST_1 : Operation 88 [1/1] (0.00ns)   --->   "%aximm1_addr = getelementptr i8 %aximm1, i64 %in_read" [Server/p3/lzw.cpp:133->Server/p3/lzw.cpp:269->Server/p3/lzw.cpp:246]   --->   Operation 88 'getelementptr' 'aximm1_addr' <Predicate = (!icmp_ln133)> <Delay = 0.00>

State 2 <SV = 1> <Delay = 7.30>
ST_2 : Operation 89 [70/70] (7.30ns)   --->   "%empty = readreq i1 @_ssdm_op_ReadReq.m_axi.p1i8, i8 %aximm1_addr, i32 %gmem_load_loc_read" [Server/p3/lzw.cpp:133->Server/p3/lzw.cpp:269->Server/p3/lzw.cpp:246]   --->   Operation 89 'readreq' 'empty' <Predicate = true> <Delay = 7.30> <CoreInst = "m_axi">   --->   Core 121 'm_axi' <Latency = 6> <II = 1> <Delay = 1.00> <Adapter> <Opcode : 'read' 'write' 'readreq' 'writereq' 'writeresp'>

State 3 <SV = 2> <Delay = 7.30>
ST_3 : Operation 90 [69/70] (7.30ns)   --->   "%empty = readreq i1 @_ssdm_op_ReadReq.m_axi.p1i8, i8 %aximm1_addr, i32 %gmem_load_loc_read" [Server/p3/lzw.cpp:133->Server/p3/lzw.cpp:269->Server/p3/lzw.cpp:246]   --->   Operation 90 'readreq' 'empty' <Predicate = true> <Delay = 7.30> <CoreInst = "m_axi">   --->   Core 121 'm_axi' <Latency = 6> <II = 1> <Delay = 1.00> <Adapter> <Opcode : 'read' 'write' 'readreq' 'writereq' 'writeresp'>

State 4 <SV = 3> <Delay = 7.30>
ST_4 : Operation 91 [68/70] (7.30ns)   --->   "%empty = readreq i1 @_ssdm_op_ReadReq.m_axi.p1i8, i8 %aximm1_addr, i32 %gmem_load_loc_read" [Server/p3/lzw.cpp:133->Server/p3/lzw.cpp:269->Server/p3/lzw.cpp:246]   --->   Operation 91 'readreq' 'empty' <Predicate = true> <Delay = 7.30> <CoreInst = "m_axi">   --->   Core 121 'm_axi' <Latency = 6> <II = 1> <Delay = 1.00> <Adapter> <Opcode : 'read' 'write' 'readreq' 'writereq' 'writeresp'>

State 5 <SV = 4> <Delay = 7.30>
ST_5 : Operation 92 [67/70] (7.30ns)   --->   "%empty = readreq i1 @_ssdm_op_ReadReq.m_axi.p1i8, i8 %aximm1_addr, i32 %gmem_load_loc_read" [Server/p3/lzw.cpp:133->Server/p3/lzw.cpp:269->Server/p3/lzw.cpp:246]   --->   Operation 92 'readreq' 'empty' <Predicate = true> <Delay = 7.30> <CoreInst = "m_axi">   --->   Core 121 'm_axi' <Latency = 6> <II = 1> <Delay = 1.00> <Adapter> <Opcode : 'read' 'write' 'readreq' 'writereq' 'writeresp'>

State 6 <SV = 5> <Delay = 7.30>
ST_6 : Operation 93 [66/70] (7.30ns)   --->   "%empty = readreq i1 @_ssdm_op_ReadReq.m_axi.p1i8, i8 %aximm1_addr, i32 %gmem_load_loc_read" [Server/p3/lzw.cpp:133->Server/p3/lzw.cpp:269->Server/p3/lzw.cpp:246]   --->   Operation 93 'readreq' 'empty' <Predicate = true> <Delay = 7.30> <CoreInst = "m_axi">   --->   Core 121 'm_axi' <Latency = 6> <II = 1> <Delay = 1.00> <Adapter> <Opcode : 'read' 'write' 'readreq' 'writereq' 'writeresp'>

State 7 <SV = 6> <Delay = 7.30>
ST_7 : Operation 94 [65/70] (7.30ns)   --->   "%empty = readreq i1 @_ssdm_op_ReadReq.m_axi.p1i8, i8 %aximm1_addr, i32 %gmem_load_loc_read" [Server/p3/lzw.cpp:133->Server/p3/lzw.cpp:269->Server/p3/lzw.cpp:246]   --->   Operation 94 'readreq' 'empty' <Predicate = true> <Delay = 7.30> <CoreInst = "m_axi">   --->   Core 121 'm_axi' <Latency = 6> <II = 1> <Delay = 1.00> <Adapter> <Opcode : 'read' 'write' 'readreq' 'writereq' 'writeresp'>

State 8 <SV = 7> <Delay = 7.30>
ST_8 : Operation 95 [64/70] (7.30ns)   --->   "%empty = readreq i1 @_ssdm_op_ReadReq.m_axi.p1i8, i8 %aximm1_addr, i32 %gmem_load_loc_read" [Server/p3/lzw.cpp:133->Server/p3/lzw.cpp:269->Server/p3/lzw.cpp:246]   --->   Operation 95 'readreq' 'empty' <Predicate = true> <Delay = 7.30> <CoreInst = "m_axi">   --->   Core 121 'm_axi' <Latency = 6> <II = 1> <Delay = 1.00> <Adapter> <Opcode : 'read' 'write' 'readreq' 'writereq' 'writeresp'>

State 9 <SV = 8> <Delay = 7.30>
ST_9 : Operation 96 [63/70] (7.30ns)   --->   "%empty = readreq i1 @_ssdm_op_ReadReq.m_axi.p1i8, i8 %aximm1_addr, i32 %gmem_load_loc_read" [Server/p3/lzw.cpp:133->Server/p3/lzw.cpp:269->Server/p3/lzw.cpp:246]   --->   Operation 96 'readreq' 'empty' <Predicate = true> <Delay = 7.30> <CoreInst = "m_axi">   --->   Core 121 'm_axi' <Latency = 6> <II = 1> <Delay = 1.00> <Adapter> <Opcode : 'read' 'write' 'readreq' 'writereq' 'writeresp'>

State 10 <SV = 9> <Delay = 7.30>
ST_10 : Operation 97 [62/70] (7.30ns)   --->   "%empty = readreq i1 @_ssdm_op_ReadReq.m_axi.p1i8, i8 %aximm1_addr, i32 %gmem_load_loc_read" [Server/p3/lzw.cpp:133->Server/p3/lzw.cpp:269->Server/p3/lzw.cpp:246]   --->   Operation 97 'readreq' 'empty' <Predicate = true> <Delay = 7.30> <CoreInst = "m_axi">   --->   Core 121 'm_axi' <Latency = 6> <II = 1> <Delay = 1.00> <Adapter> <Opcode : 'read' 'write' 'readreq' 'writereq' 'writeresp'>

State 11 <SV = 10> <Delay = 7.30>
ST_11 : Operation 98 [61/70] (7.30ns)   --->   "%empty = readreq i1 @_ssdm_op_ReadReq.m_axi.p1i8, i8 %aximm1_addr, i32 %gmem_load_loc_read" [Server/p3/lzw.cpp:133->Server/p3/lzw.cpp:269->Server/p3/lzw.cpp:246]   --->   Operation 98 'readreq' 'empty' <Predicate = true> <Delay = 7.30> <CoreInst = "m_axi">   --->   Core 121 'm_axi' <Latency = 6> <II = 1> <Delay = 1.00> <Adapter> <Opcode : 'read' 'write' 'readreq' 'writereq' 'writeresp'>

State 12 <SV = 11> <Delay = 7.30>
ST_12 : Operation 99 [60/70] (7.30ns)   --->   "%empty = readreq i1 @_ssdm_op_ReadReq.m_axi.p1i8, i8 %aximm1_addr, i32 %gmem_load_loc_read" [Server/p3/lzw.cpp:133->Server/p3/lzw.cpp:269->Server/p3/lzw.cpp:246]   --->   Operation 99 'readreq' 'empty' <Predicate = true> <Delay = 7.30> <CoreInst = "m_axi">   --->   Core 121 'm_axi' <Latency = 6> <II = 1> <Delay = 1.00> <Adapter> <Opcode : 'read' 'write' 'readreq' 'writereq' 'writeresp'>

State 13 <SV = 12> <Delay = 7.30>
ST_13 : Operation 100 [59/70] (7.30ns)   --->   "%empty = readreq i1 @_ssdm_op_ReadReq.m_axi.p1i8, i8 %aximm1_addr, i32 %gmem_load_loc_read" [Server/p3/lzw.cpp:133->Server/p3/lzw.cpp:269->Server/p3/lzw.cpp:246]   --->   Operation 100 'readreq' 'empty' <Predicate = true> <Delay = 7.30> <CoreInst = "m_axi">   --->   Core 121 'm_axi' <Latency = 6> <II = 1> <Delay = 1.00> <Adapter> <Opcode : 'read' 'write' 'readreq' 'writereq' 'writeresp'>

State 14 <SV = 13> <Delay = 7.30>
ST_14 : Operation 101 [58/70] (7.30ns)   --->   "%empty = readreq i1 @_ssdm_op_ReadReq.m_axi.p1i8, i8 %aximm1_addr, i32 %gmem_load_loc_read" [Server/p3/lzw.cpp:133->Server/p3/lzw.cpp:269->Server/p3/lzw.cpp:246]   --->   Operation 101 'readreq' 'empty' <Predicate = true> <Delay = 7.30> <CoreInst = "m_axi">   --->   Core 121 'm_axi' <Latency = 6> <II = 1> <Delay = 1.00> <Adapter> <Opcode : 'read' 'write' 'readreq' 'writereq' 'writeresp'>

State 15 <SV = 14> <Delay = 7.30>
ST_15 : Operation 102 [57/70] (7.30ns)   --->   "%empty = readreq i1 @_ssdm_op_ReadReq.m_axi.p1i8, i8 %aximm1_addr, i32 %gmem_load_loc_read" [Server/p3/lzw.cpp:133->Server/p3/lzw.cpp:269->Server/p3/lzw.cpp:246]   --->   Operation 102 'readreq' 'empty' <Predicate = true> <Delay = 7.30> <CoreInst = "m_axi">   --->   Core 121 'm_axi' <Latency = 6> <II = 1> <Delay = 1.00> <Adapter> <Opcode : 'read' 'write' 'readreq' 'writereq' 'writeresp'>

State 16 <SV = 15> <Delay = 7.30>
ST_16 : Operation 103 [56/70] (7.30ns)   --->   "%empty = readreq i1 @_ssdm_op_ReadReq.m_axi.p1i8, i8 %aximm1_addr, i32 %gmem_load_loc_read" [Server/p3/lzw.cpp:133->Server/p3/lzw.cpp:269->Server/p3/lzw.cpp:246]   --->   Operation 103 'readreq' 'empty' <Predicate = true> <Delay = 7.30> <CoreInst = "m_axi">   --->   Core 121 'm_axi' <Latency = 6> <II = 1> <Delay = 1.00> <Adapter> <Opcode : 'read' 'write' 'readreq' 'writereq' 'writeresp'>

State 17 <SV = 16> <Delay = 7.30>
ST_17 : Operation 104 [55/70] (7.30ns)   --->   "%empty = readreq i1 @_ssdm_op_ReadReq.m_axi.p1i8, i8 %aximm1_addr, i32 %gmem_load_loc_read" [Server/p3/lzw.cpp:133->Server/p3/lzw.cpp:269->Server/p3/lzw.cpp:246]   --->   Operation 104 'readreq' 'empty' <Predicate = true> <Delay = 7.30> <CoreInst = "m_axi">   --->   Core 121 'm_axi' <Latency = 6> <II = 1> <Delay = 1.00> <Adapter> <Opcode : 'read' 'write' 'readreq' 'writereq' 'writeresp'>

State 18 <SV = 17> <Delay = 7.30>
ST_18 : Operation 105 [54/70] (7.30ns)   --->   "%empty = readreq i1 @_ssdm_op_ReadReq.m_axi.p1i8, i8 %aximm1_addr, i32 %gmem_load_loc_read" [Server/p3/lzw.cpp:133->Server/p3/lzw.cpp:269->Server/p3/lzw.cpp:246]   --->   Operation 105 'readreq' 'empty' <Predicate = true> <Delay = 7.30> <CoreInst = "m_axi">   --->   Core 121 'm_axi' <Latency = 6> <II = 1> <Delay = 1.00> <Adapter> <Opcode : 'read' 'write' 'readreq' 'writereq' 'writeresp'>

State 19 <SV = 18> <Delay = 7.30>
ST_19 : Operation 106 [53/70] (7.30ns)   --->   "%empty = readreq i1 @_ssdm_op_ReadReq.m_axi.p1i8, i8 %aximm1_addr, i32 %gmem_load_loc_read" [Server/p3/lzw.cpp:133->Server/p3/lzw.cpp:269->Server/p3/lzw.cpp:246]   --->   Operation 106 'readreq' 'empty' <Predicate = true> <Delay = 7.30> <CoreInst = "m_axi">   --->   Core 121 'm_axi' <Latency = 6> <II = 1> <Delay = 1.00> <Adapter> <Opcode : 'read' 'write' 'readreq' 'writereq' 'writeresp'>

State 20 <SV = 19> <Delay = 7.30>
ST_20 : Operation 107 [52/70] (7.30ns)   --->   "%empty = readreq i1 @_ssdm_op_ReadReq.m_axi.p1i8, i8 %aximm1_addr, i32 %gmem_load_loc_read" [Server/p3/lzw.cpp:133->Server/p3/lzw.cpp:269->Server/p3/lzw.cpp:246]   --->   Operation 107 'readreq' 'empty' <Predicate = true> <Delay = 7.30> <CoreInst = "m_axi">   --->   Core 121 'm_axi' <Latency = 6> <II = 1> <Delay = 1.00> <Adapter> <Opcode : 'read' 'write' 'readreq' 'writereq' 'writeresp'>

State 21 <SV = 20> <Delay = 7.30>
ST_21 : Operation 108 [51/70] (7.30ns)   --->   "%empty = readreq i1 @_ssdm_op_ReadReq.m_axi.p1i8, i8 %aximm1_addr, i32 %gmem_load_loc_read" [Server/p3/lzw.cpp:133->Server/p3/lzw.cpp:269->Server/p3/lzw.cpp:246]   --->   Operation 108 'readreq' 'empty' <Predicate = true> <Delay = 7.30> <CoreInst = "m_axi">   --->   Core 121 'm_axi' <Latency = 6> <II = 1> <Delay = 1.00> <Adapter> <Opcode : 'read' 'write' 'readreq' 'writereq' 'writeresp'>

State 22 <SV = 21> <Delay = 7.30>
ST_22 : Operation 109 [50/70] (7.30ns)   --->   "%empty = readreq i1 @_ssdm_op_ReadReq.m_axi.p1i8, i8 %aximm1_addr, i32 %gmem_load_loc_read" [Server/p3/lzw.cpp:133->Server/p3/lzw.cpp:269->Server/p3/lzw.cpp:246]   --->   Operation 109 'readreq' 'empty' <Predicate = true> <Delay = 7.30> <CoreInst = "m_axi">   --->   Core 121 'm_axi' <Latency = 6> <II = 1> <Delay = 1.00> <Adapter> <Opcode : 'read' 'write' 'readreq' 'writereq' 'writeresp'>

State 23 <SV = 22> <Delay = 7.30>
ST_23 : Operation 110 [49/70] (7.30ns)   --->   "%empty = readreq i1 @_ssdm_op_ReadReq.m_axi.p1i8, i8 %aximm1_addr, i32 %gmem_load_loc_read" [Server/p3/lzw.cpp:133->Server/p3/lzw.cpp:269->Server/p3/lzw.cpp:246]   --->   Operation 110 'readreq' 'empty' <Predicate = true> <Delay = 7.30> <CoreInst = "m_axi">   --->   Core 121 'm_axi' <Latency = 6> <II = 1> <Delay = 1.00> <Adapter> <Opcode : 'read' 'write' 'readreq' 'writereq' 'writeresp'>

State 24 <SV = 23> <Delay = 7.30>
ST_24 : Operation 111 [48/70] (7.30ns)   --->   "%empty = readreq i1 @_ssdm_op_ReadReq.m_axi.p1i8, i8 %aximm1_addr, i32 %gmem_load_loc_read" [Server/p3/lzw.cpp:133->Server/p3/lzw.cpp:269->Server/p3/lzw.cpp:246]   --->   Operation 111 'readreq' 'empty' <Predicate = true> <Delay = 7.30> <CoreInst = "m_axi">   --->   Core 121 'm_axi' <Latency = 6> <II = 1> <Delay = 1.00> <Adapter> <Opcode : 'read' 'write' 'readreq' 'writereq' 'writeresp'>

State 25 <SV = 24> <Delay = 7.30>
ST_25 : Operation 112 [47/70] (7.30ns)   --->   "%empty = readreq i1 @_ssdm_op_ReadReq.m_axi.p1i8, i8 %aximm1_addr, i32 %gmem_load_loc_read" [Server/p3/lzw.cpp:133->Server/p3/lzw.cpp:269->Server/p3/lzw.cpp:246]   --->   Operation 112 'readreq' 'empty' <Predicate = true> <Delay = 7.30> <CoreInst = "m_axi">   --->   Core 121 'm_axi' <Latency = 6> <II = 1> <Delay = 1.00> <Adapter> <Opcode : 'read' 'write' 'readreq' 'writereq' 'writeresp'>

State 26 <SV = 25> <Delay = 7.30>
ST_26 : Operation 113 [46/70] (7.30ns)   --->   "%empty = readreq i1 @_ssdm_op_ReadReq.m_axi.p1i8, i8 %aximm1_addr, i32 %gmem_load_loc_read" [Server/p3/lzw.cpp:133->Server/p3/lzw.cpp:269->Server/p3/lzw.cpp:246]   --->   Operation 113 'readreq' 'empty' <Predicate = true> <Delay = 7.30> <CoreInst = "m_axi">   --->   Core 121 'm_axi' <Latency = 6> <II = 1> <Delay = 1.00> <Adapter> <Opcode : 'read' 'write' 'readreq' 'writereq' 'writeresp'>

State 27 <SV = 26> <Delay = 7.30>
ST_27 : Operation 114 [45/70] (7.30ns)   --->   "%empty = readreq i1 @_ssdm_op_ReadReq.m_axi.p1i8, i8 %aximm1_addr, i32 %gmem_load_loc_read" [Server/p3/lzw.cpp:133->Server/p3/lzw.cpp:269->Server/p3/lzw.cpp:246]   --->   Operation 114 'readreq' 'empty' <Predicate = true> <Delay = 7.30> <CoreInst = "m_axi">   --->   Core 121 'm_axi' <Latency = 6> <II = 1> <Delay = 1.00> <Adapter> <Opcode : 'read' 'write' 'readreq' 'writereq' 'writeresp'>

State 28 <SV = 27> <Delay = 7.30>
ST_28 : Operation 115 [44/70] (7.30ns)   --->   "%empty = readreq i1 @_ssdm_op_ReadReq.m_axi.p1i8, i8 %aximm1_addr, i32 %gmem_load_loc_read" [Server/p3/lzw.cpp:133->Server/p3/lzw.cpp:269->Server/p3/lzw.cpp:246]   --->   Operation 115 'readreq' 'empty' <Predicate = true> <Delay = 7.30> <CoreInst = "m_axi">   --->   Core 121 'm_axi' <Latency = 6> <II = 1> <Delay = 1.00> <Adapter> <Opcode : 'read' 'write' 'readreq' 'writereq' 'writeresp'>

State 29 <SV = 28> <Delay = 7.30>
ST_29 : Operation 116 [43/70] (7.30ns)   --->   "%empty = readreq i1 @_ssdm_op_ReadReq.m_axi.p1i8, i8 %aximm1_addr, i32 %gmem_load_loc_read" [Server/p3/lzw.cpp:133->Server/p3/lzw.cpp:269->Server/p3/lzw.cpp:246]   --->   Operation 116 'readreq' 'empty' <Predicate = true> <Delay = 7.30> <CoreInst = "m_axi">   --->   Core 121 'm_axi' <Latency = 6> <II = 1> <Delay = 1.00> <Adapter> <Opcode : 'read' 'write' 'readreq' 'writereq' 'writeresp'>

State 30 <SV = 29> <Delay = 7.30>
ST_30 : Operation 117 [42/70] (7.30ns)   --->   "%empty = readreq i1 @_ssdm_op_ReadReq.m_axi.p1i8, i8 %aximm1_addr, i32 %gmem_load_loc_read" [Server/p3/lzw.cpp:133->Server/p3/lzw.cpp:269->Server/p3/lzw.cpp:246]   --->   Operation 117 'readreq' 'empty' <Predicate = true> <Delay = 7.30> <CoreInst = "m_axi">   --->   Core 121 'm_axi' <Latency = 6> <II = 1> <Delay = 1.00> <Adapter> <Opcode : 'read' 'write' 'readreq' 'writereq' 'writeresp'>

State 31 <SV = 30> <Delay = 7.30>
ST_31 : Operation 118 [41/70] (7.30ns)   --->   "%empty = readreq i1 @_ssdm_op_ReadReq.m_axi.p1i8, i8 %aximm1_addr, i32 %gmem_load_loc_read" [Server/p3/lzw.cpp:133->Server/p3/lzw.cpp:269->Server/p3/lzw.cpp:246]   --->   Operation 118 'readreq' 'empty' <Predicate = true> <Delay = 7.30> <CoreInst = "m_axi">   --->   Core 121 'm_axi' <Latency = 6> <II = 1> <Delay = 1.00> <Adapter> <Opcode : 'read' 'write' 'readreq' 'writereq' 'writeresp'>

State 32 <SV = 31> <Delay = 7.30>
ST_32 : Operation 119 [40/70] (7.30ns)   --->   "%empty = readreq i1 @_ssdm_op_ReadReq.m_axi.p1i8, i8 %aximm1_addr, i32 %gmem_load_loc_read" [Server/p3/lzw.cpp:133->Server/p3/lzw.cpp:269->Server/p3/lzw.cpp:246]   --->   Operation 119 'readreq' 'empty' <Predicate = true> <Delay = 7.30> <CoreInst = "m_axi">   --->   Core 121 'm_axi' <Latency = 6> <II = 1> <Delay = 1.00> <Adapter> <Opcode : 'read' 'write' 'readreq' 'writereq' 'writeresp'>

State 33 <SV = 32> <Delay = 7.30>
ST_33 : Operation 120 [39/70] (7.30ns)   --->   "%empty = readreq i1 @_ssdm_op_ReadReq.m_axi.p1i8, i8 %aximm1_addr, i32 %gmem_load_loc_read" [Server/p3/lzw.cpp:133->Server/p3/lzw.cpp:269->Server/p3/lzw.cpp:246]   --->   Operation 120 'readreq' 'empty' <Predicate = true> <Delay = 7.30> <CoreInst = "m_axi">   --->   Core 121 'm_axi' <Latency = 6> <II = 1> <Delay = 1.00> <Adapter> <Opcode : 'read' 'write' 'readreq' 'writereq' 'writeresp'>

State 34 <SV = 33> <Delay = 7.30>
ST_34 : Operation 121 [38/70] (7.30ns)   --->   "%empty = readreq i1 @_ssdm_op_ReadReq.m_axi.p1i8, i8 %aximm1_addr, i32 %gmem_load_loc_read" [Server/p3/lzw.cpp:133->Server/p3/lzw.cpp:269->Server/p3/lzw.cpp:246]   --->   Operation 121 'readreq' 'empty' <Predicate = true> <Delay = 7.30> <CoreInst = "m_axi">   --->   Core 121 'm_axi' <Latency = 6> <II = 1> <Delay = 1.00> <Adapter> <Opcode : 'read' 'write' 'readreq' 'writereq' 'writeresp'>

State 35 <SV = 34> <Delay = 7.30>
ST_35 : Operation 122 [37/70] (7.30ns)   --->   "%empty = readreq i1 @_ssdm_op_ReadReq.m_axi.p1i8, i8 %aximm1_addr, i32 %gmem_load_loc_read" [Server/p3/lzw.cpp:133->Server/p3/lzw.cpp:269->Server/p3/lzw.cpp:246]   --->   Operation 122 'readreq' 'empty' <Predicate = true> <Delay = 7.30> <CoreInst = "m_axi">   --->   Core 121 'm_axi' <Latency = 6> <II = 1> <Delay = 1.00> <Adapter> <Opcode : 'read' 'write' 'readreq' 'writereq' 'writeresp'>

State 36 <SV = 35> <Delay = 7.30>
ST_36 : Operation 123 [36/70] (7.30ns)   --->   "%empty = readreq i1 @_ssdm_op_ReadReq.m_axi.p1i8, i8 %aximm1_addr, i32 %gmem_load_loc_read" [Server/p3/lzw.cpp:133->Server/p3/lzw.cpp:269->Server/p3/lzw.cpp:246]   --->   Operation 123 'readreq' 'empty' <Predicate = true> <Delay = 7.30> <CoreInst = "m_axi">   --->   Core 121 'm_axi' <Latency = 6> <II = 1> <Delay = 1.00> <Adapter> <Opcode : 'read' 'write' 'readreq' 'writereq' 'writeresp'>

State 37 <SV = 36> <Delay = 7.30>
ST_37 : Operation 124 [35/70] (7.30ns)   --->   "%empty = readreq i1 @_ssdm_op_ReadReq.m_axi.p1i8, i8 %aximm1_addr, i32 %gmem_load_loc_read" [Server/p3/lzw.cpp:133->Server/p3/lzw.cpp:269->Server/p3/lzw.cpp:246]   --->   Operation 124 'readreq' 'empty' <Predicate = true> <Delay = 7.30> <CoreInst = "m_axi">   --->   Core 121 'm_axi' <Latency = 6> <II = 1> <Delay = 1.00> <Adapter> <Opcode : 'read' 'write' 'readreq' 'writereq' 'writeresp'>

State 38 <SV = 37> <Delay = 7.30>
ST_38 : Operation 125 [34/70] (7.30ns)   --->   "%empty = readreq i1 @_ssdm_op_ReadReq.m_axi.p1i8, i8 %aximm1_addr, i32 %gmem_load_loc_read" [Server/p3/lzw.cpp:133->Server/p3/lzw.cpp:269->Server/p3/lzw.cpp:246]   --->   Operation 125 'readreq' 'empty' <Predicate = true> <Delay = 7.30> <CoreInst = "m_axi">   --->   Core 121 'm_axi' <Latency = 6> <II = 1> <Delay = 1.00> <Adapter> <Opcode : 'read' 'write' 'readreq' 'writereq' 'writeresp'>

State 39 <SV = 38> <Delay = 7.30>
ST_39 : Operation 126 [33/70] (7.30ns)   --->   "%empty = readreq i1 @_ssdm_op_ReadReq.m_axi.p1i8, i8 %aximm1_addr, i32 %gmem_load_loc_read" [Server/p3/lzw.cpp:133->Server/p3/lzw.cpp:269->Server/p3/lzw.cpp:246]   --->   Operation 126 'readreq' 'empty' <Predicate = true> <Delay = 7.30> <CoreInst = "m_axi">   --->   Core 121 'm_axi' <Latency = 6> <II = 1> <Delay = 1.00> <Adapter> <Opcode : 'read' 'write' 'readreq' 'writereq' 'writeresp'>

State 40 <SV = 39> <Delay = 7.30>
ST_40 : Operation 127 [32/70] (7.30ns)   --->   "%empty = readreq i1 @_ssdm_op_ReadReq.m_axi.p1i8, i8 %aximm1_addr, i32 %gmem_load_loc_read" [Server/p3/lzw.cpp:133->Server/p3/lzw.cpp:269->Server/p3/lzw.cpp:246]   --->   Operation 127 'readreq' 'empty' <Predicate = true> <Delay = 7.30> <CoreInst = "m_axi">   --->   Core 121 'm_axi' <Latency = 6> <II = 1> <Delay = 1.00> <Adapter> <Opcode : 'read' 'write' 'readreq' 'writereq' 'writeresp'>

State 41 <SV = 40> <Delay = 7.30>
ST_41 : Operation 128 [31/70] (7.30ns)   --->   "%empty = readreq i1 @_ssdm_op_ReadReq.m_axi.p1i8, i8 %aximm1_addr, i32 %gmem_load_loc_read" [Server/p3/lzw.cpp:133->Server/p3/lzw.cpp:269->Server/p3/lzw.cpp:246]   --->   Operation 128 'readreq' 'empty' <Predicate = true> <Delay = 7.30> <CoreInst = "m_axi">   --->   Core 121 'm_axi' <Latency = 6> <II = 1> <Delay = 1.00> <Adapter> <Opcode : 'read' 'write' 'readreq' 'writereq' 'writeresp'>

State 42 <SV = 41> <Delay = 7.30>
ST_42 : Operation 129 [30/70] (7.30ns)   --->   "%empty = readreq i1 @_ssdm_op_ReadReq.m_axi.p1i8, i8 %aximm1_addr, i32 %gmem_load_loc_read" [Server/p3/lzw.cpp:133->Server/p3/lzw.cpp:269->Server/p3/lzw.cpp:246]   --->   Operation 129 'readreq' 'empty' <Predicate = true> <Delay = 7.30> <CoreInst = "m_axi">   --->   Core 121 'm_axi' <Latency = 6> <II = 1> <Delay = 1.00> <Adapter> <Opcode : 'read' 'write' 'readreq' 'writereq' 'writeresp'>

State 43 <SV = 42> <Delay = 7.30>
ST_43 : Operation 130 [29/70] (7.30ns)   --->   "%empty = readreq i1 @_ssdm_op_ReadReq.m_axi.p1i8, i8 %aximm1_addr, i32 %gmem_load_loc_read" [Server/p3/lzw.cpp:133->Server/p3/lzw.cpp:269->Server/p3/lzw.cpp:246]   --->   Operation 130 'readreq' 'empty' <Predicate = true> <Delay = 7.30> <CoreInst = "m_axi">   --->   Core 121 'm_axi' <Latency = 6> <II = 1> <Delay = 1.00> <Adapter> <Opcode : 'read' 'write' 'readreq' 'writereq' 'writeresp'>

State 44 <SV = 43> <Delay = 7.30>
ST_44 : Operation 131 [28/70] (7.30ns)   --->   "%empty = readreq i1 @_ssdm_op_ReadReq.m_axi.p1i8, i8 %aximm1_addr, i32 %gmem_load_loc_read" [Server/p3/lzw.cpp:133->Server/p3/lzw.cpp:269->Server/p3/lzw.cpp:246]   --->   Operation 131 'readreq' 'empty' <Predicate = true> <Delay = 7.30> <CoreInst = "m_axi">   --->   Core 121 'm_axi' <Latency = 6> <II = 1> <Delay = 1.00> <Adapter> <Opcode : 'read' 'write' 'readreq' 'writereq' 'writeresp'>

State 45 <SV = 44> <Delay = 7.30>
ST_45 : Operation 132 [27/70] (7.30ns)   --->   "%empty = readreq i1 @_ssdm_op_ReadReq.m_axi.p1i8, i8 %aximm1_addr, i32 %gmem_load_loc_read" [Server/p3/lzw.cpp:133->Server/p3/lzw.cpp:269->Server/p3/lzw.cpp:246]   --->   Operation 132 'readreq' 'empty' <Predicate = true> <Delay = 7.30> <CoreInst = "m_axi">   --->   Core 121 'm_axi' <Latency = 6> <II = 1> <Delay = 1.00> <Adapter> <Opcode : 'read' 'write' 'readreq' 'writereq' 'writeresp'>

State 46 <SV = 45> <Delay = 7.30>
ST_46 : Operation 133 [26/70] (7.30ns)   --->   "%empty = readreq i1 @_ssdm_op_ReadReq.m_axi.p1i8, i8 %aximm1_addr, i32 %gmem_load_loc_read" [Server/p3/lzw.cpp:133->Server/p3/lzw.cpp:269->Server/p3/lzw.cpp:246]   --->   Operation 133 'readreq' 'empty' <Predicate = true> <Delay = 7.30> <CoreInst = "m_axi">   --->   Core 121 'm_axi' <Latency = 6> <II = 1> <Delay = 1.00> <Adapter> <Opcode : 'read' 'write' 'readreq' 'writereq' 'writeresp'>

State 47 <SV = 46> <Delay = 7.30>
ST_47 : Operation 134 [25/70] (7.30ns)   --->   "%empty = readreq i1 @_ssdm_op_ReadReq.m_axi.p1i8, i8 %aximm1_addr, i32 %gmem_load_loc_read" [Server/p3/lzw.cpp:133->Server/p3/lzw.cpp:269->Server/p3/lzw.cpp:246]   --->   Operation 134 'readreq' 'empty' <Predicate = true> <Delay = 7.30> <CoreInst = "m_axi">   --->   Core 121 'm_axi' <Latency = 6> <II = 1> <Delay = 1.00> <Adapter> <Opcode : 'read' 'write' 'readreq' 'writereq' 'writeresp'>

State 48 <SV = 47> <Delay = 7.30>
ST_48 : Operation 135 [24/70] (7.30ns)   --->   "%empty = readreq i1 @_ssdm_op_ReadReq.m_axi.p1i8, i8 %aximm1_addr, i32 %gmem_load_loc_read" [Server/p3/lzw.cpp:133->Server/p3/lzw.cpp:269->Server/p3/lzw.cpp:246]   --->   Operation 135 'readreq' 'empty' <Predicate = true> <Delay = 7.30> <CoreInst = "m_axi">   --->   Core 121 'm_axi' <Latency = 6> <II = 1> <Delay = 1.00> <Adapter> <Opcode : 'read' 'write' 'readreq' 'writereq' 'writeresp'>

State 49 <SV = 48> <Delay = 7.30>
ST_49 : Operation 136 [23/70] (7.30ns)   --->   "%empty = readreq i1 @_ssdm_op_ReadReq.m_axi.p1i8, i8 %aximm1_addr, i32 %gmem_load_loc_read" [Server/p3/lzw.cpp:133->Server/p3/lzw.cpp:269->Server/p3/lzw.cpp:246]   --->   Operation 136 'readreq' 'empty' <Predicate = true> <Delay = 7.30> <CoreInst = "m_axi">   --->   Core 121 'm_axi' <Latency = 6> <II = 1> <Delay = 1.00> <Adapter> <Opcode : 'read' 'write' 'readreq' 'writereq' 'writeresp'>

State 50 <SV = 49> <Delay = 7.30>
ST_50 : Operation 137 [22/70] (7.30ns)   --->   "%empty = readreq i1 @_ssdm_op_ReadReq.m_axi.p1i8, i8 %aximm1_addr, i32 %gmem_load_loc_read" [Server/p3/lzw.cpp:133->Server/p3/lzw.cpp:269->Server/p3/lzw.cpp:246]   --->   Operation 137 'readreq' 'empty' <Predicate = true> <Delay = 7.30> <CoreInst = "m_axi">   --->   Core 121 'm_axi' <Latency = 6> <II = 1> <Delay = 1.00> <Adapter> <Opcode : 'read' 'write' 'readreq' 'writereq' 'writeresp'>

State 51 <SV = 50> <Delay = 7.30>
ST_51 : Operation 138 [21/70] (7.30ns)   --->   "%empty = readreq i1 @_ssdm_op_ReadReq.m_axi.p1i8, i8 %aximm1_addr, i32 %gmem_load_loc_read" [Server/p3/lzw.cpp:133->Server/p3/lzw.cpp:269->Server/p3/lzw.cpp:246]   --->   Operation 138 'readreq' 'empty' <Predicate = true> <Delay = 7.30> <CoreInst = "m_axi">   --->   Core 121 'm_axi' <Latency = 6> <II = 1> <Delay = 1.00> <Adapter> <Opcode : 'read' 'write' 'readreq' 'writereq' 'writeresp'>

State 52 <SV = 51> <Delay = 7.30>
ST_52 : Operation 139 [20/70] (7.30ns)   --->   "%empty = readreq i1 @_ssdm_op_ReadReq.m_axi.p1i8, i8 %aximm1_addr, i32 %gmem_load_loc_read" [Server/p3/lzw.cpp:133->Server/p3/lzw.cpp:269->Server/p3/lzw.cpp:246]   --->   Operation 139 'readreq' 'empty' <Predicate = true> <Delay = 7.30> <CoreInst = "m_axi">   --->   Core 121 'm_axi' <Latency = 6> <II = 1> <Delay = 1.00> <Adapter> <Opcode : 'read' 'write' 'readreq' 'writereq' 'writeresp'>

State 53 <SV = 52> <Delay = 7.30>
ST_53 : Operation 140 [19/70] (7.30ns)   --->   "%empty = readreq i1 @_ssdm_op_ReadReq.m_axi.p1i8, i8 %aximm1_addr, i32 %gmem_load_loc_read" [Server/p3/lzw.cpp:133->Server/p3/lzw.cpp:269->Server/p3/lzw.cpp:246]   --->   Operation 140 'readreq' 'empty' <Predicate = true> <Delay = 7.30> <CoreInst = "m_axi">   --->   Core 121 'm_axi' <Latency = 6> <II = 1> <Delay = 1.00> <Adapter> <Opcode : 'read' 'write' 'readreq' 'writereq' 'writeresp'>

State 54 <SV = 53> <Delay = 7.30>
ST_54 : Operation 141 [18/70] (7.30ns)   --->   "%empty = readreq i1 @_ssdm_op_ReadReq.m_axi.p1i8, i8 %aximm1_addr, i32 %gmem_load_loc_read" [Server/p3/lzw.cpp:133->Server/p3/lzw.cpp:269->Server/p3/lzw.cpp:246]   --->   Operation 141 'readreq' 'empty' <Predicate = true> <Delay = 7.30> <CoreInst = "m_axi">   --->   Core 121 'm_axi' <Latency = 6> <II = 1> <Delay = 1.00> <Adapter> <Opcode : 'read' 'write' 'readreq' 'writereq' 'writeresp'>

State 55 <SV = 54> <Delay = 7.30>
ST_55 : Operation 142 [17/70] (7.30ns)   --->   "%empty = readreq i1 @_ssdm_op_ReadReq.m_axi.p1i8, i8 %aximm1_addr, i32 %gmem_load_loc_read" [Server/p3/lzw.cpp:133->Server/p3/lzw.cpp:269->Server/p3/lzw.cpp:246]   --->   Operation 142 'readreq' 'empty' <Predicate = true> <Delay = 7.30> <CoreInst = "m_axi">   --->   Core 121 'm_axi' <Latency = 6> <II = 1> <Delay = 1.00> <Adapter> <Opcode : 'read' 'write' 'readreq' 'writereq' 'writeresp'>

State 56 <SV = 55> <Delay = 7.30>
ST_56 : Operation 143 [16/70] (7.30ns)   --->   "%empty = readreq i1 @_ssdm_op_ReadReq.m_axi.p1i8, i8 %aximm1_addr, i32 %gmem_load_loc_read" [Server/p3/lzw.cpp:133->Server/p3/lzw.cpp:269->Server/p3/lzw.cpp:246]   --->   Operation 143 'readreq' 'empty' <Predicate = true> <Delay = 7.30> <CoreInst = "m_axi">   --->   Core 121 'm_axi' <Latency = 6> <II = 1> <Delay = 1.00> <Adapter> <Opcode : 'read' 'write' 'readreq' 'writereq' 'writeresp'>

State 57 <SV = 56> <Delay = 7.30>
ST_57 : Operation 144 [15/70] (7.30ns)   --->   "%empty = readreq i1 @_ssdm_op_ReadReq.m_axi.p1i8, i8 %aximm1_addr, i32 %gmem_load_loc_read" [Server/p3/lzw.cpp:133->Server/p3/lzw.cpp:269->Server/p3/lzw.cpp:246]   --->   Operation 144 'readreq' 'empty' <Predicate = true> <Delay = 7.30> <CoreInst = "m_axi">   --->   Core 121 'm_axi' <Latency = 6> <II = 1> <Delay = 1.00> <Adapter> <Opcode : 'read' 'write' 'readreq' 'writereq' 'writeresp'>

State 58 <SV = 57> <Delay = 7.30>
ST_58 : Operation 145 [14/70] (7.30ns)   --->   "%empty = readreq i1 @_ssdm_op_ReadReq.m_axi.p1i8, i8 %aximm1_addr, i32 %gmem_load_loc_read" [Server/p3/lzw.cpp:133->Server/p3/lzw.cpp:269->Server/p3/lzw.cpp:246]   --->   Operation 145 'readreq' 'empty' <Predicate = true> <Delay = 7.30> <CoreInst = "m_axi">   --->   Core 121 'm_axi' <Latency = 6> <II = 1> <Delay = 1.00> <Adapter> <Opcode : 'read' 'write' 'readreq' 'writereq' 'writeresp'>

State 59 <SV = 58> <Delay = 7.30>
ST_59 : Operation 146 [13/70] (7.30ns)   --->   "%empty = readreq i1 @_ssdm_op_ReadReq.m_axi.p1i8, i8 %aximm1_addr, i32 %gmem_load_loc_read" [Server/p3/lzw.cpp:133->Server/p3/lzw.cpp:269->Server/p3/lzw.cpp:246]   --->   Operation 146 'readreq' 'empty' <Predicate = true> <Delay = 7.30> <CoreInst = "m_axi">   --->   Core 121 'm_axi' <Latency = 6> <II = 1> <Delay = 1.00> <Adapter> <Opcode : 'read' 'write' 'readreq' 'writereq' 'writeresp'>

State 60 <SV = 59> <Delay = 7.30>
ST_60 : Operation 147 [12/70] (7.30ns)   --->   "%empty = readreq i1 @_ssdm_op_ReadReq.m_axi.p1i8, i8 %aximm1_addr, i32 %gmem_load_loc_read" [Server/p3/lzw.cpp:133->Server/p3/lzw.cpp:269->Server/p3/lzw.cpp:246]   --->   Operation 147 'readreq' 'empty' <Predicate = true> <Delay = 7.30> <CoreInst = "m_axi">   --->   Core 121 'm_axi' <Latency = 6> <II = 1> <Delay = 1.00> <Adapter> <Opcode : 'read' 'write' 'readreq' 'writereq' 'writeresp'>

State 61 <SV = 60> <Delay = 7.30>
ST_61 : Operation 148 [11/70] (7.30ns)   --->   "%empty = readreq i1 @_ssdm_op_ReadReq.m_axi.p1i8, i8 %aximm1_addr, i32 %gmem_load_loc_read" [Server/p3/lzw.cpp:133->Server/p3/lzw.cpp:269->Server/p3/lzw.cpp:246]   --->   Operation 148 'readreq' 'empty' <Predicate = true> <Delay = 7.30> <CoreInst = "m_axi">   --->   Core 121 'm_axi' <Latency = 6> <II = 1> <Delay = 1.00> <Adapter> <Opcode : 'read' 'write' 'readreq' 'writereq' 'writeresp'>

State 62 <SV = 61> <Delay = 7.30>
ST_62 : Operation 149 [10/70] (7.30ns)   --->   "%empty = readreq i1 @_ssdm_op_ReadReq.m_axi.p1i8, i8 %aximm1_addr, i32 %gmem_load_loc_read" [Server/p3/lzw.cpp:133->Server/p3/lzw.cpp:269->Server/p3/lzw.cpp:246]   --->   Operation 149 'readreq' 'empty' <Predicate = true> <Delay = 7.30> <CoreInst = "m_axi">   --->   Core 121 'm_axi' <Latency = 6> <II = 1> <Delay = 1.00> <Adapter> <Opcode : 'read' 'write' 'readreq' 'writereq' 'writeresp'>

State 63 <SV = 62> <Delay = 7.30>
ST_63 : Operation 150 [9/70] (7.30ns)   --->   "%empty = readreq i1 @_ssdm_op_ReadReq.m_axi.p1i8, i8 %aximm1_addr, i32 %gmem_load_loc_read" [Server/p3/lzw.cpp:133->Server/p3/lzw.cpp:269->Server/p3/lzw.cpp:246]   --->   Operation 150 'readreq' 'empty' <Predicate = true> <Delay = 7.30> <CoreInst = "m_axi">   --->   Core 121 'm_axi' <Latency = 6> <II = 1> <Delay = 1.00> <Adapter> <Opcode : 'read' 'write' 'readreq' 'writereq' 'writeresp'>

State 64 <SV = 63> <Delay = 7.30>
ST_64 : Operation 151 [8/70] (7.30ns)   --->   "%empty = readreq i1 @_ssdm_op_ReadReq.m_axi.p1i8, i8 %aximm1_addr, i32 %gmem_load_loc_read" [Server/p3/lzw.cpp:133->Server/p3/lzw.cpp:269->Server/p3/lzw.cpp:246]   --->   Operation 151 'readreq' 'empty' <Predicate = true> <Delay = 7.30> <CoreInst = "m_axi">   --->   Core 121 'm_axi' <Latency = 6> <II = 1> <Delay = 1.00> <Adapter> <Opcode : 'read' 'write' 'readreq' 'writereq' 'writeresp'>

State 65 <SV = 64> <Delay = 7.30>
ST_65 : Operation 152 [7/70] (7.30ns)   --->   "%empty = readreq i1 @_ssdm_op_ReadReq.m_axi.p1i8, i8 %aximm1_addr, i32 %gmem_load_loc_read" [Server/p3/lzw.cpp:133->Server/p3/lzw.cpp:269->Server/p3/lzw.cpp:246]   --->   Operation 152 'readreq' 'empty' <Predicate = true> <Delay = 7.30> <CoreInst = "m_axi">   --->   Core 121 'm_axi' <Latency = 6> <II = 1> <Delay = 1.00> <Adapter> <Opcode : 'read' 'write' 'readreq' 'writereq' 'writeresp'>

State 66 <SV = 65> <Delay = 7.30>
ST_66 : Operation 153 [6/70] (7.30ns)   --->   "%empty = readreq i1 @_ssdm_op_ReadReq.m_axi.p1i8, i8 %aximm1_addr, i32 %gmem_load_loc_read" [Server/p3/lzw.cpp:133->Server/p3/lzw.cpp:269->Server/p3/lzw.cpp:246]   --->   Operation 153 'readreq' 'empty' <Predicate = true> <Delay = 7.30> <CoreInst = "m_axi">   --->   Core 121 'm_axi' <Latency = 6> <II = 1> <Delay = 1.00> <Adapter> <Opcode : 'read' 'write' 'readreq' 'writereq' 'writeresp'>

State 67 <SV = 66> <Delay = 7.30>
ST_67 : Operation 154 [5/70] (7.30ns)   --->   "%empty = readreq i1 @_ssdm_op_ReadReq.m_axi.p1i8, i8 %aximm1_addr, i32 %gmem_load_loc_read" [Server/p3/lzw.cpp:133->Server/p3/lzw.cpp:269->Server/p3/lzw.cpp:246]   --->   Operation 154 'readreq' 'empty' <Predicate = true> <Delay = 7.30> <CoreInst = "m_axi">   --->   Core 121 'm_axi' <Latency = 6> <II = 1> <Delay = 1.00> <Adapter> <Opcode : 'read' 'write' 'readreq' 'writereq' 'writeresp'>

State 68 <SV = 67> <Delay = 7.30>
ST_68 : Operation 155 [4/70] (7.30ns)   --->   "%empty = readreq i1 @_ssdm_op_ReadReq.m_axi.p1i8, i8 %aximm1_addr, i32 %gmem_load_loc_read" [Server/p3/lzw.cpp:133->Server/p3/lzw.cpp:269->Server/p3/lzw.cpp:246]   --->   Operation 155 'readreq' 'empty' <Predicate = true> <Delay = 7.30> <CoreInst = "m_axi">   --->   Core 121 'm_axi' <Latency = 6> <II = 1> <Delay = 1.00> <Adapter> <Opcode : 'read' 'write' 'readreq' 'writereq' 'writeresp'>

State 69 <SV = 68> <Delay = 7.30>
ST_69 : Operation 156 [3/70] (7.30ns)   --->   "%empty = readreq i1 @_ssdm_op_ReadReq.m_axi.p1i8, i8 %aximm1_addr, i32 %gmem_load_loc_read" [Server/p3/lzw.cpp:133->Server/p3/lzw.cpp:269->Server/p3/lzw.cpp:246]   --->   Operation 156 'readreq' 'empty' <Predicate = true> <Delay = 7.30> <CoreInst = "m_axi">   --->   Core 121 'm_axi' <Latency = 6> <II = 1> <Delay = 1.00> <Adapter> <Opcode : 'read' 'write' 'readreq' 'writereq' 'writeresp'>

State 70 <SV = 69> <Delay = 7.30>
ST_70 : Operation 157 [2/70] (7.30ns)   --->   "%empty = readreq i1 @_ssdm_op_ReadReq.m_axi.p1i8, i8 %aximm1_addr, i32 %gmem_load_loc_read" [Server/p3/lzw.cpp:133->Server/p3/lzw.cpp:269->Server/p3/lzw.cpp:246]   --->   Operation 157 'readreq' 'empty' <Predicate = true> <Delay = 7.30> <CoreInst = "m_axi">   --->   Core 121 'm_axi' <Latency = 6> <II = 1> <Delay = 1.00> <Adapter> <Opcode : 'read' 'write' 'readreq' 'writereq' 'writeresp'>

State 71 <SV = 70> <Delay = 7.30>
ST_71 : Operation 158 [1/70] (7.30ns)   --->   "%empty = readreq i1 @_ssdm_op_ReadReq.m_axi.p1i8, i8 %aximm1_addr, i32 %gmem_load_loc_read" [Server/p3/lzw.cpp:133->Server/p3/lzw.cpp:269->Server/p3/lzw.cpp:246]   --->   Operation 158 'readreq' 'empty' <Predicate = true> <Delay = 7.30> <CoreInst = "m_axi">   --->   Core 121 'm_axi' <Latency = 6> <II = 1> <Delay = 1.00> <Adapter> <Opcode : 'read' 'write' 'readreq' 'writereq' 'writeresp'>
ST_71 : Operation 159 [1/1] (0.48ns)   --->   "%br_ln133 = br void" [Server/p3/lzw.cpp:133->Server/p3/lzw.cpp:269->Server/p3/lzw.cpp:246]   --->   Operation 159 'br' 'br_ln133' <Predicate = true> <Delay = 0.48>

State 72 <SV = 71> <Delay = 1.20>
ST_72 : Operation 160 [1/1] (0.00ns)   --->   "%i = phi i32 %add_ln133, void %.split.i.i, i32 0, void %.lr.ph.i.i" [Server/p3/lzw.cpp:133->Server/p3/lzw.cpp:269->Server/p3/lzw.cpp:246]   --->   Operation 160 'phi' 'i' <Predicate = true> <Delay = 0.00>
ST_72 : Operation 161 [1/1] (1.20ns)   --->   "%add_ln133 = add i32 %i, i32 1" [Server/p3/lzw.cpp:133->Server/p3/lzw.cpp:269->Server/p3/lzw.cpp:246]   --->   Operation 161 'add' 'add_ln133' <Predicate = true> <Delay = 1.20> <CoreInst = "Adder">   --->   Core 1 'Adder' <Latency = 0> <II = 1> <Delay = 1.20> <FuncUnit> <Opcode : 'add' 'sub'> <InPorts = 2> <OutPorts = 1>
ST_72 : Operation 162 [1/1] (1.11ns)   --->   "%icmp_ln133_1 = icmp_eq  i32 %i, i32 %gmem_load_loc_read" [Server/p3/lzw.cpp:133->Server/p3/lzw.cpp:269->Server/p3/lzw.cpp:246]   --->   Operation 162 'icmp' 'icmp_ln133_1' <Predicate = true> <Delay = 1.11> <CoreInst = "Cmp">   --->   Core 9 'Cmp' <Latency = 0> <II = 1> <Delay = 1.11> <FuncUnit> <Opcode : 'icmp'> <InPorts = 2> <OutPorts = 1>
ST_72 : Operation 163 [1/1] (0.00ns)   --->   "%br_ln133 = br i1 %icmp_ln133_1, void %.split.i.i, void %.exit.loopexit" [Server/p3/lzw.cpp:133->Server/p3/lzw.cpp:269->Server/p3/lzw.cpp:246]   --->   Operation 163 'br' 'br_ln133' <Predicate = true> <Delay = 0.00>

State 73 <SV = 72> <Delay = 7.30>
ST_73 : Operation 164 [1/1] (7.30ns)   --->   "%aximm1_addr_read = read i8 @_ssdm_op_Read.m_axi.p1i8, i8 %aximm1_addr" [Server/p3/lzw.cpp:135->Server/p3/lzw.cpp:269->Server/p3/lzw.cpp:246]   --->   Operation 164 'read' 'aximm1_addr_read' <Predicate = (!icmp_ln133_1)> <Delay = 7.30> <CoreInst = "m_axi">   --->   Core 121 'm_axi' <Latency = 6> <II = 1> <Delay = 1.00> <Adapter> <Opcode : 'read' 'write' 'readreq' 'writereq' 'writeresp'>

State 74 <SV = 73> <Delay = 1.94>
ST_74 : Operation 165 [1/1] (0.00ns)   --->   "%specpipeline_ln133 = specpipeline void @_ssdm_op_SpecPipeline, i32 1, i32 0, i32 0, i32 0, void @empty_19" [Server/p3/lzw.cpp:133->Server/p3/lzw.cpp:269->Server/p3/lzw.cpp:246]   --->   Operation 165 'specpipeline' 'specpipeline_ln133' <Predicate = (!icmp_ln133_1)> <Delay = 0.00>
ST_74 : Operation 166 [1/1] (0.00ns)   --->   "%specloopname_ln133 = specloopname void @_ssdm_op_SpecLoopName, void @empty_6" [Server/p3/lzw.cpp:133->Server/p3/lzw.cpp:269->Server/p3/lzw.cpp:246]   --->   Operation 166 'specloopname' 'specloopname_ln133' <Predicate = (!icmp_ln133_1)> <Delay = 0.00>
ST_74 : Operation 167 [1/1] (1.94ns)   --->   "%write_ln174 = write void @_ssdm_op_Write.ap_fifo.volatile.i8P0A, i8 %inStream, i8 %aximm1_addr_read" [/mnt/pollux/software/xilinx/2020.2/Vitis_HLS/2020.2/common/technology/autopilot/hls_stream_39.h:174->Server/p3/lzw.cpp:246]   --->   Operation 167 'write' 'write_ln174' <Predicate = (!icmp_ln133_1)> <Delay = 1.94> <CoreInst = "FIFO">   --->   Core 78 'FIFO' <Latency = 0> <II = 1> <Delay = 1.94> <Storage> <Opcode : 'read' 'write' 'nbread' 'nbwrite'> <Ports = 0> <Width = 8> <Depth = 1024> <FIFO>
ST_74 : Operation 168 [1/1] (0.00ns)   --->   "%br_ln0 = br void"   --->   Operation 168 'br' 'br_ln0' <Predicate = (!icmp_ln133_1)> <Delay = 0.00>

State 75 <SV = 72> <Delay = 0.00>
ST_75 : Operation 169 [1/1] (0.00ns)   --->   "%br_ln0 = br void %.exit"   --->   Operation 169 'br' 'br_ln0' <Predicate = (!icmp_ln133)> <Delay = 0.00>
ST_75 : Operation 170 [1/1] (0.00ns)   --->   "%ret_ln246 = ret" [Server/p3/lzw.cpp:246]   --->   Operation 170 'ret' 'ret_ln246' <Predicate = true> <Delay = 0.00>


============================================================
+ Verbose Summary: Timing violations
============================================================
Target clock period: 10ns, clock uncertainty: 2.7ns.

 <State 1>: 4.33ns
The critical path consists of the following:
	fifo read on port 'gmem_load_loc' [11]  (2.17 ns)
	fifo write on port 'gmem_load_loc_out' (Server/p3/lzw.cpp:246) [13]  (2.17 ns)

 <State 2>: 7.3ns
The critical path consists of the following:
	bus request on port 'aximm1' (Server/p3/lzw.cpp:133->Server/p3/lzw.cpp:269->Server/p3/lzw.cpp:246) [20]  (7.3 ns)

 <State 3>: 7.3ns
The critical path consists of the following:
	bus request on port 'aximm1' (Server/p3/lzw.cpp:133->Server/p3/lzw.cpp:269->Server/p3/lzw.cpp:246) [20]  (7.3 ns)

 <State 4>: 7.3ns
The critical path consists of the following:
	bus request on port 'aximm1' (Server/p3/lzw.cpp:133->Server/p3/lzw.cpp:269->Server/p3/lzw.cpp:246) [20]  (7.3 ns)

 <State 5>: 7.3ns
The critical path consists of the following:
	bus request on port 'aximm1' (Server/p3/lzw.cpp:133->Server/p3/lzw.cpp:269->Server/p3/lzw.cpp:246) [20]  (7.3 ns)

 <State 6>: 7.3ns
The critical path consists of the following:
	bus request on port 'aximm1' (Server/p3/lzw.cpp:133->Server/p3/lzw.cpp:269->Server/p3/lzw.cpp:246) [20]  (7.3 ns)

 <State 7>: 7.3ns
The critical path consists of the following:
	bus request on port 'aximm1' (Server/p3/lzw.cpp:133->Server/p3/lzw.cpp:269->Server/p3/lzw.cpp:246) [20]  (7.3 ns)

 <State 8>: 7.3ns
The critical path consists of the following:
	bus request on port 'aximm1' (Server/p3/lzw.cpp:133->Server/p3/lzw.cpp:269->Server/p3/lzw.cpp:246) [20]  (7.3 ns)

 <State 9>: 7.3ns
The critical path consists of the following:
	bus request on port 'aximm1' (Server/p3/lzw.cpp:133->Server/p3/lzw.cpp:269->Server/p3/lzw.cpp:246) [20]  (7.3 ns)

 <State 10>: 7.3ns
The critical path consists of the following:
	bus request on port 'aximm1' (Server/p3/lzw.cpp:133->Server/p3/lzw.cpp:269->Server/p3/lzw.cpp:246) [20]  (7.3 ns)

 <State 11>: 7.3ns
The critical path consists of the following:
	bus request on port 'aximm1' (Server/p3/lzw.cpp:133->Server/p3/lzw.cpp:269->Server/p3/lzw.cpp:246) [20]  (7.3 ns)

 <State 12>: 7.3ns
The critical path consists of the following:
	bus request on port 'aximm1' (Server/p3/lzw.cpp:133->Server/p3/lzw.cpp:269->Server/p3/lzw.cpp:246) [20]  (7.3 ns)

 <State 13>: 7.3ns
The critical path consists of the following:
	bus request on port 'aximm1' (Server/p3/lzw.cpp:133->Server/p3/lzw.cpp:269->Server/p3/lzw.cpp:246) [20]  (7.3 ns)

 <State 14>: 7.3ns
The critical path consists of the following:
	bus request on port 'aximm1' (Server/p3/lzw.cpp:133->Server/p3/lzw.cpp:269->Server/p3/lzw.cpp:246) [20]  (7.3 ns)

 <State 15>: 7.3ns
The critical path consists of the following:
	bus request on port 'aximm1' (Server/p3/lzw.cpp:133->Server/p3/lzw.cpp:269->Server/p3/lzw.cpp:246) [20]  (7.3 ns)

 <State 16>: 7.3ns
The critical path consists of the following:
	bus request on port 'aximm1' (Server/p3/lzw.cpp:133->Server/p3/lzw.cpp:269->Server/p3/lzw.cpp:246) [20]  (7.3 ns)

 <State 17>: 7.3ns
The critical path consists of the following:
	bus request on port 'aximm1' (Server/p3/lzw.cpp:133->Server/p3/lzw.cpp:269->Server/p3/lzw.cpp:246) [20]  (7.3 ns)

 <State 18>: 7.3ns
The critical path consists of the following:
	bus request on port 'aximm1' (Server/p3/lzw.cpp:133->Server/p3/lzw.cpp:269->Server/p3/lzw.cpp:246) [20]  (7.3 ns)

 <State 19>: 7.3ns
The critical path consists of the following:
	bus request on port 'aximm1' (Server/p3/lzw.cpp:133->Server/p3/lzw.cpp:269->Server/p3/lzw.cpp:246) [20]  (7.3 ns)

 <State 20>: 7.3ns
The critical path consists of the following:
	bus request on port 'aximm1' (Server/p3/lzw.cpp:133->Server/p3/lzw.cpp:269->Server/p3/lzw.cpp:246) [20]  (7.3 ns)

 <State 21>: 7.3ns
The critical path consists of the following:
	bus request on port 'aximm1' (Server/p3/lzw.cpp:133->Server/p3/lzw.cpp:269->Server/p3/lzw.cpp:246) [20]  (7.3 ns)

 <State 22>: 7.3ns
The critical path consists of the following:
	bus request on port 'aximm1' (Server/p3/lzw.cpp:133->Server/p3/lzw.cpp:269->Server/p3/lzw.cpp:246) [20]  (7.3 ns)

 <State 23>: 7.3ns
The critical path consists of the following:
	bus request on port 'aximm1' (Server/p3/lzw.cpp:133->Server/p3/lzw.cpp:269->Server/p3/lzw.cpp:246) [20]  (7.3 ns)

 <State 24>: 7.3ns
The critical path consists of the following:
	bus request on port 'aximm1' (Server/p3/lzw.cpp:133->Server/p3/lzw.cpp:269->Server/p3/lzw.cpp:246) [20]  (7.3 ns)

 <State 25>: 7.3ns
The critical path consists of the following:
	bus request on port 'aximm1' (Server/p3/lzw.cpp:133->Server/p3/lzw.cpp:269->Server/p3/lzw.cpp:246) [20]  (7.3 ns)

 <State 26>: 7.3ns
The critical path consists of the following:
	bus request on port 'aximm1' (Server/p3/lzw.cpp:133->Server/p3/lzw.cpp:269->Server/p3/lzw.cpp:246) [20]  (7.3 ns)

 <State 27>: 7.3ns
The critical path consists of the following:
	bus request on port 'aximm1' (Server/p3/lzw.cpp:133->Server/p3/lzw.cpp:269->Server/p3/lzw.cpp:246) [20]  (7.3 ns)

 <State 28>: 7.3ns
The critical path consists of the following:
	bus request on port 'aximm1' (Server/p3/lzw.cpp:133->Server/p3/lzw.cpp:269->Server/p3/lzw.cpp:246) [20]  (7.3 ns)

 <State 29>: 7.3ns
The critical path consists of the following:
	bus request on port 'aximm1' (Server/p3/lzw.cpp:133->Server/p3/lzw.cpp:269->Server/p3/lzw.cpp:246) [20]  (7.3 ns)

 <State 30>: 7.3ns
The critical path consists of the following:
	bus request on port 'aximm1' (Server/p3/lzw.cpp:133->Server/p3/lzw.cpp:269->Server/p3/lzw.cpp:246) [20]  (7.3 ns)

 <State 31>: 7.3ns
The critical path consists of the following:
	bus request on port 'aximm1' (Server/p3/lzw.cpp:133->Server/p3/lzw.cpp:269->Server/p3/lzw.cpp:246) [20]  (7.3 ns)

 <State 32>: 7.3ns
The critical path consists of the following:
	bus request on port 'aximm1' (Server/p3/lzw.cpp:133->Server/p3/lzw.cpp:269->Server/p3/lzw.cpp:246) [20]  (7.3 ns)

 <State 33>: 7.3ns
The critical path consists of the following:
	bus request on port 'aximm1' (Server/p3/lzw.cpp:133->Server/p3/lzw.cpp:269->Server/p3/lzw.cpp:246) [20]  (7.3 ns)

 <State 34>: 7.3ns
The critical path consists of the following:
	bus request on port 'aximm1' (Server/p3/lzw.cpp:133->Server/p3/lzw.cpp:269->Server/p3/lzw.cpp:246) [20]  (7.3 ns)

 <State 35>: 7.3ns
The critical path consists of the following:
	bus request on port 'aximm1' (Server/p3/lzw.cpp:133->Server/p3/lzw.cpp:269->Server/p3/lzw.cpp:246) [20]  (7.3 ns)

 <State 36>: 7.3ns
The critical path consists of the following:
	bus request on port 'aximm1' (Server/p3/lzw.cpp:133->Server/p3/lzw.cpp:269->Server/p3/lzw.cpp:246) [20]  (7.3 ns)

 <State 37>: 7.3ns
The critical path consists of the following:
	bus request on port 'aximm1' (Server/p3/lzw.cpp:133->Server/p3/lzw.cpp:269->Server/p3/lzw.cpp:246) [20]  (7.3 ns)

 <State 38>: 7.3ns
The critical path consists of the following:
	bus request on port 'aximm1' (Server/p3/lzw.cpp:133->Server/p3/lzw.cpp:269->Server/p3/lzw.cpp:246) [20]  (7.3 ns)

 <State 39>: 7.3ns
The critical path consists of the following:
	bus request on port 'aximm1' (Server/p3/lzw.cpp:133->Server/p3/lzw.cpp:269->Server/p3/lzw.cpp:246) [20]  (7.3 ns)

 <State 40>: 7.3ns
The critical path consists of the following:
	bus request on port 'aximm1' (Server/p3/lzw.cpp:133->Server/p3/lzw.cpp:269->Server/p3/lzw.cpp:246) [20]  (7.3 ns)

 <State 41>: 7.3ns
The critical path consists of the following:
	bus request on port 'aximm1' (Server/p3/lzw.cpp:133->Server/p3/lzw.cpp:269->Server/p3/lzw.cpp:246) [20]  (7.3 ns)

 <State 42>: 7.3ns
The critical path consists of the following:
	bus request on port 'aximm1' (Server/p3/lzw.cpp:133->Server/p3/lzw.cpp:269->Server/p3/lzw.cpp:246) [20]  (7.3 ns)

 <State 43>: 7.3ns
The critical path consists of the following:
	bus request on port 'aximm1' (Server/p3/lzw.cpp:133->Server/p3/lzw.cpp:269->Server/p3/lzw.cpp:246) [20]  (7.3 ns)

 <State 44>: 7.3ns
The critical path consists of the following:
	bus request on port 'aximm1' (Server/p3/lzw.cpp:133->Server/p3/lzw.cpp:269->Server/p3/lzw.cpp:246) [20]  (7.3 ns)

 <State 45>: 7.3ns
The critical path consists of the following:
	bus request on port 'aximm1' (Server/p3/lzw.cpp:133->Server/p3/lzw.cpp:269->Server/p3/lzw.cpp:246) [20]  (7.3 ns)

 <State 46>: 7.3ns
The critical path consists of the following:
	bus request on port 'aximm1' (Server/p3/lzw.cpp:133->Server/p3/lzw.cpp:269->Server/p3/lzw.cpp:246) [20]  (7.3 ns)

 <State 47>: 7.3ns
The critical path consists of the following:
	bus request on port 'aximm1' (Server/p3/lzw.cpp:133->Server/p3/lzw.cpp:269->Server/p3/lzw.cpp:246) [20]  (7.3 ns)

 <State 48>: 7.3ns
The critical path consists of the following:
	bus request on port 'aximm1' (Server/p3/lzw.cpp:133->Server/p3/lzw.cpp:269->Server/p3/lzw.cpp:246) [20]  (7.3 ns)

 <State 49>: 7.3ns
The critical path consists of the following:
	bus request on port 'aximm1' (Server/p3/lzw.cpp:133->Server/p3/lzw.cpp:269->Server/p3/lzw.cpp:246) [20]  (7.3 ns)

 <State 50>: 7.3ns
The critical path consists of the following:
	bus request on port 'aximm1' (Server/p3/lzw.cpp:133->Server/p3/lzw.cpp:269->Server/p3/lzw.cpp:246) [20]  (7.3 ns)

 <State 51>: 7.3ns
The critical path consists of the following:
	bus request on port 'aximm1' (Server/p3/lzw.cpp:133->Server/p3/lzw.cpp:269->Server/p3/lzw.cpp:246) [20]  (7.3 ns)

 <State 52>: 7.3ns
The critical path consists of the following:
	bus request on port 'aximm1' (Server/p3/lzw.cpp:133->Server/p3/lzw.cpp:269->Server/p3/lzw.cpp:246) [20]  (7.3 ns)

 <State 53>: 7.3ns
The critical path consists of the following:
	bus request on port 'aximm1' (Server/p3/lzw.cpp:133->Server/p3/lzw.cpp:269->Server/p3/lzw.cpp:246) [20]  (7.3 ns)

 <State 54>: 7.3ns
The critical path consists of the following:
	bus request on port 'aximm1' (Server/p3/lzw.cpp:133->Server/p3/lzw.cpp:269->Server/p3/lzw.cpp:246) [20]  (7.3 ns)

 <State 55>: 7.3ns
The critical path consists of the following:
	bus request on port 'aximm1' (Server/p3/lzw.cpp:133->Server/p3/lzw.cpp:269->Server/p3/lzw.cpp:246) [20]  (7.3 ns)

 <State 56>: 7.3ns
The critical path consists of the following:
	bus request on port 'aximm1' (Server/p3/lzw.cpp:133->Server/p3/lzw.cpp:269->Server/p3/lzw.cpp:246) [20]  (7.3 ns)

 <State 57>: 7.3ns
The critical path consists of the following:
	bus request on port 'aximm1' (Server/p3/lzw.cpp:133->Server/p3/lzw.cpp:269->Server/p3/lzw.cpp:246) [20]  (7.3 ns)

 <State 58>: 7.3ns
The critical path consists of the following:
	bus request on port 'aximm1' (Server/p3/lzw.cpp:133->Server/p3/lzw.cpp:269->Server/p3/lzw.cpp:246) [20]  (7.3 ns)

 <State 59>: 7.3ns
The critical path consists of the following:
	bus request on port 'aximm1' (Server/p3/lzw.cpp:133->Server/p3/lzw.cpp:269->Server/p3/lzw.cpp:246) [20]  (7.3 ns)

 <State 60>: 7.3ns
The critical path consists of the following:
	bus request on port 'aximm1' (Server/p3/lzw.cpp:133->Server/p3/lzw.cpp:269->Server/p3/lzw.cpp:246) [20]  (7.3 ns)

 <State 61>: 7.3ns
The critical path consists of the following:
	bus request on port 'aximm1' (Server/p3/lzw.cpp:133->Server/p3/lzw.cpp:269->Server/p3/lzw.cpp:246) [20]  (7.3 ns)

 <State 62>: 7.3ns
The critical path consists of the following:
	bus request on port 'aximm1' (Server/p3/lzw.cpp:133->Server/p3/lzw.cpp:269->Server/p3/lzw.cpp:246) [20]  (7.3 ns)

 <State 63>: 7.3ns
The critical path consists of the following:
	bus request on port 'aximm1' (Server/p3/lzw.cpp:133->Server/p3/lzw.cpp:269->Server/p3/lzw.cpp:246) [20]  (7.3 ns)

 <State 64>: 7.3ns
The critical path consists of the following:
	bus request on port 'aximm1' (Server/p3/lzw.cpp:133->Server/p3/lzw.cpp:269->Server/p3/lzw.cpp:246) [20]  (7.3 ns)

 <State 65>: 7.3ns
The critical path consists of the following:
	bus request on port 'aximm1' (Server/p3/lzw.cpp:133->Server/p3/lzw.cpp:269->Server/p3/lzw.cpp:246) [20]  (7.3 ns)

 <State 66>: 7.3ns
The critical path consists of the following:
	bus request on port 'aximm1' (Server/p3/lzw.cpp:133->Server/p3/lzw.cpp:269->Server/p3/lzw.cpp:246) [20]  (7.3 ns)

 <State 67>: 7.3ns
The critical path consists of the following:
	bus request on port 'aximm1' (Server/p3/lzw.cpp:133->Server/p3/lzw.cpp:269->Server/p3/lzw.cpp:246) [20]  (7.3 ns)

 <State 68>: 7.3ns
The critical path consists of the following:
	bus request on port 'aximm1' (Server/p3/lzw.cpp:133->Server/p3/lzw.cpp:269->Server/p3/lzw.cpp:246) [20]  (7.3 ns)

 <State 69>: 7.3ns
The critical path consists of the following:
	bus request on port 'aximm1' (Server/p3/lzw.cpp:133->Server/p3/lzw.cpp:269->Server/p3/lzw.cpp:246) [20]  (7.3 ns)

 <State 70>: 7.3ns
The critical path consists of the following:
	bus request on port 'aximm1' (Server/p3/lzw.cpp:133->Server/p3/lzw.cpp:269->Server/p3/lzw.cpp:246) [20]  (7.3 ns)

 <State 71>: 7.3ns
The critical path consists of the following:
	bus request on port 'aximm1' (Server/p3/lzw.cpp:133->Server/p3/lzw.cpp:269->Server/p3/lzw.cpp:246) [20]  (7.3 ns)

 <State 72>: 1.2ns
The critical path consists of the following:
	'phi' operation ('i', Server/p3/lzw.cpp:133->Server/p3/lzw.cpp:269->Server/p3/lzw.cpp:246) with incoming values : ('add_ln133', Server/p3/lzw.cpp:133->Server/p3/lzw.cpp:269->Server/p3/lzw.cpp:246) [23]  (0 ns)
	'add' operation ('add_ln133', Server/p3/lzw.cpp:133->Server/p3/lzw.cpp:269->Server/p3/lzw.cpp:246) [24]  (1.2 ns)

 <State 73>: 7.3ns
The critical path consists of the following:
	bus read on port 'aximm1' (Server/p3/lzw.cpp:135->Server/p3/lzw.cpp:269->Server/p3/lzw.cpp:246) [30]  (7.3 ns)

 <State 74>: 1.95ns
The critical path consists of the following:
	fifo write on port 'inStream' (/mnt/pollux/software/xilinx/2020.2/Vitis_HLS/2020.2/common/technology/autopilot/hls_stream_39.h:174->Server/p3/lzw.cpp:246) [31]  (1.95 ns)

 <State 75>: 0ns
The critical path consists of the following:


============================================================
+ Verbose Summary: Binding
============================================================
N/A
* FSMD analyzer results:
  - Output states:
 - Input state : 
  - Chain level:
	State 1
	State 2
	State 3
	State 4
	State 5
	State 6
	State 7
	State 8
	State 9
	State 10
	State 11
	State 12
	State 13
	State 14
	State 15
	State 16
	State 17
	State 18
	State 19
	State 20
	State 21
	State 22
	State 23
	State 24
	State 25
	State 26
	State 27
	State 28
	State 29
	State 30
	State 31
	State 32
	State 33
	State 34
	State 35
	State 36
	State 37
	State 38
	State 39
	State 40
	State 41
	State 42
	State 43
	State 44
	State 45
	State 46
	State 47
	State 48
	State 49
	State 50
	State 51
	State 52
	State 53
	State 54
	State 55
	State 56
	State 57
	State 58
	State 59
	State 60
	State 61
	State 62
	State 63
	State 64
	State 65
	State 66
	State 67
	State 68
	State 69
	State 70
	State 71
	State 72
	State 73
	State 74
	State 75


============================================================
+ Verbose Summary: Datapath Resource usage 
============================================================
N/A
