

================================================================
== Vitis HLS Report for 'store_result'
================================================================
* Date:           Thu Nov 21 15:11:45 2024

* Version:        2020.2 (Build 3064766 on Wed Nov 18 09:12:47 MST 2020)
* Project:        final_project
* Solution:       solution1 (Vitis Kernel Flow Target)
* Product family: zynquplus
* Target device:  xczu3eg-sbva484-1-i


================================================================
== Performance Estimates
================================================================
+ Timing: 
    * Summary: 
    +--------+----------+----------+------------+
    |  Clock |  Target  | Estimated| Uncertainty|
    +--------+----------+----------+------------+
    |ap_clk  |  10.00 ns|  7.300 ns|     2.70 ns|
    +--------+----------+----------+------------+

+ Latency: 
    * Summary: 
    +---------+---------+----------+----------+-----+-----+---------+
    |  Latency (cycles) |  Latency (absolute) |  Interval | Pipeline|
    |   min   |   max   |    min   |    max   | min | max |   Type  |
    +---------+---------+----------+----------+-----+-----+---------+
    |       71|        ?|  0.710 us|         ?|   71|    ?|     none|
    +---------+---------+----------+----------+-----+-----+---------+

    + Detail: 
        * Instance: 
        N/A

        * Loop: 
        +--------------------+---------+---------+----------+-----------+-----------+-------+----------+
        |                    |  Latency (cycles) | Iteration|  Initiation Interval  |  Trip |          |
        |      Loop Name     |   min   |   max   |  Latency |  achieved |   target  | Count | Pipelined|
        +--------------------+---------+---------+----------+-----------+-----------+-------+----------+
        |- VITIS_LOOP_239_1  |        2|        ?|         3|          1|          1|  1 ~ ?|       yes|
        +--------------------+---------+---------+----------+-----------+-----------+-------+----------+

============================================================
+ Verbose Summary: Synthesis Manager
============================================================
InlineROM: 1
ExposeGlobal: 0
============================================================
+ Verbose Summary: CDFG Model
============================================================
IsTopModel: 0
ResetActiveHigh: 1
IsCombinational: 2
IsDatapathOnly: 0
HasWiredReturn: 1
HasMFsm: 0
HasVarLatency: 1
IsPipeline: 0
IsRtlPipelined: 0
IsInstanceOverlapped: 0
IsDontTouch: 0
HasImplIP: 0
IsGatedGlobalClock: 0

+ Individual pipeline summary: 
  * Pipeline-0: initiation interval (II) = 1, depth = 3


============================================================
+ Verbose Summary: Schedule
============================================================
* Number of FSM states : 142
* Pipeline : 1
  Pipeline-0 : II = 1, D = 3, States = { 72 73 74 }
* Dataflow Pipeline: 0

* FSM state transitions: 
1 --> 2 
2 --> 3 
3 --> 4 
4 --> 5 
5 --> 6 
6 --> 7 
7 --> 8 
8 --> 9 
9 --> 10 
10 --> 11 
11 --> 12 
12 --> 13 
13 --> 14 
14 --> 15 
15 --> 16 
16 --> 17 
17 --> 18 
18 --> 19 
19 --> 20 
20 --> 21 
21 --> 22 
22 --> 23 
23 --> 24 
24 --> 25 
25 --> 26 
26 --> 27 
27 --> 28 
28 --> 29 
29 --> 30 
30 --> 31 
31 --> 32 
32 --> 33 
33 --> 34 
34 --> 35 
35 --> 36 
36 --> 37 
37 --> 38 
38 --> 39 
39 --> 40 
40 --> 41 
41 --> 42 
42 --> 43 
43 --> 44 
44 --> 45 
45 --> 46 
46 --> 47 
47 --> 48 
48 --> 49 
49 --> 50 
50 --> 51 
51 --> 52 
52 --> 53 
53 --> 54 
54 --> 55 
55 --> 56 
56 --> 57 
57 --> 58 
58 --> 59 
59 --> 60 
60 --> 61 
61 --> 62 
62 --> 63 
63 --> 64 
64 --> 65 
65 --> 66 
66 --> 67 
67 --> 68 
68 --> 69 
69 --> 70 
70 --> 71 
71 --> 142 72 
72 --> 75 73 
73 --> 74 
74 --> 72 
75 --> 76 
76 --> 77 
77 --> 78 
78 --> 79 
79 --> 80 
80 --> 81 
81 --> 82 
82 --> 83 
83 --> 84 
84 --> 85 
85 --> 86 
86 --> 87 
87 --> 88 
88 --> 89 
89 --> 90 
90 --> 91 
91 --> 92 
92 --> 93 
93 --> 94 
94 --> 95 
95 --> 96 
96 --> 97 
97 --> 98 
98 --> 99 
99 --> 100 
100 --> 101 
101 --> 102 
102 --> 103 
103 --> 104 
104 --> 105 
105 --> 106 
106 --> 107 
107 --> 108 
108 --> 109 
109 --> 110 
110 --> 111 
111 --> 112 
112 --> 113 
113 --> 114 
114 --> 115 
115 --> 116 
116 --> 117 
117 --> 118 
118 --> 119 
119 --> 120 
120 --> 121 
121 --> 122 
122 --> 123 
123 --> 124 
124 --> 125 
125 --> 126 
126 --> 127 
127 --> 128 
128 --> 129 
129 --> 130 
130 --> 131 
131 --> 132 
132 --> 133 
133 --> 134 
134 --> 135 
135 --> 136 
136 --> 137 
137 --> 138 
138 --> 139 
139 --> 140 
140 --> 141 
141 --> 142 
142 --> 

* FSM state operations: 

State 1 <SV = 0> <Delay = 2.15>
ST_1 : Operation 143 [1/1] (2.15ns)   --->   "%compressed_data_read = read i64 @_ssdm_op_Read.ap_fifo.i64P0A, i64 %compressed_data" [Server/p3/lzw.cpp:234]   --->   Operation 143 'read' 'compressed_data_read' <Predicate = true> <Delay = 2.15> <CoreInst = "FIFO_SRL">   --->   Core 81 'FIFO_SRL' <Latency = 0> <II = 1> <Delay = 2.15> <Storage> <Opcode : 'read' 'write' 'nbread' 'nbwrite'> <Ports = 0> <Width = 64> <Depth = 5> <FIFO>
ST_1 : Operation 144 [1/1] (2.15ns)   --->   "%compressed_size_read = read i64 @_ssdm_op_Read.ap_fifo.i64P0A, i64 %compressed_size" [Server/p3/lzw.cpp:234]   --->   Operation 144 'read' 'compressed_size_read' <Predicate = true> <Delay = 2.15> <CoreInst = "FIFO_SRL">   --->   Core 81 'FIFO_SRL' <Latency = 0> <II = 1> <Delay = 2.15> <Storage> <Opcode : 'read' 'write' 'nbread' 'nbwrite'> <Ports = 0> <Width = 64> <Depth = 5> <FIFO>
ST_1 : Operation 145 [1/1] (1.94ns)   --->   "%tmp_V_1 = read i32 @_ssdm_op_Read.ap_fifo.volatile.i32P0A, i32 %compressed_size_stream" [/mnt/pollux/software/xilinx/2020.2/Vitis_HLS/2020.2/common/technology/autopilot/hls_stream_39.h:145]   --->   Operation 145 'read' 'tmp_V_1' <Predicate = true> <Delay = 1.94> <CoreInst = "FIFO">   --->   Core 78 'FIFO' <Latency = 0> <II = 1> <Delay = 1.94> <Storage> <Opcode : 'read' 'write' 'nbread' 'nbwrite'> <Ports = 0> <Width = 32> <Depth = 1024> <FIFO>
ST_1 : Operation 146 [1/1] (0.00ns)   --->   "%trunc_ln = partselect i62 @_ssdm_op_PartSelect.i62.i64.i32.i32, i64 %compressed_size_read, i32 2, i32 63" [Server/p3/lzw.cpp:237]   --->   Operation 146 'partselect' 'trunc_ln' <Predicate = true> <Delay = 0.00>
ST_1 : Operation 147 [1/1] (0.00ns)   --->   "%sext_ln237 = sext i62 %trunc_ln" [Server/p3/lzw.cpp:237]   --->   Operation 147 'sext' 'sext_ln237' <Predicate = true> <Delay = 0.00>
ST_1 : Operation 148 [1/1] (0.00ns)   --->   "%gmem_addr = getelementptr i32 %gmem, i64 %sext_ln237" [Server/p3/lzw.cpp:237]   --->   Operation 148 'getelementptr' 'gmem_addr' <Predicate = true> <Delay = 0.00>

State 2 <SV = 1> <Delay = 7.30>
ST_2 : Operation 149 [1/1] (7.30ns)   --->   "%gmem_addr_req = writereq i1 @_ssdm_op_WriteReq.m_axi.i32P1A, i32 %gmem_addr, i32 1" [Server/p3/lzw.cpp:237]   --->   Operation 149 'writereq' 'gmem_addr_req' <Predicate = true> <Delay = 7.30> <CoreInst = "m_axi">   --->   Core 121 'm_axi' <Latency = 6> <II = 1> <Delay = 1.00> <Adapter> <Opcode : 'read' 'write' 'readreq' 'writereq' 'writeresp'>

State 3 <SV = 2> <Delay = 7.30>
ST_3 : Operation 150 [1/1] (7.30ns)   --->   "%write_ln237 = write void @_ssdm_op_Write.m_axi.i32P1A, i32 %gmem_addr, i32 %tmp_V_1, i4 15" [Server/p3/lzw.cpp:237]   --->   Operation 150 'write' 'write_ln237' <Predicate = true> <Delay = 7.30> <CoreInst = "m_axi">   --->   Core 121 'm_axi' <Latency = 6> <II = 1> <Delay = 1.00> <Adapter> <Opcode : 'read' 'write' 'readreq' 'writereq' 'writeresp'>

State 4 <SV = 3> <Delay = 7.30>
ST_4 : Operation 151 [68/68] (7.30ns)   --->   "%gmem_addr_resp = writeresp i1 @_ssdm_op_WriteResp.m_axi.i32P1A, i32 %gmem_addr" [Server/p3/lzw.cpp:237]   --->   Operation 151 'writeresp' 'gmem_addr_resp' <Predicate = true> <Delay = 7.30> <CoreInst = "m_axi">   --->   Core 121 'm_axi' <Latency = 6> <II = 1> <Delay = 1.00> <Adapter> <Opcode : 'read' 'write' 'readreq' 'writereq' 'writeresp'>

State 5 <SV = 4> <Delay = 7.30>
ST_5 : Operation 152 [67/68] (7.30ns)   --->   "%gmem_addr_resp = writeresp i1 @_ssdm_op_WriteResp.m_axi.i32P1A, i32 %gmem_addr" [Server/p3/lzw.cpp:237]   --->   Operation 152 'writeresp' 'gmem_addr_resp' <Predicate = true> <Delay = 7.30> <CoreInst = "m_axi">   --->   Core 121 'm_axi' <Latency = 6> <II = 1> <Delay = 1.00> <Adapter> <Opcode : 'read' 'write' 'readreq' 'writereq' 'writeresp'>

State 6 <SV = 5> <Delay = 7.30>
ST_6 : Operation 153 [66/68] (7.30ns)   --->   "%gmem_addr_resp = writeresp i1 @_ssdm_op_WriteResp.m_axi.i32P1A, i32 %gmem_addr" [Server/p3/lzw.cpp:237]   --->   Operation 153 'writeresp' 'gmem_addr_resp' <Predicate = true> <Delay = 7.30> <CoreInst = "m_axi">   --->   Core 121 'm_axi' <Latency = 6> <II = 1> <Delay = 1.00> <Adapter> <Opcode : 'read' 'write' 'readreq' 'writereq' 'writeresp'>

State 7 <SV = 6> <Delay = 7.30>
ST_7 : Operation 154 [65/68] (7.30ns)   --->   "%gmem_addr_resp = writeresp i1 @_ssdm_op_WriteResp.m_axi.i32P1A, i32 %gmem_addr" [Server/p3/lzw.cpp:237]   --->   Operation 154 'writeresp' 'gmem_addr_resp' <Predicate = true> <Delay = 7.30> <CoreInst = "m_axi">   --->   Core 121 'm_axi' <Latency = 6> <II = 1> <Delay = 1.00> <Adapter> <Opcode : 'read' 'write' 'readreq' 'writereq' 'writeresp'>

State 8 <SV = 7> <Delay = 7.30>
ST_8 : Operation 155 [64/68] (7.30ns)   --->   "%gmem_addr_resp = writeresp i1 @_ssdm_op_WriteResp.m_axi.i32P1A, i32 %gmem_addr" [Server/p3/lzw.cpp:237]   --->   Operation 155 'writeresp' 'gmem_addr_resp' <Predicate = true> <Delay = 7.30> <CoreInst = "m_axi">   --->   Core 121 'm_axi' <Latency = 6> <II = 1> <Delay = 1.00> <Adapter> <Opcode : 'read' 'write' 'readreq' 'writereq' 'writeresp'>

State 9 <SV = 8> <Delay = 7.30>
ST_9 : Operation 156 [63/68] (7.30ns)   --->   "%gmem_addr_resp = writeresp i1 @_ssdm_op_WriteResp.m_axi.i32P1A, i32 %gmem_addr" [Server/p3/lzw.cpp:237]   --->   Operation 156 'writeresp' 'gmem_addr_resp' <Predicate = true> <Delay = 7.30> <CoreInst = "m_axi">   --->   Core 121 'm_axi' <Latency = 6> <II = 1> <Delay = 1.00> <Adapter> <Opcode : 'read' 'write' 'readreq' 'writereq' 'writeresp'>

State 10 <SV = 9> <Delay = 7.30>
ST_10 : Operation 157 [62/68] (7.30ns)   --->   "%gmem_addr_resp = writeresp i1 @_ssdm_op_WriteResp.m_axi.i32P1A, i32 %gmem_addr" [Server/p3/lzw.cpp:237]   --->   Operation 157 'writeresp' 'gmem_addr_resp' <Predicate = true> <Delay = 7.30> <CoreInst = "m_axi">   --->   Core 121 'm_axi' <Latency = 6> <II = 1> <Delay = 1.00> <Adapter> <Opcode : 'read' 'write' 'readreq' 'writereq' 'writeresp'>

State 11 <SV = 10> <Delay = 7.30>
ST_11 : Operation 158 [61/68] (7.30ns)   --->   "%gmem_addr_resp = writeresp i1 @_ssdm_op_WriteResp.m_axi.i32P1A, i32 %gmem_addr" [Server/p3/lzw.cpp:237]   --->   Operation 158 'writeresp' 'gmem_addr_resp' <Predicate = true> <Delay = 7.30> <CoreInst = "m_axi">   --->   Core 121 'm_axi' <Latency = 6> <II = 1> <Delay = 1.00> <Adapter> <Opcode : 'read' 'write' 'readreq' 'writereq' 'writeresp'>

State 12 <SV = 11> <Delay = 7.30>
ST_12 : Operation 159 [60/68] (7.30ns)   --->   "%gmem_addr_resp = writeresp i1 @_ssdm_op_WriteResp.m_axi.i32P1A, i32 %gmem_addr" [Server/p3/lzw.cpp:237]   --->   Operation 159 'writeresp' 'gmem_addr_resp' <Predicate = true> <Delay = 7.30> <CoreInst = "m_axi">   --->   Core 121 'm_axi' <Latency = 6> <II = 1> <Delay = 1.00> <Adapter> <Opcode : 'read' 'write' 'readreq' 'writereq' 'writeresp'>

State 13 <SV = 12> <Delay = 7.30>
ST_13 : Operation 160 [59/68] (7.30ns)   --->   "%gmem_addr_resp = writeresp i1 @_ssdm_op_WriteResp.m_axi.i32P1A, i32 %gmem_addr" [Server/p3/lzw.cpp:237]   --->   Operation 160 'writeresp' 'gmem_addr_resp' <Predicate = true> <Delay = 7.30> <CoreInst = "m_axi">   --->   Core 121 'm_axi' <Latency = 6> <II = 1> <Delay = 1.00> <Adapter> <Opcode : 'read' 'write' 'readreq' 'writereq' 'writeresp'>

State 14 <SV = 13> <Delay = 7.30>
ST_14 : Operation 161 [58/68] (7.30ns)   --->   "%gmem_addr_resp = writeresp i1 @_ssdm_op_WriteResp.m_axi.i32P1A, i32 %gmem_addr" [Server/p3/lzw.cpp:237]   --->   Operation 161 'writeresp' 'gmem_addr_resp' <Predicate = true> <Delay = 7.30> <CoreInst = "m_axi">   --->   Core 121 'm_axi' <Latency = 6> <II = 1> <Delay = 1.00> <Adapter> <Opcode : 'read' 'write' 'readreq' 'writereq' 'writeresp'>

State 15 <SV = 14> <Delay = 7.30>
ST_15 : Operation 162 [57/68] (7.30ns)   --->   "%gmem_addr_resp = writeresp i1 @_ssdm_op_WriteResp.m_axi.i32P1A, i32 %gmem_addr" [Server/p3/lzw.cpp:237]   --->   Operation 162 'writeresp' 'gmem_addr_resp' <Predicate = true> <Delay = 7.30> <CoreInst = "m_axi">   --->   Core 121 'm_axi' <Latency = 6> <II = 1> <Delay = 1.00> <Adapter> <Opcode : 'read' 'write' 'readreq' 'writereq' 'writeresp'>

State 16 <SV = 15> <Delay = 7.30>
ST_16 : Operation 163 [56/68] (7.30ns)   --->   "%gmem_addr_resp = writeresp i1 @_ssdm_op_WriteResp.m_axi.i32P1A, i32 %gmem_addr" [Server/p3/lzw.cpp:237]   --->   Operation 163 'writeresp' 'gmem_addr_resp' <Predicate = true> <Delay = 7.30> <CoreInst = "m_axi">   --->   Core 121 'm_axi' <Latency = 6> <II = 1> <Delay = 1.00> <Adapter> <Opcode : 'read' 'write' 'readreq' 'writereq' 'writeresp'>

State 17 <SV = 16> <Delay = 7.30>
ST_17 : Operation 164 [55/68] (7.30ns)   --->   "%gmem_addr_resp = writeresp i1 @_ssdm_op_WriteResp.m_axi.i32P1A, i32 %gmem_addr" [Server/p3/lzw.cpp:237]   --->   Operation 164 'writeresp' 'gmem_addr_resp' <Predicate = true> <Delay = 7.30> <CoreInst = "m_axi">   --->   Core 121 'm_axi' <Latency = 6> <II = 1> <Delay = 1.00> <Adapter> <Opcode : 'read' 'write' 'readreq' 'writereq' 'writeresp'>

State 18 <SV = 17> <Delay = 7.30>
ST_18 : Operation 165 [54/68] (7.30ns)   --->   "%gmem_addr_resp = writeresp i1 @_ssdm_op_WriteResp.m_axi.i32P1A, i32 %gmem_addr" [Server/p3/lzw.cpp:237]   --->   Operation 165 'writeresp' 'gmem_addr_resp' <Predicate = true> <Delay = 7.30> <CoreInst = "m_axi">   --->   Core 121 'm_axi' <Latency = 6> <II = 1> <Delay = 1.00> <Adapter> <Opcode : 'read' 'write' 'readreq' 'writereq' 'writeresp'>

State 19 <SV = 18> <Delay = 7.30>
ST_19 : Operation 166 [53/68] (7.30ns)   --->   "%gmem_addr_resp = writeresp i1 @_ssdm_op_WriteResp.m_axi.i32P1A, i32 %gmem_addr" [Server/p3/lzw.cpp:237]   --->   Operation 166 'writeresp' 'gmem_addr_resp' <Predicate = true> <Delay = 7.30> <CoreInst = "m_axi">   --->   Core 121 'm_axi' <Latency = 6> <II = 1> <Delay = 1.00> <Adapter> <Opcode : 'read' 'write' 'readreq' 'writereq' 'writeresp'>

State 20 <SV = 19> <Delay = 7.30>
ST_20 : Operation 167 [52/68] (7.30ns)   --->   "%gmem_addr_resp = writeresp i1 @_ssdm_op_WriteResp.m_axi.i32P1A, i32 %gmem_addr" [Server/p3/lzw.cpp:237]   --->   Operation 167 'writeresp' 'gmem_addr_resp' <Predicate = true> <Delay = 7.30> <CoreInst = "m_axi">   --->   Core 121 'm_axi' <Latency = 6> <II = 1> <Delay = 1.00> <Adapter> <Opcode : 'read' 'write' 'readreq' 'writereq' 'writeresp'>

State 21 <SV = 20> <Delay = 7.30>
ST_21 : Operation 168 [51/68] (7.30ns)   --->   "%gmem_addr_resp = writeresp i1 @_ssdm_op_WriteResp.m_axi.i32P1A, i32 %gmem_addr" [Server/p3/lzw.cpp:237]   --->   Operation 168 'writeresp' 'gmem_addr_resp' <Predicate = true> <Delay = 7.30> <CoreInst = "m_axi">   --->   Core 121 'm_axi' <Latency = 6> <II = 1> <Delay = 1.00> <Adapter> <Opcode : 'read' 'write' 'readreq' 'writereq' 'writeresp'>

State 22 <SV = 21> <Delay = 7.30>
ST_22 : Operation 169 [50/68] (7.30ns)   --->   "%gmem_addr_resp = writeresp i1 @_ssdm_op_WriteResp.m_axi.i32P1A, i32 %gmem_addr" [Server/p3/lzw.cpp:237]   --->   Operation 169 'writeresp' 'gmem_addr_resp' <Predicate = true> <Delay = 7.30> <CoreInst = "m_axi">   --->   Core 121 'm_axi' <Latency = 6> <II = 1> <Delay = 1.00> <Adapter> <Opcode : 'read' 'write' 'readreq' 'writereq' 'writeresp'>

State 23 <SV = 22> <Delay = 7.30>
ST_23 : Operation 170 [49/68] (7.30ns)   --->   "%gmem_addr_resp = writeresp i1 @_ssdm_op_WriteResp.m_axi.i32P1A, i32 %gmem_addr" [Server/p3/lzw.cpp:237]   --->   Operation 170 'writeresp' 'gmem_addr_resp' <Predicate = true> <Delay = 7.30> <CoreInst = "m_axi">   --->   Core 121 'm_axi' <Latency = 6> <II = 1> <Delay = 1.00> <Adapter> <Opcode : 'read' 'write' 'readreq' 'writereq' 'writeresp'>

State 24 <SV = 23> <Delay = 7.30>
ST_24 : Operation 171 [48/68] (7.30ns)   --->   "%gmem_addr_resp = writeresp i1 @_ssdm_op_WriteResp.m_axi.i32P1A, i32 %gmem_addr" [Server/p3/lzw.cpp:237]   --->   Operation 171 'writeresp' 'gmem_addr_resp' <Predicate = true> <Delay = 7.30> <CoreInst = "m_axi">   --->   Core 121 'm_axi' <Latency = 6> <II = 1> <Delay = 1.00> <Adapter> <Opcode : 'read' 'write' 'readreq' 'writereq' 'writeresp'>

State 25 <SV = 24> <Delay = 7.30>
ST_25 : Operation 172 [47/68] (7.30ns)   --->   "%gmem_addr_resp = writeresp i1 @_ssdm_op_WriteResp.m_axi.i32P1A, i32 %gmem_addr" [Server/p3/lzw.cpp:237]   --->   Operation 172 'writeresp' 'gmem_addr_resp' <Predicate = true> <Delay = 7.30> <CoreInst = "m_axi">   --->   Core 121 'm_axi' <Latency = 6> <II = 1> <Delay = 1.00> <Adapter> <Opcode : 'read' 'write' 'readreq' 'writereq' 'writeresp'>

State 26 <SV = 25> <Delay = 7.30>
ST_26 : Operation 173 [46/68] (7.30ns)   --->   "%gmem_addr_resp = writeresp i1 @_ssdm_op_WriteResp.m_axi.i32P1A, i32 %gmem_addr" [Server/p3/lzw.cpp:237]   --->   Operation 173 'writeresp' 'gmem_addr_resp' <Predicate = true> <Delay = 7.30> <CoreInst = "m_axi">   --->   Core 121 'm_axi' <Latency = 6> <II = 1> <Delay = 1.00> <Adapter> <Opcode : 'read' 'write' 'readreq' 'writereq' 'writeresp'>

State 27 <SV = 26> <Delay = 7.30>
ST_27 : Operation 174 [45/68] (7.30ns)   --->   "%gmem_addr_resp = writeresp i1 @_ssdm_op_WriteResp.m_axi.i32P1A, i32 %gmem_addr" [Server/p3/lzw.cpp:237]   --->   Operation 174 'writeresp' 'gmem_addr_resp' <Predicate = true> <Delay = 7.30> <CoreInst = "m_axi">   --->   Core 121 'm_axi' <Latency = 6> <II = 1> <Delay = 1.00> <Adapter> <Opcode : 'read' 'write' 'readreq' 'writereq' 'writeresp'>

State 28 <SV = 27> <Delay = 7.30>
ST_28 : Operation 175 [44/68] (7.30ns)   --->   "%gmem_addr_resp = writeresp i1 @_ssdm_op_WriteResp.m_axi.i32P1A, i32 %gmem_addr" [Server/p3/lzw.cpp:237]   --->   Operation 175 'writeresp' 'gmem_addr_resp' <Predicate = true> <Delay = 7.30> <CoreInst = "m_axi">   --->   Core 121 'm_axi' <Latency = 6> <II = 1> <Delay = 1.00> <Adapter> <Opcode : 'read' 'write' 'readreq' 'writereq' 'writeresp'>

State 29 <SV = 28> <Delay = 7.30>
ST_29 : Operation 176 [43/68] (7.30ns)   --->   "%gmem_addr_resp = writeresp i1 @_ssdm_op_WriteResp.m_axi.i32P1A, i32 %gmem_addr" [Server/p3/lzw.cpp:237]   --->   Operation 176 'writeresp' 'gmem_addr_resp' <Predicate = true> <Delay = 7.30> <CoreInst = "m_axi">   --->   Core 121 'm_axi' <Latency = 6> <II = 1> <Delay = 1.00> <Adapter> <Opcode : 'read' 'write' 'readreq' 'writereq' 'writeresp'>

State 30 <SV = 29> <Delay = 7.30>
ST_30 : Operation 177 [42/68] (7.30ns)   --->   "%gmem_addr_resp = writeresp i1 @_ssdm_op_WriteResp.m_axi.i32P1A, i32 %gmem_addr" [Server/p3/lzw.cpp:237]   --->   Operation 177 'writeresp' 'gmem_addr_resp' <Predicate = true> <Delay = 7.30> <CoreInst = "m_axi">   --->   Core 121 'm_axi' <Latency = 6> <II = 1> <Delay = 1.00> <Adapter> <Opcode : 'read' 'write' 'readreq' 'writereq' 'writeresp'>

State 31 <SV = 30> <Delay = 7.30>
ST_31 : Operation 178 [41/68] (7.30ns)   --->   "%gmem_addr_resp = writeresp i1 @_ssdm_op_WriteResp.m_axi.i32P1A, i32 %gmem_addr" [Server/p3/lzw.cpp:237]   --->   Operation 178 'writeresp' 'gmem_addr_resp' <Predicate = true> <Delay = 7.30> <CoreInst = "m_axi">   --->   Core 121 'm_axi' <Latency = 6> <II = 1> <Delay = 1.00> <Adapter> <Opcode : 'read' 'write' 'readreq' 'writereq' 'writeresp'>

State 32 <SV = 31> <Delay = 7.30>
ST_32 : Operation 179 [40/68] (7.30ns)   --->   "%gmem_addr_resp = writeresp i1 @_ssdm_op_WriteResp.m_axi.i32P1A, i32 %gmem_addr" [Server/p3/lzw.cpp:237]   --->   Operation 179 'writeresp' 'gmem_addr_resp' <Predicate = true> <Delay = 7.30> <CoreInst = "m_axi">   --->   Core 121 'm_axi' <Latency = 6> <II = 1> <Delay = 1.00> <Adapter> <Opcode : 'read' 'write' 'readreq' 'writereq' 'writeresp'>

State 33 <SV = 32> <Delay = 7.30>
ST_33 : Operation 180 [39/68] (7.30ns)   --->   "%gmem_addr_resp = writeresp i1 @_ssdm_op_WriteResp.m_axi.i32P1A, i32 %gmem_addr" [Server/p3/lzw.cpp:237]   --->   Operation 180 'writeresp' 'gmem_addr_resp' <Predicate = true> <Delay = 7.30> <CoreInst = "m_axi">   --->   Core 121 'm_axi' <Latency = 6> <II = 1> <Delay = 1.00> <Adapter> <Opcode : 'read' 'write' 'readreq' 'writereq' 'writeresp'>

State 34 <SV = 33> <Delay = 7.30>
ST_34 : Operation 181 [38/68] (7.30ns)   --->   "%gmem_addr_resp = writeresp i1 @_ssdm_op_WriteResp.m_axi.i32P1A, i32 %gmem_addr" [Server/p3/lzw.cpp:237]   --->   Operation 181 'writeresp' 'gmem_addr_resp' <Predicate = true> <Delay = 7.30> <CoreInst = "m_axi">   --->   Core 121 'm_axi' <Latency = 6> <II = 1> <Delay = 1.00> <Adapter> <Opcode : 'read' 'write' 'readreq' 'writereq' 'writeresp'>

State 35 <SV = 34> <Delay = 7.30>
ST_35 : Operation 182 [37/68] (7.30ns)   --->   "%gmem_addr_resp = writeresp i1 @_ssdm_op_WriteResp.m_axi.i32P1A, i32 %gmem_addr" [Server/p3/lzw.cpp:237]   --->   Operation 182 'writeresp' 'gmem_addr_resp' <Predicate = true> <Delay = 7.30> <CoreInst = "m_axi">   --->   Core 121 'm_axi' <Latency = 6> <II = 1> <Delay = 1.00> <Adapter> <Opcode : 'read' 'write' 'readreq' 'writereq' 'writeresp'>

State 36 <SV = 35> <Delay = 7.30>
ST_36 : Operation 183 [36/68] (7.30ns)   --->   "%gmem_addr_resp = writeresp i1 @_ssdm_op_WriteResp.m_axi.i32P1A, i32 %gmem_addr" [Server/p3/lzw.cpp:237]   --->   Operation 183 'writeresp' 'gmem_addr_resp' <Predicate = true> <Delay = 7.30> <CoreInst = "m_axi">   --->   Core 121 'm_axi' <Latency = 6> <II = 1> <Delay = 1.00> <Adapter> <Opcode : 'read' 'write' 'readreq' 'writereq' 'writeresp'>

State 37 <SV = 36> <Delay = 7.30>
ST_37 : Operation 184 [35/68] (7.30ns)   --->   "%gmem_addr_resp = writeresp i1 @_ssdm_op_WriteResp.m_axi.i32P1A, i32 %gmem_addr" [Server/p3/lzw.cpp:237]   --->   Operation 184 'writeresp' 'gmem_addr_resp' <Predicate = true> <Delay = 7.30> <CoreInst = "m_axi">   --->   Core 121 'm_axi' <Latency = 6> <II = 1> <Delay = 1.00> <Adapter> <Opcode : 'read' 'write' 'readreq' 'writereq' 'writeresp'>

State 38 <SV = 37> <Delay = 7.30>
ST_38 : Operation 185 [34/68] (7.30ns)   --->   "%gmem_addr_resp = writeresp i1 @_ssdm_op_WriteResp.m_axi.i32P1A, i32 %gmem_addr" [Server/p3/lzw.cpp:237]   --->   Operation 185 'writeresp' 'gmem_addr_resp' <Predicate = true> <Delay = 7.30> <CoreInst = "m_axi">   --->   Core 121 'm_axi' <Latency = 6> <II = 1> <Delay = 1.00> <Adapter> <Opcode : 'read' 'write' 'readreq' 'writereq' 'writeresp'>

State 39 <SV = 38> <Delay = 7.30>
ST_39 : Operation 186 [33/68] (7.30ns)   --->   "%gmem_addr_resp = writeresp i1 @_ssdm_op_WriteResp.m_axi.i32P1A, i32 %gmem_addr" [Server/p3/lzw.cpp:237]   --->   Operation 186 'writeresp' 'gmem_addr_resp' <Predicate = true> <Delay = 7.30> <CoreInst = "m_axi">   --->   Core 121 'm_axi' <Latency = 6> <II = 1> <Delay = 1.00> <Adapter> <Opcode : 'read' 'write' 'readreq' 'writereq' 'writeresp'>

State 40 <SV = 39> <Delay = 7.30>
ST_40 : Operation 187 [32/68] (7.30ns)   --->   "%gmem_addr_resp = writeresp i1 @_ssdm_op_WriteResp.m_axi.i32P1A, i32 %gmem_addr" [Server/p3/lzw.cpp:237]   --->   Operation 187 'writeresp' 'gmem_addr_resp' <Predicate = true> <Delay = 7.30> <CoreInst = "m_axi">   --->   Core 121 'm_axi' <Latency = 6> <II = 1> <Delay = 1.00> <Adapter> <Opcode : 'read' 'write' 'readreq' 'writereq' 'writeresp'>

State 41 <SV = 40> <Delay = 7.30>
ST_41 : Operation 188 [31/68] (7.30ns)   --->   "%gmem_addr_resp = writeresp i1 @_ssdm_op_WriteResp.m_axi.i32P1A, i32 %gmem_addr" [Server/p3/lzw.cpp:237]   --->   Operation 188 'writeresp' 'gmem_addr_resp' <Predicate = true> <Delay = 7.30> <CoreInst = "m_axi">   --->   Core 121 'm_axi' <Latency = 6> <II = 1> <Delay = 1.00> <Adapter> <Opcode : 'read' 'write' 'readreq' 'writereq' 'writeresp'>

State 42 <SV = 41> <Delay = 7.30>
ST_42 : Operation 189 [30/68] (7.30ns)   --->   "%gmem_addr_resp = writeresp i1 @_ssdm_op_WriteResp.m_axi.i32P1A, i32 %gmem_addr" [Server/p3/lzw.cpp:237]   --->   Operation 189 'writeresp' 'gmem_addr_resp' <Predicate = true> <Delay = 7.30> <CoreInst = "m_axi">   --->   Core 121 'm_axi' <Latency = 6> <II = 1> <Delay = 1.00> <Adapter> <Opcode : 'read' 'write' 'readreq' 'writereq' 'writeresp'>

State 43 <SV = 42> <Delay = 7.30>
ST_43 : Operation 190 [29/68] (7.30ns)   --->   "%gmem_addr_resp = writeresp i1 @_ssdm_op_WriteResp.m_axi.i32P1A, i32 %gmem_addr" [Server/p3/lzw.cpp:237]   --->   Operation 190 'writeresp' 'gmem_addr_resp' <Predicate = true> <Delay = 7.30> <CoreInst = "m_axi">   --->   Core 121 'm_axi' <Latency = 6> <II = 1> <Delay = 1.00> <Adapter> <Opcode : 'read' 'write' 'readreq' 'writereq' 'writeresp'>

State 44 <SV = 43> <Delay = 7.30>
ST_44 : Operation 191 [28/68] (7.30ns)   --->   "%gmem_addr_resp = writeresp i1 @_ssdm_op_WriteResp.m_axi.i32P1A, i32 %gmem_addr" [Server/p3/lzw.cpp:237]   --->   Operation 191 'writeresp' 'gmem_addr_resp' <Predicate = true> <Delay = 7.30> <CoreInst = "m_axi">   --->   Core 121 'm_axi' <Latency = 6> <II = 1> <Delay = 1.00> <Adapter> <Opcode : 'read' 'write' 'readreq' 'writereq' 'writeresp'>

State 45 <SV = 44> <Delay = 7.30>
ST_45 : Operation 192 [27/68] (7.30ns)   --->   "%gmem_addr_resp = writeresp i1 @_ssdm_op_WriteResp.m_axi.i32P1A, i32 %gmem_addr" [Server/p3/lzw.cpp:237]   --->   Operation 192 'writeresp' 'gmem_addr_resp' <Predicate = true> <Delay = 7.30> <CoreInst = "m_axi">   --->   Core 121 'm_axi' <Latency = 6> <II = 1> <Delay = 1.00> <Adapter> <Opcode : 'read' 'write' 'readreq' 'writereq' 'writeresp'>

State 46 <SV = 45> <Delay = 7.30>
ST_46 : Operation 193 [26/68] (7.30ns)   --->   "%gmem_addr_resp = writeresp i1 @_ssdm_op_WriteResp.m_axi.i32P1A, i32 %gmem_addr" [Server/p3/lzw.cpp:237]   --->   Operation 193 'writeresp' 'gmem_addr_resp' <Predicate = true> <Delay = 7.30> <CoreInst = "m_axi">   --->   Core 121 'm_axi' <Latency = 6> <II = 1> <Delay = 1.00> <Adapter> <Opcode : 'read' 'write' 'readreq' 'writereq' 'writeresp'>

State 47 <SV = 46> <Delay = 7.30>
ST_47 : Operation 194 [25/68] (7.30ns)   --->   "%gmem_addr_resp = writeresp i1 @_ssdm_op_WriteResp.m_axi.i32P1A, i32 %gmem_addr" [Server/p3/lzw.cpp:237]   --->   Operation 194 'writeresp' 'gmem_addr_resp' <Predicate = true> <Delay = 7.30> <CoreInst = "m_axi">   --->   Core 121 'm_axi' <Latency = 6> <II = 1> <Delay = 1.00> <Adapter> <Opcode : 'read' 'write' 'readreq' 'writereq' 'writeresp'>

State 48 <SV = 47> <Delay = 7.30>
ST_48 : Operation 195 [24/68] (7.30ns)   --->   "%gmem_addr_resp = writeresp i1 @_ssdm_op_WriteResp.m_axi.i32P1A, i32 %gmem_addr" [Server/p3/lzw.cpp:237]   --->   Operation 195 'writeresp' 'gmem_addr_resp' <Predicate = true> <Delay = 7.30> <CoreInst = "m_axi">   --->   Core 121 'm_axi' <Latency = 6> <II = 1> <Delay = 1.00> <Adapter> <Opcode : 'read' 'write' 'readreq' 'writereq' 'writeresp'>

State 49 <SV = 48> <Delay = 7.30>
ST_49 : Operation 196 [23/68] (7.30ns)   --->   "%gmem_addr_resp = writeresp i1 @_ssdm_op_WriteResp.m_axi.i32P1A, i32 %gmem_addr" [Server/p3/lzw.cpp:237]   --->   Operation 196 'writeresp' 'gmem_addr_resp' <Predicate = true> <Delay = 7.30> <CoreInst = "m_axi">   --->   Core 121 'm_axi' <Latency = 6> <II = 1> <Delay = 1.00> <Adapter> <Opcode : 'read' 'write' 'readreq' 'writereq' 'writeresp'>

State 50 <SV = 49> <Delay = 7.30>
ST_50 : Operation 197 [22/68] (7.30ns)   --->   "%gmem_addr_resp = writeresp i1 @_ssdm_op_WriteResp.m_axi.i32P1A, i32 %gmem_addr" [Server/p3/lzw.cpp:237]   --->   Operation 197 'writeresp' 'gmem_addr_resp' <Predicate = true> <Delay = 7.30> <CoreInst = "m_axi">   --->   Core 121 'm_axi' <Latency = 6> <II = 1> <Delay = 1.00> <Adapter> <Opcode : 'read' 'write' 'readreq' 'writereq' 'writeresp'>

State 51 <SV = 50> <Delay = 7.30>
ST_51 : Operation 198 [21/68] (7.30ns)   --->   "%gmem_addr_resp = writeresp i1 @_ssdm_op_WriteResp.m_axi.i32P1A, i32 %gmem_addr" [Server/p3/lzw.cpp:237]   --->   Operation 198 'writeresp' 'gmem_addr_resp' <Predicate = true> <Delay = 7.30> <CoreInst = "m_axi">   --->   Core 121 'm_axi' <Latency = 6> <II = 1> <Delay = 1.00> <Adapter> <Opcode : 'read' 'write' 'readreq' 'writereq' 'writeresp'>

State 52 <SV = 51> <Delay = 7.30>
ST_52 : Operation 199 [20/68] (7.30ns)   --->   "%gmem_addr_resp = writeresp i1 @_ssdm_op_WriteResp.m_axi.i32P1A, i32 %gmem_addr" [Server/p3/lzw.cpp:237]   --->   Operation 199 'writeresp' 'gmem_addr_resp' <Predicate = true> <Delay = 7.30> <CoreInst = "m_axi">   --->   Core 121 'm_axi' <Latency = 6> <II = 1> <Delay = 1.00> <Adapter> <Opcode : 'read' 'write' 'readreq' 'writereq' 'writeresp'>

State 53 <SV = 52> <Delay = 7.30>
ST_53 : Operation 200 [19/68] (7.30ns)   --->   "%gmem_addr_resp = writeresp i1 @_ssdm_op_WriteResp.m_axi.i32P1A, i32 %gmem_addr" [Server/p3/lzw.cpp:237]   --->   Operation 200 'writeresp' 'gmem_addr_resp' <Predicate = true> <Delay = 7.30> <CoreInst = "m_axi">   --->   Core 121 'm_axi' <Latency = 6> <II = 1> <Delay = 1.00> <Adapter> <Opcode : 'read' 'write' 'readreq' 'writereq' 'writeresp'>

State 54 <SV = 53> <Delay = 7.30>
ST_54 : Operation 201 [18/68] (7.30ns)   --->   "%gmem_addr_resp = writeresp i1 @_ssdm_op_WriteResp.m_axi.i32P1A, i32 %gmem_addr" [Server/p3/lzw.cpp:237]   --->   Operation 201 'writeresp' 'gmem_addr_resp' <Predicate = true> <Delay = 7.30> <CoreInst = "m_axi">   --->   Core 121 'm_axi' <Latency = 6> <II = 1> <Delay = 1.00> <Adapter> <Opcode : 'read' 'write' 'readreq' 'writereq' 'writeresp'>

State 55 <SV = 54> <Delay = 7.30>
ST_55 : Operation 202 [17/68] (7.30ns)   --->   "%gmem_addr_resp = writeresp i1 @_ssdm_op_WriteResp.m_axi.i32P1A, i32 %gmem_addr" [Server/p3/lzw.cpp:237]   --->   Operation 202 'writeresp' 'gmem_addr_resp' <Predicate = true> <Delay = 7.30> <CoreInst = "m_axi">   --->   Core 121 'm_axi' <Latency = 6> <II = 1> <Delay = 1.00> <Adapter> <Opcode : 'read' 'write' 'readreq' 'writereq' 'writeresp'>

State 56 <SV = 55> <Delay = 7.30>
ST_56 : Operation 203 [16/68] (7.30ns)   --->   "%gmem_addr_resp = writeresp i1 @_ssdm_op_WriteResp.m_axi.i32P1A, i32 %gmem_addr" [Server/p3/lzw.cpp:237]   --->   Operation 203 'writeresp' 'gmem_addr_resp' <Predicate = true> <Delay = 7.30> <CoreInst = "m_axi">   --->   Core 121 'm_axi' <Latency = 6> <II = 1> <Delay = 1.00> <Adapter> <Opcode : 'read' 'write' 'readreq' 'writereq' 'writeresp'>

State 57 <SV = 56> <Delay = 7.30>
ST_57 : Operation 204 [15/68] (7.30ns)   --->   "%gmem_addr_resp = writeresp i1 @_ssdm_op_WriteResp.m_axi.i32P1A, i32 %gmem_addr" [Server/p3/lzw.cpp:237]   --->   Operation 204 'writeresp' 'gmem_addr_resp' <Predicate = true> <Delay = 7.30> <CoreInst = "m_axi">   --->   Core 121 'm_axi' <Latency = 6> <II = 1> <Delay = 1.00> <Adapter> <Opcode : 'read' 'write' 'readreq' 'writereq' 'writeresp'>

State 58 <SV = 57> <Delay = 7.30>
ST_58 : Operation 205 [14/68] (7.30ns)   --->   "%gmem_addr_resp = writeresp i1 @_ssdm_op_WriteResp.m_axi.i32P1A, i32 %gmem_addr" [Server/p3/lzw.cpp:237]   --->   Operation 205 'writeresp' 'gmem_addr_resp' <Predicate = true> <Delay = 7.30> <CoreInst = "m_axi">   --->   Core 121 'm_axi' <Latency = 6> <II = 1> <Delay = 1.00> <Adapter> <Opcode : 'read' 'write' 'readreq' 'writereq' 'writeresp'>

State 59 <SV = 58> <Delay = 7.30>
ST_59 : Operation 206 [13/68] (7.30ns)   --->   "%gmem_addr_resp = writeresp i1 @_ssdm_op_WriteResp.m_axi.i32P1A, i32 %gmem_addr" [Server/p3/lzw.cpp:237]   --->   Operation 206 'writeresp' 'gmem_addr_resp' <Predicate = true> <Delay = 7.30> <CoreInst = "m_axi">   --->   Core 121 'm_axi' <Latency = 6> <II = 1> <Delay = 1.00> <Adapter> <Opcode : 'read' 'write' 'readreq' 'writereq' 'writeresp'>

State 60 <SV = 59> <Delay = 7.30>
ST_60 : Operation 207 [12/68] (7.30ns)   --->   "%gmem_addr_resp = writeresp i1 @_ssdm_op_WriteResp.m_axi.i32P1A, i32 %gmem_addr" [Server/p3/lzw.cpp:237]   --->   Operation 207 'writeresp' 'gmem_addr_resp' <Predicate = true> <Delay = 7.30> <CoreInst = "m_axi">   --->   Core 121 'm_axi' <Latency = 6> <II = 1> <Delay = 1.00> <Adapter> <Opcode : 'read' 'write' 'readreq' 'writereq' 'writeresp'>

State 61 <SV = 60> <Delay = 7.30>
ST_61 : Operation 208 [11/68] (7.30ns)   --->   "%gmem_addr_resp = writeresp i1 @_ssdm_op_WriteResp.m_axi.i32P1A, i32 %gmem_addr" [Server/p3/lzw.cpp:237]   --->   Operation 208 'writeresp' 'gmem_addr_resp' <Predicate = true> <Delay = 7.30> <CoreInst = "m_axi">   --->   Core 121 'm_axi' <Latency = 6> <II = 1> <Delay = 1.00> <Adapter> <Opcode : 'read' 'write' 'readreq' 'writereq' 'writeresp'>

State 62 <SV = 61> <Delay = 7.30>
ST_62 : Operation 209 [10/68] (7.30ns)   --->   "%gmem_addr_resp = writeresp i1 @_ssdm_op_WriteResp.m_axi.i32P1A, i32 %gmem_addr" [Server/p3/lzw.cpp:237]   --->   Operation 209 'writeresp' 'gmem_addr_resp' <Predicate = true> <Delay = 7.30> <CoreInst = "m_axi">   --->   Core 121 'm_axi' <Latency = 6> <II = 1> <Delay = 1.00> <Adapter> <Opcode : 'read' 'write' 'readreq' 'writereq' 'writeresp'>

State 63 <SV = 62> <Delay = 7.30>
ST_63 : Operation 210 [9/68] (7.30ns)   --->   "%gmem_addr_resp = writeresp i1 @_ssdm_op_WriteResp.m_axi.i32P1A, i32 %gmem_addr" [Server/p3/lzw.cpp:237]   --->   Operation 210 'writeresp' 'gmem_addr_resp' <Predicate = true> <Delay = 7.30> <CoreInst = "m_axi">   --->   Core 121 'm_axi' <Latency = 6> <II = 1> <Delay = 1.00> <Adapter> <Opcode : 'read' 'write' 'readreq' 'writereq' 'writeresp'>

State 64 <SV = 63> <Delay = 7.30>
ST_64 : Operation 211 [8/68] (7.30ns)   --->   "%gmem_addr_resp = writeresp i1 @_ssdm_op_WriteResp.m_axi.i32P1A, i32 %gmem_addr" [Server/p3/lzw.cpp:237]   --->   Operation 211 'writeresp' 'gmem_addr_resp' <Predicate = true> <Delay = 7.30> <CoreInst = "m_axi">   --->   Core 121 'm_axi' <Latency = 6> <II = 1> <Delay = 1.00> <Adapter> <Opcode : 'read' 'write' 'readreq' 'writereq' 'writeresp'>

State 65 <SV = 64> <Delay = 7.30>
ST_65 : Operation 212 [7/68] (7.30ns)   --->   "%gmem_addr_resp = writeresp i1 @_ssdm_op_WriteResp.m_axi.i32P1A, i32 %gmem_addr" [Server/p3/lzw.cpp:237]   --->   Operation 212 'writeresp' 'gmem_addr_resp' <Predicate = true> <Delay = 7.30> <CoreInst = "m_axi">   --->   Core 121 'm_axi' <Latency = 6> <II = 1> <Delay = 1.00> <Adapter> <Opcode : 'read' 'write' 'readreq' 'writereq' 'writeresp'>

State 66 <SV = 65> <Delay = 7.30>
ST_66 : Operation 213 [6/68] (7.30ns)   --->   "%gmem_addr_resp = writeresp i1 @_ssdm_op_WriteResp.m_axi.i32P1A, i32 %gmem_addr" [Server/p3/lzw.cpp:237]   --->   Operation 213 'writeresp' 'gmem_addr_resp' <Predicate = true> <Delay = 7.30> <CoreInst = "m_axi">   --->   Core 121 'm_axi' <Latency = 6> <II = 1> <Delay = 1.00> <Adapter> <Opcode : 'read' 'write' 'readreq' 'writereq' 'writeresp'>

State 67 <SV = 66> <Delay = 7.30>
ST_67 : Operation 214 [5/68] (7.30ns)   --->   "%gmem_addr_resp = writeresp i1 @_ssdm_op_WriteResp.m_axi.i32P1A, i32 %gmem_addr" [Server/p3/lzw.cpp:237]   --->   Operation 214 'writeresp' 'gmem_addr_resp' <Predicate = true> <Delay = 7.30> <CoreInst = "m_axi">   --->   Core 121 'm_axi' <Latency = 6> <II = 1> <Delay = 1.00> <Adapter> <Opcode : 'read' 'write' 'readreq' 'writereq' 'writeresp'>

State 68 <SV = 67> <Delay = 7.30>
ST_68 : Operation 215 [4/68] (7.30ns)   --->   "%gmem_addr_resp = writeresp i1 @_ssdm_op_WriteResp.m_axi.i32P1A, i32 %gmem_addr" [Server/p3/lzw.cpp:237]   --->   Operation 215 'writeresp' 'gmem_addr_resp' <Predicate = true> <Delay = 7.30> <CoreInst = "m_axi">   --->   Core 121 'm_axi' <Latency = 6> <II = 1> <Delay = 1.00> <Adapter> <Opcode : 'read' 'write' 'readreq' 'writereq' 'writeresp'>

State 69 <SV = 68> <Delay = 7.30>
ST_69 : Operation 216 [3/68] (7.30ns)   --->   "%gmem_addr_resp = writeresp i1 @_ssdm_op_WriteResp.m_axi.i32P1A, i32 %gmem_addr" [Server/p3/lzw.cpp:237]   --->   Operation 216 'writeresp' 'gmem_addr_resp' <Predicate = true> <Delay = 7.30> <CoreInst = "m_axi">   --->   Core 121 'm_axi' <Latency = 6> <II = 1> <Delay = 1.00> <Adapter> <Opcode : 'read' 'write' 'readreq' 'writereq' 'writeresp'>

State 70 <SV = 69> <Delay = 7.30>
ST_70 : Operation 217 [2/68] (7.30ns)   --->   "%gmem_addr_resp = writeresp i1 @_ssdm_op_WriteResp.m_axi.i32P1A, i32 %gmem_addr" [Server/p3/lzw.cpp:237]   --->   Operation 217 'writeresp' 'gmem_addr_resp' <Predicate = true> <Delay = 7.30> <CoreInst = "m_axi">   --->   Core 121 'm_axi' <Latency = 6> <II = 1> <Delay = 1.00> <Adapter> <Opcode : 'read' 'write' 'readreq' 'writereq' 'writeresp'>
ST_70 : Operation 218 [1/1] (1.11ns)   --->   "%icmp_ln239 = icmp_sgt  i32 %tmp_V_1, i32 0" [Server/p3/lzw.cpp:239]   --->   Operation 218 'icmp' 'icmp_ln239' <Predicate = true> <Delay = 1.11> <CoreInst = "Cmp">   --->   Core 9 'Cmp' <Latency = 0> <II = 1> <Delay = 1.11> <FuncUnit> <Opcode : 'icmp'> <InPorts = 2> <OutPorts = 1>

State 71 <SV = 70> <Delay = 7.30>
ST_71 : Operation 219 [1/1] (0.00ns)   --->   "%specinterface_ln0 = specinterface void @_ssdm_op_SpecInterface, i32 %compressed_size_stream, void @empty_23, i32 0, i32 0, void @empty_19, i32 0, i32 0, void @empty_19, void @empty_19, void @empty_19, i32 0, i32 0, i32 0, i32 0, void @empty_19, void @empty_19"   --->   Operation 219 'specinterface' 'specinterface_ln0' <Predicate = true> <Delay = 0.00>
ST_71 : Operation 220 [1/1] (0.00ns)   --->   "%specinterface_ln0 = specinterface void @_ssdm_op_SpecInterface, i8 %output_hw_stream, void @empty_23, i32 0, i32 0, void @empty_19, i32 0, i32 0, void @empty_19, void @empty_19, void @empty_19, i32 0, i32 0, i32 0, i32 0, void @empty_19, void @empty_19"   --->   Operation 220 'specinterface' 'specinterface_ln0' <Predicate = true> <Delay = 0.00>
ST_71 : Operation 221 [1/1] (0.00ns)   --->   "%specinterface_ln0 = specinterface void @_ssdm_op_SpecInterface, i8 %aximm2, void @empty_5, i32 0, i32 0, void @empty_19, i32 64, i32 1024, void @empty_21, void @empty_7, void @empty_19, i32 16, i32 16, i32 16, i32 16, void @empty_19, void @empty_19"   --->   Operation 221 'specinterface' 'specinterface_ln0' <Predicate = true> <Delay = 0.00>
ST_71 : Operation 222 [1/1] (0.00ns)   --->   "%specinterface_ln0 = specinterface void @_ssdm_op_SpecInterface, i32 %gmem, void @empty_5, i32 0, i32 0, void @empty_19, i32 64, i32 0, void @empty_20, void @empty_7, void @empty_19, i32 16, i32 16, i32 16, i32 16, void @empty_19, void @empty_19"   --->   Operation 222 'specinterface' 'specinterface_ln0' <Predicate = true> <Delay = 0.00>
ST_71 : Operation 223 [1/1] (0.00ns)   --->   "%specinterface_ln0 = specinterface void @_ssdm_op_SpecInterface, i64 %compressed_size, void @ap_fifo_str, i32 0, i32 0, void @p_str, i32 0, i32 0, void @p_str, void @p_str, void @p_str, i32 2, i32 2, i32 16, i32 16, void @p_str, void @ScalarProp_str"   --->   Operation 223 'specinterface' 'specinterface_ln0' <Predicate = true> <Delay = 0.00>
ST_71 : Operation 224 [1/1] (0.00ns)   --->   "%specinterface_ln0 = specinterface void @_ssdm_op_SpecInterface, i64 %compressed_data, void @ap_fifo_str, i32 0, i32 0, void @p_str, i32 0, i32 0, void @p_str, void @p_str, void @p_str, i32 2, i32 2, i32 16, i32 16, void @p_str, void @ScalarProp_str"   --->   Operation 224 'specinterface' 'specinterface_ln0' <Predicate = true> <Delay = 0.00>
ST_71 : Operation 225 [1/1] (0.00ns)   --->   "%specinterface_ln0 = specinterface void @_ssdm_op_SpecInterface, i32 %compressed_size_stream, void @empty_23, i32 0, i32 0, void @empty_19, i32 0, i32 0, void @empty_19, void @empty_19, void @empty_19, i32 0, i32 0, i32 0, i32 0, void @empty_19, void @empty_19"   --->   Operation 225 'specinterface' 'specinterface_ln0' <Predicate = true> <Delay = 0.00>
ST_71 : Operation 226 [1/1] (0.00ns)   --->   "%specinterface_ln0 = specinterface void @_ssdm_op_SpecInterface, i8 %output_hw_stream, void @empty_23, i32 0, i32 0, void @empty_19, i32 0, i32 0, void @empty_19, void @empty_19, void @empty_19, i32 0, i32 0, i32 0, i32 0, void @empty_19, void @empty_19"   --->   Operation 226 'specinterface' 'specinterface_ln0' <Predicate = true> <Delay = 0.00>
ST_71 : Operation 227 [1/1] (0.00ns)   --->   "%specinterface_ln0 = specinterface void @_ssdm_op_SpecInterface, i8 %aximm2, void @empty_5, i32 0, i32 0, void @empty_19, i32 64, i32 1024, void @empty_21, void @empty_7, void @empty_19, i32 16, i32 16, i32 16, i32 16, void @empty_19, void @empty_19"   --->   Operation 227 'specinterface' 'specinterface_ln0' <Predicate = true> <Delay = 0.00>
ST_71 : Operation 228 [1/1] (0.00ns)   --->   "%specinterface_ln0 = specinterface void @_ssdm_op_SpecInterface, i32 %gmem, void @empty_5, i32 0, i32 0, void @empty_19, i32 64, i32 0, void @empty_20, void @empty_7, void @empty_19, i32 16, i32 16, i32 16, i32 16, void @empty_19, void @empty_19"   --->   Operation 228 'specinterface' 'specinterface_ln0' <Predicate = true> <Delay = 0.00>
ST_71 : Operation 229 [1/68] (7.30ns)   --->   "%gmem_addr_resp = writeresp i1 @_ssdm_op_WriteResp.m_axi.i32P1A, i32 %gmem_addr" [Server/p3/lzw.cpp:237]   --->   Operation 229 'writeresp' 'gmem_addr_resp' <Predicate = true> <Delay = 7.30> <CoreInst = "m_axi">   --->   Core 121 'm_axi' <Latency = 6> <II = 1> <Delay = 1.00> <Adapter> <Opcode : 'read' 'write' 'readreq' 'writereq' 'writeresp'>
ST_71 : Operation 230 [1/1] (0.00ns)   --->   "%br_ln239 = br i1 %icmp_ln239, void %.exit, void %.lr.ph.i" [Server/p3/lzw.cpp:239]   --->   Operation 230 'br' 'br_ln239' <Predicate = true> <Delay = 0.00>
ST_71 : Operation 231 [1/1] (0.00ns)   --->   "%trunc_ln239 = trunc i32 %tmp_V_1" [Server/p3/lzw.cpp:239]   --->   Operation 231 'trunc' 'trunc_ln239' <Predicate = (icmp_ln239)> <Delay = 0.00>
ST_71 : Operation 232 [1/1] (0.00ns)   --->   "%aximm2_addr = getelementptr i8 %aximm2, i64 %compressed_data_read" [Server/p3/lzw.cpp:239]   --->   Operation 232 'getelementptr' 'aximm2_addr' <Predicate = (icmp_ln239)> <Delay = 0.00>
ST_71 : Operation 233 [1/1] (7.30ns)   --->   "%empty = writereq i1 @_ssdm_op_WriteReq.m_axi.p1i8, i8 %aximm2_addr, i32 %tmp_V_1" [Server/p3/lzw.cpp:239]   --->   Operation 233 'writereq' 'empty' <Predicate = (icmp_ln239)> <Delay = 7.30> <CoreInst = "m_axi">   --->   Core 121 'm_axi' <Latency = 6> <II = 1> <Delay = 1.00> <Adapter> <Opcode : 'read' 'write' 'readreq' 'writereq' 'writeresp'>
ST_71 : Operation 234 [1/1] (0.48ns)   --->   "%br_ln239 = br void" [Server/p3/lzw.cpp:239]   --->   Operation 234 'br' 'br_ln239' <Predicate = (icmp_ln239)> <Delay = 0.48>

State 72 <SV = 71> <Delay = 1.19>
ST_72 : Operation 235 [1/1] (0.00ns)   --->   "%i = phi i31 %add_ln239, void %.split.i, i31 0, void %.lr.ph.i" [Server/p3/lzw.cpp:239]   --->   Operation 235 'phi' 'i' <Predicate = true> <Delay = 0.00>
ST_72 : Operation 236 [1/1] (1.19ns)   --->   "%add_ln239 = add i31 %i, i31 1" [Server/p3/lzw.cpp:239]   --->   Operation 236 'add' 'add_ln239' <Predicate = true> <Delay = 1.19> <CoreInst = "Adder">   --->   Core 1 'Adder' <Latency = 0> <II = 1> <Delay = 1.19> <FuncUnit> <Opcode : 'add' 'sub'> <InPorts = 2> <OutPorts = 1>
ST_72 : Operation 237 [1/1] (1.09ns)   --->   "%icmp_ln239_1 = icmp_eq  i31 %i, i31 %trunc_ln239" [Server/p3/lzw.cpp:239]   --->   Operation 237 'icmp' 'icmp_ln239_1' <Predicate = true> <Delay = 1.09> <CoreInst = "Cmp">   --->   Core 9 'Cmp' <Latency = 0> <II = 1> <Delay = 1.11> <FuncUnit> <Opcode : 'icmp'> <InPorts = 2> <OutPorts = 1>
ST_72 : Operation 238 [1/1] (0.00ns)   --->   "%empty_43 = speclooptripcount i32 @_ssdm_op_SpecLoopTripCount, i64 1, i64 18446744073709551615, i64 0"   --->   Operation 238 'speclooptripcount' 'empty_43' <Predicate = true> <Delay = 0.00>
ST_72 : Operation 239 [1/1] (0.00ns)   --->   "%br_ln239 = br i1 %icmp_ln239_1, void %.split.i, void %._crit_edge.loopexit.i" [Server/p3/lzw.cpp:239]   --->   Operation 239 'br' 'br_ln239' <Predicate = true> <Delay = 0.00>

State 73 <SV = 72> <Delay = 1.94>
ST_73 : Operation 240 [1/1] (1.94ns)   --->   "%tmp_V = read i8 @_ssdm_op_Read.ap_fifo.volatile.i8P0A, i8 %output_hw_stream" [/mnt/pollux/software/xilinx/2020.2/Vitis_HLS/2020.2/common/technology/autopilot/hls_stream_39.h:145]   --->   Operation 240 'read' 'tmp_V' <Predicate = (!icmp_ln239_1)> <Delay = 1.94> <CoreInst = "FIFO">   --->   Core 78 'FIFO' <Latency = 0> <II = 1> <Delay = 1.94> <Storage> <Opcode : 'read' 'write' 'nbread' 'nbwrite'> <Ports = 0> <Width = 8> <Depth = 1024> <FIFO>

State 74 <SV = 73> <Delay = 7.30>
ST_74 : Operation 241 [1/1] (0.00ns)   --->   "%specpipeline_ln239 = specpipeline void @_ssdm_op_SpecPipeline, i32 1, i32 0, i32 0, i32 0, void @empty_19" [Server/p3/lzw.cpp:239]   --->   Operation 241 'specpipeline' 'specpipeline_ln239' <Predicate = (!icmp_ln239_1)> <Delay = 0.00>
ST_74 : Operation 242 [1/1] (0.00ns)   --->   "%specloopname_ln239 = specloopname void @_ssdm_op_SpecLoopName, void @empty_10" [Server/p3/lzw.cpp:239]   --->   Operation 242 'specloopname' 'specloopname_ln239' <Predicate = (!icmp_ln239_1)> <Delay = 0.00>
ST_74 : Operation 243 [1/1] (7.30ns)   --->   "%write_ln241 = write void @_ssdm_op_Write.m_axi.p1i8, i8 %aximm2_addr, i8 %tmp_V, i1 1" [Server/p3/lzw.cpp:241]   --->   Operation 243 'write' 'write_ln241' <Predicate = (!icmp_ln239_1)> <Delay = 7.30> <CoreInst = "m_axi">   --->   Core 121 'm_axi' <Latency = 6> <II = 1> <Delay = 1.00> <Adapter> <Opcode : 'read' 'write' 'readreq' 'writereq' 'writeresp'>
ST_74 : Operation 244 [1/1] (0.00ns)   --->   "%br_ln0 = br void"   --->   Operation 244 'br' 'br_ln0' <Predicate = (!icmp_ln239_1)> <Delay = 0.00>

State 75 <SV = 72> <Delay = 7.30>
ST_75 : Operation 245 [68/68] (7.30ns)   --->   "%empty_44 = writeresp i1 @_ssdm_op_WriteResp.m_axi.p1i8, i8 %aximm2_addr" [Server/p3/lzw.cpp:243]   --->   Operation 245 'writeresp' 'empty_44' <Predicate = true> <Delay = 7.30> <CoreInst = "m_axi">   --->   Core 121 'm_axi' <Latency = 6> <II = 1> <Delay = 1.00> <Adapter> <Opcode : 'read' 'write' 'readreq' 'writereq' 'writeresp'>

State 76 <SV = 73> <Delay = 7.30>
ST_76 : Operation 246 [67/68] (7.30ns)   --->   "%empty_44 = writeresp i1 @_ssdm_op_WriteResp.m_axi.p1i8, i8 %aximm2_addr" [Server/p3/lzw.cpp:243]   --->   Operation 246 'writeresp' 'empty_44' <Predicate = true> <Delay = 7.30> <CoreInst = "m_axi">   --->   Core 121 'm_axi' <Latency = 6> <II = 1> <Delay = 1.00> <Adapter> <Opcode : 'read' 'write' 'readreq' 'writereq' 'writeresp'>

State 77 <SV = 74> <Delay = 7.30>
ST_77 : Operation 247 [66/68] (7.30ns)   --->   "%empty_44 = writeresp i1 @_ssdm_op_WriteResp.m_axi.p1i8, i8 %aximm2_addr" [Server/p3/lzw.cpp:243]   --->   Operation 247 'writeresp' 'empty_44' <Predicate = true> <Delay = 7.30> <CoreInst = "m_axi">   --->   Core 121 'm_axi' <Latency = 6> <II = 1> <Delay = 1.00> <Adapter> <Opcode : 'read' 'write' 'readreq' 'writereq' 'writeresp'>

State 78 <SV = 75> <Delay = 7.30>
ST_78 : Operation 248 [65/68] (7.30ns)   --->   "%empty_44 = writeresp i1 @_ssdm_op_WriteResp.m_axi.p1i8, i8 %aximm2_addr" [Server/p3/lzw.cpp:243]   --->   Operation 248 'writeresp' 'empty_44' <Predicate = true> <Delay = 7.30> <CoreInst = "m_axi">   --->   Core 121 'm_axi' <Latency = 6> <II = 1> <Delay = 1.00> <Adapter> <Opcode : 'read' 'write' 'readreq' 'writereq' 'writeresp'>

State 79 <SV = 76> <Delay = 7.30>
ST_79 : Operation 249 [64/68] (7.30ns)   --->   "%empty_44 = writeresp i1 @_ssdm_op_WriteResp.m_axi.p1i8, i8 %aximm2_addr" [Server/p3/lzw.cpp:243]   --->   Operation 249 'writeresp' 'empty_44' <Predicate = true> <Delay = 7.30> <CoreInst = "m_axi">   --->   Core 121 'm_axi' <Latency = 6> <II = 1> <Delay = 1.00> <Adapter> <Opcode : 'read' 'write' 'readreq' 'writereq' 'writeresp'>

State 80 <SV = 77> <Delay = 7.30>
ST_80 : Operation 250 [63/68] (7.30ns)   --->   "%empty_44 = writeresp i1 @_ssdm_op_WriteResp.m_axi.p1i8, i8 %aximm2_addr" [Server/p3/lzw.cpp:243]   --->   Operation 250 'writeresp' 'empty_44' <Predicate = true> <Delay = 7.30> <CoreInst = "m_axi">   --->   Core 121 'm_axi' <Latency = 6> <II = 1> <Delay = 1.00> <Adapter> <Opcode : 'read' 'write' 'readreq' 'writereq' 'writeresp'>

State 81 <SV = 78> <Delay = 7.30>
ST_81 : Operation 251 [62/68] (7.30ns)   --->   "%empty_44 = writeresp i1 @_ssdm_op_WriteResp.m_axi.p1i8, i8 %aximm2_addr" [Server/p3/lzw.cpp:243]   --->   Operation 251 'writeresp' 'empty_44' <Predicate = true> <Delay = 7.30> <CoreInst = "m_axi">   --->   Core 121 'm_axi' <Latency = 6> <II = 1> <Delay = 1.00> <Adapter> <Opcode : 'read' 'write' 'readreq' 'writereq' 'writeresp'>

State 82 <SV = 79> <Delay = 7.30>
ST_82 : Operation 252 [61/68] (7.30ns)   --->   "%empty_44 = writeresp i1 @_ssdm_op_WriteResp.m_axi.p1i8, i8 %aximm2_addr" [Server/p3/lzw.cpp:243]   --->   Operation 252 'writeresp' 'empty_44' <Predicate = true> <Delay = 7.30> <CoreInst = "m_axi">   --->   Core 121 'm_axi' <Latency = 6> <II = 1> <Delay = 1.00> <Adapter> <Opcode : 'read' 'write' 'readreq' 'writereq' 'writeresp'>

State 83 <SV = 80> <Delay = 7.30>
ST_83 : Operation 253 [60/68] (7.30ns)   --->   "%empty_44 = writeresp i1 @_ssdm_op_WriteResp.m_axi.p1i8, i8 %aximm2_addr" [Server/p3/lzw.cpp:243]   --->   Operation 253 'writeresp' 'empty_44' <Predicate = true> <Delay = 7.30> <CoreInst = "m_axi">   --->   Core 121 'm_axi' <Latency = 6> <II = 1> <Delay = 1.00> <Adapter> <Opcode : 'read' 'write' 'readreq' 'writereq' 'writeresp'>

State 84 <SV = 81> <Delay = 7.30>
ST_84 : Operation 254 [59/68] (7.30ns)   --->   "%empty_44 = writeresp i1 @_ssdm_op_WriteResp.m_axi.p1i8, i8 %aximm2_addr" [Server/p3/lzw.cpp:243]   --->   Operation 254 'writeresp' 'empty_44' <Predicate = true> <Delay = 7.30> <CoreInst = "m_axi">   --->   Core 121 'm_axi' <Latency = 6> <II = 1> <Delay = 1.00> <Adapter> <Opcode : 'read' 'write' 'readreq' 'writereq' 'writeresp'>

State 85 <SV = 82> <Delay = 7.30>
ST_85 : Operation 255 [58/68] (7.30ns)   --->   "%empty_44 = writeresp i1 @_ssdm_op_WriteResp.m_axi.p1i8, i8 %aximm2_addr" [Server/p3/lzw.cpp:243]   --->   Operation 255 'writeresp' 'empty_44' <Predicate = true> <Delay = 7.30> <CoreInst = "m_axi">   --->   Core 121 'm_axi' <Latency = 6> <II = 1> <Delay = 1.00> <Adapter> <Opcode : 'read' 'write' 'readreq' 'writereq' 'writeresp'>

State 86 <SV = 83> <Delay = 7.30>
ST_86 : Operation 256 [57/68] (7.30ns)   --->   "%empty_44 = writeresp i1 @_ssdm_op_WriteResp.m_axi.p1i8, i8 %aximm2_addr" [Server/p3/lzw.cpp:243]   --->   Operation 256 'writeresp' 'empty_44' <Predicate = true> <Delay = 7.30> <CoreInst = "m_axi">   --->   Core 121 'm_axi' <Latency = 6> <II = 1> <Delay = 1.00> <Adapter> <Opcode : 'read' 'write' 'readreq' 'writereq' 'writeresp'>

State 87 <SV = 84> <Delay = 7.30>
ST_87 : Operation 257 [56/68] (7.30ns)   --->   "%empty_44 = writeresp i1 @_ssdm_op_WriteResp.m_axi.p1i8, i8 %aximm2_addr" [Server/p3/lzw.cpp:243]   --->   Operation 257 'writeresp' 'empty_44' <Predicate = true> <Delay = 7.30> <CoreInst = "m_axi">   --->   Core 121 'm_axi' <Latency = 6> <II = 1> <Delay = 1.00> <Adapter> <Opcode : 'read' 'write' 'readreq' 'writereq' 'writeresp'>

State 88 <SV = 85> <Delay = 7.30>
ST_88 : Operation 258 [55/68] (7.30ns)   --->   "%empty_44 = writeresp i1 @_ssdm_op_WriteResp.m_axi.p1i8, i8 %aximm2_addr" [Server/p3/lzw.cpp:243]   --->   Operation 258 'writeresp' 'empty_44' <Predicate = true> <Delay = 7.30> <CoreInst = "m_axi">   --->   Core 121 'm_axi' <Latency = 6> <II = 1> <Delay = 1.00> <Adapter> <Opcode : 'read' 'write' 'readreq' 'writereq' 'writeresp'>

State 89 <SV = 86> <Delay = 7.30>
ST_89 : Operation 259 [54/68] (7.30ns)   --->   "%empty_44 = writeresp i1 @_ssdm_op_WriteResp.m_axi.p1i8, i8 %aximm2_addr" [Server/p3/lzw.cpp:243]   --->   Operation 259 'writeresp' 'empty_44' <Predicate = true> <Delay = 7.30> <CoreInst = "m_axi">   --->   Core 121 'm_axi' <Latency = 6> <II = 1> <Delay = 1.00> <Adapter> <Opcode : 'read' 'write' 'readreq' 'writereq' 'writeresp'>

State 90 <SV = 87> <Delay = 7.30>
ST_90 : Operation 260 [53/68] (7.30ns)   --->   "%empty_44 = writeresp i1 @_ssdm_op_WriteResp.m_axi.p1i8, i8 %aximm2_addr" [Server/p3/lzw.cpp:243]   --->   Operation 260 'writeresp' 'empty_44' <Predicate = true> <Delay = 7.30> <CoreInst = "m_axi">   --->   Core 121 'm_axi' <Latency = 6> <II = 1> <Delay = 1.00> <Adapter> <Opcode : 'read' 'write' 'readreq' 'writereq' 'writeresp'>

State 91 <SV = 88> <Delay = 7.30>
ST_91 : Operation 261 [52/68] (7.30ns)   --->   "%empty_44 = writeresp i1 @_ssdm_op_WriteResp.m_axi.p1i8, i8 %aximm2_addr" [Server/p3/lzw.cpp:243]   --->   Operation 261 'writeresp' 'empty_44' <Predicate = true> <Delay = 7.30> <CoreInst = "m_axi">   --->   Core 121 'm_axi' <Latency = 6> <II = 1> <Delay = 1.00> <Adapter> <Opcode : 'read' 'write' 'readreq' 'writereq' 'writeresp'>

State 92 <SV = 89> <Delay = 7.30>
ST_92 : Operation 262 [51/68] (7.30ns)   --->   "%empty_44 = writeresp i1 @_ssdm_op_WriteResp.m_axi.p1i8, i8 %aximm2_addr" [Server/p3/lzw.cpp:243]   --->   Operation 262 'writeresp' 'empty_44' <Predicate = true> <Delay = 7.30> <CoreInst = "m_axi">   --->   Core 121 'm_axi' <Latency = 6> <II = 1> <Delay = 1.00> <Adapter> <Opcode : 'read' 'write' 'readreq' 'writereq' 'writeresp'>

State 93 <SV = 90> <Delay = 7.30>
ST_93 : Operation 263 [50/68] (7.30ns)   --->   "%empty_44 = writeresp i1 @_ssdm_op_WriteResp.m_axi.p1i8, i8 %aximm2_addr" [Server/p3/lzw.cpp:243]   --->   Operation 263 'writeresp' 'empty_44' <Predicate = true> <Delay = 7.30> <CoreInst = "m_axi">   --->   Core 121 'm_axi' <Latency = 6> <II = 1> <Delay = 1.00> <Adapter> <Opcode : 'read' 'write' 'readreq' 'writereq' 'writeresp'>

State 94 <SV = 91> <Delay = 7.30>
ST_94 : Operation 264 [49/68] (7.30ns)   --->   "%empty_44 = writeresp i1 @_ssdm_op_WriteResp.m_axi.p1i8, i8 %aximm2_addr" [Server/p3/lzw.cpp:243]   --->   Operation 264 'writeresp' 'empty_44' <Predicate = true> <Delay = 7.30> <CoreInst = "m_axi">   --->   Core 121 'm_axi' <Latency = 6> <II = 1> <Delay = 1.00> <Adapter> <Opcode : 'read' 'write' 'readreq' 'writereq' 'writeresp'>

State 95 <SV = 92> <Delay = 7.30>
ST_95 : Operation 265 [48/68] (7.30ns)   --->   "%empty_44 = writeresp i1 @_ssdm_op_WriteResp.m_axi.p1i8, i8 %aximm2_addr" [Server/p3/lzw.cpp:243]   --->   Operation 265 'writeresp' 'empty_44' <Predicate = true> <Delay = 7.30> <CoreInst = "m_axi">   --->   Core 121 'm_axi' <Latency = 6> <II = 1> <Delay = 1.00> <Adapter> <Opcode : 'read' 'write' 'readreq' 'writereq' 'writeresp'>

State 96 <SV = 93> <Delay = 7.30>
ST_96 : Operation 266 [47/68] (7.30ns)   --->   "%empty_44 = writeresp i1 @_ssdm_op_WriteResp.m_axi.p1i8, i8 %aximm2_addr" [Server/p3/lzw.cpp:243]   --->   Operation 266 'writeresp' 'empty_44' <Predicate = true> <Delay = 7.30> <CoreInst = "m_axi">   --->   Core 121 'm_axi' <Latency = 6> <II = 1> <Delay = 1.00> <Adapter> <Opcode : 'read' 'write' 'readreq' 'writereq' 'writeresp'>

State 97 <SV = 94> <Delay = 7.30>
ST_97 : Operation 267 [46/68] (7.30ns)   --->   "%empty_44 = writeresp i1 @_ssdm_op_WriteResp.m_axi.p1i8, i8 %aximm2_addr" [Server/p3/lzw.cpp:243]   --->   Operation 267 'writeresp' 'empty_44' <Predicate = true> <Delay = 7.30> <CoreInst = "m_axi">   --->   Core 121 'm_axi' <Latency = 6> <II = 1> <Delay = 1.00> <Adapter> <Opcode : 'read' 'write' 'readreq' 'writereq' 'writeresp'>

State 98 <SV = 95> <Delay = 7.30>
ST_98 : Operation 268 [45/68] (7.30ns)   --->   "%empty_44 = writeresp i1 @_ssdm_op_WriteResp.m_axi.p1i8, i8 %aximm2_addr" [Server/p3/lzw.cpp:243]   --->   Operation 268 'writeresp' 'empty_44' <Predicate = true> <Delay = 7.30> <CoreInst = "m_axi">   --->   Core 121 'm_axi' <Latency = 6> <II = 1> <Delay = 1.00> <Adapter> <Opcode : 'read' 'write' 'readreq' 'writereq' 'writeresp'>

State 99 <SV = 96> <Delay = 7.30>
ST_99 : Operation 269 [44/68] (7.30ns)   --->   "%empty_44 = writeresp i1 @_ssdm_op_WriteResp.m_axi.p1i8, i8 %aximm2_addr" [Server/p3/lzw.cpp:243]   --->   Operation 269 'writeresp' 'empty_44' <Predicate = true> <Delay = 7.30> <CoreInst = "m_axi">   --->   Core 121 'm_axi' <Latency = 6> <II = 1> <Delay = 1.00> <Adapter> <Opcode : 'read' 'write' 'readreq' 'writereq' 'writeresp'>

State 100 <SV = 97> <Delay = 7.30>
ST_100 : Operation 270 [43/68] (7.30ns)   --->   "%empty_44 = writeresp i1 @_ssdm_op_WriteResp.m_axi.p1i8, i8 %aximm2_addr" [Server/p3/lzw.cpp:243]   --->   Operation 270 'writeresp' 'empty_44' <Predicate = true> <Delay = 7.30> <CoreInst = "m_axi">   --->   Core 121 'm_axi' <Latency = 6> <II = 1> <Delay = 1.00> <Adapter> <Opcode : 'read' 'write' 'readreq' 'writereq' 'writeresp'>

State 101 <SV = 98> <Delay = 7.30>
ST_101 : Operation 271 [42/68] (7.30ns)   --->   "%empty_44 = writeresp i1 @_ssdm_op_WriteResp.m_axi.p1i8, i8 %aximm2_addr" [Server/p3/lzw.cpp:243]   --->   Operation 271 'writeresp' 'empty_44' <Predicate = true> <Delay = 7.30> <CoreInst = "m_axi">   --->   Core 121 'm_axi' <Latency = 6> <II = 1> <Delay = 1.00> <Adapter> <Opcode : 'read' 'write' 'readreq' 'writereq' 'writeresp'>

State 102 <SV = 99> <Delay = 7.30>
ST_102 : Operation 272 [41/68] (7.30ns)   --->   "%empty_44 = writeresp i1 @_ssdm_op_WriteResp.m_axi.p1i8, i8 %aximm2_addr" [Server/p3/lzw.cpp:243]   --->   Operation 272 'writeresp' 'empty_44' <Predicate = true> <Delay = 7.30> <CoreInst = "m_axi">   --->   Core 121 'm_axi' <Latency = 6> <II = 1> <Delay = 1.00> <Adapter> <Opcode : 'read' 'write' 'readreq' 'writereq' 'writeresp'>

State 103 <SV = 100> <Delay = 7.30>
ST_103 : Operation 273 [40/68] (7.30ns)   --->   "%empty_44 = writeresp i1 @_ssdm_op_WriteResp.m_axi.p1i8, i8 %aximm2_addr" [Server/p3/lzw.cpp:243]   --->   Operation 273 'writeresp' 'empty_44' <Predicate = true> <Delay = 7.30> <CoreInst = "m_axi">   --->   Core 121 'm_axi' <Latency = 6> <II = 1> <Delay = 1.00> <Adapter> <Opcode : 'read' 'write' 'readreq' 'writereq' 'writeresp'>

State 104 <SV = 101> <Delay = 7.30>
ST_104 : Operation 274 [39/68] (7.30ns)   --->   "%empty_44 = writeresp i1 @_ssdm_op_WriteResp.m_axi.p1i8, i8 %aximm2_addr" [Server/p3/lzw.cpp:243]   --->   Operation 274 'writeresp' 'empty_44' <Predicate = true> <Delay = 7.30> <CoreInst = "m_axi">   --->   Core 121 'm_axi' <Latency = 6> <II = 1> <Delay = 1.00> <Adapter> <Opcode : 'read' 'write' 'readreq' 'writereq' 'writeresp'>

State 105 <SV = 102> <Delay = 7.30>
ST_105 : Operation 275 [38/68] (7.30ns)   --->   "%empty_44 = writeresp i1 @_ssdm_op_WriteResp.m_axi.p1i8, i8 %aximm2_addr" [Server/p3/lzw.cpp:243]   --->   Operation 275 'writeresp' 'empty_44' <Predicate = true> <Delay = 7.30> <CoreInst = "m_axi">   --->   Core 121 'm_axi' <Latency = 6> <II = 1> <Delay = 1.00> <Adapter> <Opcode : 'read' 'write' 'readreq' 'writereq' 'writeresp'>

State 106 <SV = 103> <Delay = 7.30>
ST_106 : Operation 276 [37/68] (7.30ns)   --->   "%empty_44 = writeresp i1 @_ssdm_op_WriteResp.m_axi.p1i8, i8 %aximm2_addr" [Server/p3/lzw.cpp:243]   --->   Operation 276 'writeresp' 'empty_44' <Predicate = true> <Delay = 7.30> <CoreInst = "m_axi">   --->   Core 121 'm_axi' <Latency = 6> <II = 1> <Delay = 1.00> <Adapter> <Opcode : 'read' 'write' 'readreq' 'writereq' 'writeresp'>

State 107 <SV = 104> <Delay = 7.30>
ST_107 : Operation 277 [36/68] (7.30ns)   --->   "%empty_44 = writeresp i1 @_ssdm_op_WriteResp.m_axi.p1i8, i8 %aximm2_addr" [Server/p3/lzw.cpp:243]   --->   Operation 277 'writeresp' 'empty_44' <Predicate = true> <Delay = 7.30> <CoreInst = "m_axi">   --->   Core 121 'm_axi' <Latency = 6> <II = 1> <Delay = 1.00> <Adapter> <Opcode : 'read' 'write' 'readreq' 'writereq' 'writeresp'>

State 108 <SV = 105> <Delay = 7.30>
ST_108 : Operation 278 [35/68] (7.30ns)   --->   "%empty_44 = writeresp i1 @_ssdm_op_WriteResp.m_axi.p1i8, i8 %aximm2_addr" [Server/p3/lzw.cpp:243]   --->   Operation 278 'writeresp' 'empty_44' <Predicate = true> <Delay = 7.30> <CoreInst = "m_axi">   --->   Core 121 'm_axi' <Latency = 6> <II = 1> <Delay = 1.00> <Adapter> <Opcode : 'read' 'write' 'readreq' 'writereq' 'writeresp'>

State 109 <SV = 106> <Delay = 7.30>
ST_109 : Operation 279 [34/68] (7.30ns)   --->   "%empty_44 = writeresp i1 @_ssdm_op_WriteResp.m_axi.p1i8, i8 %aximm2_addr" [Server/p3/lzw.cpp:243]   --->   Operation 279 'writeresp' 'empty_44' <Predicate = true> <Delay = 7.30> <CoreInst = "m_axi">   --->   Core 121 'm_axi' <Latency = 6> <II = 1> <Delay = 1.00> <Adapter> <Opcode : 'read' 'write' 'readreq' 'writereq' 'writeresp'>

State 110 <SV = 107> <Delay = 7.30>
ST_110 : Operation 280 [33/68] (7.30ns)   --->   "%empty_44 = writeresp i1 @_ssdm_op_WriteResp.m_axi.p1i8, i8 %aximm2_addr" [Server/p3/lzw.cpp:243]   --->   Operation 280 'writeresp' 'empty_44' <Predicate = true> <Delay = 7.30> <CoreInst = "m_axi">   --->   Core 121 'm_axi' <Latency = 6> <II = 1> <Delay = 1.00> <Adapter> <Opcode : 'read' 'write' 'readreq' 'writereq' 'writeresp'>

State 111 <SV = 108> <Delay = 7.30>
ST_111 : Operation 281 [32/68] (7.30ns)   --->   "%empty_44 = writeresp i1 @_ssdm_op_WriteResp.m_axi.p1i8, i8 %aximm2_addr" [Server/p3/lzw.cpp:243]   --->   Operation 281 'writeresp' 'empty_44' <Predicate = true> <Delay = 7.30> <CoreInst = "m_axi">   --->   Core 121 'm_axi' <Latency = 6> <II = 1> <Delay = 1.00> <Adapter> <Opcode : 'read' 'write' 'readreq' 'writereq' 'writeresp'>

State 112 <SV = 109> <Delay = 7.30>
ST_112 : Operation 282 [31/68] (7.30ns)   --->   "%empty_44 = writeresp i1 @_ssdm_op_WriteResp.m_axi.p1i8, i8 %aximm2_addr" [Server/p3/lzw.cpp:243]   --->   Operation 282 'writeresp' 'empty_44' <Predicate = true> <Delay = 7.30> <CoreInst = "m_axi">   --->   Core 121 'm_axi' <Latency = 6> <II = 1> <Delay = 1.00> <Adapter> <Opcode : 'read' 'write' 'readreq' 'writereq' 'writeresp'>

State 113 <SV = 110> <Delay = 7.30>
ST_113 : Operation 283 [30/68] (7.30ns)   --->   "%empty_44 = writeresp i1 @_ssdm_op_WriteResp.m_axi.p1i8, i8 %aximm2_addr" [Server/p3/lzw.cpp:243]   --->   Operation 283 'writeresp' 'empty_44' <Predicate = true> <Delay = 7.30> <CoreInst = "m_axi">   --->   Core 121 'm_axi' <Latency = 6> <II = 1> <Delay = 1.00> <Adapter> <Opcode : 'read' 'write' 'readreq' 'writereq' 'writeresp'>

State 114 <SV = 111> <Delay = 7.30>
ST_114 : Operation 284 [29/68] (7.30ns)   --->   "%empty_44 = writeresp i1 @_ssdm_op_WriteResp.m_axi.p1i8, i8 %aximm2_addr" [Server/p3/lzw.cpp:243]   --->   Operation 284 'writeresp' 'empty_44' <Predicate = true> <Delay = 7.30> <CoreInst = "m_axi">   --->   Core 121 'm_axi' <Latency = 6> <II = 1> <Delay = 1.00> <Adapter> <Opcode : 'read' 'write' 'readreq' 'writereq' 'writeresp'>

State 115 <SV = 112> <Delay = 7.30>
ST_115 : Operation 285 [28/68] (7.30ns)   --->   "%empty_44 = writeresp i1 @_ssdm_op_WriteResp.m_axi.p1i8, i8 %aximm2_addr" [Server/p3/lzw.cpp:243]   --->   Operation 285 'writeresp' 'empty_44' <Predicate = true> <Delay = 7.30> <CoreInst = "m_axi">   --->   Core 121 'm_axi' <Latency = 6> <II = 1> <Delay = 1.00> <Adapter> <Opcode : 'read' 'write' 'readreq' 'writereq' 'writeresp'>

State 116 <SV = 113> <Delay = 7.30>
ST_116 : Operation 286 [27/68] (7.30ns)   --->   "%empty_44 = writeresp i1 @_ssdm_op_WriteResp.m_axi.p1i8, i8 %aximm2_addr" [Server/p3/lzw.cpp:243]   --->   Operation 286 'writeresp' 'empty_44' <Predicate = true> <Delay = 7.30> <CoreInst = "m_axi">   --->   Core 121 'm_axi' <Latency = 6> <II = 1> <Delay = 1.00> <Adapter> <Opcode : 'read' 'write' 'readreq' 'writereq' 'writeresp'>

State 117 <SV = 114> <Delay = 7.30>
ST_117 : Operation 287 [26/68] (7.30ns)   --->   "%empty_44 = writeresp i1 @_ssdm_op_WriteResp.m_axi.p1i8, i8 %aximm2_addr" [Server/p3/lzw.cpp:243]   --->   Operation 287 'writeresp' 'empty_44' <Predicate = true> <Delay = 7.30> <CoreInst = "m_axi">   --->   Core 121 'm_axi' <Latency = 6> <II = 1> <Delay = 1.00> <Adapter> <Opcode : 'read' 'write' 'readreq' 'writereq' 'writeresp'>

State 118 <SV = 115> <Delay = 7.30>
ST_118 : Operation 288 [25/68] (7.30ns)   --->   "%empty_44 = writeresp i1 @_ssdm_op_WriteResp.m_axi.p1i8, i8 %aximm2_addr" [Server/p3/lzw.cpp:243]   --->   Operation 288 'writeresp' 'empty_44' <Predicate = true> <Delay = 7.30> <CoreInst = "m_axi">   --->   Core 121 'm_axi' <Latency = 6> <II = 1> <Delay = 1.00> <Adapter> <Opcode : 'read' 'write' 'readreq' 'writereq' 'writeresp'>

State 119 <SV = 116> <Delay = 7.30>
ST_119 : Operation 289 [24/68] (7.30ns)   --->   "%empty_44 = writeresp i1 @_ssdm_op_WriteResp.m_axi.p1i8, i8 %aximm2_addr" [Server/p3/lzw.cpp:243]   --->   Operation 289 'writeresp' 'empty_44' <Predicate = true> <Delay = 7.30> <CoreInst = "m_axi">   --->   Core 121 'm_axi' <Latency = 6> <II = 1> <Delay = 1.00> <Adapter> <Opcode : 'read' 'write' 'readreq' 'writereq' 'writeresp'>

State 120 <SV = 117> <Delay = 7.30>
ST_120 : Operation 290 [23/68] (7.30ns)   --->   "%empty_44 = writeresp i1 @_ssdm_op_WriteResp.m_axi.p1i8, i8 %aximm2_addr" [Server/p3/lzw.cpp:243]   --->   Operation 290 'writeresp' 'empty_44' <Predicate = true> <Delay = 7.30> <CoreInst = "m_axi">   --->   Core 121 'm_axi' <Latency = 6> <II = 1> <Delay = 1.00> <Adapter> <Opcode : 'read' 'write' 'readreq' 'writereq' 'writeresp'>

State 121 <SV = 118> <Delay = 7.30>
ST_121 : Operation 291 [22/68] (7.30ns)   --->   "%empty_44 = writeresp i1 @_ssdm_op_WriteResp.m_axi.p1i8, i8 %aximm2_addr" [Server/p3/lzw.cpp:243]   --->   Operation 291 'writeresp' 'empty_44' <Predicate = true> <Delay = 7.30> <CoreInst = "m_axi">   --->   Core 121 'm_axi' <Latency = 6> <II = 1> <Delay = 1.00> <Adapter> <Opcode : 'read' 'write' 'readreq' 'writereq' 'writeresp'>

State 122 <SV = 119> <Delay = 7.30>
ST_122 : Operation 292 [21/68] (7.30ns)   --->   "%empty_44 = writeresp i1 @_ssdm_op_WriteResp.m_axi.p1i8, i8 %aximm2_addr" [Server/p3/lzw.cpp:243]   --->   Operation 292 'writeresp' 'empty_44' <Predicate = true> <Delay = 7.30> <CoreInst = "m_axi">   --->   Core 121 'm_axi' <Latency = 6> <II = 1> <Delay = 1.00> <Adapter> <Opcode : 'read' 'write' 'readreq' 'writereq' 'writeresp'>

State 123 <SV = 120> <Delay = 7.30>
ST_123 : Operation 293 [20/68] (7.30ns)   --->   "%empty_44 = writeresp i1 @_ssdm_op_WriteResp.m_axi.p1i8, i8 %aximm2_addr" [Server/p3/lzw.cpp:243]   --->   Operation 293 'writeresp' 'empty_44' <Predicate = true> <Delay = 7.30> <CoreInst = "m_axi">   --->   Core 121 'm_axi' <Latency = 6> <II = 1> <Delay = 1.00> <Adapter> <Opcode : 'read' 'write' 'readreq' 'writereq' 'writeresp'>

State 124 <SV = 121> <Delay = 7.30>
ST_124 : Operation 294 [19/68] (7.30ns)   --->   "%empty_44 = writeresp i1 @_ssdm_op_WriteResp.m_axi.p1i8, i8 %aximm2_addr" [Server/p3/lzw.cpp:243]   --->   Operation 294 'writeresp' 'empty_44' <Predicate = true> <Delay = 7.30> <CoreInst = "m_axi">   --->   Core 121 'm_axi' <Latency = 6> <II = 1> <Delay = 1.00> <Adapter> <Opcode : 'read' 'write' 'readreq' 'writereq' 'writeresp'>

State 125 <SV = 122> <Delay = 7.30>
ST_125 : Operation 295 [18/68] (7.30ns)   --->   "%empty_44 = writeresp i1 @_ssdm_op_WriteResp.m_axi.p1i8, i8 %aximm2_addr" [Server/p3/lzw.cpp:243]   --->   Operation 295 'writeresp' 'empty_44' <Predicate = true> <Delay = 7.30> <CoreInst = "m_axi">   --->   Core 121 'm_axi' <Latency = 6> <II = 1> <Delay = 1.00> <Adapter> <Opcode : 'read' 'write' 'readreq' 'writereq' 'writeresp'>

State 126 <SV = 123> <Delay = 7.30>
ST_126 : Operation 296 [17/68] (7.30ns)   --->   "%empty_44 = writeresp i1 @_ssdm_op_WriteResp.m_axi.p1i8, i8 %aximm2_addr" [Server/p3/lzw.cpp:243]   --->   Operation 296 'writeresp' 'empty_44' <Predicate = true> <Delay = 7.30> <CoreInst = "m_axi">   --->   Core 121 'm_axi' <Latency = 6> <II = 1> <Delay = 1.00> <Adapter> <Opcode : 'read' 'write' 'readreq' 'writereq' 'writeresp'>

State 127 <SV = 124> <Delay = 7.30>
ST_127 : Operation 297 [16/68] (7.30ns)   --->   "%empty_44 = writeresp i1 @_ssdm_op_WriteResp.m_axi.p1i8, i8 %aximm2_addr" [Server/p3/lzw.cpp:243]   --->   Operation 297 'writeresp' 'empty_44' <Predicate = true> <Delay = 7.30> <CoreInst = "m_axi">   --->   Core 121 'm_axi' <Latency = 6> <II = 1> <Delay = 1.00> <Adapter> <Opcode : 'read' 'write' 'readreq' 'writereq' 'writeresp'>

State 128 <SV = 125> <Delay = 7.30>
ST_128 : Operation 298 [15/68] (7.30ns)   --->   "%empty_44 = writeresp i1 @_ssdm_op_WriteResp.m_axi.p1i8, i8 %aximm2_addr" [Server/p3/lzw.cpp:243]   --->   Operation 298 'writeresp' 'empty_44' <Predicate = true> <Delay = 7.30> <CoreInst = "m_axi">   --->   Core 121 'm_axi' <Latency = 6> <II = 1> <Delay = 1.00> <Adapter> <Opcode : 'read' 'write' 'readreq' 'writereq' 'writeresp'>

State 129 <SV = 126> <Delay = 7.30>
ST_129 : Operation 299 [14/68] (7.30ns)   --->   "%empty_44 = writeresp i1 @_ssdm_op_WriteResp.m_axi.p1i8, i8 %aximm2_addr" [Server/p3/lzw.cpp:243]   --->   Operation 299 'writeresp' 'empty_44' <Predicate = true> <Delay = 7.30> <CoreInst = "m_axi">   --->   Core 121 'm_axi' <Latency = 6> <II = 1> <Delay = 1.00> <Adapter> <Opcode : 'read' 'write' 'readreq' 'writereq' 'writeresp'>

State 130 <SV = 127> <Delay = 7.30>
ST_130 : Operation 300 [13/68] (7.30ns)   --->   "%empty_44 = writeresp i1 @_ssdm_op_WriteResp.m_axi.p1i8, i8 %aximm2_addr" [Server/p3/lzw.cpp:243]   --->   Operation 300 'writeresp' 'empty_44' <Predicate = true> <Delay = 7.30> <CoreInst = "m_axi">   --->   Core 121 'm_axi' <Latency = 6> <II = 1> <Delay = 1.00> <Adapter> <Opcode : 'read' 'write' 'readreq' 'writereq' 'writeresp'>

State 131 <SV = 128> <Delay = 7.30>
ST_131 : Operation 301 [12/68] (7.30ns)   --->   "%empty_44 = writeresp i1 @_ssdm_op_WriteResp.m_axi.p1i8, i8 %aximm2_addr" [Server/p3/lzw.cpp:243]   --->   Operation 301 'writeresp' 'empty_44' <Predicate = true> <Delay = 7.30> <CoreInst = "m_axi">   --->   Core 121 'm_axi' <Latency = 6> <II = 1> <Delay = 1.00> <Adapter> <Opcode : 'read' 'write' 'readreq' 'writereq' 'writeresp'>

State 132 <SV = 129> <Delay = 7.30>
ST_132 : Operation 302 [11/68] (7.30ns)   --->   "%empty_44 = writeresp i1 @_ssdm_op_WriteResp.m_axi.p1i8, i8 %aximm2_addr" [Server/p3/lzw.cpp:243]   --->   Operation 302 'writeresp' 'empty_44' <Predicate = true> <Delay = 7.30> <CoreInst = "m_axi">   --->   Core 121 'm_axi' <Latency = 6> <II = 1> <Delay = 1.00> <Adapter> <Opcode : 'read' 'write' 'readreq' 'writereq' 'writeresp'>

State 133 <SV = 130> <Delay = 7.30>
ST_133 : Operation 303 [10/68] (7.30ns)   --->   "%empty_44 = writeresp i1 @_ssdm_op_WriteResp.m_axi.p1i8, i8 %aximm2_addr" [Server/p3/lzw.cpp:243]   --->   Operation 303 'writeresp' 'empty_44' <Predicate = true> <Delay = 7.30> <CoreInst = "m_axi">   --->   Core 121 'm_axi' <Latency = 6> <II = 1> <Delay = 1.00> <Adapter> <Opcode : 'read' 'write' 'readreq' 'writereq' 'writeresp'>

State 134 <SV = 131> <Delay = 7.30>
ST_134 : Operation 304 [9/68] (7.30ns)   --->   "%empty_44 = writeresp i1 @_ssdm_op_WriteResp.m_axi.p1i8, i8 %aximm2_addr" [Server/p3/lzw.cpp:243]   --->   Operation 304 'writeresp' 'empty_44' <Predicate = true> <Delay = 7.30> <CoreInst = "m_axi">   --->   Core 121 'm_axi' <Latency = 6> <II = 1> <Delay = 1.00> <Adapter> <Opcode : 'read' 'write' 'readreq' 'writereq' 'writeresp'>

State 135 <SV = 132> <Delay = 7.30>
ST_135 : Operation 305 [8/68] (7.30ns)   --->   "%empty_44 = writeresp i1 @_ssdm_op_WriteResp.m_axi.p1i8, i8 %aximm2_addr" [Server/p3/lzw.cpp:243]   --->   Operation 305 'writeresp' 'empty_44' <Predicate = true> <Delay = 7.30> <CoreInst = "m_axi">   --->   Core 121 'm_axi' <Latency = 6> <II = 1> <Delay = 1.00> <Adapter> <Opcode : 'read' 'write' 'readreq' 'writereq' 'writeresp'>

State 136 <SV = 133> <Delay = 7.30>
ST_136 : Operation 306 [7/68] (7.30ns)   --->   "%empty_44 = writeresp i1 @_ssdm_op_WriteResp.m_axi.p1i8, i8 %aximm2_addr" [Server/p3/lzw.cpp:243]   --->   Operation 306 'writeresp' 'empty_44' <Predicate = true> <Delay = 7.30> <CoreInst = "m_axi">   --->   Core 121 'm_axi' <Latency = 6> <II = 1> <Delay = 1.00> <Adapter> <Opcode : 'read' 'write' 'readreq' 'writereq' 'writeresp'>

State 137 <SV = 134> <Delay = 7.30>
ST_137 : Operation 307 [6/68] (7.30ns)   --->   "%empty_44 = writeresp i1 @_ssdm_op_WriteResp.m_axi.p1i8, i8 %aximm2_addr" [Server/p3/lzw.cpp:243]   --->   Operation 307 'writeresp' 'empty_44' <Predicate = true> <Delay = 7.30> <CoreInst = "m_axi">   --->   Core 121 'm_axi' <Latency = 6> <II = 1> <Delay = 1.00> <Adapter> <Opcode : 'read' 'write' 'readreq' 'writereq' 'writeresp'>

State 138 <SV = 135> <Delay = 7.30>
ST_138 : Operation 308 [5/68] (7.30ns)   --->   "%empty_44 = writeresp i1 @_ssdm_op_WriteResp.m_axi.p1i8, i8 %aximm2_addr" [Server/p3/lzw.cpp:243]   --->   Operation 308 'writeresp' 'empty_44' <Predicate = true> <Delay = 7.30> <CoreInst = "m_axi">   --->   Core 121 'm_axi' <Latency = 6> <II = 1> <Delay = 1.00> <Adapter> <Opcode : 'read' 'write' 'readreq' 'writereq' 'writeresp'>

State 139 <SV = 136> <Delay = 7.30>
ST_139 : Operation 309 [4/68] (7.30ns)   --->   "%empty_44 = writeresp i1 @_ssdm_op_WriteResp.m_axi.p1i8, i8 %aximm2_addr" [Server/p3/lzw.cpp:243]   --->   Operation 309 'writeresp' 'empty_44' <Predicate = true> <Delay = 7.30> <CoreInst = "m_axi">   --->   Core 121 'm_axi' <Latency = 6> <II = 1> <Delay = 1.00> <Adapter> <Opcode : 'read' 'write' 'readreq' 'writereq' 'writeresp'>

State 140 <SV = 137> <Delay = 7.30>
ST_140 : Operation 310 [3/68] (7.30ns)   --->   "%empty_44 = writeresp i1 @_ssdm_op_WriteResp.m_axi.p1i8, i8 %aximm2_addr" [Server/p3/lzw.cpp:243]   --->   Operation 310 'writeresp' 'empty_44' <Predicate = true> <Delay = 7.30> <CoreInst = "m_axi">   --->   Core 121 'm_axi' <Latency = 6> <II = 1> <Delay = 1.00> <Adapter> <Opcode : 'read' 'write' 'readreq' 'writereq' 'writeresp'>

State 141 <SV = 138> <Delay = 7.30>
ST_141 : Operation 311 [2/68] (7.30ns)   --->   "%empty_44 = writeresp i1 @_ssdm_op_WriteResp.m_axi.p1i8, i8 %aximm2_addr" [Server/p3/lzw.cpp:243]   --->   Operation 311 'writeresp' 'empty_44' <Predicate = true> <Delay = 7.30> <CoreInst = "m_axi">   --->   Core 121 'm_axi' <Latency = 6> <II = 1> <Delay = 1.00> <Adapter> <Opcode : 'read' 'write' 'readreq' 'writereq' 'writeresp'>

State 142 <SV = 139> <Delay = 7.30>
ST_142 : Operation 312 [1/68] (7.30ns)   --->   "%empty_44 = writeresp i1 @_ssdm_op_WriteResp.m_axi.p1i8, i8 %aximm2_addr" [Server/p3/lzw.cpp:243]   --->   Operation 312 'writeresp' 'empty_44' <Predicate = (icmp_ln239)> <Delay = 7.30> <CoreInst = "m_axi">   --->   Core 121 'm_axi' <Latency = 6> <II = 1> <Delay = 1.00> <Adapter> <Opcode : 'read' 'write' 'readreq' 'writereq' 'writeresp'>
ST_142 : Operation 313 [1/1] (0.00ns)   --->   "%br_ln243 = br void %.exit" [Server/p3/lzw.cpp:243]   --->   Operation 313 'br' 'br_ln243' <Predicate = (icmp_ln239)> <Delay = 0.00>
ST_142 : Operation 314 [1/1] (0.00ns)   --->   "%ret_ln0 = ret"   --->   Operation 314 'ret' 'ret_ln0' <Predicate = true> <Delay = 0.00>


============================================================
+ Verbose Summary: Timing violations
============================================================
Target clock period: 10ns, clock uncertainty: 2.7ns.

 <State 1>: 2.16ns
The critical path consists of the following:
	fifo read on port 'compressed_data' (Server/p3/lzw.cpp:234) [13]  (2.16 ns)

 <State 2>: 7.3ns
The critical path consists of the following:
	bus request on port 'gmem' (Server/p3/lzw.cpp:237) [23]  (7.3 ns)

 <State 3>: 7.3ns
The critical path consists of the following:
	bus write on port 'gmem' (Server/p3/lzw.cpp:237) [24]  (7.3 ns)

 <State 4>: 7.3ns
The critical path consists of the following:
	bus response on port 'gmem' (Server/p3/lzw.cpp:237) [25]  (7.3 ns)

 <State 5>: 7.3ns
The critical path consists of the following:
	bus response on port 'gmem' (Server/p3/lzw.cpp:237) [25]  (7.3 ns)

 <State 6>: 7.3ns
The critical path consists of the following:
	bus response on port 'gmem' (Server/p3/lzw.cpp:237) [25]  (7.3 ns)

 <State 7>: 7.3ns
The critical path consists of the following:
	bus response on port 'gmem' (Server/p3/lzw.cpp:237) [25]  (7.3 ns)

 <State 8>: 7.3ns
The critical path consists of the following:
	bus response on port 'gmem' (Server/p3/lzw.cpp:237) [25]  (7.3 ns)

 <State 9>: 7.3ns
The critical path consists of the following:
	bus response on port 'gmem' (Server/p3/lzw.cpp:237) [25]  (7.3 ns)

 <State 10>: 7.3ns
The critical path consists of the following:
	bus response on port 'gmem' (Server/p3/lzw.cpp:237) [25]  (7.3 ns)

 <State 11>: 7.3ns
The critical path consists of the following:
	bus response on port 'gmem' (Server/p3/lzw.cpp:237) [25]  (7.3 ns)

 <State 12>: 7.3ns
The critical path consists of the following:
	bus response on port 'gmem' (Server/p3/lzw.cpp:237) [25]  (7.3 ns)

 <State 13>: 7.3ns
The critical path consists of the following:
	bus response on port 'gmem' (Server/p3/lzw.cpp:237) [25]  (7.3 ns)

 <State 14>: 7.3ns
The critical path consists of the following:
	bus response on port 'gmem' (Server/p3/lzw.cpp:237) [25]  (7.3 ns)

 <State 15>: 7.3ns
The critical path consists of the following:
	bus response on port 'gmem' (Server/p3/lzw.cpp:237) [25]  (7.3 ns)

 <State 16>: 7.3ns
The critical path consists of the following:
	bus response on port 'gmem' (Server/p3/lzw.cpp:237) [25]  (7.3 ns)

 <State 17>: 7.3ns
The critical path consists of the following:
	bus response on port 'gmem' (Server/p3/lzw.cpp:237) [25]  (7.3 ns)

 <State 18>: 7.3ns
The critical path consists of the following:
	bus response on port 'gmem' (Server/p3/lzw.cpp:237) [25]  (7.3 ns)

 <State 19>: 7.3ns
The critical path consists of the following:
	bus response on port 'gmem' (Server/p3/lzw.cpp:237) [25]  (7.3 ns)

 <State 20>: 7.3ns
The critical path consists of the following:
	bus response on port 'gmem' (Server/p3/lzw.cpp:237) [25]  (7.3 ns)

 <State 21>: 7.3ns
The critical path consists of the following:
	bus response on port 'gmem' (Server/p3/lzw.cpp:237) [25]  (7.3 ns)

 <State 22>: 7.3ns
The critical path consists of the following:
	bus response on port 'gmem' (Server/p3/lzw.cpp:237) [25]  (7.3 ns)

 <State 23>: 7.3ns
The critical path consists of the following:
	bus response on port 'gmem' (Server/p3/lzw.cpp:237) [25]  (7.3 ns)

 <State 24>: 7.3ns
The critical path consists of the following:
	bus response on port 'gmem' (Server/p3/lzw.cpp:237) [25]  (7.3 ns)

 <State 25>: 7.3ns
The critical path consists of the following:
	bus response on port 'gmem' (Server/p3/lzw.cpp:237) [25]  (7.3 ns)

 <State 26>: 7.3ns
The critical path consists of the following:
	bus response on port 'gmem' (Server/p3/lzw.cpp:237) [25]  (7.3 ns)

 <State 27>: 7.3ns
The critical path consists of the following:
	bus response on port 'gmem' (Server/p3/lzw.cpp:237) [25]  (7.3 ns)

 <State 28>: 7.3ns
The critical path consists of the following:
	bus response on port 'gmem' (Server/p3/lzw.cpp:237) [25]  (7.3 ns)

 <State 29>: 7.3ns
The critical path consists of the following:
	bus response on port 'gmem' (Server/p3/lzw.cpp:237) [25]  (7.3 ns)

 <State 30>: 7.3ns
The critical path consists of the following:
	bus response on port 'gmem' (Server/p3/lzw.cpp:237) [25]  (7.3 ns)

 <State 31>: 7.3ns
The critical path consists of the following:
	bus response on port 'gmem' (Server/p3/lzw.cpp:237) [25]  (7.3 ns)

 <State 32>: 7.3ns
The critical path consists of the following:
	bus response on port 'gmem' (Server/p3/lzw.cpp:237) [25]  (7.3 ns)

 <State 33>: 7.3ns
The critical path consists of the following:
	bus response on port 'gmem' (Server/p3/lzw.cpp:237) [25]  (7.3 ns)

 <State 34>: 7.3ns
The critical path consists of the following:
	bus response on port 'gmem' (Server/p3/lzw.cpp:237) [25]  (7.3 ns)

 <State 35>: 7.3ns
The critical path consists of the following:
	bus response on port 'gmem' (Server/p3/lzw.cpp:237) [25]  (7.3 ns)

 <State 36>: 7.3ns
The critical path consists of the following:
	bus response on port 'gmem' (Server/p3/lzw.cpp:237) [25]  (7.3 ns)

 <State 37>: 7.3ns
The critical path consists of the following:
	bus response on port 'gmem' (Server/p3/lzw.cpp:237) [25]  (7.3 ns)

 <State 38>: 7.3ns
The critical path consists of the following:
	bus response on port 'gmem' (Server/p3/lzw.cpp:237) [25]  (7.3 ns)

 <State 39>: 7.3ns
The critical path consists of the following:
	bus response on port 'gmem' (Server/p3/lzw.cpp:237) [25]  (7.3 ns)

 <State 40>: 7.3ns
The critical path consists of the following:
	bus response on port 'gmem' (Server/p3/lzw.cpp:237) [25]  (7.3 ns)

 <State 41>: 7.3ns
The critical path consists of the following:
	bus response on port 'gmem' (Server/p3/lzw.cpp:237) [25]  (7.3 ns)

 <State 42>: 7.3ns
The critical path consists of the following:
	bus response on port 'gmem' (Server/p3/lzw.cpp:237) [25]  (7.3 ns)

 <State 43>: 7.3ns
The critical path consists of the following:
	bus response on port 'gmem' (Server/p3/lzw.cpp:237) [25]  (7.3 ns)

 <State 44>: 7.3ns
The critical path consists of the following:
	bus response on port 'gmem' (Server/p3/lzw.cpp:237) [25]  (7.3 ns)

 <State 45>: 7.3ns
The critical path consists of the following:
	bus response on port 'gmem' (Server/p3/lzw.cpp:237) [25]  (7.3 ns)

 <State 46>: 7.3ns
The critical path consists of the following:
	bus response on port 'gmem' (Server/p3/lzw.cpp:237) [25]  (7.3 ns)

 <State 47>: 7.3ns
The critical path consists of the following:
	bus response on port 'gmem' (Server/p3/lzw.cpp:237) [25]  (7.3 ns)

 <State 48>: 7.3ns
The critical path consists of the following:
	bus response on port 'gmem' (Server/p3/lzw.cpp:237) [25]  (7.3 ns)

 <State 49>: 7.3ns
The critical path consists of the following:
	bus response on port 'gmem' (Server/p3/lzw.cpp:237) [25]  (7.3 ns)

 <State 50>: 7.3ns
The critical path consists of the following:
	bus response on port 'gmem' (Server/p3/lzw.cpp:237) [25]  (7.3 ns)

 <State 51>: 7.3ns
The critical path consists of the following:
	bus response on port 'gmem' (Server/p3/lzw.cpp:237) [25]  (7.3 ns)

 <State 52>: 7.3ns
The critical path consists of the following:
	bus response on port 'gmem' (Server/p3/lzw.cpp:237) [25]  (7.3 ns)

 <State 53>: 7.3ns
The critical path consists of the following:
	bus response on port 'gmem' (Server/p3/lzw.cpp:237) [25]  (7.3 ns)

 <State 54>: 7.3ns
The critical path consists of the following:
	bus response on port 'gmem' (Server/p3/lzw.cpp:237) [25]  (7.3 ns)

 <State 55>: 7.3ns
The critical path consists of the following:
	bus response on port 'gmem' (Server/p3/lzw.cpp:237) [25]  (7.3 ns)

 <State 56>: 7.3ns
The critical path consists of the following:
	bus response on port 'gmem' (Server/p3/lzw.cpp:237) [25]  (7.3 ns)

 <State 57>: 7.3ns
The critical path consists of the following:
	bus response on port 'gmem' (Server/p3/lzw.cpp:237) [25]  (7.3 ns)

 <State 58>: 7.3ns
The critical path consists of the following:
	bus response on port 'gmem' (Server/p3/lzw.cpp:237) [25]  (7.3 ns)

 <State 59>: 7.3ns
The critical path consists of the following:
	bus response on port 'gmem' (Server/p3/lzw.cpp:237) [25]  (7.3 ns)

 <State 60>: 7.3ns
The critical path consists of the following:
	bus response on port 'gmem' (Server/p3/lzw.cpp:237) [25]  (7.3 ns)

 <State 61>: 7.3ns
The critical path consists of the following:
	bus response on port 'gmem' (Server/p3/lzw.cpp:237) [25]  (7.3 ns)

 <State 62>: 7.3ns
The critical path consists of the following:
	bus response on port 'gmem' (Server/p3/lzw.cpp:237) [25]  (7.3 ns)

 <State 63>: 7.3ns
The critical path consists of the following:
	bus response on port 'gmem' (Server/p3/lzw.cpp:237) [25]  (7.3 ns)

 <State 64>: 7.3ns
The critical path consists of the following:
	bus response on port 'gmem' (Server/p3/lzw.cpp:237) [25]  (7.3 ns)

 <State 65>: 7.3ns
The critical path consists of the following:
	bus response on port 'gmem' (Server/p3/lzw.cpp:237) [25]  (7.3 ns)

 <State 66>: 7.3ns
The critical path consists of the following:
	bus response on port 'gmem' (Server/p3/lzw.cpp:237) [25]  (7.3 ns)

 <State 67>: 7.3ns
The critical path consists of the following:
	bus response on port 'gmem' (Server/p3/lzw.cpp:237) [25]  (7.3 ns)

 <State 68>: 7.3ns
The critical path consists of the following:
	bus response on port 'gmem' (Server/p3/lzw.cpp:237) [25]  (7.3 ns)

 <State 69>: 7.3ns
The critical path consists of the following:
	bus response on port 'gmem' (Server/p3/lzw.cpp:237) [25]  (7.3 ns)

 <State 70>: 7.3ns
The critical path consists of the following:
	bus response on port 'gmem' (Server/p3/lzw.cpp:237) [25]  (7.3 ns)

 <State 71>: 7.3ns
The critical path consists of the following:
	'getelementptr' operation ('aximm2_addr', Server/p3/lzw.cpp:239) [30]  (0 ns)
	bus request on port 'aximm2' (Server/p3/lzw.cpp:239) [31]  (7.3 ns)

 <State 72>: 1.19ns
The critical path consists of the following:
	'phi' operation ('i', Server/p3/lzw.cpp:239) with incoming values : ('add_ln239', Server/p3/lzw.cpp:239) [34]  (0 ns)
	'add' operation ('add_ln239', Server/p3/lzw.cpp:239) [35]  (1.19 ns)

 <State 73>: 1.95ns
The critical path consists of the following:
	fifo read on port 'output_hw_stream' (/mnt/pollux/software/xilinx/2020.2/Vitis_HLS/2020.2/common/technology/autopilot/hls_stream_39.h:145) [42]  (1.95 ns)

 <State 74>: 7.3ns
The critical path consists of the following:
	bus write on port 'aximm2' (Server/p3/lzw.cpp:241) [43]  (7.3 ns)

 <State 75>: 7.3ns
The critical path consists of the following:
	bus response on port 'aximm2' (Server/p3/lzw.cpp:243) [46]  (7.3 ns)

 <State 76>: 7.3ns
The critical path consists of the following:
	bus response on port 'aximm2' (Server/p3/lzw.cpp:243) [46]  (7.3 ns)

 <State 77>: 7.3ns
The critical path consists of the following:
	bus response on port 'aximm2' (Server/p3/lzw.cpp:243) [46]  (7.3 ns)

 <State 78>: 7.3ns
The critical path consists of the following:
	bus response on port 'aximm2' (Server/p3/lzw.cpp:243) [46]  (7.3 ns)

 <State 79>: 7.3ns
The critical path consists of the following:
	bus response on port 'aximm2' (Server/p3/lzw.cpp:243) [46]  (7.3 ns)

 <State 80>: 7.3ns
The critical path consists of the following:
	bus response on port 'aximm2' (Server/p3/lzw.cpp:243) [46]  (7.3 ns)

 <State 81>: 7.3ns
The critical path consists of the following:
	bus response on port 'aximm2' (Server/p3/lzw.cpp:243) [46]  (7.3 ns)

 <State 82>: 7.3ns
The critical path consists of the following:
	bus response on port 'aximm2' (Server/p3/lzw.cpp:243) [46]  (7.3 ns)

 <State 83>: 7.3ns
The critical path consists of the following:
	bus response on port 'aximm2' (Server/p3/lzw.cpp:243) [46]  (7.3 ns)

 <State 84>: 7.3ns
The critical path consists of the following:
	bus response on port 'aximm2' (Server/p3/lzw.cpp:243) [46]  (7.3 ns)

 <State 85>: 7.3ns
The critical path consists of the following:
	bus response on port 'aximm2' (Server/p3/lzw.cpp:243) [46]  (7.3 ns)

 <State 86>: 7.3ns
The critical path consists of the following:
	bus response on port 'aximm2' (Server/p3/lzw.cpp:243) [46]  (7.3 ns)

 <State 87>: 7.3ns
The critical path consists of the following:
	bus response on port 'aximm2' (Server/p3/lzw.cpp:243) [46]  (7.3 ns)

 <State 88>: 7.3ns
The critical path consists of the following:
	bus response on port 'aximm2' (Server/p3/lzw.cpp:243) [46]  (7.3 ns)

 <State 89>: 7.3ns
The critical path consists of the following:
	bus response on port 'aximm2' (Server/p3/lzw.cpp:243) [46]  (7.3 ns)

 <State 90>: 7.3ns
The critical path consists of the following:
	bus response on port 'aximm2' (Server/p3/lzw.cpp:243) [46]  (7.3 ns)

 <State 91>: 7.3ns
The critical path consists of the following:
	bus response on port 'aximm2' (Server/p3/lzw.cpp:243) [46]  (7.3 ns)

 <State 92>: 7.3ns
The critical path consists of the following:
	bus response on port 'aximm2' (Server/p3/lzw.cpp:243) [46]  (7.3 ns)

 <State 93>: 7.3ns
The critical path consists of the following:
	bus response on port 'aximm2' (Server/p3/lzw.cpp:243) [46]  (7.3 ns)

 <State 94>: 7.3ns
The critical path consists of the following:
	bus response on port 'aximm2' (Server/p3/lzw.cpp:243) [46]  (7.3 ns)

 <State 95>: 7.3ns
The critical path consists of the following:
	bus response on port 'aximm2' (Server/p3/lzw.cpp:243) [46]  (7.3 ns)

 <State 96>: 7.3ns
The critical path consists of the following:
	bus response on port 'aximm2' (Server/p3/lzw.cpp:243) [46]  (7.3 ns)

 <State 97>: 7.3ns
The critical path consists of the following:
	bus response on port 'aximm2' (Server/p3/lzw.cpp:243) [46]  (7.3 ns)

 <State 98>: 7.3ns
The critical path consists of the following:
	bus response on port 'aximm2' (Server/p3/lzw.cpp:243) [46]  (7.3 ns)

 <State 99>: 7.3ns
The critical path consists of the following:
	bus response on port 'aximm2' (Server/p3/lzw.cpp:243) [46]  (7.3 ns)

 <State 100>: 7.3ns
The critical path consists of the following:
	bus response on port 'aximm2' (Server/p3/lzw.cpp:243) [46]  (7.3 ns)

 <State 101>: 7.3ns
The critical path consists of the following:
	bus response on port 'aximm2' (Server/p3/lzw.cpp:243) [46]  (7.3 ns)

 <State 102>: 7.3ns
The critical path consists of the following:
	bus response on port 'aximm2' (Server/p3/lzw.cpp:243) [46]  (7.3 ns)

 <State 103>: 7.3ns
The critical path consists of the following:
	bus response on port 'aximm2' (Server/p3/lzw.cpp:243) [46]  (7.3 ns)

 <State 104>: 7.3ns
The critical path consists of the following:
	bus response on port 'aximm2' (Server/p3/lzw.cpp:243) [46]  (7.3 ns)

 <State 105>: 7.3ns
The critical path consists of the following:
	bus response on port 'aximm2' (Server/p3/lzw.cpp:243) [46]  (7.3 ns)

 <State 106>: 7.3ns
The critical path consists of the following:
	bus response on port 'aximm2' (Server/p3/lzw.cpp:243) [46]  (7.3 ns)

 <State 107>: 7.3ns
The critical path consists of the following:
	bus response on port 'aximm2' (Server/p3/lzw.cpp:243) [46]  (7.3 ns)

 <State 108>: 7.3ns
The critical path consists of the following:
	bus response on port 'aximm2' (Server/p3/lzw.cpp:243) [46]  (7.3 ns)

 <State 109>: 7.3ns
The critical path consists of the following:
	bus response on port 'aximm2' (Server/p3/lzw.cpp:243) [46]  (7.3 ns)

 <State 110>: 7.3ns
The critical path consists of the following:
	bus response on port 'aximm2' (Server/p3/lzw.cpp:243) [46]  (7.3 ns)

 <State 111>: 7.3ns
The critical path consists of the following:
	bus response on port 'aximm2' (Server/p3/lzw.cpp:243) [46]  (7.3 ns)

 <State 112>: 7.3ns
The critical path consists of the following:
	bus response on port 'aximm2' (Server/p3/lzw.cpp:243) [46]  (7.3 ns)

 <State 113>: 7.3ns
The critical path consists of the following:
	bus response on port 'aximm2' (Server/p3/lzw.cpp:243) [46]  (7.3 ns)

 <State 114>: 7.3ns
The critical path consists of the following:
	bus response on port 'aximm2' (Server/p3/lzw.cpp:243) [46]  (7.3 ns)

 <State 115>: 7.3ns
The critical path consists of the following:
	bus response on port 'aximm2' (Server/p3/lzw.cpp:243) [46]  (7.3 ns)

 <State 116>: 7.3ns
The critical path consists of the following:
	bus response on port 'aximm2' (Server/p3/lzw.cpp:243) [46]  (7.3 ns)

 <State 117>: 7.3ns
The critical path consists of the following:
	bus response on port 'aximm2' (Server/p3/lzw.cpp:243) [46]  (7.3 ns)

 <State 118>: 7.3ns
The critical path consists of the following:
	bus response on port 'aximm2' (Server/p3/lzw.cpp:243) [46]  (7.3 ns)

 <State 119>: 7.3ns
The critical path consists of the following:
	bus response on port 'aximm2' (Server/p3/lzw.cpp:243) [46]  (7.3 ns)

 <State 120>: 7.3ns
The critical path consists of the following:
	bus response on port 'aximm2' (Server/p3/lzw.cpp:243) [46]  (7.3 ns)

 <State 121>: 7.3ns
The critical path consists of the following:
	bus response on port 'aximm2' (Server/p3/lzw.cpp:243) [46]  (7.3 ns)

 <State 122>: 7.3ns
The critical path consists of the following:
	bus response on port 'aximm2' (Server/p3/lzw.cpp:243) [46]  (7.3 ns)

 <State 123>: 7.3ns
The critical path consists of the following:
	bus response on port 'aximm2' (Server/p3/lzw.cpp:243) [46]  (7.3 ns)

 <State 124>: 7.3ns
The critical path consists of the following:
	bus response on port 'aximm2' (Server/p3/lzw.cpp:243) [46]  (7.3 ns)

 <State 125>: 7.3ns
The critical path consists of the following:
	bus response on port 'aximm2' (Server/p3/lzw.cpp:243) [46]  (7.3 ns)

 <State 126>: 7.3ns
The critical path consists of the following:
	bus response on port 'aximm2' (Server/p3/lzw.cpp:243) [46]  (7.3 ns)

 <State 127>: 7.3ns
The critical path consists of the following:
	bus response on port 'aximm2' (Server/p3/lzw.cpp:243) [46]  (7.3 ns)

 <State 128>: 7.3ns
The critical path consists of the following:
	bus response on port 'aximm2' (Server/p3/lzw.cpp:243) [46]  (7.3 ns)

 <State 129>: 7.3ns
The critical path consists of the following:
	bus response on port 'aximm2' (Server/p3/lzw.cpp:243) [46]  (7.3 ns)

 <State 130>: 7.3ns
The critical path consists of the following:
	bus response on port 'aximm2' (Server/p3/lzw.cpp:243) [46]  (7.3 ns)

 <State 131>: 7.3ns
The critical path consists of the following:
	bus response on port 'aximm2' (Server/p3/lzw.cpp:243) [46]  (7.3 ns)

 <State 132>: 7.3ns
The critical path consists of the following:
	bus response on port 'aximm2' (Server/p3/lzw.cpp:243) [46]  (7.3 ns)

 <State 133>: 7.3ns
The critical path consists of the following:
	bus response on port 'aximm2' (Server/p3/lzw.cpp:243) [46]  (7.3 ns)

 <State 134>: 7.3ns
The critical path consists of the following:
	bus response on port 'aximm2' (Server/p3/lzw.cpp:243) [46]  (7.3 ns)

 <State 135>: 7.3ns
The critical path consists of the following:
	bus response on port 'aximm2' (Server/p3/lzw.cpp:243) [46]  (7.3 ns)

 <State 136>: 7.3ns
The critical path consists of the following:
	bus response on port 'aximm2' (Server/p3/lzw.cpp:243) [46]  (7.3 ns)

 <State 137>: 7.3ns
The critical path consists of the following:
	bus response on port 'aximm2' (Server/p3/lzw.cpp:243) [46]  (7.3 ns)

 <State 138>: 7.3ns
The critical path consists of the following:
	bus response on port 'aximm2' (Server/p3/lzw.cpp:243) [46]  (7.3 ns)

 <State 139>: 7.3ns
The critical path consists of the following:
	bus response on port 'aximm2' (Server/p3/lzw.cpp:243) [46]  (7.3 ns)

 <State 140>: 7.3ns
The critical path consists of the following:
	bus response on port 'aximm2' (Server/p3/lzw.cpp:243) [46]  (7.3 ns)

 <State 141>: 7.3ns
The critical path consists of the following:
	bus response on port 'aximm2' (Server/p3/lzw.cpp:243) [46]  (7.3 ns)

 <State 142>: 7.3ns
The critical path consists of the following:
	bus response on port 'aximm2' (Server/p3/lzw.cpp:243) [46]  (7.3 ns)


============================================================
+ Verbose Summary: Binding
============================================================
N/A
* FSMD analyzer results:
  - Output states:
 - Input state : 
  - Chain level:
	State 1
	State 2
	State 3
	State 4
	State 5
	State 6
	State 7
	State 8
	State 9
	State 10
	State 11
	State 12
	State 13
	State 14
	State 15
	State 16
	State 17
	State 18
	State 19
	State 20
	State 21
	State 22
	State 23
	State 24
	State 25
	State 26
	State 27
	State 28
	State 29
	State 30
	State 31
	State 32
	State 33
	State 34
	State 35
	State 36
	State 37
	State 38
	State 39
	State 40
	State 41
	State 42
	State 43
	State 44
	State 45
	State 46
	State 47
	State 48
	State 49
	State 50
	State 51
	State 52
	State 53
	State 54
	State 55
	State 56
	State 57
	State 58
	State 59
	State 60
	State 61
	State 62
	State 63
	State 64
	State 65
	State 66
	State 67
	State 68
	State 69
	State 70
	State 71
	State 72
	State 73
	State 74
	State 75
	State 76
	State 77
	State 78
	State 79
	State 80
	State 81
	State 82
	State 83
	State 84
	State 85
	State 86
	State 87
	State 88
	State 89
	State 90
	State 91
	State 92
	State 93
	State 94
	State 95
	State 96
	State 97
	State 98
	State 99
	State 100
	State 101
	State 102
	State 103
	State 104
	State 105
	State 106
	State 107
	State 108
	State 109
	State 110
	State 111
	State 112
	State 113
	State 114
	State 115
	State 116
	State 117
	State 118
	State 119
	State 120
	State 121
	State 122
	State 123
	State 124
	State 125
	State 126
	State 127
	State 128
	State 129
	State 130
	State 131
	State 132
	State 133
	State 134
	State 135
	State 136
	State 137
	State 138
	State 139
	State 140
	State 141
	State 142


============================================================
+ Verbose Summary: Datapath Resource usage 
============================================================
N/A
