

================================================================
== Vitis HLS Report for 'mmult_fpga'
================================================================
* Date:           Thu Oct 17 03:36:17 2024

* Version:        2020.2 (Build 3064766 on Wed Nov 18 09:12:47 MST 2020)
* Project:        mmult_fpga
* Solution:       solution (Vitis Kernel Flow Target)
* Product family: zynquplus
* Target device:  xczu3eg-sbva484-1-i


================================================================
== Performance Estimates
================================================================
+ Timing: 
    * Summary: 
    +--------+---------+----------+------------+
    |  Clock |  Target | Estimated| Uncertainty|
    +--------+---------+----------+------------+
    |ap_clk  |  6.67 ns|  4.867 ns|     1.80 ns|
    +--------+---------+----------+------------+

+ Latency: 
    * Summary: 
    +---------+---------+----------+----------+--------+--------+----------+
    |  Latency (cycles) |  Latency (absolute) |     Interval    | Pipeline |
    |   min   |   max   |    min   |    max   |   min  |   max  |   Type   |
    +---------+---------+----------+----------+--------+--------+----------+
    |   300891|   300891|  2.006 ms|  2.006 ms|  300822|  300822|  dataflow|
    +---------+---------+----------+----------+--------+--------+----------+

    + Detail: 
        * Instance: 
        +----------------------+-----------+---------+---------+----------+----------+--------+--------+---------+
        |                      |           |  Latency (cycles) |  Latency (absolute) |     Interval    | Pipeline|
        |       Instance       |   Module  |   min   |   max   |    min   |    max   |   min  |   max  |   Type  |
        +----------------------+-----------+---------+---------+----------+----------+--------+--------+---------+
        |grp_execution_fu_124  |execution  |   300821|   300821|  2.006 ms|  2.006 ms|  300821|  300821|     none|
        |grp_read3_fu_131      |read3      |   133192|   133192|  0.888 ms|  0.888 ms|  133192|  133192|     none|
        |grp_write_r_fu_145    |write_r    |   133191|   133191|  0.888 ms|  0.888 ms|  133191|  133191|     none|
        +----------------------+-----------+---------+---------+----------+----------+--------+--------+---------+

        * Loop: 
        N/A

============================================================
+ Verbose Summary: Synthesis Manager
============================================================
InlineROM: 1
ExposeGlobal: 0
============================================================
+ Verbose Summary: CDFG Model
============================================================
IsTopModel: 1
ResetActiveHigh: 1
IsCombinational: 2
IsDatapathOnly: 0
HasWiredReturn: 1
HasMFsm: 0
HasVarLatency: 1
IsPipeline: 0
IsRtlPipelined: 0
IsInstanceOverlapped: 0
IsDontTouch: 0
HasImplIP: 0
IsGatedGlobalClock: 0


============================================================
+ Verbose Summary: Schedule
============================================================
* Number of FSM states : 7
* Pipeline : 0
* Dataflow Pipeline: 1
  DF-Pipeline-0: Size = 7, States = { 1 2 3 4 5 6 7 }

* FSM state transitions: 
1 --> 2 
2 --> 3 
3 --> 4 
4 --> 5 
5 --> 6 
6 --> 7 
7 --> 

* FSM state operations: 

State 1 <SV = 0> <Delay = 1.00>
ST_1 : Operation 8 [1/1] (1.00ns)   --->   "%C_read = read i64 @_ssdm_op_Read.s_axilite.i64, i64 %C" [/mnt/castor/seas_home/s/songqij/ese532_code/hw6/apps/mmult/fpga/hls/MMult.cpp:111]   --->   Operation 8 'read' 'C_read' <Predicate = true> <Delay = 1.00> <CoreInst = "s_axilite">   --->   Core 122 's_axilite' <Latency = 0> <II = 1> <Delay = 1.00> <Adapter> <Opcode : 'read' 'write'>
ST_1 : Operation 9 [1/1] (1.00ns)   --->   "%B_read = read i64 @_ssdm_op_Read.s_axilite.i64, i64 %B" [/mnt/castor/seas_home/s/songqij/ese532_code/hw6/apps/mmult/fpga/hls/MMult.cpp:111]   --->   Operation 9 'read' 'B_read' <Predicate = true> <Delay = 1.00> <CoreInst = "s_axilite">   --->   Core 122 's_axilite' <Latency = 0> <II = 1> <Delay = 1.00> <Adapter> <Opcode : 'read' 'write'>
ST_1 : Operation 10 [1/1] (1.00ns)   --->   "%A_read = read i64 @_ssdm_op_Read.s_axilite.i64, i64 %A" [/mnt/castor/seas_home/s/songqij/ese532_code/hw6/apps/mmult/fpga/hls/MMult.cpp:111]   --->   Operation 10 'read' 'A_read' <Predicate = true> <Delay = 1.00> <CoreInst = "s_axilite">   --->   Core 122 's_axilite' <Latency = 0> <II = 1> <Delay = 1.00> <Adapter> <Opcode : 'read' 'write'>
ST_1 : Operation 11 [1/1] (0.00ns)   --->   "%C_c = alloca i64 1" [/mnt/castor/seas_home/s/songqij/ese532_code/hw6/apps/mmult/fpga/hls/MMult.cpp:111]   --->   Operation 11 'alloca' 'C_c' <Predicate = true> <Delay = 0.00> <CoreInst = "FIFO_SRL">   --->   Core 81 'FIFO_SRL' <Latency = 0> <II = 1> <Delay = 2.16> <Storage> <Opcode : 'read' 'write' 'nbread' 'nbwrite'> <Ports = 0> <Width = 64> <Depth = 3> <FIFO>
ST_1 : Operation 12 [1/1] (0.00ns)   --->   "%A_tmp = alloca i64 1" [/mnt/castor/seas_home/s/songqij/ese532_code/hw6/apps/mmult/fpga/hls/MMult.cpp:120]   --->   Operation 12 'alloca' 'A_tmp' <Predicate = true> <Delay = 0.00> <CoreInst = "FIFO_SRL">   --->   Core 81 'FIFO_SRL' <Latency = 0> <II = 1> <Delay = 2.16> <Storage> <Opcode : 'read' 'write' 'nbread' 'nbwrite'> <Ports = 0> <Width = 32> <Depth = 2> <FIFO>
ST_1 : Operation 13 [1/1] (0.00ns)   --->   "%B_tmp = alloca i64 1" [/mnt/castor/seas_home/s/songqij/ese532_code/hw6/apps/mmult/fpga/hls/MMult.cpp:121]   --->   Operation 13 'alloca' 'B_tmp' <Predicate = true> <Delay = 0.00> <CoreInst = "FIFO_SRL">   --->   Core 81 'FIFO_SRL' <Latency = 0> <II = 1> <Delay = 2.16> <Storage> <Opcode : 'read' 'write' 'nbread' 'nbwrite'> <Ports = 0> <Width = 32> <Depth = 2> <FIFO>
ST_1 : Operation 14 [1/1] (0.00ns)   --->   "%result = alloca i64 1" [/mnt/castor/seas_home/s/songqij/ese532_code/hw6/apps/mmult/fpga/hls/MMult.cpp:122]   --->   Operation 14 'alloca' 'result' <Predicate = true> <Delay = 0.00> <CoreInst = "FIFO_SRL">   --->   Core 81 'FIFO_SRL' <Latency = 0> <II = 1> <Delay = 2.16> <Storage> <Opcode : 'read' 'write' 'nbread' 'nbwrite'> <Ports = 0> <Width = 32> <Depth = 2> <FIFO>

State 2 <SV = 1> <Delay = 4.86>
ST_2 : Operation 15 [2/2] (4.86ns)   --->   "%call_ln124 = call void @read3, i512 %b0, i512 %b1, i32 %A_tmp, i32 %B_tmp, i64 %A_read, i64 %B_read, i64 %C_read, i64 %C_c" [/mnt/castor/seas_home/s/songqij/ese532_code/hw6/apps/mmult/fpga/hls/MMult.cpp:124]   --->   Operation 15 'call' 'call_ln124' <Predicate = true> <Delay = 4.86> <CoreType = "Generic">   --->   Core 0 '' <Latency = 0> <II = 1> <Delay = 1.00> <Generic> <Opcode : >

State 3 <SV = 2> <Delay = 0.00>
ST_3 : Operation 16 [1/2] (0.00ns)   --->   "%call_ln124 = call void @read3, i512 %b0, i512 %b1, i32 %A_tmp, i32 %B_tmp, i64 %A_read, i64 %B_read, i64 %C_read, i64 %C_c" [/mnt/castor/seas_home/s/songqij/ese532_code/hw6/apps/mmult/fpga/hls/MMult.cpp:124]   --->   Operation 16 'call' 'call_ln124' <Predicate = true> <Delay = 0.00> <CoreType = "Generic">   --->   Core 0 '' <Latency = 0> <II = 1> <Delay = 1.00> <Generic> <Opcode : >

State 4 <SV = 3> <Delay = 0.00>
ST_4 : Operation 17 [2/2] (0.00ns)   --->   "%call_ln125 = call void @execution, i32 %A_tmp, i32 %B_tmp, i32 %result" [/mnt/castor/seas_home/s/songqij/ese532_code/hw6/apps/mmult/fpga/hls/MMult.cpp:125]   --->   Operation 17 'call' 'call_ln125' <Predicate = true> <Delay = 0.00> <CoreType = "Generic">   --->   Core 0 '' <Latency = 0> <II = 1> <Delay = 1.00> <Generic> <Opcode : >

State 5 <SV = 4> <Delay = 0.00>
ST_5 : Operation 18 [1/2] (0.00ns)   --->   "%call_ln125 = call void @execution, i32 %A_tmp, i32 %B_tmp, i32 %result" [/mnt/castor/seas_home/s/songqij/ese532_code/hw6/apps/mmult/fpga/hls/MMult.cpp:125]   --->   Operation 18 'call' 'call_ln125' <Predicate = true> <Delay = 0.00> <CoreType = "Generic">   --->   Core 0 '' <Latency = 0> <II = 1> <Delay = 1.00> <Generic> <Opcode : >

State 6 <SV = 5> <Delay = 0.00>
ST_6 : Operation 19 [2/2] (0.00ns)   --->   "%call_ln126 = call void @write, i32 %result, i512 %b2, i64 %C_c" [/mnt/castor/seas_home/s/songqij/ese532_code/hw6/apps/mmult/fpga/hls/MMult.cpp:126]   --->   Operation 19 'call' 'call_ln126' <Predicate = true> <Delay = 0.00> <CoreType = "Generic">   --->   Core 0 '' <Latency = 0> <II = 1> <Delay = 1.00> <Generic> <Opcode : >

State 7 <SV = 6> <Delay = 0.00>
ST_7 : Operation 20 [1/1] (0.00ns)   --->   "%specdataflowpipeline_ln0 = specdataflowpipeline void @_ssdm_op_SpecDataflowPipeline, i32 4294967295, i32 0, void @empty_7"   --->   Operation 20 'specdataflowpipeline' 'specdataflowpipeline_ln0' <Predicate = true> <Delay = 0.00>
ST_7 : Operation 21 [1/1] (0.00ns)   --->   "%spectopmodule_ln0 = spectopmodule void @_ssdm_op_SpecTopModule, void @empty_1"   --->   Operation 21 'spectopmodule' 'spectopmodule_ln0' <Predicate = true> <Delay = 0.00>
ST_7 : Operation 22 [1/1] (0.00ns)   --->   "%specinterface_ln0 = specinterface void @_ssdm_op_SpecInterface, i32 0, void @empty, i32 0, i32 0, void @empty_7, i32 0, i32 0, void @empty_7, void @empty_7, void @empty_7, i32 0, i32 0, i32 0, i32 0, void @empty_7, void @empty_7"   --->   Operation 22 'specinterface' 'specinterface_ln0' <Predicate = true> <Delay = 0.00>
ST_7 : Operation 23 [1/1] (0.00ns)   --->   "%specinterface_ln0 = specinterface void @_ssdm_op_SpecInterface, i512 %b0, void @empty_2, i32 0, i32 0, void @empty_7, i32 64, i32 0, void @empty_19, void @empty_17, void @empty_7, i32 16, i32 16, i32 16, i32 16, void @empty_7, void @empty_7"   --->   Operation 23 'specinterface' 'specinterface_ln0' <Predicate = true> <Delay = 0.00>
ST_7 : Operation 24 [1/1] (0.00ns)   --->   "%specbitsmap_ln0 = specbitsmap void @_ssdm_op_SpecBitsMap, i512 %b0"   --->   Operation 24 'specbitsmap' 'specbitsmap_ln0' <Predicate = true> <Delay = 0.00>
ST_7 : Operation 25 [1/1] (0.00ns)   --->   "%specinterface_ln0 = specinterface void @_ssdm_op_SpecInterface, i512 %b1, void @empty_2, i32 0, i32 0, void @empty_7, i32 64, i32 0, void @empty_6, void @empty_17, void @empty_7, i32 16, i32 16, i32 16, i32 16, void @empty_7, void @empty_7"   --->   Operation 25 'specinterface' 'specinterface_ln0' <Predicate = true> <Delay = 0.00>
ST_7 : Operation 26 [1/1] (0.00ns)   --->   "%specbitsmap_ln0 = specbitsmap void @_ssdm_op_SpecBitsMap, i512 %b1"   --->   Operation 26 'specbitsmap' 'specbitsmap_ln0' <Predicate = true> <Delay = 0.00>
ST_7 : Operation 27 [1/1] (0.00ns)   --->   "%specinterface_ln0 = specinterface void @_ssdm_op_SpecInterface, i512 %b2, void @empty_2, i32 0, i32 0, void @empty_7, i32 64, i32 0, void @empty_4, void @empty_17, void @empty_7, i32 16, i32 16, i32 16, i32 16, void @empty_7, void @empty_7"   --->   Operation 27 'specinterface' 'specinterface_ln0' <Predicate = true> <Delay = 0.00>
ST_7 : Operation 28 [1/1] (0.00ns)   --->   "%specbitsmap_ln0 = specbitsmap void @_ssdm_op_SpecBitsMap, i512 %b2"   --->   Operation 28 'specbitsmap' 'specbitsmap_ln0' <Predicate = true> <Delay = 0.00>
ST_7 : Operation 29 [1/1] (0.00ns)   --->   "%specinterface_ln0 = specinterface void @_ssdm_op_SpecInterface, i64 %A, void @empty_14, i32 0, i32 0, void @empty_7, i32 0, i32 0, void @empty_18, void @empty_3, void @empty_7, i32 0, i32 0, i32 0, i32 0, void @empty_7, void @empty_15"   --->   Operation 29 'specinterface' 'specinterface_ln0' <Predicate = true> <Delay = 0.00>
ST_7 : Operation 30 [1/1] (0.00ns)   --->   "%specinterface_ln0 = specinterface void @_ssdm_op_SpecInterface, i64 %A, void @empty_16, i32 0, i32 0, void @empty_7, i32 0, i32 0, void @empty_7, void @empty_7, void @empty_7, i32 0, i32 0, i32 0, i32 0, void @empty_7, void @empty_15"   --->   Operation 30 'specinterface' 'specinterface_ln0' <Predicate = true> <Delay = 0.00>
ST_7 : Operation 31 [1/1] (0.00ns)   --->   "%specinterface_ln0 = specinterface void @_ssdm_op_SpecInterface, i64 %B, void @empty_14, i32 0, i32 0, void @empty_7, i32 0, i32 0, void @empty_18, void @empty_8, void @empty_7, i32 0, i32 0, i32 0, i32 0, void @empty_7, void @empty_15"   --->   Operation 31 'specinterface' 'specinterface_ln0' <Predicate = true> <Delay = 0.00>
ST_7 : Operation 32 [1/1] (0.00ns)   --->   "%specinterface_ln0 = specinterface void @_ssdm_op_SpecInterface, i64 %B, void @empty_16, i32 0, i32 0, void @empty_7, i32 0, i32 0, void @empty_7, void @empty_7, void @empty_7, i32 0, i32 0, i32 0, i32 0, void @empty_7, void @empty_15"   --->   Operation 32 'specinterface' 'specinterface_ln0' <Predicate = true> <Delay = 0.00>
ST_7 : Operation 33 [1/1] (0.00ns)   --->   "%specinterface_ln0 = specinterface void @_ssdm_op_SpecInterface, i64 %C, void @empty_14, i32 0, i32 0, void @empty_7, i32 0, i32 0, void @empty_18, void @empty_10, void @empty_7, i32 0, i32 0, i32 0, i32 0, void @empty_7, void @empty_15"   --->   Operation 33 'specinterface' 'specinterface_ln0' <Predicate = true> <Delay = 0.00>
ST_7 : Operation 34 [1/1] (0.00ns)   --->   "%specinterface_ln0 = specinterface void @_ssdm_op_SpecInterface, i64 %C, void @empty_16, i32 0, i32 0, void @empty_7, i32 0, i32 0, void @empty_7, void @empty_7, void @empty_7, i32 0, i32 0, i32 0, i32 0, void @empty_7, void @empty_15"   --->   Operation 34 'specinterface' 'specinterface_ln0' <Predicate = true> <Delay = 0.00>
ST_7 : Operation 35 [1/1] (0.00ns)   --->   "%specinterface_ln0 = specinterface void @_ssdm_op_SpecInterface, i32 0, void @empty_14, i32 0, i32 0, void @empty_7, i32 0, i32 0, void @empty_18, void @empty_7, void @empty_7, i32 0, i32 0, i32 0, i32 0, void @empty_7, void @empty_7"   --->   Operation 35 'specinterface' 'specinterface_ln0' <Predicate = true> <Delay = 0.00>
ST_7 : Operation 36 [1/1] (0.00ns)   --->   "%empty = specchannel i32 @_ssdm_op_SpecChannel, void @A_tmp_str, i32 1, void @p_str, void @p_str, i32 2, i32 2, i32 %A_tmp, i32 %A_tmp"   --->   Operation 36 'specchannel' 'empty' <Predicate = true> <Delay = 0.00>
ST_7 : Operation 37 [1/1] (0.00ns)   --->   "%specinterface_ln0 = specinterface void @_ssdm_op_SpecInterface, i32 %A_tmp, void @empty_9, i32 0, i32 0, void @empty_7, i32 0, i32 0, void @empty_7, void @empty_7, void @empty_7, i32 0, i32 0, i32 0, i32 0, void @empty_7, void @empty_7"   --->   Operation 37 'specinterface' 'specinterface_ln0' <Predicate = true> <Delay = 0.00>
ST_7 : Operation 38 [1/1] (0.00ns)   --->   "%empty_38 = specchannel i32 @_ssdm_op_SpecChannel, void @B_tmp_str, i32 1, void @p_str, void @p_str, i32 2, i32 2, i32 %B_tmp, i32 %B_tmp"   --->   Operation 38 'specchannel' 'empty_38' <Predicate = true> <Delay = 0.00>
ST_7 : Operation 39 [1/1] (0.00ns)   --->   "%specinterface_ln0 = specinterface void @_ssdm_op_SpecInterface, i32 %B_tmp, void @empty_9, i32 0, i32 0, void @empty_7, i32 0, i32 0, void @empty_7, void @empty_7, void @empty_7, i32 0, i32 0, i32 0, i32 0, void @empty_7, void @empty_7"   --->   Operation 39 'specinterface' 'specinterface_ln0' <Predicate = true> <Delay = 0.00>
ST_7 : Operation 40 [1/1] (0.00ns)   --->   "%empty_39 = specchannel i32 @_ssdm_op_SpecChannel, void @result_str, i32 1, void @p_str, void @p_str, i32 2, i32 2, i32 %result, i32 %result"   --->   Operation 40 'specchannel' 'empty_39' <Predicate = true> <Delay = 0.00>
ST_7 : Operation 41 [1/1] (0.00ns)   --->   "%specinterface_ln0 = specinterface void @_ssdm_op_SpecInterface, i32 %result, void @empty_9, i32 0, i32 0, void @empty_7, i32 0, i32 0, void @empty_7, void @empty_7, void @empty_7, i32 0, i32 0, i32 0, i32 0, void @empty_7, void @empty_7"   --->   Operation 41 'specinterface' 'specinterface_ln0' <Predicate = true> <Delay = 0.00>
ST_7 : Operation 42 [1/1] (0.00ns)   --->   "%empty_40 = specchannel i32 @_ssdm_op_SpecChannel, void @C_c_str, i32 1, void @p_str, void @p_str, i32 3, i32 0, i64 %C_c, i64 %C_c" [/mnt/castor/seas_home/s/songqij/ese532_code/hw6/apps/mmult/fpga/hls/MMult.cpp:111]   --->   Operation 42 'specchannel' 'empty_40' <Predicate = true> <Delay = 0.00>
ST_7 : Operation 43 [1/1] (0.00ns)   --->   "%specinterface_ln111 = specinterface void @_ssdm_op_SpecInterface, i64 %C_c, void @ap_fifo_str, i32 0, i32 0, void @p_str, i32 0, i32 0, void @p_str, void @p_str, void @p_str, i32 2, i32 2, i32 16, i32 16, void @p_str, void @p_str" [/mnt/castor/seas_home/s/songqij/ese532_code/hw6/apps/mmult/fpga/hls/MMult.cpp:111]   --->   Operation 43 'specinterface' 'specinterface_ln111' <Predicate = true> <Delay = 0.00>
ST_7 : Operation 44 [1/2] (0.00ns)   --->   "%call_ln126 = call void @write, i32 %result, i512 %b2, i64 %C_c" [/mnt/castor/seas_home/s/songqij/ese532_code/hw6/apps/mmult/fpga/hls/MMult.cpp:126]   --->   Operation 44 'call' 'call_ln126' <Predicate = true> <Delay = 0.00> <CoreType = "Generic">   --->   Core 0 '' <Latency = 0> <II = 1> <Delay = 1.00> <Generic> <Opcode : >
ST_7 : Operation 45 [1/1] (0.00ns)   --->   "%ret_ln127 = ret" [/mnt/castor/seas_home/s/songqij/ese532_code/hw6/apps/mmult/fpga/hls/MMult.cpp:127]   --->   Operation 45 'ret' 'ret_ln127' <Predicate = true> <Delay = 0.00>


============================================================
+ Verbose Summary: Binding
============================================================
STG Binding: 
---------------- STG Properties BEGIN ----------------
- Is combinational: 0
- Is one-state seq: 0
- Is datapath-only: 0
- Is pipelined: 0
- Is top level: 1
Port [ Return ] is wired: 1; IO mode=ap_ctrl_chain:ce=0
Port [ b0]:  wired=1; compound=1; hidden=0; nouse=0; global=0; static=0; extern=0; dir=0; type=4; pingpong=0; private_global=0; IO mode=m_axi:ce=0
Port [ b1]:  wired=1; compound=1; hidden=0; nouse=0; global=0; static=0; extern=0; dir=0; type=4; pingpong=0; private_global=0; IO mode=m_axi:ce=0
Port [ b2]:  wired=1; compound=1; hidden=0; nouse=0; global=0; static=0; extern=0; dir=1; type=4; pingpong=0; private_global=0; IO mode=m_axi:ce=0
Port [ A]:  wired=1; compound=0; hidden=0; nouse=0; global=0; static=0; extern=0; dir=0; type=0; pingpong=0; private_global=0; IO mode=ap_none:ce=0
Port [ B]:  wired=1; compound=0; hidden=0; nouse=0; global=0; static=0; extern=0; dir=0; type=0; pingpong=0; private_global=0; IO mode=ap_none:ce=0
Port [ C]:  wired=1; compound=0; hidden=0; nouse=0; global=0; static=0; extern=0; dir=0; type=0; pingpong=0; private_global=0; IO mode=ap_none:ce=0
---------------- STG Properties END ------------------

---------------- Datapath Model BEGIN ----------------

<LifeTime>
<method=bitvector/>
C_read                   (read                ) [ 00110000]
B_read                   (read                ) [ 00110000]
A_read                   (read                ) [ 00110000]
C_c                      (alloca              ) [ 00111111]
A_tmp                    (alloca              ) [ 00111111]
B_tmp                    (alloca              ) [ 00111111]
result                   (alloca              ) [ 00111111]
call_ln124               (call                ) [ 00000000]
call_ln125               (call                ) [ 00000000]
specdataflowpipeline_ln0 (specdataflowpipeline) [ 00000000]
spectopmodule_ln0        (spectopmodule       ) [ 00000000]
specinterface_ln0        (specinterface       ) [ 00000000]
specinterface_ln0        (specinterface       ) [ 00000000]
specbitsmap_ln0          (specbitsmap         ) [ 00000000]
specinterface_ln0        (specinterface       ) [ 00000000]
specbitsmap_ln0          (specbitsmap         ) [ 00000000]
specinterface_ln0        (specinterface       ) [ 00000000]
specbitsmap_ln0          (specbitsmap         ) [ 00000000]
specinterface_ln0        (specinterface       ) [ 00000000]
specinterface_ln0        (specinterface       ) [ 00000000]
specinterface_ln0        (specinterface       ) [ 00000000]
specinterface_ln0        (specinterface       ) [ 00000000]
specinterface_ln0        (specinterface       ) [ 00000000]
specinterface_ln0        (specinterface       ) [ 00000000]
specinterface_ln0        (specinterface       ) [ 00000000]
empty                    (specchannel         ) [ 00000000]
specinterface_ln0        (specinterface       ) [ 00000000]
empty_38                 (specchannel         ) [ 00000000]
specinterface_ln0        (specinterface       ) [ 00000000]
empty_39                 (specchannel         ) [ 00000000]
specinterface_ln0        (specinterface       ) [ 00000000]
empty_40                 (specchannel         ) [ 00000000]
specinterface_ln111      (specinterface       ) [ 00000000]
call_ln126               (call                ) [ 00000000]
ret_ln127                (ret                 ) [ 00000000]
</LifeTime>

<model>

<comp_list>
<comp id="0" class="1000" name="b0">
<pin_list>
<pin id="1" dir="1" index="0" bw="1" slack="0"/>
</pin_list>
<bind>
<StgValue><ssdm name="b0"/></StgValue>
</bind>
</comp>

<comp id="2" class="1000" name="b1">
<pin_list>
<pin id="3" dir="1" index="0" bw="1" slack="0"/>
</pin_list>
<bind>
<StgValue><ssdm name="b1"/></StgValue>
</bind>
</comp>

<comp id="4" class="1000" name="b2">
<pin_list>
<pin id="5" dir="1" index="0" bw="1" slack="0"/>
</pin_list>
<bind>
<StgValue><ssdm name="b2"/></StgValue>
</bind>
</comp>

<comp id="6" class="1000" name="A">
<pin_list>
<pin id="7" dir="1" index="0" bw="1" slack="0"/>
</pin_list>
<bind>
<StgValue><ssdm name="A"/></StgValue>
</bind>
</comp>

<comp id="8" class="1000" name="B">
<pin_list>
<pin id="9" dir="1" index="0" bw="1" slack="0"/>
</pin_list>
<bind>
<StgValue><ssdm name="B"/></StgValue>
</bind>
</comp>

<comp id="10" class="1000" name="C">
<pin_list>
<pin id="11" dir="1" index="0" bw="1" slack="0"/>
</pin_list>
<bind>
<StgValue><ssdm name="C"/></StgValue>
</bind>
</comp>

<comp id="12" class="1001" name="const_12">
<pin_list>
<pin id="13" dir="1" index="0" bw="1" slack="0"/>
</pin_list>
<bind>
<StgValue><ssdm name="_ssdm_op_Read.s_axilite.i64"/></StgValue>
</bind>
</comp>

<comp id="14" class="1001" name="const_14">
<pin_list>
<pin id="15" dir="1" index="0" bw="1" slack="0"/>
</pin_list>
<bind>
<StgValue><ssdm name=""/></StgValue>
</bind>
</comp>

<comp id="16" class="1001" name="const_16">
<pin_list>
<pin id="17" dir="1" index="0" bw="1" slack="0"/>
</pin_list>
<bind>
<StgValue><ssdm name="read3"/></StgValue>
</bind>
</comp>

<comp id="18" class="1001" name="const_18">
<pin_list>
<pin id="19" dir="1" index="0" bw="1" slack="0"/>
</pin_list>
<bind>
<StgValue><ssdm name="execution"/></StgValue>
</bind>
</comp>

<comp id="20" class="1001" name="const_20">
<pin_list>
<pin id="21" dir="1" index="0" bw="1" slack="0"/>
</pin_list>
<bind>
<StgValue><ssdm name="write"/></StgValue>
</bind>
</comp>

<comp id="22" class="1001" name="const_22">
<pin_list>
<pin id="23" dir="1" index="0" bw="1" slack="2147483647"/>
</pin_list>
<bind>
<StgValue><ssdm name="_ssdm_op_SpecDataflowPipeline"/></StgValue>
</bind>
</comp>

<comp id="24" class="1001" name="const_24">
<pin_list>
<pin id="25" dir="1" index="0" bw="1" slack="2147483647"/>
</pin_list>
<bind>
<StgValue><ssdm name=""/></StgValue>
</bind>
</comp>

<comp id="26" class="1001" name="const_26">
<pin_list>
<pin id="27" dir="1" index="0" bw="1" slack="2147483647"/>
</pin_list>
<bind>
<StgValue><ssdm name=""/></StgValue>
</bind>
</comp>

<comp id="28" class="1001" name="const_28">
<pin_list>
<pin id="29" dir="1" index="0" bw="1" slack="2147483647"/>
</pin_list>
<bind>
<StgValue><ssdm name="empty_7"/></StgValue>
</bind>
</comp>

<comp id="30" class="1001" name="const_30">
<pin_list>
<pin id="31" dir="1" index="0" bw="1" slack="2147483647"/>
</pin_list>
<bind>
<StgValue><ssdm name="_ssdm_op_SpecTopModule"/></StgValue>
</bind>
</comp>

<comp id="32" class="1001" name="const_32">
<pin_list>
<pin id="33" dir="1" index="0" bw="1" slack="2147483647"/>
</pin_list>
<bind>
<StgValue><ssdm name="empty_1"/></StgValue>
</bind>
</comp>

<comp id="34" class="1001" name="const_34">
<pin_list>
<pin id="35" dir="1" index="0" bw="1" slack="2147483647"/>
</pin_list>
<bind>
<StgValue><ssdm name="_ssdm_op_SpecInterface"/></StgValue>
</bind>
</comp>

<comp id="36" class="1001" name="const_36">
<pin_list>
<pin id="37" dir="1" index="0" bw="1" slack="2147483647"/>
</pin_list>
<bind>
<StgValue><ssdm name="empty"/></StgValue>
</bind>
</comp>

<comp id="38" class="1001" name="const_38">
<pin_list>
<pin id="39" dir="1" index="0" bw="1" slack="2147483647"/>
</pin_list>
<bind>
<StgValue><ssdm name="empty_2"/></StgValue>
</bind>
</comp>

<comp id="40" class="1001" name="const_40">
<pin_list>
<pin id="41" dir="1" index="0" bw="1" slack="2147483647"/>
</pin_list>
<bind>
<StgValue><ssdm name=""/></StgValue>
</bind>
</comp>

<comp id="42" class="1001" name="const_42">
<pin_list>
<pin id="43" dir="1" index="0" bw="1" slack="2147483647"/>
</pin_list>
<bind>
<StgValue><ssdm name="empty_19"/></StgValue>
</bind>
</comp>

<comp id="44" class="1001" name="const_44">
<pin_list>
<pin id="45" dir="1" index="0" bw="1" slack="2147483647"/>
</pin_list>
<bind>
<StgValue><ssdm name="empty_17"/></StgValue>
</bind>
</comp>

<comp id="46" class="1001" name="const_46">
<pin_list>
<pin id="47" dir="1" index="0" bw="1" slack="2147483647"/>
</pin_list>
<bind>
<StgValue><ssdm name=""/></StgValue>
</bind>
</comp>

<comp id="48" class="1001" name="const_48">
<pin_list>
<pin id="49" dir="1" index="0" bw="1" slack="2147483647"/>
</pin_list>
<bind>
<StgValue><ssdm name="_ssdm_op_SpecBitsMap"/></StgValue>
</bind>
</comp>

<comp id="50" class="1001" name="const_50">
<pin_list>
<pin id="51" dir="1" index="0" bw="1" slack="2147483647"/>
</pin_list>
<bind>
<StgValue><ssdm name="empty_6"/></StgValue>
</bind>
</comp>

<comp id="52" class="1001" name="const_52">
<pin_list>
<pin id="53" dir="1" index="0" bw="1" slack="2147483647"/>
</pin_list>
<bind>
<StgValue><ssdm name="empty_4"/></StgValue>
</bind>
</comp>

<comp id="54" class="1001" name="const_54">
<pin_list>
<pin id="55" dir="1" index="0" bw="1" slack="2147483647"/>
</pin_list>
<bind>
<StgValue><ssdm name="empty_14"/></StgValue>
</bind>
</comp>

<comp id="56" class="1001" name="const_56">
<pin_list>
<pin id="57" dir="1" index="0" bw="1" slack="2147483647"/>
</pin_list>
<bind>
<StgValue><ssdm name="empty_18"/></StgValue>
</bind>
</comp>

<comp id="58" class="1001" name="const_58">
<pin_list>
<pin id="59" dir="1" index="0" bw="1" slack="2147483647"/>
</pin_list>
<bind>
<StgValue><ssdm name="empty_3"/></StgValue>
</bind>
</comp>

<comp id="60" class="1001" name="const_60">
<pin_list>
<pin id="61" dir="1" index="0" bw="1" slack="2147483647"/>
</pin_list>
<bind>
<StgValue><ssdm name="empty_15"/></StgValue>
</bind>
</comp>

<comp id="62" class="1001" name="const_62">
<pin_list>
<pin id="63" dir="1" index="0" bw="1" slack="2147483647"/>
</pin_list>
<bind>
<StgValue><ssdm name="empty_16"/></StgValue>
</bind>
</comp>

<comp id="64" class="1001" name="const_64">
<pin_list>
<pin id="65" dir="1" index="0" bw="1" slack="2147483647"/>
</pin_list>
<bind>
<StgValue><ssdm name="empty_8"/></StgValue>
</bind>
</comp>

<comp id="66" class="1001" name="const_66">
<pin_list>
<pin id="67" dir="1" index="0" bw="1" slack="2147483647"/>
</pin_list>
<bind>
<StgValue><ssdm name="empty_10"/></StgValue>
</bind>
</comp>

<comp id="68" class="1001" name="const_68">
<pin_list>
<pin id="69" dir="1" index="0" bw="1" slack="2147483647"/>
</pin_list>
<bind>
<StgValue><ssdm name="_ssdm_op_SpecChannel"/></StgValue>
</bind>
</comp>

<comp id="70" class="1001" name="const_70">
<pin_list>
<pin id="71" dir="1" index="0" bw="1" slack="2147483647"/>
</pin_list>
<bind>
<StgValue><ssdm name="A_tmp_str"/></StgValue>
</bind>
</comp>

<comp id="72" class="1001" name="const_72">
<pin_list>
<pin id="73" dir="1" index="0" bw="1" slack="2147483647"/>
</pin_list>
<bind>
<StgValue><ssdm name=""/></StgValue>
</bind>
</comp>

<comp id="74" class="1001" name="const_74">
<pin_list>
<pin id="75" dir="1" index="0" bw="1" slack="2147483647"/>
</pin_list>
<bind>
<StgValue><ssdm name="p_str"/></StgValue>
</bind>
</comp>

<comp id="76" class="1001" name="const_76">
<pin_list>
<pin id="77" dir="1" index="0" bw="1" slack="2147483647"/>
</pin_list>
<bind>
<StgValue><ssdm name=""/></StgValue>
</bind>
</comp>

<comp id="78" class="1001" name="const_78">
<pin_list>
<pin id="79" dir="1" index="0" bw="1" slack="2147483647"/>
</pin_list>
<bind>
<StgValue><ssdm name="empty_9"/></StgValue>
</bind>
</comp>

<comp id="80" class="1001" name="const_80">
<pin_list>
<pin id="81" dir="1" index="0" bw="1" slack="2147483647"/>
</pin_list>
<bind>
<StgValue><ssdm name="B_tmp_str"/></StgValue>
</bind>
</comp>

<comp id="82" class="1001" name="const_82">
<pin_list>
<pin id="83" dir="1" index="0" bw="1" slack="2147483647"/>
</pin_list>
<bind>
<StgValue><ssdm name="result_str"/></StgValue>
</bind>
</comp>

<comp id="84" class="1001" name="const_84">
<pin_list>
<pin id="85" dir="1" index="0" bw="1" slack="2147483647"/>
</pin_list>
<bind>
<StgValue><ssdm name="C_c_str"/></StgValue>
</bind>
</comp>

<comp id="86" class="1001" name="const_86">
<pin_list>
<pin id="87" dir="1" index="0" bw="1" slack="2147483647"/>
</pin_list>
<bind>
<StgValue><ssdm name=""/></StgValue>
</bind>
</comp>

<comp id="88" class="1001" name="const_88">
<pin_list>
<pin id="89" dir="1" index="0" bw="1" slack="2147483647"/>
</pin_list>
<bind>
<StgValue><ssdm name="ap_fifo_str"/></StgValue>
</bind>
</comp>

<comp id="90" class="1004" name="C_c_fu_90">
<pin_list>
<pin id="91" dir="0" index="0" bw="1" slack="0"/>
<pin id="92" dir="1" index="1" bw="64" slack="1"/>
</pin_list>
<bind>
<opcode="alloca(26) " fcode="alloca"/>
<opset="C_c/1 "/>
</bind>
</comp>

<comp id="94" class="1004" name="A_tmp_fu_94">
<pin_list>
<pin id="95" dir="0" index="0" bw="1" slack="0"/>
<pin id="96" dir="1" index="1" bw="32" slack="1"/>
</pin_list>
<bind>
<opcode="alloca(26) " fcode="alloca"/>
<opset="A_tmp/1 "/>
</bind>
</comp>

<comp id="98" class="1004" name="B_tmp_fu_98">
<pin_list>
<pin id="99" dir="0" index="0" bw="1" slack="0"/>
<pin id="100" dir="1" index="1" bw="32" slack="1"/>
</pin_list>
<bind>
<opcode="alloca(26) " fcode="alloca"/>
<opset="B_tmp/1 "/>
</bind>
</comp>

<comp id="102" class="1004" name="result_fu_102">
<pin_list>
<pin id="103" dir="0" index="0" bw="1" slack="0"/>
<pin id="104" dir="1" index="1" bw="32" slack="3"/>
</pin_list>
<bind>
<opcode="alloca(26) " fcode="alloca"/>
<opset="result/1 "/>
</bind>
</comp>

<comp id="106" class="1004" name="C_read_read_fu_106">
<pin_list>
<pin id="107" dir="0" index="0" bw="64" slack="0"/>
<pin id="108" dir="0" index="1" bw="64" slack="0"/>
<pin id="109" dir="1" index="2" bw="64" slack="1"/>
</pin_list>
<bind>
<opcode="read(1150) " fcode="read"/>
<opset="C_read/1 "/>
</bind>
</comp>

<comp id="112" class="1004" name="B_read_read_fu_112">
<pin_list>
<pin id="113" dir="0" index="0" bw="64" slack="0"/>
<pin id="114" dir="0" index="1" bw="64" slack="0"/>
<pin id="115" dir="1" index="2" bw="64" slack="1"/>
</pin_list>
<bind>
<opcode="read(1150) " fcode="read"/>
<opset="B_read/1 "/>
</bind>
</comp>

<comp id="118" class="1004" name="A_read_read_fu_118">
<pin_list>
<pin id="119" dir="0" index="0" bw="64" slack="0"/>
<pin id="120" dir="0" index="1" bw="64" slack="0"/>
<pin id="121" dir="1" index="2" bw="64" slack="1"/>
</pin_list>
<bind>
<opcode="read(1150) " fcode="read"/>
<opset="A_read/1 "/>
</bind>
</comp>

<comp id="124" class="1004" name="grp_execution_fu_124">
<pin_list>
<pin id="125" dir="0" index="0" bw="0" slack="0"/>
<pin id="126" dir="0" index="1" bw="32" slack="3"/>
<pin id="127" dir="0" index="2" bw="32" slack="3"/>
<pin id="128" dir="0" index="3" bw="32" slack="3"/>
<pin id="129" dir="1" index="4" bw="0" slack="2147483647"/>
</pin_list>
<bind>
<opcode="call(48) " fcode="call"/>
<opset="call_ln125/4 "/>
</bind>
</comp>

<comp id="131" class="1004" name="grp_read3_fu_131">
<pin_list>
<pin id="132" dir="0" index="0" bw="0" slack="0"/>
<pin id="133" dir="0" index="1" bw="512" slack="0"/>
<pin id="134" dir="0" index="2" bw="512" slack="0"/>
<pin id="135" dir="0" index="3" bw="32" slack="1"/>
<pin id="136" dir="0" index="4" bw="32" slack="1"/>
<pin id="137" dir="0" index="5" bw="64" slack="1"/>
<pin id="138" dir="0" index="6" bw="64" slack="1"/>
<pin id="139" dir="0" index="7" bw="64" slack="1"/>
<pin id="140" dir="0" index="8" bw="64" slack="1"/>
<pin id="141" dir="1" index="9" bw="0" slack="2147483647"/>
</pin_list>
<bind>
<opcode="call(48) " fcode="call"/>
<opset="call_ln124/2 "/>
</bind>
</comp>

<comp id="145" class="1004" name="grp_write_r_fu_145">
<pin_list>
<pin id="146" dir="0" index="0" bw="0" slack="0"/>
<pin id="147" dir="0" index="1" bw="32" slack="5"/>
<pin id="148" dir="0" index="2" bw="512" slack="0"/>
<pin id="149" dir="0" index="3" bw="64" slack="5"/>
<pin id="150" dir="1" index="4" bw="0" slack="2147483647"/>
</pin_list>
<bind>
<opcode="call(48) " fcode="call"/>
<opset="call_ln126/6 "/>
</bind>
</comp>

<comp id="153" class="1005" name="C_read_reg_153">
<pin_list>
<pin id="154" dir="0" index="0" bw="64" slack="1"/>
<pin id="155" dir="1" index="1" bw="64" slack="1"/>
</pin_list>
<bind>
<opset="C_read "/>
</bind>
</comp>

<comp id="158" class="1005" name="B_read_reg_158">
<pin_list>
<pin id="159" dir="0" index="0" bw="64" slack="1"/>
<pin id="160" dir="1" index="1" bw="64" slack="1"/>
</pin_list>
<bind>
<opset="B_read "/>
</bind>
</comp>

<comp id="163" class="1005" name="A_read_reg_163">
<pin_list>
<pin id="164" dir="0" index="0" bw="64" slack="1"/>
<pin id="165" dir="1" index="1" bw="64" slack="1"/>
</pin_list>
<bind>
<opset="A_read "/>
</bind>
</comp>

<comp id="168" class="1005" name="C_c_reg_168">
<pin_list>
<pin id="169" dir="0" index="0" bw="64" slack="1"/>
<pin id="170" dir="1" index="1" bw="64" slack="1"/>
</pin_list>
<bind>
<opset="C_c "/>
</bind>
</comp>

<comp id="174" class="1005" name="A_tmp_reg_174">
<pin_list>
<pin id="175" dir="0" index="0" bw="32" slack="1"/>
<pin id="176" dir="1" index="1" bw="32" slack="1"/>
</pin_list>
<bind>
<opset="A_tmp "/>
</bind>
</comp>

<comp id="180" class="1005" name="B_tmp_reg_180">
<pin_list>
<pin id="181" dir="0" index="0" bw="32" slack="1"/>
<pin id="182" dir="1" index="1" bw="32" slack="1"/>
</pin_list>
<bind>
<opset="B_tmp "/>
</bind>
</comp>

<comp id="186" class="1005" name="result_reg_186">
<pin_list>
<pin id="187" dir="0" index="0" bw="32" slack="3"/>
<pin id="188" dir="1" index="1" bw="32" slack="3"/>
</pin_list>
<bind>
<opset="result "/>
</bind>
</comp>

</comp_list>

<net_list>
<net id="93"><net_src comp="14" pin="0"/><net_sink comp="90" pin=0"/></net>

<net id="97"><net_src comp="14" pin="0"/><net_sink comp="94" pin=0"/></net>

<net id="101"><net_src comp="14" pin="0"/><net_sink comp="98" pin=0"/></net>

<net id="105"><net_src comp="14" pin="0"/><net_sink comp="102" pin=0"/></net>

<net id="110"><net_src comp="12" pin="0"/><net_sink comp="106" pin=0"/></net>

<net id="111"><net_src comp="10" pin="0"/><net_sink comp="106" pin=1"/></net>

<net id="116"><net_src comp="12" pin="0"/><net_sink comp="112" pin=0"/></net>

<net id="117"><net_src comp="8" pin="0"/><net_sink comp="112" pin=1"/></net>

<net id="122"><net_src comp="12" pin="0"/><net_sink comp="118" pin=0"/></net>

<net id="123"><net_src comp="6" pin="0"/><net_sink comp="118" pin=1"/></net>

<net id="130"><net_src comp="18" pin="0"/><net_sink comp="124" pin=0"/></net>

<net id="142"><net_src comp="16" pin="0"/><net_sink comp="131" pin=0"/></net>

<net id="143"><net_src comp="0" pin="0"/><net_sink comp="131" pin=1"/></net>

<net id="144"><net_src comp="2" pin="0"/><net_sink comp="131" pin=2"/></net>

<net id="151"><net_src comp="20" pin="0"/><net_sink comp="145" pin=0"/></net>

<net id="152"><net_src comp="4" pin="0"/><net_sink comp="145" pin=2"/></net>

<net id="156"><net_src comp="106" pin="2"/><net_sink comp="153" pin=0"/></net>

<net id="157"><net_src comp="153" pin="1"/><net_sink comp="131" pin=7"/></net>

<net id="161"><net_src comp="112" pin="2"/><net_sink comp="158" pin=0"/></net>

<net id="162"><net_src comp="158" pin="1"/><net_sink comp="131" pin=6"/></net>

<net id="166"><net_src comp="118" pin="2"/><net_sink comp="163" pin=0"/></net>

<net id="167"><net_src comp="163" pin="1"/><net_sink comp="131" pin=5"/></net>

<net id="171"><net_src comp="90" pin="1"/><net_sink comp="168" pin=0"/></net>

<net id="172"><net_src comp="168" pin="1"/><net_sink comp="131" pin=8"/></net>

<net id="173"><net_src comp="168" pin="1"/><net_sink comp="145" pin=3"/></net>

<net id="177"><net_src comp="94" pin="1"/><net_sink comp="174" pin=0"/></net>

<net id="178"><net_src comp="174" pin="1"/><net_sink comp="131" pin=3"/></net>

<net id="179"><net_src comp="174" pin="1"/><net_sink comp="124" pin=1"/></net>

<net id="183"><net_src comp="98" pin="1"/><net_sink comp="180" pin=0"/></net>

<net id="184"><net_src comp="180" pin="1"/><net_sink comp="131" pin=4"/></net>

<net id="185"><net_src comp="180" pin="1"/><net_sink comp="124" pin=2"/></net>

<net id="189"><net_src comp="102" pin="1"/><net_sink comp="186" pin=0"/></net>

<net id="190"><net_src comp="186" pin="1"/><net_sink comp="124" pin=3"/></net>

<net id="191"><net_src comp="186" pin="1"/><net_sink comp="145" pin=1"/></net>

</net_list>

</model> 
---------------- Datapath Model END ------------------

* FSMD analyzer results:
  - Output states:
	Port: b2 | {6 7 }
 - Input state : 
	Port: mmult_fpga : b0 | {2 3 }
	Port: mmult_fpga : b1 | {2 3 }
	Port: mmult_fpga : A | {1 }
	Port: mmult_fpga : B | {1 }
	Port: mmult_fpga : C | {1 }
  - Chain level:
	State 1
	State 2
	State 3
	State 4
	State 5
	State 6
	State 7


============================================================
+ Verbose Summary: Datapath Resource usage 
============================================================

* Functional unit list:
|----------|----------------------|---------|---------|---------|---------|---------|
| Operation|    Functional Unit   |   BRAM  |   DSP   |  Delay  |    FF   |   LUT   |
|----------|----------------------|---------|---------|---------|---------|---------|
|          | grp_execution_fu_124 |    64   |   160   |  35.008 |  18719  |  13369  |
|   call   |   grp_read3_fu_131   |    0    |    0    |  2.445  |   5062  |    92   |
|          |  grp_write_r_fu_145  |    0    |    0    |  1.467  |   1600  |   542   |
|----------|----------------------|---------|---------|---------|---------|---------|
|          |  C_read_read_fu_106  |    0    |    0    |    0    |    0    |    0    |
|   read   |  B_read_read_fu_112  |    0    |    0    |    0    |    0    |    0    |
|          |  A_read_read_fu_118  |    0    |    0    |    0    |    0    |    0    |
|----------|----------------------|---------|---------|---------|---------|---------|
|   Total  |                      |    64   |   160   |  38.92  |  25381  |  14003  |
|----------|----------------------|---------|---------|---------|---------|---------|

Memories:
N/A

* Register list:
+--------------+--------+
|              |   FF   |
+--------------+--------+
|A_read_reg_163|   64   |
| A_tmp_reg_174|   32   |
|B_read_reg_158|   64   |
| B_tmp_reg_180|   32   |
|  C_c_reg_168 |   64   |
|C_read_reg_153|   64   |
|result_reg_186|   32   |
+--------------+--------+
|     Total    |   352  |
+--------------+--------+

* Multiplexer (MUX) list: 
|--------|------|------|------|--------|
|  Comp  |  Pin | Size |  BW  | S x BW |
|--------|------|------|------|--------|
|  Total |      |      |      |    0   |
|--------|------|------|------|--------|



* Summary:
+-----------+--------+--------+--------+--------+--------+
|           |  BRAM  |   DSP  |  Delay |   FF   |   LUT  |
+-----------+--------+--------+--------+--------+--------+
|  Function |   64   |   160  |   38   |  25381 |  14003 |
|   Memory  |    -   |    -   |    -   |    -   |    -   |
|Multiplexer|    -   |    -   |    -   |    -   |    -   |
|  Register |    -   |    -   |    -   |   352  |    -   |
+-----------+--------+--------+--------+--------+--------+
|   Total   |   64   |   160  |   38   |  25733 |  14003 |
+-----------+--------+--------+--------+--------+--------+
