

================================================================
== Vitis HLS Report for 'write_r'
================================================================
* Date:           Thu Oct 17 03:36:17 2024

* Version:        2020.2 (Build 3064766 on Wed Nov 18 09:12:47 MST 2020)
* Project:        mmult_fpga
* Solution:       solution (Vitis Kernel Flow Target)
* Product family: zynquplus
* Target device:  xczu3eg-sbva484-1-i


================================================================
== Performance Estimates
================================================================
+ Timing: 
    * Summary: 
    +--------+---------+----------+------------+
    |  Clock |  Target | Estimated| Uncertainty|
    +--------+---------+----------+------------+
    |ap_clk  |  6.67 ns|  4.867 ns|     1.80 ns|
    +--------+---------+----------+------------+

+ Latency: 
    * Summary: 
    +---------+---------+----------+----------+--------+--------+---------+
    |  Latency (cycles) |  Latency (absolute) |     Interval    | Pipeline|
    |   min   |   max   |    min   |    max   |   min  |   max  |   Type  |
    +---------+---------+----------+----------+--------+--------+---------+
    |   133191|   133191|  0.888 ms|  0.888 ms|  133191|  133191|     none|
    +---------+---------+----------+----------+--------+--------+---------+

    + Detail: 
        * Instance: 
        N/A

        * Loop: 
        +--------------------+---------+---------+----------+-----------+-----------+--------+----------+
        |                    |  Latency (cycles) | Iteration|  Initiation Interval  |  Trip  |          |
        |      Loop Name     |   min   |   max   |  Latency |  achieved |   target  |  Count | Pipelined|
        +--------------------+---------+---------+----------+-----------+-----------+--------+----------+
        |- VITIS_LOOP_103_1  |   133121|   133121|         3|          1|          1|  133120|       yes|
        +--------------------+---------+---------+----------+-----------+-----------+--------+----------+

============================================================
+ Verbose Summary: Synthesis Manager
============================================================
InlineROM: 1
ExposeGlobal: 0
============================================================
+ Verbose Summary: CDFG Model
============================================================
IsTopModel: 0
ResetActiveHigh: 1
IsCombinational: 2
IsDatapathOnly: 0
HasWiredReturn: 1
HasMFsm: 0
HasVarLatency: 1
IsPipeline: 0
IsRtlPipelined: 0
IsInstanceOverlapped: 0
IsDontTouch: 0
HasImplIP: 0
IsGatedGlobalClock: 0

+ Individual pipeline summary: 
  * Pipeline-0: initiation interval (II) = 1, depth = 3


============================================================
+ Verbose Summary: Schedule
============================================================
* Number of FSM states : 73
* Pipeline : 1
  Pipeline-0 : II = 1, D = 3, States = { 3 4 5 }
* Dataflow Pipeline: 0

* FSM state transitions: 
1 --> 2 
2 --> 3 
3 --> 6 4 
4 --> 5 
5 --> 3 
6 --> 7 
7 --> 8 
8 --> 9 
9 --> 10 
10 --> 11 
11 --> 12 
12 --> 13 
13 --> 14 
14 --> 15 
15 --> 16 
16 --> 17 
17 --> 18 
18 --> 19 
19 --> 20 
20 --> 21 
21 --> 22 
22 --> 23 
23 --> 24 
24 --> 25 
25 --> 26 
26 --> 27 
27 --> 28 
28 --> 29 
29 --> 30 
30 --> 31 
31 --> 32 
32 --> 33 
33 --> 34 
34 --> 35 
35 --> 36 
36 --> 37 
37 --> 38 
38 --> 39 
39 --> 40 
40 --> 41 
41 --> 42 
42 --> 43 
43 --> 44 
44 --> 45 
45 --> 46 
46 --> 47 
47 --> 48 
48 --> 49 
49 --> 50 
50 --> 51 
51 --> 52 
52 --> 53 
53 --> 54 
54 --> 55 
55 --> 56 
56 --> 57 
57 --> 58 
58 --> 59 
59 --> 60 
60 --> 61 
61 --> 62 
62 --> 63 
63 --> 64 
64 --> 65 
65 --> 66 
66 --> 67 
67 --> 68 
68 --> 69 
69 --> 70 
70 --> 71 
71 --> 72 
72 --> 73 
73 --> 

* FSM state operations: 

State 1 <SV = 0> <Delay = 2.16>
ST_1 : Operation 74 [1/1] (2.16ns)   --->   "%output_read = read i64 @_ssdm_op_Read.ap_fifo.i64P0A, i64 %output_r" [/mnt/castor/seas_home/s/songqij/ese532_code/hw6/apps/mmult/fpga/hls/MMult.cpp:103]   --->   Operation 74 'read' 'output_read' <Predicate = true> <Delay = 2.16> <CoreInst = "FIFO_SRL">   --->   Core 81 'FIFO_SRL' <Latency = 0> <II = 1> <Delay = 2.16> <Storage> <Opcode : 'read' 'write' 'nbread' 'nbwrite'> <Ports = 0> <Width = 64> <Depth = 3> <FIFO>
ST_1 : Operation 75 [1/1] (0.00ns)   --->   "%trunc_ln = partselect i58 @_ssdm_op_PartSelect.i58.i64.i32.i32, i64 %output_read, i32 6, i32 63" [/mnt/castor/seas_home/s/songqij/ese532_code/hw6/apps/mmult/fpga/hls/MMult.cpp:103->/mnt/castor/seas_home/s/songqij/ese532_code/hw6/apps/mmult/fpga/hls/MMult.cpp:111]   --->   Operation 75 'partselect' 'trunc_ln' <Predicate = true> <Delay = 0.00>

State 2 <SV = 1> <Delay = 4.86>
ST_2 : Operation 76 [1/1] (0.00ns)   --->   "%specinterface_ln0 = specinterface void @_ssdm_op_SpecInterface, i32 %result5, void @empty_9, i32 0, i32 0, void @empty_7, i32 0, i32 0, void @empty_7, void @empty_7, void @empty_7, i32 0, i32 0, i32 0, i32 0, void @empty_7, void @empty_7"   --->   Operation 76 'specinterface' 'specinterface_ln0' <Predicate = true> <Delay = 0.00>
ST_2 : Operation 77 [1/1] (0.00ns)   --->   "%specinterface_ln0 = specinterface void @_ssdm_op_SpecInterface, i512 %b2, void @empty_2, i32 0, i32 0, void @empty_7, i32 64, i32 0, void @empty_4, void @empty_17, void @empty_7, i32 16, i32 16, i32 16, i32 16, void @empty_7, void @empty_7"   --->   Operation 77 'specinterface' 'specinterface_ln0' <Predicate = true> <Delay = 0.00>
ST_2 : Operation 78 [1/1] (0.00ns)   --->   "%specinterface_ln0 = specinterface void @_ssdm_op_SpecInterface, i64 %output_r, void @ap_fifo_str, i32 0, i32 0, void @p_str, i32 0, i32 0, void @p_str, void @p_str, void @p_str, i32 2, i32 2, i32 16, i32 16, void @p_str, void @ScalarProp_str"   --->   Operation 78 'specinterface' 'specinterface_ln0' <Predicate = true> <Delay = 0.00>
ST_2 : Operation 79 [1/1] (0.00ns)   --->   "%specinterface_ln0 = specinterface void @_ssdm_op_SpecInterface, i32 %result5, void @empty_9, i32 0, i32 0, void @empty_7, i32 0, i32 0, void @empty_7, void @empty_7, void @empty_7, i32 0, i32 0, i32 0, i32 0, void @empty_7, void @empty_7"   --->   Operation 79 'specinterface' 'specinterface_ln0' <Predicate = true> <Delay = 0.00>
ST_2 : Operation 80 [1/1] (0.00ns)   --->   "%specinterface_ln0 = specinterface void @_ssdm_op_SpecInterface, i512 %b2, void @empty_2, i32 0, i32 0, void @empty_7, i32 64, i32 0, void @empty_4, void @empty_17, void @empty_7, i32 16, i32 16, i32 16, i32 16, void @empty_7, void @empty_7"   --->   Operation 80 'specinterface' 'specinterface_ln0' <Predicate = true> <Delay = 0.00>
ST_2 : Operation 81 [1/1] (0.00ns)   --->   "%sext_ln103 = sext i58 %trunc_ln" [/mnt/castor/seas_home/s/songqij/ese532_code/hw6/apps/mmult/fpga/hls/MMult.cpp:103->/mnt/castor/seas_home/s/songqij/ese532_code/hw6/apps/mmult/fpga/hls/MMult.cpp:111]   --->   Operation 81 'sext' 'sext_ln103' <Predicate = true> <Delay = 0.00>
ST_2 : Operation 82 [1/1] (0.00ns)   --->   "%b2_addr = getelementptr i512 %b2, i64 %sext_ln103" [/mnt/castor/seas_home/s/songqij/ese532_code/hw6/apps/mmult/fpga/hls/MMult.cpp:103->/mnt/castor/seas_home/s/songqij/ese532_code/hw6/apps/mmult/fpga/hls/MMult.cpp:111]   --->   Operation 82 'getelementptr' 'b2_addr' <Predicate = true> <Delay = 0.00>
ST_2 : Operation 83 [1/1] (4.86ns)   --->   "%empty = writereq i1 @_ssdm_op_WriteReq.m_axi.p1i512, i512 %b2_addr, i32 8320" [/mnt/castor/seas_home/s/songqij/ese532_code/hw6/apps/mmult/fpga/hls/MMult.cpp:103->/mnt/castor/seas_home/s/songqij/ese532_code/hw6/apps/mmult/fpga/hls/MMult.cpp:111]   --->   Operation 83 'writereq' 'empty' <Predicate = true> <Delay = 4.86> <CoreInst = "m_axi">   --->   Core 121 'm_axi' <Latency = 6> <II = 1> <Delay = 1.00> <Adapter> <Opcode : 'read' 'write' 'readreq' 'writereq' 'writeresp'>
ST_2 : Operation 84 [1/1] (0.48ns)   --->   "%br_ln103 = br void" [/mnt/castor/seas_home/s/songqij/ese532_code/hw6/apps/mmult/fpga/hls/MMult.cpp:103->/mnt/castor/seas_home/s/songqij/ese532_code/hw6/apps/mmult/fpga/hls/MMult.cpp:111]   --->   Operation 84 'br' 'br_ln103' <Predicate = true> <Delay = 0.48>

State 3 <SV = 2> <Delay = 1.03>
ST_3 : Operation 85 [1/1] (0.00ns)   --->   "%i = phi i18 %add_ln103, void %.split._crit_edge.i, i18 0, void %entry" [/mnt/castor/seas_home/s/songqij/ese532_code/hw6/apps/mmult/fpga/hls/MMult.cpp:103->/mnt/castor/seas_home/s/songqij/ese532_code/hw6/apps/mmult/fpga/hls/MMult.cpp:111]   --->   Operation 85 'phi' 'i' <Predicate = true> <Delay = 0.00>
ST_3 : Operation 86 [1/1] (0.00ns)   --->   "%phi_ln105 = phi i480 %select_ln105, void %.split._crit_edge.i, i480 0, void %entry" [/mnt/castor/seas_home/s/songqij/ese532_code/hw6/apps/mmult/fpga/hls/MMult.cpp:105->/mnt/castor/seas_home/s/songqij/ese532_code/hw6/apps/mmult/fpga/hls/MMult.cpp:111]   --->   Operation 86 'phi' 'phi_ln105' <Predicate = true> <Delay = 0.00>
ST_3 : Operation 87 [1/1] (1.03ns)   --->   "%add_ln103 = add i18 %i, i18 1" [/mnt/castor/seas_home/s/songqij/ese532_code/hw6/apps/mmult/fpga/hls/MMult.cpp:103->/mnt/castor/seas_home/s/songqij/ese532_code/hw6/apps/mmult/fpga/hls/MMult.cpp:111]   --->   Operation 87 'add' 'add_ln103' <Predicate = true> <Delay = 1.03> <CoreInst = "Adder">   --->   Core 1 'Adder' <Latency = 0> <II = 1> <Delay = 1.03> <FuncUnit> <Opcode : 'add' 'sub'> <InPorts = 2> <OutPorts = 1>
ST_3 : Operation 88 [1/1] (0.00ns)   --->   "%specpipeline_ln0 = specpipeline void @_ssdm_op_SpecPipeline, i32 4294967295, i32 0, i32 1, i32 0, void @p_str"   --->   Operation 88 'specpipeline' 'specpipeline_ln0' <Predicate = true> <Delay = 0.00>
ST_3 : Operation 89 [1/1] (0.89ns)   --->   "%icmp_ln103 = icmp_eq  i18 %i, i18 133120" [/mnt/castor/seas_home/s/songqij/ese532_code/hw6/apps/mmult/fpga/hls/MMult.cpp:103->/mnt/castor/seas_home/s/songqij/ese532_code/hw6/apps/mmult/fpga/hls/MMult.cpp:111]   --->   Operation 89 'icmp' 'icmp_ln103' <Predicate = true> <Delay = 0.89> <CoreInst = "Cmp">   --->   Core 9 'Cmp' <Latency = 0> <II = 1> <Delay = 0.88> <FuncUnit> <Opcode : 'icmp'> <InPorts = 2> <OutPorts = 1>
ST_3 : Operation 90 [1/1] (0.00ns)   --->   "%empty_31 = speclooptripcount i32 @_ssdm_op_SpecLoopTripCount, i64 133120, i64 133120, i64 133120"   --->   Operation 90 'speclooptripcount' 'empty_31' <Predicate = true> <Delay = 0.00>
ST_3 : Operation 91 [1/1] (0.00ns)   --->   "%br_ln103 = br i1 %icmp_ln103, void %.split.i, void %.exit" [/mnt/castor/seas_home/s/songqij/ese532_code/hw6/apps/mmult/fpga/hls/MMult.cpp:103->/mnt/castor/seas_home/s/songqij/ese532_code/hw6/apps/mmult/fpga/hls/MMult.cpp:111]   --->   Operation 91 'br' 'br_ln103' <Predicate = true> <Delay = 0.00>
ST_3 : Operation 92 [1/1] (0.00ns)   --->   "%empty_32 = trunc i18 %i" [/mnt/castor/seas_home/s/songqij/ese532_code/hw6/apps/mmult/fpga/hls/MMult.cpp:103->/mnt/castor/seas_home/s/songqij/ese532_code/hw6/apps/mmult/fpga/hls/MMult.cpp:111]   --->   Operation 92 'trunc' 'empty_32' <Predicate = (!icmp_ln103)> <Delay = 0.00>
ST_3 : Operation 93 [1/1] (0.88ns)   --->   "%icmp_ln105 = icmp_eq  i4 %empty_32, i4 15" [/mnt/castor/seas_home/s/songqij/ese532_code/hw6/apps/mmult/fpga/hls/MMult.cpp:105->/mnt/castor/seas_home/s/songqij/ese532_code/hw6/apps/mmult/fpga/hls/MMult.cpp:111]   --->   Operation 93 'icmp' 'icmp_ln105' <Predicate = (!icmp_ln103)> <Delay = 0.88> <CoreInst = "Cmp">   --->   Core 9 'Cmp' <Latency = 0> <II = 1> <Delay = 0.88> <FuncUnit> <Opcode : 'icmp'> <InPorts = 2> <OutPorts = 1>
ST_3 : Operation 94 [1/1] (0.00ns)   --->   "%br_ln105 = br i1 %icmp_ln105, void %.split._crit_edge.i, void" [/mnt/castor/seas_home/s/songqij/ese532_code/hw6/apps/mmult/fpga/hls/MMult.cpp:105->/mnt/castor/seas_home/s/songqij/ese532_code/hw6/apps/mmult/fpga/hls/MMult.cpp:111]   --->   Operation 94 'br' 'br_ln105' <Predicate = (!icmp_ln103)> <Delay = 0.00>

State 4 <SV = 3> <Delay = 2.16>
ST_4 : Operation 95 [1/1] (2.16ns)   --->   "%tmp = read i32 @_ssdm_op_Read.ap_fifo.volatile.i32P0A, i32 %result5" [/mnt/pollux/software/xilinx/2020.2/Vitis_HLS/2020.2/common/technology/autopilot/hls_stream_39.h:145]   --->   Operation 95 'read' 'tmp' <Predicate = (!icmp_ln103)> <Delay = 2.16> <CoreInst = "FIFO_SRL">   --->   Core 81 'FIFO_SRL' <Latency = 0> <II = 1> <Delay = 2.16> <Storage> <Opcode : 'read' 'write' 'nbread' 'nbwrite'> <Ports = 0> <Width = 32> <Depth = 2> <FIFO>

State 5 <SV = 4> <Delay = 4.86>
ST_5 : Operation 96 [1/1] (0.00ns)   --->   "%specloopname_ln103 = specloopname void @_ssdm_op_SpecLoopName, void @empty_11" [/mnt/castor/seas_home/s/songqij/ese532_code/hw6/apps/mmult/fpga/hls/MMult.cpp:103->/mnt/castor/seas_home/s/songqij/ese532_code/hw6/apps/mmult/fpga/hls/MMult.cpp:111]   --->   Operation 96 'specloopname' 'specloopname_ln103' <Predicate = (!icmp_ln103)> <Delay = 0.00>
ST_5 : Operation 97 [1/1] (0.00ns)   --->   "%or_ln = bitconcatenate i512 @_ssdm_op_BitConcatenate.i512.i32.i480, i32 %tmp, i480 %phi_ln105" [/mnt/castor/seas_home/s/songqij/ese532_code/hw6/apps/mmult/fpga/hls/MMult.cpp:105->/mnt/castor/seas_home/s/songqij/ese532_code/hw6/apps/mmult/fpga/hls/MMult.cpp:111]   --->   Operation 97 'bitconcatenate' 'or_ln' <Predicate = (!icmp_ln103)> <Delay = 0.00>
ST_5 : Operation 98 [1/1] (4.86ns)   --->   "%write_ln105 = write void @_ssdm_op_Write.m_axi.p1i512, i512 %b2_addr, i512 %or_ln, i64 18446744073709551615" [/mnt/castor/seas_home/s/songqij/ese532_code/hw6/apps/mmult/fpga/hls/MMult.cpp:105->/mnt/castor/seas_home/s/songqij/ese532_code/hw6/apps/mmult/fpga/hls/MMult.cpp:111]   --->   Operation 98 'write' 'write_ln105' <Predicate = (icmp_ln105)> <Delay = 4.86> <CoreInst = "m_axi">   --->   Core 121 'm_axi' <Latency = 5> <II = 1> <Delay = 1.00> <Adapter> <Opcode : 'read' 'write' 'readreq' 'writereq' 'writeresp'>
ST_5 : Operation 99 [1/1] (0.00ns)   --->   "%br_ln105 = br void %.split._crit_edge.i" [/mnt/castor/seas_home/s/songqij/ese532_code/hw6/apps/mmult/fpga/hls/MMult.cpp:105->/mnt/castor/seas_home/s/songqij/ese532_code/hw6/apps/mmult/fpga/hls/MMult.cpp:111]   --->   Operation 99 'br' 'br_ln105' <Predicate = (icmp_ln105)> <Delay = 0.00>
ST_5 : Operation 100 [1/1] (0.00ns)   --->   "%tmp_1 = partselect i448 @_ssdm_op_PartSelect.i448.i480.i32.i32, i480 %phi_ln105, i32 32, i32 479" [/mnt/castor/seas_home/s/songqij/ese532_code/hw6/apps/mmult/fpga/hls/MMult.cpp:105->/mnt/castor/seas_home/s/songqij/ese532_code/hw6/apps/mmult/fpga/hls/MMult.cpp:111]   --->   Operation 100 'partselect' 'tmp_1' <Predicate = (!icmp_ln103 & !icmp_ln105)> <Delay = 0.00>
ST_5 : Operation 101 [1/1] (0.00ns)   --->   "%tmp_2 = bitconcatenate i480 @_ssdm_op_BitConcatenate.i480.i32.i448, i32 %tmp, i448 %tmp_1" [/mnt/pollux/software/xilinx/2020.2/Vitis_HLS/2020.2/common/technology/autopilot/hls_stream_39.h:145]   --->   Operation 101 'bitconcatenate' 'tmp_2' <Predicate = (!icmp_ln103 & !icmp_ln105)> <Delay = 0.00>
ST_5 : Operation 102 [1/1] (0.75ns)   --->   "%select_ln105 = select i1 %icmp_ln105, i480 0, i480 %tmp_2" [/mnt/castor/seas_home/s/songqij/ese532_code/hw6/apps/mmult/fpga/hls/MMult.cpp:105->/mnt/castor/seas_home/s/songqij/ese532_code/hw6/apps/mmult/fpga/hls/MMult.cpp:111]   --->   Operation 102 'select' 'select_ln105' <Predicate = (!icmp_ln103)> <Delay = 0.75> <CoreInst = "Sel">   --->   Core 73 'Sel' <Latency = 0> <II = 1> <Delay = 0.75> <FuncUnit> <Opcode : 'select'> <InPorts = 3> <OutPorts = 1>
ST_5 : Operation 103 [1/1] (0.00ns)   --->   "%br_ln0 = br void"   --->   Operation 103 'br' 'br_ln0' <Predicate = (!icmp_ln103)> <Delay = 0.00>

State 6 <SV = 3> <Delay = 4.86>
ST_6 : Operation 104 [68/68] (4.86ns)   --->   "%empty_33 = writeresp i1 @_ssdm_op_WriteResp.m_axi.p1i512, i512 %b2_addr" [/mnt/castor/seas_home/s/songqij/ese532_code/hw6/apps/mmult/fpga/hls/MMult.cpp:109->/mnt/castor/seas_home/s/songqij/ese532_code/hw6/apps/mmult/fpga/hls/MMult.cpp:111]   --->   Operation 104 'writeresp' 'empty_33' <Predicate = true> <Delay = 4.86> <CoreInst = "m_axi">   --->   Core 121 'm_axi' <Latency = 6> <II = 1> <Delay = 1.00> <Adapter> <Opcode : 'read' 'write' 'readreq' 'writereq' 'writeresp'>

State 7 <SV = 4> <Delay = 4.86>
ST_7 : Operation 105 [67/68] (4.86ns)   --->   "%empty_33 = writeresp i1 @_ssdm_op_WriteResp.m_axi.p1i512, i512 %b2_addr" [/mnt/castor/seas_home/s/songqij/ese532_code/hw6/apps/mmult/fpga/hls/MMult.cpp:109->/mnt/castor/seas_home/s/songqij/ese532_code/hw6/apps/mmult/fpga/hls/MMult.cpp:111]   --->   Operation 105 'writeresp' 'empty_33' <Predicate = true> <Delay = 4.86> <CoreInst = "m_axi">   --->   Core 121 'm_axi' <Latency = 6> <II = 1> <Delay = 1.00> <Adapter> <Opcode : 'read' 'write' 'readreq' 'writereq' 'writeresp'>

State 8 <SV = 5> <Delay = 4.86>
ST_8 : Operation 106 [66/68] (4.86ns)   --->   "%empty_33 = writeresp i1 @_ssdm_op_WriteResp.m_axi.p1i512, i512 %b2_addr" [/mnt/castor/seas_home/s/songqij/ese532_code/hw6/apps/mmult/fpga/hls/MMult.cpp:109->/mnt/castor/seas_home/s/songqij/ese532_code/hw6/apps/mmult/fpga/hls/MMult.cpp:111]   --->   Operation 106 'writeresp' 'empty_33' <Predicate = true> <Delay = 4.86> <CoreInst = "m_axi">   --->   Core 121 'm_axi' <Latency = 6> <II = 1> <Delay = 1.00> <Adapter> <Opcode : 'read' 'write' 'readreq' 'writereq' 'writeresp'>

State 9 <SV = 6> <Delay = 4.86>
ST_9 : Operation 107 [65/68] (4.86ns)   --->   "%empty_33 = writeresp i1 @_ssdm_op_WriteResp.m_axi.p1i512, i512 %b2_addr" [/mnt/castor/seas_home/s/songqij/ese532_code/hw6/apps/mmult/fpga/hls/MMult.cpp:109->/mnt/castor/seas_home/s/songqij/ese532_code/hw6/apps/mmult/fpga/hls/MMult.cpp:111]   --->   Operation 107 'writeresp' 'empty_33' <Predicate = true> <Delay = 4.86> <CoreInst = "m_axi">   --->   Core 121 'm_axi' <Latency = 6> <II = 1> <Delay = 1.00> <Adapter> <Opcode : 'read' 'write' 'readreq' 'writereq' 'writeresp'>

State 10 <SV = 7> <Delay = 4.86>
ST_10 : Operation 108 [64/68] (4.86ns)   --->   "%empty_33 = writeresp i1 @_ssdm_op_WriteResp.m_axi.p1i512, i512 %b2_addr" [/mnt/castor/seas_home/s/songqij/ese532_code/hw6/apps/mmult/fpga/hls/MMult.cpp:109->/mnt/castor/seas_home/s/songqij/ese532_code/hw6/apps/mmult/fpga/hls/MMult.cpp:111]   --->   Operation 108 'writeresp' 'empty_33' <Predicate = true> <Delay = 4.86> <CoreInst = "m_axi">   --->   Core 121 'm_axi' <Latency = 6> <II = 1> <Delay = 1.00> <Adapter> <Opcode : 'read' 'write' 'readreq' 'writereq' 'writeresp'>

State 11 <SV = 8> <Delay = 4.86>
ST_11 : Operation 109 [63/68] (4.86ns)   --->   "%empty_33 = writeresp i1 @_ssdm_op_WriteResp.m_axi.p1i512, i512 %b2_addr" [/mnt/castor/seas_home/s/songqij/ese532_code/hw6/apps/mmult/fpga/hls/MMult.cpp:109->/mnt/castor/seas_home/s/songqij/ese532_code/hw6/apps/mmult/fpga/hls/MMult.cpp:111]   --->   Operation 109 'writeresp' 'empty_33' <Predicate = true> <Delay = 4.86> <CoreInst = "m_axi">   --->   Core 121 'm_axi' <Latency = 6> <II = 1> <Delay = 1.00> <Adapter> <Opcode : 'read' 'write' 'readreq' 'writereq' 'writeresp'>

State 12 <SV = 9> <Delay = 4.86>
ST_12 : Operation 110 [62/68] (4.86ns)   --->   "%empty_33 = writeresp i1 @_ssdm_op_WriteResp.m_axi.p1i512, i512 %b2_addr" [/mnt/castor/seas_home/s/songqij/ese532_code/hw6/apps/mmult/fpga/hls/MMult.cpp:109->/mnt/castor/seas_home/s/songqij/ese532_code/hw6/apps/mmult/fpga/hls/MMult.cpp:111]   --->   Operation 110 'writeresp' 'empty_33' <Predicate = true> <Delay = 4.86> <CoreInst = "m_axi">   --->   Core 121 'm_axi' <Latency = 6> <II = 1> <Delay = 1.00> <Adapter> <Opcode : 'read' 'write' 'readreq' 'writereq' 'writeresp'>

State 13 <SV = 10> <Delay = 4.86>
ST_13 : Operation 111 [61/68] (4.86ns)   --->   "%empty_33 = writeresp i1 @_ssdm_op_WriteResp.m_axi.p1i512, i512 %b2_addr" [/mnt/castor/seas_home/s/songqij/ese532_code/hw6/apps/mmult/fpga/hls/MMult.cpp:109->/mnt/castor/seas_home/s/songqij/ese532_code/hw6/apps/mmult/fpga/hls/MMult.cpp:111]   --->   Operation 111 'writeresp' 'empty_33' <Predicate = true> <Delay = 4.86> <CoreInst = "m_axi">   --->   Core 121 'm_axi' <Latency = 6> <II = 1> <Delay = 1.00> <Adapter> <Opcode : 'read' 'write' 'readreq' 'writereq' 'writeresp'>

State 14 <SV = 11> <Delay = 4.86>
ST_14 : Operation 112 [60/68] (4.86ns)   --->   "%empty_33 = writeresp i1 @_ssdm_op_WriteResp.m_axi.p1i512, i512 %b2_addr" [/mnt/castor/seas_home/s/songqij/ese532_code/hw6/apps/mmult/fpga/hls/MMult.cpp:109->/mnt/castor/seas_home/s/songqij/ese532_code/hw6/apps/mmult/fpga/hls/MMult.cpp:111]   --->   Operation 112 'writeresp' 'empty_33' <Predicate = true> <Delay = 4.86> <CoreInst = "m_axi">   --->   Core 121 'm_axi' <Latency = 6> <II = 1> <Delay = 1.00> <Adapter> <Opcode : 'read' 'write' 'readreq' 'writereq' 'writeresp'>

State 15 <SV = 12> <Delay = 4.86>
ST_15 : Operation 113 [59/68] (4.86ns)   --->   "%empty_33 = writeresp i1 @_ssdm_op_WriteResp.m_axi.p1i512, i512 %b2_addr" [/mnt/castor/seas_home/s/songqij/ese532_code/hw6/apps/mmult/fpga/hls/MMult.cpp:109->/mnt/castor/seas_home/s/songqij/ese532_code/hw6/apps/mmult/fpga/hls/MMult.cpp:111]   --->   Operation 113 'writeresp' 'empty_33' <Predicate = true> <Delay = 4.86> <CoreInst = "m_axi">   --->   Core 121 'm_axi' <Latency = 6> <II = 1> <Delay = 1.00> <Adapter> <Opcode : 'read' 'write' 'readreq' 'writereq' 'writeresp'>

State 16 <SV = 13> <Delay = 4.86>
ST_16 : Operation 114 [58/68] (4.86ns)   --->   "%empty_33 = writeresp i1 @_ssdm_op_WriteResp.m_axi.p1i512, i512 %b2_addr" [/mnt/castor/seas_home/s/songqij/ese532_code/hw6/apps/mmult/fpga/hls/MMult.cpp:109->/mnt/castor/seas_home/s/songqij/ese532_code/hw6/apps/mmult/fpga/hls/MMult.cpp:111]   --->   Operation 114 'writeresp' 'empty_33' <Predicate = true> <Delay = 4.86> <CoreInst = "m_axi">   --->   Core 121 'm_axi' <Latency = 6> <II = 1> <Delay = 1.00> <Adapter> <Opcode : 'read' 'write' 'readreq' 'writereq' 'writeresp'>

State 17 <SV = 14> <Delay = 4.86>
ST_17 : Operation 115 [57/68] (4.86ns)   --->   "%empty_33 = writeresp i1 @_ssdm_op_WriteResp.m_axi.p1i512, i512 %b2_addr" [/mnt/castor/seas_home/s/songqij/ese532_code/hw6/apps/mmult/fpga/hls/MMult.cpp:109->/mnt/castor/seas_home/s/songqij/ese532_code/hw6/apps/mmult/fpga/hls/MMult.cpp:111]   --->   Operation 115 'writeresp' 'empty_33' <Predicate = true> <Delay = 4.86> <CoreInst = "m_axi">   --->   Core 121 'm_axi' <Latency = 6> <II = 1> <Delay = 1.00> <Adapter> <Opcode : 'read' 'write' 'readreq' 'writereq' 'writeresp'>

State 18 <SV = 15> <Delay = 4.86>
ST_18 : Operation 116 [56/68] (4.86ns)   --->   "%empty_33 = writeresp i1 @_ssdm_op_WriteResp.m_axi.p1i512, i512 %b2_addr" [/mnt/castor/seas_home/s/songqij/ese532_code/hw6/apps/mmult/fpga/hls/MMult.cpp:109->/mnt/castor/seas_home/s/songqij/ese532_code/hw6/apps/mmult/fpga/hls/MMult.cpp:111]   --->   Operation 116 'writeresp' 'empty_33' <Predicate = true> <Delay = 4.86> <CoreInst = "m_axi">   --->   Core 121 'm_axi' <Latency = 6> <II = 1> <Delay = 1.00> <Adapter> <Opcode : 'read' 'write' 'readreq' 'writereq' 'writeresp'>

State 19 <SV = 16> <Delay = 4.86>
ST_19 : Operation 117 [55/68] (4.86ns)   --->   "%empty_33 = writeresp i1 @_ssdm_op_WriteResp.m_axi.p1i512, i512 %b2_addr" [/mnt/castor/seas_home/s/songqij/ese532_code/hw6/apps/mmult/fpga/hls/MMult.cpp:109->/mnt/castor/seas_home/s/songqij/ese532_code/hw6/apps/mmult/fpga/hls/MMult.cpp:111]   --->   Operation 117 'writeresp' 'empty_33' <Predicate = true> <Delay = 4.86> <CoreInst = "m_axi">   --->   Core 121 'm_axi' <Latency = 6> <II = 1> <Delay = 1.00> <Adapter> <Opcode : 'read' 'write' 'readreq' 'writereq' 'writeresp'>

State 20 <SV = 17> <Delay = 4.86>
ST_20 : Operation 118 [54/68] (4.86ns)   --->   "%empty_33 = writeresp i1 @_ssdm_op_WriteResp.m_axi.p1i512, i512 %b2_addr" [/mnt/castor/seas_home/s/songqij/ese532_code/hw6/apps/mmult/fpga/hls/MMult.cpp:109->/mnt/castor/seas_home/s/songqij/ese532_code/hw6/apps/mmult/fpga/hls/MMult.cpp:111]   --->   Operation 118 'writeresp' 'empty_33' <Predicate = true> <Delay = 4.86> <CoreInst = "m_axi">   --->   Core 121 'm_axi' <Latency = 6> <II = 1> <Delay = 1.00> <Adapter> <Opcode : 'read' 'write' 'readreq' 'writereq' 'writeresp'>

State 21 <SV = 18> <Delay = 4.86>
ST_21 : Operation 119 [53/68] (4.86ns)   --->   "%empty_33 = writeresp i1 @_ssdm_op_WriteResp.m_axi.p1i512, i512 %b2_addr" [/mnt/castor/seas_home/s/songqij/ese532_code/hw6/apps/mmult/fpga/hls/MMult.cpp:109->/mnt/castor/seas_home/s/songqij/ese532_code/hw6/apps/mmult/fpga/hls/MMult.cpp:111]   --->   Operation 119 'writeresp' 'empty_33' <Predicate = true> <Delay = 4.86> <CoreInst = "m_axi">   --->   Core 121 'm_axi' <Latency = 6> <II = 1> <Delay = 1.00> <Adapter> <Opcode : 'read' 'write' 'readreq' 'writereq' 'writeresp'>

State 22 <SV = 19> <Delay = 4.86>
ST_22 : Operation 120 [52/68] (4.86ns)   --->   "%empty_33 = writeresp i1 @_ssdm_op_WriteResp.m_axi.p1i512, i512 %b2_addr" [/mnt/castor/seas_home/s/songqij/ese532_code/hw6/apps/mmult/fpga/hls/MMult.cpp:109->/mnt/castor/seas_home/s/songqij/ese532_code/hw6/apps/mmult/fpga/hls/MMult.cpp:111]   --->   Operation 120 'writeresp' 'empty_33' <Predicate = true> <Delay = 4.86> <CoreInst = "m_axi">   --->   Core 121 'm_axi' <Latency = 6> <II = 1> <Delay = 1.00> <Adapter> <Opcode : 'read' 'write' 'readreq' 'writereq' 'writeresp'>

State 23 <SV = 20> <Delay = 4.86>
ST_23 : Operation 121 [51/68] (4.86ns)   --->   "%empty_33 = writeresp i1 @_ssdm_op_WriteResp.m_axi.p1i512, i512 %b2_addr" [/mnt/castor/seas_home/s/songqij/ese532_code/hw6/apps/mmult/fpga/hls/MMult.cpp:109->/mnt/castor/seas_home/s/songqij/ese532_code/hw6/apps/mmult/fpga/hls/MMult.cpp:111]   --->   Operation 121 'writeresp' 'empty_33' <Predicate = true> <Delay = 4.86> <CoreInst = "m_axi">   --->   Core 121 'm_axi' <Latency = 6> <II = 1> <Delay = 1.00> <Adapter> <Opcode : 'read' 'write' 'readreq' 'writereq' 'writeresp'>

State 24 <SV = 21> <Delay = 4.86>
ST_24 : Operation 122 [50/68] (4.86ns)   --->   "%empty_33 = writeresp i1 @_ssdm_op_WriteResp.m_axi.p1i512, i512 %b2_addr" [/mnt/castor/seas_home/s/songqij/ese532_code/hw6/apps/mmult/fpga/hls/MMult.cpp:109->/mnt/castor/seas_home/s/songqij/ese532_code/hw6/apps/mmult/fpga/hls/MMult.cpp:111]   --->   Operation 122 'writeresp' 'empty_33' <Predicate = true> <Delay = 4.86> <CoreInst = "m_axi">   --->   Core 121 'm_axi' <Latency = 6> <II = 1> <Delay = 1.00> <Adapter> <Opcode : 'read' 'write' 'readreq' 'writereq' 'writeresp'>

State 25 <SV = 22> <Delay = 4.86>
ST_25 : Operation 123 [49/68] (4.86ns)   --->   "%empty_33 = writeresp i1 @_ssdm_op_WriteResp.m_axi.p1i512, i512 %b2_addr" [/mnt/castor/seas_home/s/songqij/ese532_code/hw6/apps/mmult/fpga/hls/MMult.cpp:109->/mnt/castor/seas_home/s/songqij/ese532_code/hw6/apps/mmult/fpga/hls/MMult.cpp:111]   --->   Operation 123 'writeresp' 'empty_33' <Predicate = true> <Delay = 4.86> <CoreInst = "m_axi">   --->   Core 121 'm_axi' <Latency = 6> <II = 1> <Delay = 1.00> <Adapter> <Opcode : 'read' 'write' 'readreq' 'writereq' 'writeresp'>

State 26 <SV = 23> <Delay = 4.86>
ST_26 : Operation 124 [48/68] (4.86ns)   --->   "%empty_33 = writeresp i1 @_ssdm_op_WriteResp.m_axi.p1i512, i512 %b2_addr" [/mnt/castor/seas_home/s/songqij/ese532_code/hw6/apps/mmult/fpga/hls/MMult.cpp:109->/mnt/castor/seas_home/s/songqij/ese532_code/hw6/apps/mmult/fpga/hls/MMult.cpp:111]   --->   Operation 124 'writeresp' 'empty_33' <Predicate = true> <Delay = 4.86> <CoreInst = "m_axi">   --->   Core 121 'm_axi' <Latency = 6> <II = 1> <Delay = 1.00> <Adapter> <Opcode : 'read' 'write' 'readreq' 'writereq' 'writeresp'>

State 27 <SV = 24> <Delay = 4.86>
ST_27 : Operation 125 [47/68] (4.86ns)   --->   "%empty_33 = writeresp i1 @_ssdm_op_WriteResp.m_axi.p1i512, i512 %b2_addr" [/mnt/castor/seas_home/s/songqij/ese532_code/hw6/apps/mmult/fpga/hls/MMult.cpp:109->/mnt/castor/seas_home/s/songqij/ese532_code/hw6/apps/mmult/fpga/hls/MMult.cpp:111]   --->   Operation 125 'writeresp' 'empty_33' <Predicate = true> <Delay = 4.86> <CoreInst = "m_axi">   --->   Core 121 'm_axi' <Latency = 6> <II = 1> <Delay = 1.00> <Adapter> <Opcode : 'read' 'write' 'readreq' 'writereq' 'writeresp'>

State 28 <SV = 25> <Delay = 4.86>
ST_28 : Operation 126 [46/68] (4.86ns)   --->   "%empty_33 = writeresp i1 @_ssdm_op_WriteResp.m_axi.p1i512, i512 %b2_addr" [/mnt/castor/seas_home/s/songqij/ese532_code/hw6/apps/mmult/fpga/hls/MMult.cpp:109->/mnt/castor/seas_home/s/songqij/ese532_code/hw6/apps/mmult/fpga/hls/MMult.cpp:111]   --->   Operation 126 'writeresp' 'empty_33' <Predicate = true> <Delay = 4.86> <CoreInst = "m_axi">   --->   Core 121 'm_axi' <Latency = 6> <II = 1> <Delay = 1.00> <Adapter> <Opcode : 'read' 'write' 'readreq' 'writereq' 'writeresp'>

State 29 <SV = 26> <Delay = 4.86>
ST_29 : Operation 127 [45/68] (4.86ns)   --->   "%empty_33 = writeresp i1 @_ssdm_op_WriteResp.m_axi.p1i512, i512 %b2_addr" [/mnt/castor/seas_home/s/songqij/ese532_code/hw6/apps/mmult/fpga/hls/MMult.cpp:109->/mnt/castor/seas_home/s/songqij/ese532_code/hw6/apps/mmult/fpga/hls/MMult.cpp:111]   --->   Operation 127 'writeresp' 'empty_33' <Predicate = true> <Delay = 4.86> <CoreInst = "m_axi">   --->   Core 121 'm_axi' <Latency = 6> <II = 1> <Delay = 1.00> <Adapter> <Opcode : 'read' 'write' 'readreq' 'writereq' 'writeresp'>

State 30 <SV = 27> <Delay = 4.86>
ST_30 : Operation 128 [44/68] (4.86ns)   --->   "%empty_33 = writeresp i1 @_ssdm_op_WriteResp.m_axi.p1i512, i512 %b2_addr" [/mnt/castor/seas_home/s/songqij/ese532_code/hw6/apps/mmult/fpga/hls/MMult.cpp:109->/mnt/castor/seas_home/s/songqij/ese532_code/hw6/apps/mmult/fpga/hls/MMult.cpp:111]   --->   Operation 128 'writeresp' 'empty_33' <Predicate = true> <Delay = 4.86> <CoreInst = "m_axi">   --->   Core 121 'm_axi' <Latency = 6> <II = 1> <Delay = 1.00> <Adapter> <Opcode : 'read' 'write' 'readreq' 'writereq' 'writeresp'>

State 31 <SV = 28> <Delay = 4.86>
ST_31 : Operation 129 [43/68] (4.86ns)   --->   "%empty_33 = writeresp i1 @_ssdm_op_WriteResp.m_axi.p1i512, i512 %b2_addr" [/mnt/castor/seas_home/s/songqij/ese532_code/hw6/apps/mmult/fpga/hls/MMult.cpp:109->/mnt/castor/seas_home/s/songqij/ese532_code/hw6/apps/mmult/fpga/hls/MMult.cpp:111]   --->   Operation 129 'writeresp' 'empty_33' <Predicate = true> <Delay = 4.86> <CoreInst = "m_axi">   --->   Core 121 'm_axi' <Latency = 6> <II = 1> <Delay = 1.00> <Adapter> <Opcode : 'read' 'write' 'readreq' 'writereq' 'writeresp'>

State 32 <SV = 29> <Delay = 4.86>
ST_32 : Operation 130 [42/68] (4.86ns)   --->   "%empty_33 = writeresp i1 @_ssdm_op_WriteResp.m_axi.p1i512, i512 %b2_addr" [/mnt/castor/seas_home/s/songqij/ese532_code/hw6/apps/mmult/fpga/hls/MMult.cpp:109->/mnt/castor/seas_home/s/songqij/ese532_code/hw6/apps/mmult/fpga/hls/MMult.cpp:111]   --->   Operation 130 'writeresp' 'empty_33' <Predicate = true> <Delay = 4.86> <CoreInst = "m_axi">   --->   Core 121 'm_axi' <Latency = 6> <II = 1> <Delay = 1.00> <Adapter> <Opcode : 'read' 'write' 'readreq' 'writereq' 'writeresp'>

State 33 <SV = 30> <Delay = 4.86>
ST_33 : Operation 131 [41/68] (4.86ns)   --->   "%empty_33 = writeresp i1 @_ssdm_op_WriteResp.m_axi.p1i512, i512 %b2_addr" [/mnt/castor/seas_home/s/songqij/ese532_code/hw6/apps/mmult/fpga/hls/MMult.cpp:109->/mnt/castor/seas_home/s/songqij/ese532_code/hw6/apps/mmult/fpga/hls/MMult.cpp:111]   --->   Operation 131 'writeresp' 'empty_33' <Predicate = true> <Delay = 4.86> <CoreInst = "m_axi">   --->   Core 121 'm_axi' <Latency = 6> <II = 1> <Delay = 1.00> <Adapter> <Opcode : 'read' 'write' 'readreq' 'writereq' 'writeresp'>

State 34 <SV = 31> <Delay = 4.86>
ST_34 : Operation 132 [40/68] (4.86ns)   --->   "%empty_33 = writeresp i1 @_ssdm_op_WriteResp.m_axi.p1i512, i512 %b2_addr" [/mnt/castor/seas_home/s/songqij/ese532_code/hw6/apps/mmult/fpga/hls/MMult.cpp:109->/mnt/castor/seas_home/s/songqij/ese532_code/hw6/apps/mmult/fpga/hls/MMult.cpp:111]   --->   Operation 132 'writeresp' 'empty_33' <Predicate = true> <Delay = 4.86> <CoreInst = "m_axi">   --->   Core 121 'm_axi' <Latency = 6> <II = 1> <Delay = 1.00> <Adapter> <Opcode : 'read' 'write' 'readreq' 'writereq' 'writeresp'>

State 35 <SV = 32> <Delay = 4.86>
ST_35 : Operation 133 [39/68] (4.86ns)   --->   "%empty_33 = writeresp i1 @_ssdm_op_WriteResp.m_axi.p1i512, i512 %b2_addr" [/mnt/castor/seas_home/s/songqij/ese532_code/hw6/apps/mmult/fpga/hls/MMult.cpp:109->/mnt/castor/seas_home/s/songqij/ese532_code/hw6/apps/mmult/fpga/hls/MMult.cpp:111]   --->   Operation 133 'writeresp' 'empty_33' <Predicate = true> <Delay = 4.86> <CoreInst = "m_axi">   --->   Core 121 'm_axi' <Latency = 6> <II = 1> <Delay = 1.00> <Adapter> <Opcode : 'read' 'write' 'readreq' 'writereq' 'writeresp'>

State 36 <SV = 33> <Delay = 4.86>
ST_36 : Operation 134 [38/68] (4.86ns)   --->   "%empty_33 = writeresp i1 @_ssdm_op_WriteResp.m_axi.p1i512, i512 %b2_addr" [/mnt/castor/seas_home/s/songqij/ese532_code/hw6/apps/mmult/fpga/hls/MMult.cpp:109->/mnt/castor/seas_home/s/songqij/ese532_code/hw6/apps/mmult/fpga/hls/MMult.cpp:111]   --->   Operation 134 'writeresp' 'empty_33' <Predicate = true> <Delay = 4.86> <CoreInst = "m_axi">   --->   Core 121 'm_axi' <Latency = 6> <II = 1> <Delay = 1.00> <Adapter> <Opcode : 'read' 'write' 'readreq' 'writereq' 'writeresp'>

State 37 <SV = 34> <Delay = 4.86>
ST_37 : Operation 135 [37/68] (4.86ns)   --->   "%empty_33 = writeresp i1 @_ssdm_op_WriteResp.m_axi.p1i512, i512 %b2_addr" [/mnt/castor/seas_home/s/songqij/ese532_code/hw6/apps/mmult/fpga/hls/MMult.cpp:109->/mnt/castor/seas_home/s/songqij/ese532_code/hw6/apps/mmult/fpga/hls/MMult.cpp:111]   --->   Operation 135 'writeresp' 'empty_33' <Predicate = true> <Delay = 4.86> <CoreInst = "m_axi">   --->   Core 121 'm_axi' <Latency = 6> <II = 1> <Delay = 1.00> <Adapter> <Opcode : 'read' 'write' 'readreq' 'writereq' 'writeresp'>

State 38 <SV = 35> <Delay = 4.86>
ST_38 : Operation 136 [36/68] (4.86ns)   --->   "%empty_33 = writeresp i1 @_ssdm_op_WriteResp.m_axi.p1i512, i512 %b2_addr" [/mnt/castor/seas_home/s/songqij/ese532_code/hw6/apps/mmult/fpga/hls/MMult.cpp:109->/mnt/castor/seas_home/s/songqij/ese532_code/hw6/apps/mmult/fpga/hls/MMult.cpp:111]   --->   Operation 136 'writeresp' 'empty_33' <Predicate = true> <Delay = 4.86> <CoreInst = "m_axi">   --->   Core 121 'm_axi' <Latency = 6> <II = 1> <Delay = 1.00> <Adapter> <Opcode : 'read' 'write' 'readreq' 'writereq' 'writeresp'>

State 39 <SV = 36> <Delay = 4.86>
ST_39 : Operation 137 [35/68] (4.86ns)   --->   "%empty_33 = writeresp i1 @_ssdm_op_WriteResp.m_axi.p1i512, i512 %b2_addr" [/mnt/castor/seas_home/s/songqij/ese532_code/hw6/apps/mmult/fpga/hls/MMult.cpp:109->/mnt/castor/seas_home/s/songqij/ese532_code/hw6/apps/mmult/fpga/hls/MMult.cpp:111]   --->   Operation 137 'writeresp' 'empty_33' <Predicate = true> <Delay = 4.86> <CoreInst = "m_axi">   --->   Core 121 'm_axi' <Latency = 6> <II = 1> <Delay = 1.00> <Adapter> <Opcode : 'read' 'write' 'readreq' 'writereq' 'writeresp'>

State 40 <SV = 37> <Delay = 4.86>
ST_40 : Operation 138 [34/68] (4.86ns)   --->   "%empty_33 = writeresp i1 @_ssdm_op_WriteResp.m_axi.p1i512, i512 %b2_addr" [/mnt/castor/seas_home/s/songqij/ese532_code/hw6/apps/mmult/fpga/hls/MMult.cpp:109->/mnt/castor/seas_home/s/songqij/ese532_code/hw6/apps/mmult/fpga/hls/MMult.cpp:111]   --->   Operation 138 'writeresp' 'empty_33' <Predicate = true> <Delay = 4.86> <CoreInst = "m_axi">   --->   Core 121 'm_axi' <Latency = 6> <II = 1> <Delay = 1.00> <Adapter> <Opcode : 'read' 'write' 'readreq' 'writereq' 'writeresp'>

State 41 <SV = 38> <Delay = 4.86>
ST_41 : Operation 139 [33/68] (4.86ns)   --->   "%empty_33 = writeresp i1 @_ssdm_op_WriteResp.m_axi.p1i512, i512 %b2_addr" [/mnt/castor/seas_home/s/songqij/ese532_code/hw6/apps/mmult/fpga/hls/MMult.cpp:109->/mnt/castor/seas_home/s/songqij/ese532_code/hw6/apps/mmult/fpga/hls/MMult.cpp:111]   --->   Operation 139 'writeresp' 'empty_33' <Predicate = true> <Delay = 4.86> <CoreInst = "m_axi">   --->   Core 121 'm_axi' <Latency = 6> <II = 1> <Delay = 1.00> <Adapter> <Opcode : 'read' 'write' 'readreq' 'writereq' 'writeresp'>

State 42 <SV = 39> <Delay = 4.86>
ST_42 : Operation 140 [32/68] (4.86ns)   --->   "%empty_33 = writeresp i1 @_ssdm_op_WriteResp.m_axi.p1i512, i512 %b2_addr" [/mnt/castor/seas_home/s/songqij/ese532_code/hw6/apps/mmult/fpga/hls/MMult.cpp:109->/mnt/castor/seas_home/s/songqij/ese532_code/hw6/apps/mmult/fpga/hls/MMult.cpp:111]   --->   Operation 140 'writeresp' 'empty_33' <Predicate = true> <Delay = 4.86> <CoreInst = "m_axi">   --->   Core 121 'm_axi' <Latency = 6> <II = 1> <Delay = 1.00> <Adapter> <Opcode : 'read' 'write' 'readreq' 'writereq' 'writeresp'>

State 43 <SV = 40> <Delay = 4.86>
ST_43 : Operation 141 [31/68] (4.86ns)   --->   "%empty_33 = writeresp i1 @_ssdm_op_WriteResp.m_axi.p1i512, i512 %b2_addr" [/mnt/castor/seas_home/s/songqij/ese532_code/hw6/apps/mmult/fpga/hls/MMult.cpp:109->/mnt/castor/seas_home/s/songqij/ese532_code/hw6/apps/mmult/fpga/hls/MMult.cpp:111]   --->   Operation 141 'writeresp' 'empty_33' <Predicate = true> <Delay = 4.86> <CoreInst = "m_axi">   --->   Core 121 'm_axi' <Latency = 6> <II = 1> <Delay = 1.00> <Adapter> <Opcode : 'read' 'write' 'readreq' 'writereq' 'writeresp'>

State 44 <SV = 41> <Delay = 4.86>
ST_44 : Operation 142 [30/68] (4.86ns)   --->   "%empty_33 = writeresp i1 @_ssdm_op_WriteResp.m_axi.p1i512, i512 %b2_addr" [/mnt/castor/seas_home/s/songqij/ese532_code/hw6/apps/mmult/fpga/hls/MMult.cpp:109->/mnt/castor/seas_home/s/songqij/ese532_code/hw6/apps/mmult/fpga/hls/MMult.cpp:111]   --->   Operation 142 'writeresp' 'empty_33' <Predicate = true> <Delay = 4.86> <CoreInst = "m_axi">   --->   Core 121 'm_axi' <Latency = 6> <II = 1> <Delay = 1.00> <Adapter> <Opcode : 'read' 'write' 'readreq' 'writereq' 'writeresp'>

State 45 <SV = 42> <Delay = 4.86>
ST_45 : Operation 143 [29/68] (4.86ns)   --->   "%empty_33 = writeresp i1 @_ssdm_op_WriteResp.m_axi.p1i512, i512 %b2_addr" [/mnt/castor/seas_home/s/songqij/ese532_code/hw6/apps/mmult/fpga/hls/MMult.cpp:109->/mnt/castor/seas_home/s/songqij/ese532_code/hw6/apps/mmult/fpga/hls/MMult.cpp:111]   --->   Operation 143 'writeresp' 'empty_33' <Predicate = true> <Delay = 4.86> <CoreInst = "m_axi">   --->   Core 121 'm_axi' <Latency = 6> <II = 1> <Delay = 1.00> <Adapter> <Opcode : 'read' 'write' 'readreq' 'writereq' 'writeresp'>

State 46 <SV = 43> <Delay = 4.86>
ST_46 : Operation 144 [28/68] (4.86ns)   --->   "%empty_33 = writeresp i1 @_ssdm_op_WriteResp.m_axi.p1i512, i512 %b2_addr" [/mnt/castor/seas_home/s/songqij/ese532_code/hw6/apps/mmult/fpga/hls/MMult.cpp:109->/mnt/castor/seas_home/s/songqij/ese532_code/hw6/apps/mmult/fpga/hls/MMult.cpp:111]   --->   Operation 144 'writeresp' 'empty_33' <Predicate = true> <Delay = 4.86> <CoreInst = "m_axi">   --->   Core 121 'm_axi' <Latency = 6> <II = 1> <Delay = 1.00> <Adapter> <Opcode : 'read' 'write' 'readreq' 'writereq' 'writeresp'>

State 47 <SV = 44> <Delay = 4.86>
ST_47 : Operation 145 [27/68] (4.86ns)   --->   "%empty_33 = writeresp i1 @_ssdm_op_WriteResp.m_axi.p1i512, i512 %b2_addr" [/mnt/castor/seas_home/s/songqij/ese532_code/hw6/apps/mmult/fpga/hls/MMult.cpp:109->/mnt/castor/seas_home/s/songqij/ese532_code/hw6/apps/mmult/fpga/hls/MMult.cpp:111]   --->   Operation 145 'writeresp' 'empty_33' <Predicate = true> <Delay = 4.86> <CoreInst = "m_axi">   --->   Core 121 'm_axi' <Latency = 6> <II = 1> <Delay = 1.00> <Adapter> <Opcode : 'read' 'write' 'readreq' 'writereq' 'writeresp'>

State 48 <SV = 45> <Delay = 4.86>
ST_48 : Operation 146 [26/68] (4.86ns)   --->   "%empty_33 = writeresp i1 @_ssdm_op_WriteResp.m_axi.p1i512, i512 %b2_addr" [/mnt/castor/seas_home/s/songqij/ese532_code/hw6/apps/mmult/fpga/hls/MMult.cpp:109->/mnt/castor/seas_home/s/songqij/ese532_code/hw6/apps/mmult/fpga/hls/MMult.cpp:111]   --->   Operation 146 'writeresp' 'empty_33' <Predicate = true> <Delay = 4.86> <CoreInst = "m_axi">   --->   Core 121 'm_axi' <Latency = 6> <II = 1> <Delay = 1.00> <Adapter> <Opcode : 'read' 'write' 'readreq' 'writereq' 'writeresp'>

State 49 <SV = 46> <Delay = 4.86>
ST_49 : Operation 147 [25/68] (4.86ns)   --->   "%empty_33 = writeresp i1 @_ssdm_op_WriteResp.m_axi.p1i512, i512 %b2_addr" [/mnt/castor/seas_home/s/songqij/ese532_code/hw6/apps/mmult/fpga/hls/MMult.cpp:109->/mnt/castor/seas_home/s/songqij/ese532_code/hw6/apps/mmult/fpga/hls/MMult.cpp:111]   --->   Operation 147 'writeresp' 'empty_33' <Predicate = true> <Delay = 4.86> <CoreInst = "m_axi">   --->   Core 121 'm_axi' <Latency = 6> <II = 1> <Delay = 1.00> <Adapter> <Opcode : 'read' 'write' 'readreq' 'writereq' 'writeresp'>

State 50 <SV = 47> <Delay = 4.86>
ST_50 : Operation 148 [24/68] (4.86ns)   --->   "%empty_33 = writeresp i1 @_ssdm_op_WriteResp.m_axi.p1i512, i512 %b2_addr" [/mnt/castor/seas_home/s/songqij/ese532_code/hw6/apps/mmult/fpga/hls/MMult.cpp:109->/mnt/castor/seas_home/s/songqij/ese532_code/hw6/apps/mmult/fpga/hls/MMult.cpp:111]   --->   Operation 148 'writeresp' 'empty_33' <Predicate = true> <Delay = 4.86> <CoreInst = "m_axi">   --->   Core 121 'm_axi' <Latency = 6> <II = 1> <Delay = 1.00> <Adapter> <Opcode : 'read' 'write' 'readreq' 'writereq' 'writeresp'>

State 51 <SV = 48> <Delay = 4.86>
ST_51 : Operation 149 [23/68] (4.86ns)   --->   "%empty_33 = writeresp i1 @_ssdm_op_WriteResp.m_axi.p1i512, i512 %b2_addr" [/mnt/castor/seas_home/s/songqij/ese532_code/hw6/apps/mmult/fpga/hls/MMult.cpp:109->/mnt/castor/seas_home/s/songqij/ese532_code/hw6/apps/mmult/fpga/hls/MMult.cpp:111]   --->   Operation 149 'writeresp' 'empty_33' <Predicate = true> <Delay = 4.86> <CoreInst = "m_axi">   --->   Core 121 'm_axi' <Latency = 6> <II = 1> <Delay = 1.00> <Adapter> <Opcode : 'read' 'write' 'readreq' 'writereq' 'writeresp'>

State 52 <SV = 49> <Delay = 4.86>
ST_52 : Operation 150 [22/68] (4.86ns)   --->   "%empty_33 = writeresp i1 @_ssdm_op_WriteResp.m_axi.p1i512, i512 %b2_addr" [/mnt/castor/seas_home/s/songqij/ese532_code/hw6/apps/mmult/fpga/hls/MMult.cpp:109->/mnt/castor/seas_home/s/songqij/ese532_code/hw6/apps/mmult/fpga/hls/MMult.cpp:111]   --->   Operation 150 'writeresp' 'empty_33' <Predicate = true> <Delay = 4.86> <CoreInst = "m_axi">   --->   Core 121 'm_axi' <Latency = 6> <II = 1> <Delay = 1.00> <Adapter> <Opcode : 'read' 'write' 'readreq' 'writereq' 'writeresp'>

State 53 <SV = 50> <Delay = 4.86>
ST_53 : Operation 151 [21/68] (4.86ns)   --->   "%empty_33 = writeresp i1 @_ssdm_op_WriteResp.m_axi.p1i512, i512 %b2_addr" [/mnt/castor/seas_home/s/songqij/ese532_code/hw6/apps/mmult/fpga/hls/MMult.cpp:109->/mnt/castor/seas_home/s/songqij/ese532_code/hw6/apps/mmult/fpga/hls/MMult.cpp:111]   --->   Operation 151 'writeresp' 'empty_33' <Predicate = true> <Delay = 4.86> <CoreInst = "m_axi">   --->   Core 121 'm_axi' <Latency = 6> <II = 1> <Delay = 1.00> <Adapter> <Opcode : 'read' 'write' 'readreq' 'writereq' 'writeresp'>

State 54 <SV = 51> <Delay = 4.86>
ST_54 : Operation 152 [20/68] (4.86ns)   --->   "%empty_33 = writeresp i1 @_ssdm_op_WriteResp.m_axi.p1i512, i512 %b2_addr" [/mnt/castor/seas_home/s/songqij/ese532_code/hw6/apps/mmult/fpga/hls/MMult.cpp:109->/mnt/castor/seas_home/s/songqij/ese532_code/hw6/apps/mmult/fpga/hls/MMult.cpp:111]   --->   Operation 152 'writeresp' 'empty_33' <Predicate = true> <Delay = 4.86> <CoreInst = "m_axi">   --->   Core 121 'm_axi' <Latency = 6> <II = 1> <Delay = 1.00> <Adapter> <Opcode : 'read' 'write' 'readreq' 'writereq' 'writeresp'>

State 55 <SV = 52> <Delay = 4.86>
ST_55 : Operation 153 [19/68] (4.86ns)   --->   "%empty_33 = writeresp i1 @_ssdm_op_WriteResp.m_axi.p1i512, i512 %b2_addr" [/mnt/castor/seas_home/s/songqij/ese532_code/hw6/apps/mmult/fpga/hls/MMult.cpp:109->/mnt/castor/seas_home/s/songqij/ese532_code/hw6/apps/mmult/fpga/hls/MMult.cpp:111]   --->   Operation 153 'writeresp' 'empty_33' <Predicate = true> <Delay = 4.86> <CoreInst = "m_axi">   --->   Core 121 'm_axi' <Latency = 6> <II = 1> <Delay = 1.00> <Adapter> <Opcode : 'read' 'write' 'readreq' 'writereq' 'writeresp'>

State 56 <SV = 53> <Delay = 4.86>
ST_56 : Operation 154 [18/68] (4.86ns)   --->   "%empty_33 = writeresp i1 @_ssdm_op_WriteResp.m_axi.p1i512, i512 %b2_addr" [/mnt/castor/seas_home/s/songqij/ese532_code/hw6/apps/mmult/fpga/hls/MMult.cpp:109->/mnt/castor/seas_home/s/songqij/ese532_code/hw6/apps/mmult/fpga/hls/MMult.cpp:111]   --->   Operation 154 'writeresp' 'empty_33' <Predicate = true> <Delay = 4.86> <CoreInst = "m_axi">   --->   Core 121 'm_axi' <Latency = 6> <II = 1> <Delay = 1.00> <Adapter> <Opcode : 'read' 'write' 'readreq' 'writereq' 'writeresp'>

State 57 <SV = 54> <Delay = 4.86>
ST_57 : Operation 155 [17/68] (4.86ns)   --->   "%empty_33 = writeresp i1 @_ssdm_op_WriteResp.m_axi.p1i512, i512 %b2_addr" [/mnt/castor/seas_home/s/songqij/ese532_code/hw6/apps/mmult/fpga/hls/MMult.cpp:109->/mnt/castor/seas_home/s/songqij/ese532_code/hw6/apps/mmult/fpga/hls/MMult.cpp:111]   --->   Operation 155 'writeresp' 'empty_33' <Predicate = true> <Delay = 4.86> <CoreInst = "m_axi">   --->   Core 121 'm_axi' <Latency = 6> <II = 1> <Delay = 1.00> <Adapter> <Opcode : 'read' 'write' 'readreq' 'writereq' 'writeresp'>

State 58 <SV = 55> <Delay = 4.86>
ST_58 : Operation 156 [16/68] (4.86ns)   --->   "%empty_33 = writeresp i1 @_ssdm_op_WriteResp.m_axi.p1i512, i512 %b2_addr" [/mnt/castor/seas_home/s/songqij/ese532_code/hw6/apps/mmult/fpga/hls/MMult.cpp:109->/mnt/castor/seas_home/s/songqij/ese532_code/hw6/apps/mmult/fpga/hls/MMult.cpp:111]   --->   Operation 156 'writeresp' 'empty_33' <Predicate = true> <Delay = 4.86> <CoreInst = "m_axi">   --->   Core 121 'm_axi' <Latency = 6> <II = 1> <Delay = 1.00> <Adapter> <Opcode : 'read' 'write' 'readreq' 'writereq' 'writeresp'>

State 59 <SV = 56> <Delay = 4.86>
ST_59 : Operation 157 [15/68] (4.86ns)   --->   "%empty_33 = writeresp i1 @_ssdm_op_WriteResp.m_axi.p1i512, i512 %b2_addr" [/mnt/castor/seas_home/s/songqij/ese532_code/hw6/apps/mmult/fpga/hls/MMult.cpp:109->/mnt/castor/seas_home/s/songqij/ese532_code/hw6/apps/mmult/fpga/hls/MMult.cpp:111]   --->   Operation 157 'writeresp' 'empty_33' <Predicate = true> <Delay = 4.86> <CoreInst = "m_axi">   --->   Core 121 'm_axi' <Latency = 6> <II = 1> <Delay = 1.00> <Adapter> <Opcode : 'read' 'write' 'readreq' 'writereq' 'writeresp'>

State 60 <SV = 57> <Delay = 4.86>
ST_60 : Operation 158 [14/68] (4.86ns)   --->   "%empty_33 = writeresp i1 @_ssdm_op_WriteResp.m_axi.p1i512, i512 %b2_addr" [/mnt/castor/seas_home/s/songqij/ese532_code/hw6/apps/mmult/fpga/hls/MMult.cpp:109->/mnt/castor/seas_home/s/songqij/ese532_code/hw6/apps/mmult/fpga/hls/MMult.cpp:111]   --->   Operation 158 'writeresp' 'empty_33' <Predicate = true> <Delay = 4.86> <CoreInst = "m_axi">   --->   Core 121 'm_axi' <Latency = 6> <II = 1> <Delay = 1.00> <Adapter> <Opcode : 'read' 'write' 'readreq' 'writereq' 'writeresp'>

State 61 <SV = 58> <Delay = 4.86>
ST_61 : Operation 159 [13/68] (4.86ns)   --->   "%empty_33 = writeresp i1 @_ssdm_op_WriteResp.m_axi.p1i512, i512 %b2_addr" [/mnt/castor/seas_home/s/songqij/ese532_code/hw6/apps/mmult/fpga/hls/MMult.cpp:109->/mnt/castor/seas_home/s/songqij/ese532_code/hw6/apps/mmult/fpga/hls/MMult.cpp:111]   --->   Operation 159 'writeresp' 'empty_33' <Predicate = true> <Delay = 4.86> <CoreInst = "m_axi">   --->   Core 121 'm_axi' <Latency = 6> <II = 1> <Delay = 1.00> <Adapter> <Opcode : 'read' 'write' 'readreq' 'writereq' 'writeresp'>

State 62 <SV = 59> <Delay = 4.86>
ST_62 : Operation 160 [12/68] (4.86ns)   --->   "%empty_33 = writeresp i1 @_ssdm_op_WriteResp.m_axi.p1i512, i512 %b2_addr" [/mnt/castor/seas_home/s/songqij/ese532_code/hw6/apps/mmult/fpga/hls/MMult.cpp:109->/mnt/castor/seas_home/s/songqij/ese532_code/hw6/apps/mmult/fpga/hls/MMult.cpp:111]   --->   Operation 160 'writeresp' 'empty_33' <Predicate = true> <Delay = 4.86> <CoreInst = "m_axi">   --->   Core 121 'm_axi' <Latency = 6> <II = 1> <Delay = 1.00> <Adapter> <Opcode : 'read' 'write' 'readreq' 'writereq' 'writeresp'>

State 63 <SV = 60> <Delay = 4.86>
ST_63 : Operation 161 [11/68] (4.86ns)   --->   "%empty_33 = writeresp i1 @_ssdm_op_WriteResp.m_axi.p1i512, i512 %b2_addr" [/mnt/castor/seas_home/s/songqij/ese532_code/hw6/apps/mmult/fpga/hls/MMult.cpp:109->/mnt/castor/seas_home/s/songqij/ese532_code/hw6/apps/mmult/fpga/hls/MMult.cpp:111]   --->   Operation 161 'writeresp' 'empty_33' <Predicate = true> <Delay = 4.86> <CoreInst = "m_axi">   --->   Core 121 'm_axi' <Latency = 6> <II = 1> <Delay = 1.00> <Adapter> <Opcode : 'read' 'write' 'readreq' 'writereq' 'writeresp'>

State 64 <SV = 61> <Delay = 4.86>
ST_64 : Operation 162 [10/68] (4.86ns)   --->   "%empty_33 = writeresp i1 @_ssdm_op_WriteResp.m_axi.p1i512, i512 %b2_addr" [/mnt/castor/seas_home/s/songqij/ese532_code/hw6/apps/mmult/fpga/hls/MMult.cpp:109->/mnt/castor/seas_home/s/songqij/ese532_code/hw6/apps/mmult/fpga/hls/MMult.cpp:111]   --->   Operation 162 'writeresp' 'empty_33' <Predicate = true> <Delay = 4.86> <CoreInst = "m_axi">   --->   Core 121 'm_axi' <Latency = 6> <II = 1> <Delay = 1.00> <Adapter> <Opcode : 'read' 'write' 'readreq' 'writereq' 'writeresp'>

State 65 <SV = 62> <Delay = 4.86>
ST_65 : Operation 163 [9/68] (4.86ns)   --->   "%empty_33 = writeresp i1 @_ssdm_op_WriteResp.m_axi.p1i512, i512 %b2_addr" [/mnt/castor/seas_home/s/songqij/ese532_code/hw6/apps/mmult/fpga/hls/MMult.cpp:109->/mnt/castor/seas_home/s/songqij/ese532_code/hw6/apps/mmult/fpga/hls/MMult.cpp:111]   --->   Operation 163 'writeresp' 'empty_33' <Predicate = true> <Delay = 4.86> <CoreInst = "m_axi">   --->   Core 121 'm_axi' <Latency = 6> <II = 1> <Delay = 1.00> <Adapter> <Opcode : 'read' 'write' 'readreq' 'writereq' 'writeresp'>

State 66 <SV = 63> <Delay = 4.86>
ST_66 : Operation 164 [8/68] (4.86ns)   --->   "%empty_33 = writeresp i1 @_ssdm_op_WriteResp.m_axi.p1i512, i512 %b2_addr" [/mnt/castor/seas_home/s/songqij/ese532_code/hw6/apps/mmult/fpga/hls/MMult.cpp:109->/mnt/castor/seas_home/s/songqij/ese532_code/hw6/apps/mmult/fpga/hls/MMult.cpp:111]   --->   Operation 164 'writeresp' 'empty_33' <Predicate = true> <Delay = 4.86> <CoreInst = "m_axi">   --->   Core 121 'm_axi' <Latency = 6> <II = 1> <Delay = 1.00> <Adapter> <Opcode : 'read' 'write' 'readreq' 'writereq' 'writeresp'>

State 67 <SV = 64> <Delay = 4.86>
ST_67 : Operation 165 [7/68] (4.86ns)   --->   "%empty_33 = writeresp i1 @_ssdm_op_WriteResp.m_axi.p1i512, i512 %b2_addr" [/mnt/castor/seas_home/s/songqij/ese532_code/hw6/apps/mmult/fpga/hls/MMult.cpp:109->/mnt/castor/seas_home/s/songqij/ese532_code/hw6/apps/mmult/fpga/hls/MMult.cpp:111]   --->   Operation 165 'writeresp' 'empty_33' <Predicate = true> <Delay = 4.86> <CoreInst = "m_axi">   --->   Core 121 'm_axi' <Latency = 6> <II = 1> <Delay = 1.00> <Adapter> <Opcode : 'read' 'write' 'readreq' 'writereq' 'writeresp'>

State 68 <SV = 65> <Delay = 4.86>
ST_68 : Operation 166 [6/68] (4.86ns)   --->   "%empty_33 = writeresp i1 @_ssdm_op_WriteResp.m_axi.p1i512, i512 %b2_addr" [/mnt/castor/seas_home/s/songqij/ese532_code/hw6/apps/mmult/fpga/hls/MMult.cpp:109->/mnt/castor/seas_home/s/songqij/ese532_code/hw6/apps/mmult/fpga/hls/MMult.cpp:111]   --->   Operation 166 'writeresp' 'empty_33' <Predicate = true> <Delay = 4.86> <CoreInst = "m_axi">   --->   Core 121 'm_axi' <Latency = 6> <II = 1> <Delay = 1.00> <Adapter> <Opcode : 'read' 'write' 'readreq' 'writereq' 'writeresp'>

State 69 <SV = 66> <Delay = 4.86>
ST_69 : Operation 167 [5/68] (4.86ns)   --->   "%empty_33 = writeresp i1 @_ssdm_op_WriteResp.m_axi.p1i512, i512 %b2_addr" [/mnt/castor/seas_home/s/songqij/ese532_code/hw6/apps/mmult/fpga/hls/MMult.cpp:109->/mnt/castor/seas_home/s/songqij/ese532_code/hw6/apps/mmult/fpga/hls/MMult.cpp:111]   --->   Operation 167 'writeresp' 'empty_33' <Predicate = true> <Delay = 4.86> <CoreInst = "m_axi">   --->   Core 121 'm_axi' <Latency = 6> <II = 1> <Delay = 1.00> <Adapter> <Opcode : 'read' 'write' 'readreq' 'writereq' 'writeresp'>

State 70 <SV = 67> <Delay = 4.86>
ST_70 : Operation 168 [4/68] (4.86ns)   --->   "%empty_33 = writeresp i1 @_ssdm_op_WriteResp.m_axi.p1i512, i512 %b2_addr" [/mnt/castor/seas_home/s/songqij/ese532_code/hw6/apps/mmult/fpga/hls/MMult.cpp:109->/mnt/castor/seas_home/s/songqij/ese532_code/hw6/apps/mmult/fpga/hls/MMult.cpp:111]   --->   Operation 168 'writeresp' 'empty_33' <Predicate = true> <Delay = 4.86> <CoreInst = "m_axi">   --->   Core 121 'm_axi' <Latency = 6> <II = 1> <Delay = 1.00> <Adapter> <Opcode : 'read' 'write' 'readreq' 'writereq' 'writeresp'>

State 71 <SV = 68> <Delay = 4.86>
ST_71 : Operation 169 [3/68] (4.86ns)   --->   "%empty_33 = writeresp i1 @_ssdm_op_WriteResp.m_axi.p1i512, i512 %b2_addr" [/mnt/castor/seas_home/s/songqij/ese532_code/hw6/apps/mmult/fpga/hls/MMult.cpp:109->/mnt/castor/seas_home/s/songqij/ese532_code/hw6/apps/mmult/fpga/hls/MMult.cpp:111]   --->   Operation 169 'writeresp' 'empty_33' <Predicate = true> <Delay = 4.86> <CoreInst = "m_axi">   --->   Core 121 'm_axi' <Latency = 6> <II = 1> <Delay = 1.00> <Adapter> <Opcode : 'read' 'write' 'readreq' 'writereq' 'writeresp'>

State 72 <SV = 69> <Delay = 4.86>
ST_72 : Operation 170 [2/68] (4.86ns)   --->   "%empty_33 = writeresp i1 @_ssdm_op_WriteResp.m_axi.p1i512, i512 %b2_addr" [/mnt/castor/seas_home/s/songqij/ese532_code/hw6/apps/mmult/fpga/hls/MMult.cpp:109->/mnt/castor/seas_home/s/songqij/ese532_code/hw6/apps/mmult/fpga/hls/MMult.cpp:111]   --->   Operation 170 'writeresp' 'empty_33' <Predicate = true> <Delay = 4.86> <CoreInst = "m_axi">   --->   Core 121 'm_axi' <Latency = 6> <II = 1> <Delay = 1.00> <Adapter> <Opcode : 'read' 'write' 'readreq' 'writereq' 'writeresp'>

State 73 <SV = 70> <Delay = 4.86>
ST_73 : Operation 171 [1/68] (4.86ns)   --->   "%empty_33 = writeresp i1 @_ssdm_op_WriteResp.m_axi.p1i512, i512 %b2_addr" [/mnt/castor/seas_home/s/songqij/ese532_code/hw6/apps/mmult/fpga/hls/MMult.cpp:109->/mnt/castor/seas_home/s/songqij/ese532_code/hw6/apps/mmult/fpga/hls/MMult.cpp:111]   --->   Operation 171 'writeresp' 'empty_33' <Predicate = true> <Delay = 4.86> <CoreInst = "m_axi">   --->   Core 121 'm_axi' <Latency = 6> <II = 1> <Delay = 1.00> <Adapter> <Opcode : 'read' 'write' 'readreq' 'writereq' 'writeresp'>
ST_73 : Operation 172 [1/1] (0.00ns)   --->   "%ret_ln111 = ret" [/mnt/castor/seas_home/s/songqij/ese532_code/hw6/apps/mmult/fpga/hls/MMult.cpp:111]   --->   Operation 172 'ret' 'ret_ln111' <Predicate = true> <Delay = 0.00>


============================================================
+ Verbose Summary: Binding
============================================================
STG Binding: 
---------------- STG Properties BEGIN ----------------
- Is combinational: 0
- Is one-state seq: 0
- Is datapath-only: 0
- Is pipelined: 0
- Is top level: 0
Port [ Return ] is wired: 1; IO mode=ap_ctrl_hs:ce=0
Port [ result5]:  wired=1; compound=1; hidden=0; nouse=0; global=0; static=0; extern=0; dir=0; type=3; pingpong=0; private_global=0; IO mode=ap_fifo:ce=0
Port [ b2]:  wired=1; compound=1; hidden=0; nouse=0; global=0; static=0; extern=0; dir=1; type=4; pingpong=0; private_global=0; IO mode=m_axi:ce=0
Port [ output_r]:  wired=1; compound=1; hidden=0; nouse=0; global=0; static=0; extern=0; dir=0; type=3; pingpong=0; private_global=0; IO mode=ap_fifo:ce=0
---------------- STG Properties END ------------------

---------------- Datapath Model BEGIN ----------------

<LifeTime>
<method=bitvector/>
output_read        (read             ) [ 00000000000000000000000000000000000000000000000000000000000000000000000000]
trunc_ln           (partselect       ) [ 00100000000000000000000000000000000000000000000000000000000000000000000000]
specinterface_ln0  (specinterface    ) [ 00000000000000000000000000000000000000000000000000000000000000000000000000]
specinterface_ln0  (specinterface    ) [ 00000000000000000000000000000000000000000000000000000000000000000000000000]
specinterface_ln0  (specinterface    ) [ 00000000000000000000000000000000000000000000000000000000000000000000000000]
specinterface_ln0  (specinterface    ) [ 00000000000000000000000000000000000000000000000000000000000000000000000000]
specinterface_ln0  (specinterface    ) [ 00000000000000000000000000000000000000000000000000000000000000000000000000]
sext_ln103         (sext             ) [ 00000000000000000000000000000000000000000000000000000000000000000000000000]
b2_addr            (getelementptr    ) [ 00011111111111111111111111111111111111111111111111111111111111111111111111]
empty              (writereq         ) [ 00000000000000000000000000000000000000000000000000000000000000000000000000]
br_ln103           (br               ) [ 00111100000000000000000000000000000000000000000000000000000000000000000000]
i                  (phi              ) [ 00010000000000000000000000000000000000000000000000000000000000000000000000]
phi_ln105          (phi              ) [ 00011100000000000000000000000000000000000000000000000000000000000000000000]
add_ln103          (add              ) [ 00111100000000000000000000000000000000000000000000000000000000000000000000]
specpipeline_ln0   (specpipeline     ) [ 00000000000000000000000000000000000000000000000000000000000000000000000000]
icmp_ln103         (icmp             ) [ 00011100000000000000000000000000000000000000000000000000000000000000000000]
empty_31           (speclooptripcount) [ 00000000000000000000000000000000000000000000000000000000000000000000000000]
br_ln103           (br               ) [ 00000000000000000000000000000000000000000000000000000000000000000000000000]
empty_32           (trunc            ) [ 00000000000000000000000000000000000000000000000000000000000000000000000000]
icmp_ln105         (icmp             ) [ 00011100000000000000000000000000000000000000000000000000000000000000000000]
br_ln105           (br               ) [ 00000000000000000000000000000000000000000000000000000000000000000000000000]
tmp                (read             ) [ 00010100000000000000000000000000000000000000000000000000000000000000000000]
specloopname_ln103 (specloopname     ) [ 00000000000000000000000000000000000000000000000000000000000000000000000000]
or_ln              (bitconcatenate   ) [ 00000000000000000000000000000000000000000000000000000000000000000000000000]
write_ln105        (write            ) [ 00000000000000000000000000000000000000000000000000000000000000000000000000]
br_ln105           (br               ) [ 00000000000000000000000000000000000000000000000000000000000000000000000000]
tmp_1              (partselect       ) [ 00000000000000000000000000000000000000000000000000000000000000000000000000]
tmp_2              (bitconcatenate   ) [ 00000000000000000000000000000000000000000000000000000000000000000000000000]
select_ln105       (select           ) [ 00111100000000000000000000000000000000000000000000000000000000000000000000]
br_ln0             (br               ) [ 00111100000000000000000000000000000000000000000000000000000000000000000000]
empty_33           (writeresp        ) [ 00000000000000000000000000000000000000000000000000000000000000000000000000]
ret_ln111          (ret              ) [ 00000000000000000000000000000000000000000000000000000000000000000000000000]
</LifeTime>

<model>

<comp_list>
<comp id="0" class="1000" name="result5">
<pin_list>
<pin id="1" dir="1" index="0" bw="1" slack="0"/>
</pin_list>
<bind>
<StgValue><ssdm name="result5"/></StgValue>
</bind>
</comp>

<comp id="2" class="1000" name="b2">
<pin_list>
<pin id="3" dir="1" index="0" bw="1" slack="0"/>
</pin_list>
<bind>
<StgValue><ssdm name="b2"/></StgValue>
</bind>
</comp>

<comp id="4" class="1000" name="output_r">
<pin_list>
<pin id="5" dir="1" index="0" bw="1" slack="0"/>
</pin_list>
<bind>
<StgValue><ssdm name="output_r"/></StgValue>
</bind>
</comp>

<comp id="6" class="1001" name="const_6">
<pin_list>
<pin id="7" dir="1" index="0" bw="1" slack="0"/>
</pin_list>
<bind>
<StgValue><ssdm name="_ssdm_op_Read.ap_fifo.i64P0A"/></StgValue>
</bind>
</comp>

<comp id="8" class="1001" name="const_8">
<pin_list>
<pin id="9" dir="1" index="0" bw="1" slack="0"/>
</pin_list>
<bind>
<StgValue><ssdm name="_ssdm_op_PartSelect.i58.i64.i32.i32"/></StgValue>
</bind>
</comp>

<comp id="10" class="1001" name="const_10">
<pin_list>
<pin id="11" dir="1" index="0" bw="1" slack="0"/>
</pin_list>
<bind>
<StgValue><ssdm name=""/></StgValue>
</bind>
</comp>

<comp id="12" class="1001" name="const_12">
<pin_list>
<pin id="13" dir="1" index="0" bw="1" slack="0"/>
</pin_list>
<bind>
<StgValue><ssdm name=""/></StgValue>
</bind>
</comp>

<comp id="14" class="1001" name="const_14">
<pin_list>
<pin id="15" dir="1" index="0" bw="1" slack="2147483647"/>
</pin_list>
<bind>
<StgValue><ssdm name="_ssdm_op_SpecInterface"/></StgValue>
</bind>
</comp>

<comp id="16" class="1001" name="const_16">
<pin_list>
<pin id="17" dir="1" index="0" bw="1" slack="2147483647"/>
</pin_list>
<bind>
<StgValue><ssdm name="empty_9"/></StgValue>
</bind>
</comp>

<comp id="18" class="1001" name="const_18">
<pin_list>
<pin id="19" dir="1" index="0" bw="1" slack="2147483647"/>
</pin_list>
<bind>
<StgValue><ssdm name=""/></StgValue>
</bind>
</comp>

<comp id="20" class="1001" name="const_20">
<pin_list>
<pin id="21" dir="1" index="0" bw="1" slack="2147483647"/>
</pin_list>
<bind>
<StgValue><ssdm name="empty_7"/></StgValue>
</bind>
</comp>

<comp id="22" class="1001" name="const_22">
<pin_list>
<pin id="23" dir="1" index="0" bw="1" slack="2147483647"/>
</pin_list>
<bind>
<StgValue><ssdm name="empty_2"/></StgValue>
</bind>
</comp>

<comp id="24" class="1001" name="const_24">
<pin_list>
<pin id="25" dir="1" index="0" bw="1" slack="2147483647"/>
</pin_list>
<bind>
<StgValue><ssdm name=""/></StgValue>
</bind>
</comp>

<comp id="26" class="1001" name="const_26">
<pin_list>
<pin id="27" dir="1" index="0" bw="1" slack="2147483647"/>
</pin_list>
<bind>
<StgValue><ssdm name="empty_4"/></StgValue>
</bind>
</comp>

<comp id="28" class="1001" name="const_28">
<pin_list>
<pin id="29" dir="1" index="0" bw="1" slack="2147483647"/>
</pin_list>
<bind>
<StgValue><ssdm name="empty_17"/></StgValue>
</bind>
</comp>

<comp id="30" class="1001" name="const_30">
<pin_list>
<pin id="31" dir="1" index="0" bw="1" slack="2147483647"/>
</pin_list>
<bind>
<StgValue><ssdm name=""/></StgValue>
</bind>
</comp>

<comp id="32" class="1001" name="const_32">
<pin_list>
<pin id="33" dir="1" index="0" bw="1" slack="2147483647"/>
</pin_list>
<bind>
<StgValue><ssdm name="ap_fifo_str"/></StgValue>
</bind>
</comp>

<comp id="34" class="1001" name="const_34">
<pin_list>
<pin id="35" dir="1" index="0" bw="1" slack="2147483647"/>
</pin_list>
<bind>
<StgValue><ssdm name="p_str"/></StgValue>
</bind>
</comp>

<comp id="36" class="1001" name="const_36">
<pin_list>
<pin id="37" dir="1" index="0" bw="1" slack="2147483647"/>
</pin_list>
<bind>
<StgValue><ssdm name=""/></StgValue>
</bind>
</comp>

<comp id="38" class="1001" name="const_38">
<pin_list>
<pin id="39" dir="1" index="0" bw="1" slack="2147483647"/>
</pin_list>
<bind>
<StgValue><ssdm name="ScalarProp_str"/></StgValue>
</bind>
</comp>

<comp id="40" class="1001" name="const_40">
<pin_list>
<pin id="41" dir="1" index="0" bw="1" slack="0"/>
</pin_list>
<bind>
<StgValue><ssdm name="_ssdm_op_WriteReq.m_axi.p1i512"/></StgValue>
</bind>
</comp>

<comp id="42" class="1001" name="const_42">
<pin_list>
<pin id="43" dir="1" index="0" bw="1" slack="0"/>
</pin_list>
<bind>
<StgValue><ssdm name=""/></StgValue>
</bind>
</comp>

<comp id="44" class="1001" name="const_44">
<pin_list>
<pin id="45" dir="1" index="0" bw="1" slack="1"/>
</pin_list>
<bind>
<StgValue><ssdm name=""/></StgValue>
</bind>
</comp>

<comp id="46" class="1001" name="const_46">
<pin_list>
<pin id="47" dir="1" index="0" bw="1" slack="0"/>
</pin_list>
<bind>
<StgValue><ssdm name=""/></StgValue>
</bind>
</comp>

<comp id="48" class="1001" name="const_48">
<pin_list>
<pin id="49" dir="1" index="0" bw="1" slack="0"/>
</pin_list>
<bind>
<StgValue><ssdm name=""/></StgValue>
</bind>
</comp>

<comp id="50" class="1001" name="const_50">
<pin_list>
<pin id="51" dir="1" index="0" bw="1" slack="2147483647"/>
</pin_list>
<bind>
<StgValue><ssdm name="_ssdm_op_SpecPipeline"/></StgValue>
</bind>
</comp>

<comp id="52" class="1001" name="const_52">
<pin_list>
<pin id="53" dir="1" index="0" bw="1" slack="2147483647"/>
</pin_list>
<bind>
<StgValue><ssdm name=""/></StgValue>
</bind>
</comp>

<comp id="54" class="1001" name="const_54">
<pin_list>
<pin id="55" dir="1" index="0" bw="1" slack="2147483647"/>
</pin_list>
<bind>
<StgValue><ssdm name=""/></StgValue>
</bind>
</comp>

<comp id="56" class="1001" name="const_56">
<pin_list>
<pin id="57" dir="1" index="0" bw="1" slack="0"/>
</pin_list>
<bind>
<StgValue><ssdm name=""/></StgValue>
</bind>
</comp>

<comp id="58" class="1001" name="const_58">
<pin_list>
<pin id="59" dir="1" index="0" bw="1" slack="2147483647"/>
</pin_list>
<bind>
<StgValue><ssdm name="_ssdm_op_SpecLoopTripCount"/></StgValue>
</bind>
</comp>

<comp id="60" class="1001" name="const_60">
<pin_list>
<pin id="61" dir="1" index="0" bw="1" slack="2147483647"/>
</pin_list>
<bind>
<StgValue><ssdm name=""/></StgValue>
</bind>
</comp>

<comp id="62" class="1001" name="const_62">
<pin_list>
<pin id="63" dir="1" index="0" bw="1" slack="0"/>
</pin_list>
<bind>
<StgValue><ssdm name=""/></StgValue>
</bind>
</comp>

<comp id="64" class="1001" name="const_64">
<pin_list>
<pin id="65" dir="1" index="0" bw="1" slack="0"/>
</pin_list>
<bind>
<StgValue><ssdm name="_ssdm_op_Read.ap_fifo.volatile.i32P0A"/></StgValue>
</bind>
</comp>

<comp id="66" class="1001" name="const_66">
<pin_list>
<pin id="67" dir="1" index="0" bw="1" slack="2147483647"/>
</pin_list>
<bind>
<StgValue><ssdm name="_ssdm_op_SpecLoopName"/></StgValue>
</bind>
</comp>

<comp id="68" class="1001" name="const_68">
<pin_list>
<pin id="69" dir="1" index="0" bw="1" slack="2147483647"/>
</pin_list>
<bind>
<StgValue><ssdm name="empty_11"/></StgValue>
</bind>
</comp>

<comp id="70" class="1001" name="const_70">
<pin_list>
<pin id="71" dir="1" index="0" bw="1" slack="0"/>
</pin_list>
<bind>
<StgValue><ssdm name="_ssdm_op_BitConcatenate.i512.i32.i480"/></StgValue>
</bind>
</comp>

<comp id="72" class="1001" name="const_72">
<pin_list>
<pin id="73" dir="1" index="0" bw="1" slack="0"/>
</pin_list>
<bind>
<StgValue><ssdm name="_ssdm_op_Write.m_axi.p1i512"/></StgValue>
</bind>
</comp>

<comp id="74" class="1001" name="const_74">
<pin_list>
<pin id="75" dir="1" index="0" bw="1" slack="0"/>
</pin_list>
<bind>
<StgValue><ssdm name=""/></StgValue>
</bind>
</comp>

<comp id="76" class="1001" name="const_76">
<pin_list>
<pin id="77" dir="1" index="0" bw="1" slack="0"/>
</pin_list>
<bind>
<StgValue><ssdm name="_ssdm_op_PartSelect.i448.i480.i32.i32"/></StgValue>
</bind>
</comp>

<comp id="78" class="1001" name="const_78">
<pin_list>
<pin id="79" dir="1" index="0" bw="1" slack="0"/>
</pin_list>
<bind>
<StgValue><ssdm name=""/></StgValue>
</bind>
</comp>

<comp id="80" class="1001" name="const_80">
<pin_list>
<pin id="81" dir="1" index="0" bw="1" slack="0"/>
</pin_list>
<bind>
<StgValue><ssdm name=""/></StgValue>
</bind>
</comp>

<comp id="82" class="1001" name="const_82">
<pin_list>
<pin id="83" dir="1" index="0" bw="1" slack="0"/>
</pin_list>
<bind>
<StgValue><ssdm name="_ssdm_op_BitConcatenate.i480.i32.i448"/></StgValue>
</bind>
</comp>

<comp id="84" class="1001" name="const_84">
<pin_list>
<pin id="85" dir="1" index="0" bw="1" slack="0"/>
</pin_list>
<bind>
<StgValue><ssdm name="_ssdm_op_WriteResp.m_axi.p1i512"/></StgValue>
</bind>
</comp>

<comp id="86" class="1004" name="output_read_read_fu_86">
<pin_list>
<pin id="87" dir="0" index="0" bw="64" slack="0"/>
<pin id="88" dir="0" index="1" bw="64" slack="0"/>
<pin id="89" dir="1" index="2" bw="64" slack="0"/>
</pin_list>
<bind>
<opcode="read(1150) " fcode="read"/>
<opset="output_read/1 "/>
</bind>
</comp>

<comp id="92" class="1004" name="grp_writeresp_fu_92">
<pin_list>
<pin id="93" dir="0" index="0" bw="1" slack="0"/>
<pin id="94" dir="0" index="1" bw="512" slack="0"/>
<pin id="95" dir="0" index="2" bw="15" slack="0"/>
<pin id="96" dir="1" index="3" bw="1" slack="2147483647"/>
</pin_list>
<bind>
<opcode="writereq(1155) writeresp(1158) " fcode="writeresp"/>
<opset="empty/2 empty_33/6 "/>
</bind>
</comp>

<comp id="99" class="1004" name="tmp_read_fu_99">
<pin_list>
<pin id="100" dir="0" index="0" bw="32" slack="0"/>
<pin id="101" dir="0" index="1" bw="32" slack="0"/>
<pin id="102" dir="1" index="2" bw="32" slack="1"/>
</pin_list>
<bind>
<opcode="read(1150) " fcode="read"/>
<opset="tmp/4 "/>
</bind>
</comp>

<comp id="105" class="1004" name="write_ln105_write_fu_105">
<pin_list>
<pin id="106" dir="0" index="0" bw="0" slack="0"/>
<pin id="107" dir="0" index="1" bw="512" slack="3"/>
<pin id="108" dir="0" index="2" bw="512" slack="0"/>
<pin id="109" dir="0" index="3" bw="1" slack="0"/>
<pin id="110" dir="1" index="4" bw="0" slack="2147483647"/>
</pin_list>
<bind>
<opcode="write(1151) " fcode="write"/>
<opset="write_ln105/5 "/>
</bind>
</comp>

<comp id="114" class="1005" name="i_reg_114">
<pin_list>
<pin id="115" dir="0" index="0" bw="18" slack="1"/>
<pin id="116" dir="1" index="1" bw="18" slack="1"/>
</pin_list>
<bind>
<opset="i (phireg) "/>
</bind>
</comp>

<comp id="118" class="1004" name="i_phi_fu_118">
<pin_list>
<pin id="119" dir="0" index="0" bw="18" slack="0"/>
<pin id="120" dir="0" index="1" bw="0" slack="2147483647"/>
<pin id="121" dir="0" index="2" bw="1" slack="1"/>
<pin id="122" dir="0" index="3" bw="0" slack="2147483647"/>
<pin id="123" dir="1" index="4" bw="18" slack="0"/>
</pin_list>
<bind>
<opcode="phi(47) " fcode="phi"/>
<opset="i/3 "/>
</bind>
</comp>

<comp id="125" class="1005" name="phi_ln105_reg_125">
<pin_list>
<pin id="126" dir="0" index="0" bw="480" slack="1"/>
<pin id="127" dir="1" index="1" bw="480" slack="1"/>
</pin_list>
<bind>
<opset="phi_ln105 (phireg) "/>
</bind>
</comp>

<comp id="129" class="1004" name="phi_ln105_phi_fu_129">
<pin_list>
<pin id="130" dir="0" index="0" bw="480" slack="1"/>
<pin id="131" dir="0" index="1" bw="0" slack="2147483647"/>
<pin id="132" dir="0" index="2" bw="1" slack="1"/>
<pin id="133" dir="0" index="3" bw="0" slack="2147483647"/>
<pin id="134" dir="1" index="4" bw="480" slack="2"/>
</pin_list>
<bind>
<opcode="phi(47) " fcode="phi"/>
<opset="phi_ln105/3 "/>
</bind>
</comp>

<comp id="137" class="1004" name="trunc_ln_fu_137">
<pin_list>
<pin id="138" dir="0" index="0" bw="58" slack="0"/>
<pin id="139" dir="0" index="1" bw="64" slack="0"/>
<pin id="140" dir="0" index="2" bw="4" slack="0"/>
<pin id="141" dir="0" index="3" bw="7" slack="0"/>
<pin id="142" dir="1" index="4" bw="58" slack="1"/>
</pin_list>
<bind>
<opcode="partselect(1002) " fcode="partselect"/>
<opset="trunc_ln/1 "/>
</bind>
</comp>

<comp id="147" class="1004" name="sext_ln103_fu_147">
<pin_list>
<pin id="148" dir="0" index="0" bw="58" slack="1"/>
<pin id="149" dir="1" index="1" bw="64" slack="0"/>
</pin_list>
<bind>
<opcode="sext(35) " fcode="sext"/>
<opset="sext_ln103/2 "/>
</bind>
</comp>

<comp id="150" class="1004" name="b2_addr_fu_150">
<pin_list>
<pin id="151" dir="0" index="0" bw="512" slack="0"/>
<pin id="152" dir="0" index="1" bw="58" slack="0"/>
<pin id="153" dir="1" index="2" bw="512" slack="0"/>
</pin_list>
<bind>
<opcode="getelementptr(29) " fcode="getelementptr"/>
<opset="b2_addr/2 "/>
</bind>
</comp>

<comp id="157" class="1004" name="add_ln103_fu_157">
<pin_list>
<pin id="158" dir="0" index="0" bw="18" slack="0"/>
<pin id="159" dir="0" index="1" bw="1" slack="0"/>
<pin id="160" dir="1" index="2" bw="18" slack="0"/>
</pin_list>
<bind>
<opcode="add(8) " fcode="add"/>
<opset="add_ln103/3 "/>
</bind>
</comp>

<comp id="163" class="1004" name="icmp_ln103_fu_163">
<pin_list>
<pin id="164" dir="0" index="0" bw="18" slack="0"/>
<pin id="165" dir="0" index="1" bw="18" slack="0"/>
<pin id="166" dir="1" index="2" bw="1" slack="1"/>
</pin_list>
<bind>
<opcode="icmp(45) " fcode="icmp"/>
<opset="icmp_ln103/3 "/>
</bind>
</comp>

<comp id="169" class="1004" name="empty_32_fu_169">
<pin_list>
<pin id="170" dir="0" index="0" bw="18" slack="0"/>
<pin id="171" dir="1" index="1" bw="4" slack="0"/>
</pin_list>
<bind>
<opcode="trunc(33) " fcode="trunc"/>
<opset="empty_32/3 "/>
</bind>
</comp>

<comp id="173" class="1004" name="icmp_ln105_fu_173">
<pin_list>
<pin id="174" dir="0" index="0" bw="4" slack="0"/>
<pin id="175" dir="0" index="1" bw="1" slack="0"/>
<pin id="176" dir="1" index="2" bw="1" slack="2"/>
</pin_list>
<bind>
<opcode="icmp(45) " fcode="icmp"/>
<opset="icmp_ln105/3 "/>
</bind>
</comp>

<comp id="179" class="1004" name="or_ln_fu_179">
<pin_list>
<pin id="180" dir="0" index="0" bw="512" slack="0"/>
<pin id="181" dir="0" index="1" bw="32" slack="1"/>
<pin id="182" dir="0" index="2" bw="480" slack="2"/>
<pin id="183" dir="1" index="3" bw="512" slack="0"/>
</pin_list>
<bind>
<opcode="bitconcatenate(1004) " fcode="bitconcatenate"/>
<opset="or_ln/5 "/>
</bind>
</comp>

<comp id="187" class="1004" name="tmp_1_fu_187">
<pin_list>
<pin id="188" dir="0" index="0" bw="448" slack="0"/>
<pin id="189" dir="0" index="1" bw="480" slack="2"/>
<pin id="190" dir="0" index="2" bw="7" slack="0"/>
<pin id="191" dir="0" index="3" bw="10" slack="0"/>
<pin id="192" dir="1" index="4" bw="448" slack="0"/>
</pin_list>
<bind>
<opcode="partselect(1002) " fcode="partselect"/>
<opset="tmp_1/5 "/>
</bind>
</comp>

<comp id="197" class="1004" name="tmp_2_fu_197">
<pin_list>
<pin id="198" dir="0" index="0" bw="480" slack="0"/>
<pin id="199" dir="0" index="1" bw="32" slack="1"/>
<pin id="200" dir="0" index="2" bw="448" slack="0"/>
<pin id="201" dir="1" index="3" bw="480" slack="0"/>
</pin_list>
<bind>
<opcode="bitconcatenate(1004) " fcode="bitconcatenate"/>
<opset="tmp_2/5 "/>
</bind>
</comp>

<comp id="204" class="1004" name="select_ln105_fu_204">
<pin_list>
<pin id="205" dir="0" index="0" bw="1" slack="2"/>
<pin id="206" dir="0" index="1" bw="1" slack="0"/>
<pin id="207" dir="0" index="2" bw="480" slack="0"/>
<pin id="208" dir="1" index="3" bw="480" slack="1"/>
</pin_list>
<bind>
<opcode="select(49) " fcode="select"/>
<opset="select_ln105/5 "/>
</bind>
</comp>

<comp id="211" class="1005" name="trunc_ln_reg_211">
<pin_list>
<pin id="212" dir="0" index="0" bw="58" slack="1"/>
<pin id="213" dir="1" index="1" bw="58" slack="1"/>
</pin_list>
<bind>
<opset="trunc_ln "/>
</bind>
</comp>

<comp id="216" class="1005" name="b2_addr_reg_216">
<pin_list>
<pin id="217" dir="0" index="0" bw="512" slack="2"/>
<pin id="218" dir="1" index="1" bw="512" slack="2"/>
</pin_list>
<bind>
<opset="b2_addr "/>
</bind>
</comp>

<comp id="222" class="1005" name="add_ln103_reg_222">
<pin_list>
<pin id="223" dir="0" index="0" bw="18" slack="0"/>
<pin id="224" dir="1" index="1" bw="18" slack="0"/>
</pin_list>
<bind>
<opset="add_ln103 "/>
</bind>
</comp>

<comp id="227" class="1005" name="icmp_ln103_reg_227">
<pin_list>
<pin id="228" dir="0" index="0" bw="1" slack="1"/>
<pin id="229" dir="1" index="1" bw="1" slack="2147483647"/>
</pin_list>
<bind>
<opset="icmp_ln103 "/>
</bind>
</comp>

<comp id="231" class="1005" name="icmp_ln105_reg_231">
<pin_list>
<pin id="232" dir="0" index="0" bw="1" slack="2"/>
<pin id="233" dir="1" index="1" bw="1" slack="2"/>
</pin_list>
<bind>
<opset="icmp_ln105 "/>
</bind>
</comp>

<comp id="236" class="1005" name="tmp_reg_236">
<pin_list>
<pin id="237" dir="0" index="0" bw="32" slack="1"/>
<pin id="238" dir="1" index="1" bw="32" slack="1"/>
</pin_list>
<bind>
<opset="tmp "/>
</bind>
</comp>

<comp id="242" class="1005" name="select_ln105_reg_242">
<pin_list>
<pin id="243" dir="0" index="0" bw="480" slack="1"/>
<pin id="244" dir="1" index="1" bw="480" slack="1"/>
</pin_list>
<bind>
<opset="select_ln105 "/>
</bind>
</comp>

</comp_list>

<net_list>
<net id="90"><net_src comp="6" pin="0"/><net_sink comp="86" pin=0"/></net>

<net id="91"><net_src comp="4" pin="0"/><net_sink comp="86" pin=1"/></net>

<net id="97"><net_src comp="40" pin="0"/><net_sink comp="92" pin=0"/></net>

<net id="98"><net_src comp="42" pin="0"/><net_sink comp="92" pin=2"/></net>

<net id="103"><net_src comp="64" pin="0"/><net_sink comp="99" pin=0"/></net>

<net id="104"><net_src comp="0" pin="0"/><net_sink comp="99" pin=1"/></net>

<net id="111"><net_src comp="72" pin="0"/><net_sink comp="105" pin=0"/></net>

<net id="112"><net_src comp="74" pin="0"/><net_sink comp="105" pin=3"/></net>

<net id="113"><net_src comp="84" pin="0"/><net_sink comp="92" pin=0"/></net>

<net id="117"><net_src comp="44" pin="0"/><net_sink comp="114" pin=0"/></net>

<net id="124"><net_src comp="114" pin="1"/><net_sink comp="118" pin=2"/></net>

<net id="128"><net_src comp="46" pin="0"/><net_sink comp="125" pin=0"/></net>

<net id="135"><net_src comp="125" pin="1"/><net_sink comp="129" pin=2"/></net>

<net id="136"><net_src comp="129" pin="4"/><net_sink comp="125" pin=0"/></net>

<net id="143"><net_src comp="8" pin="0"/><net_sink comp="137" pin=0"/></net>

<net id="144"><net_src comp="86" pin="2"/><net_sink comp="137" pin=1"/></net>

<net id="145"><net_src comp="10" pin="0"/><net_sink comp="137" pin=2"/></net>

<net id="146"><net_src comp="12" pin="0"/><net_sink comp="137" pin=3"/></net>

<net id="154"><net_src comp="2" pin="0"/><net_sink comp="150" pin=0"/></net>

<net id="155"><net_src comp="147" pin="1"/><net_sink comp="150" pin=1"/></net>

<net id="156"><net_src comp="150" pin="2"/><net_sink comp="92" pin=1"/></net>

<net id="161"><net_src comp="118" pin="4"/><net_sink comp="157" pin=0"/></net>

<net id="162"><net_src comp="48" pin="0"/><net_sink comp="157" pin=1"/></net>

<net id="167"><net_src comp="118" pin="4"/><net_sink comp="163" pin=0"/></net>

<net id="168"><net_src comp="56" pin="0"/><net_sink comp="163" pin=1"/></net>

<net id="172"><net_src comp="118" pin="4"/><net_sink comp="169" pin=0"/></net>

<net id="177"><net_src comp="169" pin="1"/><net_sink comp="173" pin=0"/></net>

<net id="178"><net_src comp="62" pin="0"/><net_sink comp="173" pin=1"/></net>

<net id="184"><net_src comp="70" pin="0"/><net_sink comp="179" pin=0"/></net>

<net id="185"><net_src comp="125" pin="1"/><net_sink comp="179" pin=2"/></net>

<net id="186"><net_src comp="179" pin="3"/><net_sink comp="105" pin=2"/></net>

<net id="193"><net_src comp="76" pin="0"/><net_sink comp="187" pin=0"/></net>

<net id="194"><net_src comp="125" pin="1"/><net_sink comp="187" pin=1"/></net>

<net id="195"><net_src comp="78" pin="0"/><net_sink comp="187" pin=2"/></net>

<net id="196"><net_src comp="80" pin="0"/><net_sink comp="187" pin=3"/></net>

<net id="202"><net_src comp="82" pin="0"/><net_sink comp="197" pin=0"/></net>

<net id="203"><net_src comp="187" pin="4"/><net_sink comp="197" pin=2"/></net>

<net id="209"><net_src comp="46" pin="0"/><net_sink comp="204" pin=1"/></net>

<net id="210"><net_src comp="197" pin="3"/><net_sink comp="204" pin=2"/></net>

<net id="214"><net_src comp="137" pin="4"/><net_sink comp="211" pin=0"/></net>

<net id="215"><net_src comp="211" pin="1"/><net_sink comp="147" pin=0"/></net>

<net id="219"><net_src comp="150" pin="2"/><net_sink comp="216" pin=0"/></net>

<net id="220"><net_src comp="216" pin="1"/><net_sink comp="105" pin=1"/></net>

<net id="221"><net_src comp="216" pin="1"/><net_sink comp="92" pin=1"/></net>

<net id="225"><net_src comp="157" pin="2"/><net_sink comp="222" pin=0"/></net>

<net id="226"><net_src comp="222" pin="1"/><net_sink comp="118" pin=0"/></net>

<net id="230"><net_src comp="163" pin="2"/><net_sink comp="227" pin=0"/></net>

<net id="234"><net_src comp="173" pin="2"/><net_sink comp="231" pin=0"/></net>

<net id="235"><net_src comp="231" pin="1"/><net_sink comp="204" pin=0"/></net>

<net id="239"><net_src comp="99" pin="2"/><net_sink comp="236" pin=0"/></net>

<net id="240"><net_src comp="236" pin="1"/><net_sink comp="179" pin=1"/></net>

<net id="241"><net_src comp="236" pin="1"/><net_sink comp="197" pin=1"/></net>

<net id="245"><net_src comp="204" pin="3"/><net_sink comp="242" pin=0"/></net>

<net id="246"><net_src comp="242" pin="1"/><net_sink comp="129" pin=0"/></net>

</net_list>

</model> 
---------------- Datapath Model END ------------------

* FSMD analyzer results:
  - Output states:
	Port: b2 | {2 5 6 7 8 9 10 11 12 13 14 15 16 17 18 19 20 21 22 23 24 25 26 27 28 29 30 31 32 33 34 35 36 37 38 39 40 41 42 43 44 45 46 47 48 49 50 51 52 53 54 55 56 57 58 59 60 61 62 63 64 65 66 67 68 69 70 71 72 73 }
 - Input state : 
	Port: write : result5 | {4 }
	Port: write : output_r | {1 }
  - Chain level:
	State 1
	State 2
		b2_addr : 1
		empty : 2
	State 3
		add_ln103 : 1
		icmp_ln103 : 1
		br_ln103 : 2
		empty_32 : 1
		icmp_ln105 : 2
		br_ln105 : 3
	State 4
	State 5
		write_ln105 : 1
		tmp_2 : 1
		select_ln105 : 2
	State 6
	State 7
	State 8
	State 9
	State 10
	State 11
	State 12
	State 13
	State 14
	State 15
	State 16
	State 17
	State 18
	State 19
	State 20
	State 21
	State 22
	State 23
	State 24
	State 25
	State 26
	State 27
	State 28
	State 29
	State 30
	State 31
	State 32
	State 33
	State 34
	State 35
	State 36
	State 37
	State 38
	State 39
	State 40
	State 41
	State 42
	State 43
	State 44
	State 45
	State 46
	State 47
	State 48
	State 49
	State 50
	State 51
	State 52
	State 53
	State 54
	State 55
	State 56
	State 57
	State 58
	State 59
	State 60
	State 61
	State 62
	State 63
	State 64
	State 65
	State 66
	State 67
	State 68
	State 69
	State 70
	State 71
	State 72
	State 73


============================================================
+ Verbose Summary: Datapath Resource usage 
============================================================

* Functional unit list:
|----------|--------------------------|---------|---------|
| Operation|      Functional Unit     |    FF   |   LUT   |
|----------|--------------------------|---------|---------|
|  select  |    select_ln105_fu_204   |    0    |   477   |
|----------|--------------------------|---------|---------|
|    add   |     add_ln103_fu_157     |    0    |    25   |
|----------|--------------------------|---------|---------|
|   icmp   |     icmp_ln103_fu_163    |    0    |    13   |
|          |     icmp_ln105_fu_173    |    0    |    9    |
|----------|--------------------------|---------|---------|
|   read   |  output_read_read_fu_86  |    0    |    0    |
|          |      tmp_read_fu_99      |    0    |    0    |
|----------|--------------------------|---------|---------|
| writeresp|    grp_writeresp_fu_92   |    0    |    0    |
|----------|--------------------------|---------|---------|
|   write  | write_ln105_write_fu_105 |    0    |    0    |
|----------|--------------------------|---------|---------|
|partselect|      trunc_ln_fu_137     |    0    |    0    |
|          |       tmp_1_fu_187       |    0    |    0    |
|----------|--------------------------|---------|---------|
|   sext   |     sext_ln103_fu_147    |    0    |    0    |
|----------|--------------------------|---------|---------|
|   trunc  |      empty_32_fu_169     |    0    |    0    |
|----------|--------------------------|---------|---------|
|bitconcatenate|       or_ln_fu_179       |    0    |    0    |
|          |       tmp_2_fu_197       |    0    |    0    |
|----------|--------------------------|---------|---------|
|   Total  |                          |    0    |   524   |
|----------|--------------------------|---------|---------|

Memories:
N/A

* Register list:
+--------------------+--------+
|                    |   FF   |
+--------------------+--------+
|  add_ln103_reg_222 |   18   |
|   b2_addr_reg_216  |   512  |
|      i_reg_114     |   18   |
| icmp_ln103_reg_227 |    1   |
| icmp_ln105_reg_231 |    1   |
|  phi_ln105_reg_125 |   480  |
|select_ln105_reg_242|   480  |
|     tmp_reg_236    |   32   |
|  trunc_ln_reg_211  |   58   |
+--------------------+--------+
|        Total       |  1600  |
+--------------------+--------+

* Multiplexer (MUX) list: 
|---------------------|------|------|------|--------||---------||---------|
|         Comp        |  Pin | Size |  BW  | S x BW ||  Delay  ||   LUT   |
|---------------------|------|------|------|--------||---------||---------|
| grp_writeresp_fu_92 |  p0  |   2  |   1  |    2   |
| grp_writeresp_fu_92 |  p1  |   2  |  512 |  1024  ||    9    |
|  phi_ln105_reg_125  |  p0  |   2  |  480 |   960  ||    9    |
|---------------------|------|------|------|--------||---------||---------|
|        Total        |      |      |      |  1986  ||  1.467  ||    18   |
|---------------------|------|------|------|--------||---------||---------|



* Summary:
+-----------+--------+--------+--------+
|           |  Delay |   FF   |   LUT  |
+-----------+--------+--------+--------+
|  Function |    -   |    0   |   524  |
|   Memory  |    -   |    -   |    -   |
|Multiplexer|    1   |    -   |   18   |
|  Register |    -   |  1600  |    -   |
+-----------+--------+--------+--------+
|   Total   |    1   |  1600  |   542  |
+-----------+--------+--------+--------+
